Log file open, 03/18/22 23:17:52
LogWindows: Failed to load 'aqProf.dll' (GetLastError=126)
LogWindows: File 'aqProf.dll' does not exist
LogWindows: Failed to load 'VtuneApi.dll' (GetLastError=126)
LogWindows: File 'VtuneApi.dll' does not exist
LogWindows: Failed to load 'VtuneApi32e.dll' (GetLastError=126)
LogWindows: File 'VtuneApi32e.dll' does not exist
LogConsoleResponse: Display: Failed to find resolution value strings in scalability ini. Falling back to default.
LogConsoleResponse: Display: Failed to find resolution value strings in scalability ini. Falling back to default.
LogInit: Display: Running engine for game: Aidan
LogPlatformFile: Not using cached read wrapper
LogTaskGraph: Started task graph with 5 named threads and 23 total threads with 3 sets of task threads.
LogStats: Stats thread started at 0.515641
LogICUInternationalization: ICU TimeZone Detection - Raw Offset: -6:00, Platform Override: ''
LogInit: Display: Loading text-based GConfig....
LogPluginManager: Mounting plugin MeshPainting
LogPluginManager: Mounting plugin XGEController
LogPluginManager: Mounting plugin Paper2D
LogPluginManager: Mounting plugin LiveLink
LogPluginManager: Mounting plugin LightPropagationVolume
LogPluginManager: Mounting plugin CameraShakePreviewer
LogPluginManager: Mounting plugin DatasmithContent
LogPluginManager: Mounting plugin GameplayCameras
LogPluginManager: Mounting plugin VariantManagerContent
LogPluginManager: Mounting plugin AssetManagerEditor
LogPluginManager: Mounting plugin CryptoKeys
LogPluginManager: Mounting plugin CurveEditorTools
LogPluginManager: Mounting plugin DataValidation
LogPluginManager: Mounting plugin FacialAnimation
LogPluginManager: Mounting plugin GameplayTagsEditor
LogPluginManager: Mounting plugin GeometryMode
LogPluginManager: Mounting plugin MaterialAnalyzer
LogPluginManager: Mounting plugin MacGraphicsSwitching
LogPluginManager: Mounting plugin PluginBrowser
LogPluginManager: Mounting plugin MobileLauncherProfileWizard
LogPluginManager: Mounting plugin SpeedTreeImporter
LogPluginManager: Mounting plugin Niagara
LogPluginManager: Mounting plugin AnimationSharing
LogPluginManager: Mounting plugin CLionSourceCodeAccess
LogPluginManager: Mounting plugin GitSourceControl
LogPluginManager: Mounting plugin CodeLiteSourceCodeAccess
LogPluginManager: Mounting plugin KDevelopSourceCodeAccess
LogPluginManager: Mounting plugin PerforceSourceControl
LogPluginManager: Mounting plugin PixWinPlugin
LogPluginManager: Mounting plugin PlasticSourceControl
LogPluginManager: Mounting plugin NullSourceCodeAccess
LogPluginManager: Mounting plugin PluginUtils
LogPluginManager: Mounting plugin PropertyAccessNode
LogPluginManager: Mounting plugin RiderSourceCodeAccess
LogPluginManager: Mounting plugin TextureFormatOodle
LogPluginManager: Mounting plugin SubversionSourceControl
LogPluginManager: Mounting plugin UObjectPlugin
LogPluginManager: Mounting plugin VisualStudioCodeSourceCodeAccess
LogPluginManager: Mounting plugin AlembicImporter
LogPluginManager: Mounting plugin BackChannel
LogPluginManager: Mounting plugin AutomationUtils
LogPluginManager: Mounting plugin VisualStudioSourceCodeAccess
LogPluginManager: Mounting plugin XCodeSourceCodeAccess
LogPluginManager: Mounting plugin ChaosCloth
LogPluginManager: Mounting plugin ChaosClothEditor
LogPluginManager: Mounting plugin ChaosEditor
LogPluginManager: Mounting plugin ChaosNiagara
LogPluginManager: Mounting plugin ChaosSolverPlugin
LogPluginManager: Mounting plugin CharacterAI
LogPluginManager: Mounting plugin GeometryCache
LogPluginManager: Mounting plugin LuminPlatformFeatures
LogPluginManager: Mounting plugin GeometryCollectionPlugin
LogPluginManager: Mounting plugin MagicLeap
LogPluginManager: Mounting plugin MagicLeapLightEstimation
LogPluginManager: Mounting plugin MagicLeapMedia
LogPluginManager: Mounting plugin MagicLeapPassableWorld
LogPluginManager: Mounting plugin MLSDK
LogPluginManager: Mounting plugin GeometryProcessing
LogPluginManager: Mounting plugin OpenImageDenoise
LogPluginManager: Mounting plugin MotoSynth
LogPluginManager: Mounting plugin PlanarCut
LogPluginManager: Mounting plugin ProxyLODPlugin
LogPluginManager: Mounting plugin PythonScriptPlugin
LogPluginManager: Mounting plugin PlatformCrypto
LogPluginManager: Mounting plugin SkeletalReduction
LogPluginManager: Mounting plugin AndroidMedia
LogPluginManager: Mounting plugin AvfMedia
LogPluginManager: Mounting plugin ImgMedia
LogPluginManager: Mounting plugin MediaCompositing
LogPluginManager: Mounting plugin MediaPlayerEditor
LogPluginManager: Mounting plugin WmfMedia
LogPluginManager: Mounting plugin TcpMessaging
LogPluginManager: Mounting plugin WebMMedia
LogPluginManager: Mounting plugin UdpMessaging
LogPluginManager: Mounting plugin ActorSequence
LogPluginManager: Mounting plugin LevelSequenceEditor
LogPluginManager: Mounting plugin MatineeToLevelSequence
LogPluginManager: Mounting plugin TemplateSequence
LogPluginManager: Mounting plugin OnlineSubsystem
LogPluginManager: Mounting plugin OnlineSubsystemNull
LogPluginManager: Mounting plugin OnlineSubsystemUtils
LogPluginManager: Mounting plugin LauncherChunkInstaller
LogPluginManager: Mounting plugin ActorLayerUtilities
LogPluginManager: Mounting plugin AndroidDeviceProfileSelector
LogPluginManager: Mounting plugin AndroidMoviePlayer
LogPluginManager: Mounting plugin AndroidPermission
LogPluginManager: Mounting plugin AppleImageUtils
LogPluginManager: Mounting plugin AppleMoviePlayer
LogPluginManager: Mounting plugin ArchVisCharacter
LogPluginManager: Mounting plugin AudioCapture
LogPluginManager: Mounting plugin AssetTags
LogPluginManager: Mounting plugin AudioSynesthesia
LogPluginManager: Mounting plugin CableComponent
LogPluginManager: Mounting plugin CustomMeshComponent
LogPluginManager: Mounting plugin ChunkDownloader
LogPluginManager: Mounting plugin ExampleDeviceProfileSelector
LogPluginManager: Mounting plugin EditableMesh
LogPluginManager: Mounting plugin GoogleCloudMessaging
LogPluginManager: Mounting plugin GooglePAD
LogPluginManager: Mounting plugin ScreenshotTools
LogPluginManager: Mounting plugin IOSDeviceProfileSelector
LogPluginManager: Mounting plugin LinuxDeviceProfileSelector
LogPluginManager: Mounting plugin LocationServicesBPLibrary
LogPluginManager: Mounting plugin MobilePatchingUtils
LogPluginManager: Mounting plugin OpenXREyeTracker
LogPluginManager: Mounting plugin OpenXR
LogPluginManager: Mounting plugin OpenXRHandTracking
LogPluginManager: Mounting plugin PhysXVehicles
LogPluginManager: Mounting plugin PostSplashScreen
LogPluginManager: Mounting plugin ProceduralMeshComponent
LogPluginManager: Mounting plugin PropertyAccessEditor
LogPluginManager: Mounting plugin RuntimePhysXCooking
LogPluginManager: Mounting plugin SignificanceManager
LogPluginManager: Mounting plugin SoundFields
LogPluginManager: Mounting plugin Takes
LogPluginManager: Mounting plugin Synthesis
LogPluginManager: Mounting plugin WebMMoviePlayer
LogPluginManager: Mounting plugin WindowsMoviePlayer
LogPluginManager: Mounting plugin EnvironmentQueryEditor
LogPluginManager: Mounting plugin AISupport
LogPluginManager: Mounting plugin OodleData
LogPluginManager: Mounting plugin OodleNetwork
LogPluginManager: Mounting plugin ContentBrowserFileDataSource
LogPluginManager: Mounting plugin ContentBrowserClassDataSource
LogPluginManager: Mounting plugin ContentBrowserAssetDataSource
LogPluginManager: Mounting plugin OnlineSubsystemGooglePlay
LogPluginManager: Mounting plugin OnlineSubsystemIOS
LogPluginManager: Mounting plugin OculusVR
LogPluginManager: Mounting plugin SteamVR
PixWinPlugin: PIX capture plugin failed to initialize! Check that the process is launched from PIX.
LogInit: Using libcurl 7.55.1-DEV
LogInit:  - built for x86_64-pc-win32
LogInit:  - supports SSL with OpenSSL/1.1.1
LogInit:  - supports HTTP deflate (compression) using libz 1.2.8
LogInit:  - other features:
LogInit:      CURL_VERSION_SSL
LogInit:      CURL_VERSION_LIBZ
LogInit:      CURL_VERSION_IPV6
LogInit:      CURL_VERSION_ASYNCHDNS
LogInit:      CURL_VERSION_LARGEFILE
LogInit:      CURL_VERSION_IDN
LogInit:  CurlRequestOptions (configurable via config and command line):
LogInit:  - bVerifyPeer = true  - Libcurl will verify peer certificate
LogInit:  - bUseHttpProxy = false  - Libcurl will NOT use HTTP proxy
LogInit:  - bDontReuseConnections = false  - Libcurl will reuse connections
LogInit:  - MaxHostConnections = 16  - Libcurl will limit the number of connections to a host
LogInit:  - LocalHostAddr = Default
LogInit:  - BufferSize = 65536
LogOnline: OSS: Creating online subsystem instance for: NULL
LogInit: WinSock: version 1.1 (2.2), MaxSocks=32767, MaxUdp=65467
LogOnline: OSS: TryLoadSubsystemAndSetDefault: Loaded subsystem for module [NULL]
LogOculusPluginWrapper: OculusPlugin initialized successfully
LogHMD: Failed initializing OVRPlugin 1.59.0
LogInit: Build: ++UE4+Release-4.27-CL-18319896
LogInit: Engine Version: 4.27.2-18319896+++UE4+Release-4.27
LogInit: Compatible Engine Version: 4.27.0-17155196+++UE4+Release-4.27
LogInit: Net CL: 17155196
LogInit: OS: Windows 10 (Release 2009) (), CPU: AMD Ryzen 7 3700U with Radeon Vega Mobile Gfx  , GPU: AMD Radeon(TM) RX Vega 10 Graphics
LogInit: Compiled (64-bit): Nov 30 2021 07:12:08
LogInit: Compiled with Visual C++: 19.24.28315.00
LogInit: Build Configuration: Development
LogInit: Branch Name: ++UE4+Release-4.27
LogInit: Command Line: 
LogInit: Base Directory: C:/Program Files/Epic Games/UE_4.27/Engine/Binaries/Win64/
LogInit: Allocator: TBB
LogInit: Installed Engine Build: 1
LogDevObjectVersion: Number of dev versions registered: 29
LogDevObjectVersion:   Dev-Blueprints (B0D832E4-1F89-4F0D-ACCF-7EB736FD4AA2): 10
LogDevObjectVersion:   Dev-Build (E1C64328-A22C-4D53-A36C-8E866417BD8C): 0
LogDevObjectVersion:   Dev-Core (375EC13C-06E4-48FB-B500-84F0262A717E): 4
LogDevObjectVersion:   Dev-Editor (E4B068ED-F494-42E9-A231-DA0B2E46BB41): 40
LogDevObjectVersion:   Dev-Framework (CFFC743F-43B0-4480-9391-14DF171D2073): 37
LogDevObjectVersion:   Dev-Mobile (B02B49B5-BB20-44E9-A304-32B752E40360): 3
LogDevObjectVersion:   Dev-Networking (A4E4105C-59A1-49B5-A7C5-40C4547EDFEE): 0
LogDevObjectVersion:   Dev-Online (39C831C9-5AE6-47DC-9A44-9C173E1C8E7C): 0
LogDevObjectVersion:   Dev-Physics (78F01B33-EBEA-4F98-B9B4-84EACCB95AA2): 14
LogDevObjectVersion:   Dev-Platform (6631380F-2D4D-43E0-8009-CF276956A95A): 0
LogDevObjectVersion:   Dev-Rendering (12F88B9F-8875-4AFC-A67C-D90C383ABD29): 45
LogDevObjectVersion:   Dev-Sequencer (7B5AE74C-D270-4C10-A958-57980B212A5A): 13
LogDevObjectVersion:   Dev-VR (D7296918-1DD6-4BDD-9DE2-64A83CC13884): 3
LogDevObjectVersion:   Dev-LoadTimes (C2A15278-BFE7-4AFE-6C17-90FF531DF755): 1
LogDevObjectVersion:   Private-Geometry (6EACA3D4-40EC-4CC1-B786-8BED09428FC5): 3
LogDevObjectVersion:   Dev-AnimPhys (29E575DD-E0A3-4627-9D10-D276232CDCEA): 17
LogDevObjectVersion:   Dev-Anim (AF43A65D-7FD3-4947-9873-3E8ED9C1BB05): 15
LogDevObjectVersion:   Dev-ReflectionCapture (6B266CEC-1EC7-4B8F-A30B-E4D90942FC07): 1
LogDevObjectVersion:   Dev-Automation (0DF73D61-A23F-47EA-B727-89E90C41499A): 1
LogDevObjectVersion:   FortniteMain (601D1886-AC64-4F84-AA16-D3DE0DEAC7D6): 47
LogDevObjectVersion:   FortniteRelease (E7086368-6B23-4C58-8439-1B7016265E91): 1
LogDevObjectVersion:   Dev-Enterprise (9DFFBCD6-494F-0158-E221-12823C92A888): 10
LogDevObjectVersion:   Dev-Niagara (F2AED0AC-9AFE-416F-8664-AA7FFA26D6FC): 1
LogDevObjectVersion:   Dev-Destruction (174F1F0B-B4C6-45A5-B13F-2EE8D0FB917D): 10
LogDevObjectVersion:   Dev-Physics-Ext (35F94A83-E258-406C-A318-09F59610247C): 41
LogDevObjectVersion:   Dev-PhysicsMaterial-Chaos (B68FC16E-8B1B-42E2-B453-215C058844FE): 1
LogDevObjectVersion:   Dev-CineCamera (B2E18506-4273-CFC2-A54E-F4BB758BBA07): 1
LogDevObjectVersion:   Dev-VirtualProduction (64F58936-FD1B-42BA-BA96-7289D5D0FA4E): 1
LogDevObjectVersion:   Dev-MediaFramework (6F0ED827-A609-4895-9C91-998D90180EA4): 2
LogInit: Presizing for max 25165824 objects, including 0 objects not considered by GC, pre-allocating 0 bytes for permanent pool.
LogConfig: Applying CVar settings from Section [/Script/Engine.StreamingSettings] File [C:/Users/malik/OneDrive/Desktop/Software Engineering Capstone/Cstone/Aidan/Aidan/Saved/Config/Windows/Engine.ini]
LogConfig: Setting CVar [[s.MinBulkDataSizeForAsyncLoading:131072]]
LogConfig: Setting CVar [[s.AsyncLoadingThreadEnabled:0]]
LogConfig: Setting CVar [[s.EventDrivenLoaderEnabled:1]]
LogConfig: Setting CVar [[s.WarnIfTimeLimitExceeded:0]]
LogConfig: Setting CVar [[s.TimeLimitExceededMultiplier:1.5]]
LogConfig: Setting CVar [[s.TimeLimitExceededMinTime:0.005]]
LogConfig: Setting CVar [[s.UseBackgroundLevelStreaming:1]]
LogConfig: Setting CVar [[s.PriorityAsyncLoadingExtraTime:15.0]]
LogConfig: Setting CVar [[s.LevelStreamingActorsUpdateTimeLimit:5.0]]
LogConfig: Setting CVar [[s.PriorityLevelStreamingActorsUpdateExtraTime:5.0]]
LogConfig: Setting CVar [[s.LevelStreamingComponentsRegistrationGranularity:10]]
LogConfig: Setting CVar [[s.UnregisterComponentsTimeLimit:1.0]]
LogConfig: Setting CVar [[s.LevelStreamingComponentsUnregistrationGranularity:5]]
LogConfig: Setting CVar [[s.FlushStreamingOnExit:1]]
LogInit: Object subsystem initialized
LogConfig: Setting CVar [[con.DebugEarlyDefault:1]]
LogConfig: Setting CVar [[r.setres:1280x720]]
[2022.03.19-04.17.53:408][  0]LogConfig: Setting CVar [[r.VSync:0]]
[2022.03.19-04.17.53:408][  0]LogConfig: Setting CVar [[r.RHICmdBypass:0]]
[2022.03.19-04.17.53:408][  0]LogConfig: Applying CVar settings from Section [/Script/Engine.RendererSettings] File [C:/Users/malik/OneDrive/Desktop/Software Engineering Capstone/Cstone/Aidan/Aidan/Saved/Config/Windows/Engine.ini]
[2022.03.19-04.17.53:408][  0]LogConfig: Setting CVar [[r.GPUCrashDebugging:0]]
[2022.03.19-04.17.53:408][  0]LogConfig: Applying CVar settings from Section [/Script/Engine.RendererOverrideSettings] File [C:/Users/malik/OneDrive/Desktop/Software Engineering Capstone/Cstone/Aidan/Aidan/Saved/Config/Windows/Engine.ini]
[2022.03.19-04.17.53:408][  0]LogConfig: Applying CVar settings from Section [/Script/Engine.StreamingSettings] File [C:/Users/malik/OneDrive/Desktop/Software Engineering Capstone/Cstone/Aidan/Aidan/Saved/Config/Windows/Engine.ini]
[2022.03.19-04.17.53:408][  0]LogConfig: Setting CVar [[s.MinBulkDataSizeForAsyncLoading:131072]]
[2022.03.19-04.17.53:408][  0]LogConfig: Setting CVar [[s.AsyncLoadingThreadEnabled:0]]
[2022.03.19-04.17.53:408][  0]LogConfig: Setting CVar [[s.EventDrivenLoaderEnabled:1]]
[2022.03.19-04.17.53:408][  0]LogConfig: Setting CVar [[s.WarnIfTimeLimitExceeded:0]]
[2022.03.19-04.17.53:408][  0]LogConfig: Setting CVar [[s.TimeLimitExceededMultiplier:1.5]]
[2022.03.19-04.17.53:408][  0]LogConfig: Setting CVar [[s.TimeLimitExceededMinTime:0.005]]
[2022.03.19-04.17.53:408][  0]LogConfig: Setting CVar [[s.UseBackgroundLevelStreaming:1]]
[2022.03.19-04.17.53:408][  0]LogConfig: Setting CVar [[s.PriorityAsyncLoadingExtraTime:15.0]]
[2022.03.19-04.17.53:408][  0]LogConfig: Setting CVar [[s.LevelStreamingActorsUpdateTimeLimit:5.0]]
[2022.03.19-04.17.53:408][  0]LogConfig: Setting CVar [[s.PriorityLevelStreamingActorsUpdateExtraTime:5.0]]
[2022.03.19-04.17.53:408][  0]LogConfig: Setting CVar [[s.LevelStreamingComponentsRegistrationGranularity:10]]
[2022.03.19-04.17.53:408][  0]LogConfig: Setting CVar [[s.UnregisterComponentsTimeLimit:1.0]]
[2022.03.19-04.17.53:408][  0]LogConfig: Setting CVar [[s.LevelStreamingComponentsUnregistrationGranularity:5]]
[2022.03.19-04.17.53:409][  0]LogConfig: Setting CVar [[s.FlushStreamingOnExit:1]]
[2022.03.19-04.17.53:409][  0]LogConfig: Applying CVar settings from Section [/Script/Engine.GarbageCollectionSettings] File [C:/Users/malik/OneDrive/Desktop/Software Engineering Capstone/Cstone/Aidan/Aidan/Saved/Config/Windows/Engine.ini]
[2022.03.19-04.17.53:409][  0]LogConfig: Setting CVar [[gc.MaxObjectsNotConsideredByGC:1]]
[2022.03.19-04.17.53:409][  0]LogConfig: Setting CVar [[gc.SizeOfPermanentObjectPool:0]]
[2022.03.19-04.17.53:409][  0]LogConfig: Setting CVar [[gc.FlushStreamingOnGC:0]]
[2022.03.19-04.17.53:409][  0]LogConfig: Setting CVar [[gc.NumRetriesBeforeForcingGC:10]]
[2022.03.19-04.17.53:409][  0]LogConfig: Setting CVar [[gc.AllowParallelGC:1]]
[2022.03.19-04.17.53:409][  0]LogConfig: Setting CVar [[gc.TimeBetweenPurgingPendingKillObjects:61.1]]
[2022.03.19-04.17.53:409][  0]LogConfig: Setting CVar [[gc.MaxObjectsInEditor:25165824]]
[2022.03.19-04.17.53:409][  0]LogConfig: Setting CVar [[gc.IncrementalBeginDestroyEnabled:1]]
[2022.03.19-04.17.53:409][  0]LogConfig: Setting CVar [[gc.CreateGCClusters:1]]
[2022.03.19-04.17.53:409][  0]LogConfig: Setting CVar [[gc.MinGCClusterSize:5]]
[2022.03.19-04.17.53:409][  0]LogConfig: Setting CVar [[gc.ActorClusteringEnabled:0]]
[2022.03.19-04.17.53:409][  0]LogConfig: Setting CVar [[gc.BlueprintClusteringEnabled:0]]
[2022.03.19-04.17.53:409][  0]LogConfig: Setting CVar [[gc.UseDisregardForGCOnDedicatedServers:0]]
[2022.03.19-04.17.53:409][  0]LogConfig: Setting CVar [[gc.MultithreadedDestructionEnabled:1]]
[2022.03.19-04.17.53:409][  0]LogConfig: Applying CVar settings from Section [/Script/Engine.NetworkSettings] File [C:/Users/malik/OneDrive/Desktop/Software Engineering Capstone/Cstone/Aidan/Aidan/Saved/Config/Windows/Engine.ini]
[2022.03.19-04.17.53:409][  0]LogConfig: Applying CVar settings from Section [/Script/UnrealEd.CookerSettings] File [C:/Users/malik/OneDrive/Desktop/Software Engineering Capstone/Cstone/Aidan/Aidan/Saved/Config/Windows/Engine.ini]
[2022.03.19-04.17.53:431][  0]LogConfig: Applying CVar settings from Section [ViewDistanceQuality@3] File [C:/Users/malik/OneDrive/Desktop/Software Engineering Capstone/Cstone/Aidan/Aidan/Saved/Config/Windows/Scalability.ini]
[2022.03.19-04.17.53:431][  0]LogConfig: Setting CVar [[r.SkeletalMeshLODBias:0]]
[2022.03.19-04.17.53:431][  0]LogConfig: Setting CVar [[r.ViewDistanceScale:1.0]]
[2022.03.19-04.17.53:431][  0]LogConfig: Applying CVar settings from Section [AntiAliasingQuality@3] File [C:/Users/malik/OneDrive/Desktop/Software Engineering Capstone/Cstone/Aidan/Aidan/Saved/Config/Windows/Scalability.ini]
[2022.03.19-04.17.53:431][  0]LogConfig: Setting CVar [[r.PostProcessAAQuality:4]]
[2022.03.19-04.17.53:431][  0]LogConfig: Applying CVar settings from Section [ShadowQuality@3] File [C:/Users/malik/OneDrive/Desktop/Software Engineering Capstone/Cstone/Aidan/Aidan/Saved/Config/Windows/Scalability.ini]
[2022.03.19-04.17.53:431][  0]LogConfig: Setting CVar [[r.LightFunctionQuality:1]]
[2022.03.19-04.17.53:431][  0]LogConfig: Setting CVar [[r.ShadowQuality:5]]
[2022.03.19-04.17.53:431][  0]LogConfig: Setting CVar [[r.Shadow.CSM.MaxCascades:10]]
[2022.03.19-04.17.53:431][  0]LogConfig: Setting CVar [[r.Shadow.MaxResolution:2048]]
[2022.03.19-04.17.53:431][  0]LogConfig: Setting CVar [[r.Shadow.MaxCSMResolution:2048]]
[2022.03.19-04.17.53:431][  0]LogConfig: Setting CVar [[r.Shadow.RadiusThreshold:0.01]]
[2022.03.19-04.17.53:431][  0]LogConfig: Setting CVar [[r.Shadow.DistanceScale:1.0]]
[2022.03.19-04.17.53:431][  0]LogConfig: Setting CVar [[r.Shadow.CSM.TransitionScale:1.0]]
[2022.03.19-04.17.53:432][  0]LogConfig: Setting CVar [[r.Shadow.PreShadowResolutionFactor:1.0]]
[2022.03.19-04.17.53:432][  0]LogConfig: Setting CVar [[r.DistanceFieldShadowing:1]]
[2022.03.19-04.17.53:432][  0]LogConfig: Setting CVar [[r.DistanceFieldAO:1]]
[2022.03.19-04.17.53:432][  0]LogConfig: Setting CVar [[r.AOQuality:2]]
[2022.03.19-04.17.53:432][  0]LogConfig: Setting CVar [[r.VolumetricFog:1]]
[2022.03.19-04.17.53:432][  0]LogConfig: Setting CVar [[r.VolumetricFog.GridPixelSize:8]]
[2022.03.19-04.17.53:432][  0]LogConfig: Setting CVar [[r.VolumetricFog.GridSizeZ:128]]
[2022.03.19-04.17.53:432][  0]LogConfig: Setting CVar [[r.VolumetricFog.HistoryMissSupersampleCount:4]]
[2022.03.19-04.17.53:432][  0]LogConfig: Setting CVar [[r.LightMaxDrawDistanceScale:1]]
[2022.03.19-04.17.53:432][  0]LogConfig: Setting CVar [[r.CapsuleShadows:1]]
[2022.03.19-04.17.53:432][  0]LogConfig: Applying CVar settings from Section [PostProcessQuality@3] File [C:/Users/malik/OneDrive/Desktop/Software Engineering Capstone/Cstone/Aidan/Aidan/Saved/Config/Windows/Scalability.ini]
[2022.03.19-04.17.53:432][  0]LogConfig: Setting CVar [[r.MotionBlurQuality:4]]
[2022.03.19-04.17.53:432][  0]LogConfig: Setting CVar [[r.AmbientOcclusionMipLevelFactor:0.4]]
[2022.03.19-04.17.53:432][  0]LogConfig: Setting CVar [[r.AmbientOcclusionMaxQuality:100]]
[2022.03.19-04.17.53:432][  0]LogConfig: Setting CVar [[r.AmbientOcclusionLevels:-1]]
[2022.03.19-04.17.53:432][  0]LogConfig: Setting CVar [[r.AmbientOcclusionRadiusScale:1.0]]
[2022.03.19-04.17.53:432][  0]LogConfig: Setting CVar [[r.DepthOfFieldQuality:2]]
[2022.03.19-04.17.53:432][  0]LogConfig: Setting CVar [[r.RenderTargetPoolMin:400]]
[2022.03.19-04.17.53:432][  0]LogConfig: Setting CVar [[r.LensFlareQuality:2]]
[2022.03.19-04.17.53:432][  0]LogConfig: Setting CVar [[r.SceneColorFringeQuality:1]]
[2022.03.19-04.17.53:432][  0]LogConfig: Setting CVar [[r.EyeAdaptationQuality:2]]
[2022.03.19-04.17.53:432][  0]LogConfig: Setting CVar [[r.BloomQuality:5]]
[2022.03.19-04.17.53:432][  0]LogConfig: Setting CVar [[r.FastBlurThreshold:100]]
[2022.03.19-04.17.53:432][  0]LogConfig: Setting CVar [[r.Upscale.Quality:3]]
[2022.03.19-04.17.53:433][  0]LogConfig: Setting CVar [[r.Tonemapper.GrainQuantization:1]]
[2022.03.19-04.17.53:433][  0]LogConfig: Setting CVar [[r.LightShaftQuality:1]]
[2022.03.19-04.17.53:433][  0]LogConfig: Setting CVar [[r.Filter.SizeScale:1]]
[2022.03.19-04.17.53:433][  0]LogConfig: Setting CVar [[r.Tonemapper.Quality:5]]
[2022.03.19-04.17.53:433][  0]LogConfig: Setting CVar [[r.DOF.Gather.AccumulatorQuality:1        ; higher gathering accumulator quality]]
[2022.03.19-04.17.53:433][  0]LogConfig: Setting CVar [[r.DOF.Gather.PostfilterMethod:1          ; Median3x3 postfilering method]]
[2022.03.19-04.17.53:433][  0]LogConfig: Setting CVar [[r.DOF.Gather.EnableBokehSettings:0       ; no bokeh simulation when gathering]]
[2022.03.19-04.17.53:433][  0]LogConfig: Setting CVar [[r.DOF.Gather.RingCount:4                 ; medium number of samples when gathering]]
[2022.03.19-04.17.53:433][  0]LogConfig: Setting CVar [[r.DOF.Scatter.ForegroundCompositing:1    ; additive foreground scattering]]
[2022.03.19-04.17.53:433][  0]LogConfig: Setting CVar [[r.DOF.Scatter.BackgroundCompositing:2    ; additive background scattering]]
[2022.03.19-04.17.53:433][  0]LogConfig: Setting CVar [[r.DOF.Scatter.EnableBokehSettings:1      ; bokeh simulation when scattering]]
[2022.03.19-04.17.53:433][  0]LogConfig: Setting CVar [[r.DOF.Scatter.MaxSpriteRatio:0.1         ; only a maximum of 10% of scattered bokeh]]
[2022.03.19-04.17.53:433][  0]LogConfig: Setting CVar [[r.DOF.Recombine.Quality:1                ; cheap slight out of focus]]
[2022.03.19-04.17.53:433][  0]LogConfig: Setting CVar [[r.DOF.Recombine.EnableBokehSettings:0    ; no bokeh simulation on slight out of focus]]
[2022.03.19-04.17.53:433][  0]LogConfig: Setting CVar [[r.DOF.TemporalAAQuality:1                ; more stable temporal accumulation]]
[2022.03.19-04.17.53:433][  0]LogConfig: Setting CVar [[r.DOF.Kernel.MaxForegroundRadius:0.025]]
[2022.03.19-04.17.53:433][  0]LogConfig: Setting CVar [[r.DOF.Kernel.MaxBackgroundRadius:0.025]]
[2022.03.19-04.17.53:433][  0]LogConfig: Applying CVar settings from Section [TextureQuality@3] File [C:/Users/malik/OneDrive/Desktop/Software Engineering Capstone/Cstone/Aidan/Aidan/Saved/Config/Windows/Scalability.ini]
[2022.03.19-04.17.53:433][  0]LogConfig: Setting CVar [[r.Streaming.MipBias:0]]
[2022.03.19-04.17.53:433][  0]LogConfig: Setting CVar [[r.Streaming.AmortizeCPUToGPUCopy:0]]
[2022.03.19-04.17.53:433][  0]LogConfig: Setting CVar [[r.Streaming.MaxNumTexturesToStreamPerFrame:0]]
[2022.03.19-04.17.53:433][  0]LogConfig: Setting CVar [[r.Streaming.Boost:1]]
[2022.03.19-04.17.53:433][  0]LogConfig: Setting CVar [[r.MaxAnisotropy:8]]
[2022.03.19-04.17.53:433][  0]LogConfig: Setting CVar [[r.VT.MaxAnisotropy:8]]
[2022.03.19-04.17.53:433][  0]LogConfig: Setting CVar [[r.Streaming.LimitPoolSizeToVRAM:0]]
[2022.03.19-04.17.53:433][  0]LogConfig: Setting CVar [[r.Streaming.PoolSize:1000]]
[2022.03.19-04.17.53:433][  0]LogConfig: Setting CVar [[r.Streaming.MaxEffectiveScreenSize:0]]
[2022.03.19-04.17.53:434][  0]LogConfig: Applying CVar settings from Section [EffectsQuality@3] File [C:/Users/malik/OneDrive/Desktop/Software Engineering Capstone/Cstone/Aidan/Aidan/Saved/Config/Windows/Scalability.ini]
[2022.03.19-04.17.53:434][  0]LogConfig: Setting CVar [[r.TranslucencyLightingVolumeDim:64]]
[2022.03.19-04.17.53:434][  0]LogConfig: Setting CVar [[r.RefractionQuality:2]]
[2022.03.19-04.17.53:434][  0]LogConfig: Setting CVar [[r.SSR.Quality:3]]
[2022.03.19-04.17.53:434][  0]LogConfig: Setting CVar [[r.SSR.HalfResSceneColor:0]]
[2022.03.19-04.17.53:434][  0]LogConfig: Setting CVar [[r.SceneColorFormat:4]]
[2022.03.19-04.17.53:434][  0]LogConfig: Setting CVar [[r.DetailMode:2]]
[2022.03.19-04.17.53:434][  0]LogConfig: Setting CVar [[r.TranslucencyVolumeBlur:1]]
[2022.03.19-04.17.53:434][  0]LogConfig: Setting CVar [[r.MaterialQualityLevel:1 ; High quality]]
[2022.03.19-04.17.53:434][  0]LogConfig: Setting CVar [[r.AnisotropicMaterials:1]]
[2022.03.19-04.17.53:434][  0]LogConfig: Setting CVar [[r.SSS.Scale:1]]
[2022.03.19-04.17.53:434][  0]LogConfig: Setting CVar [[r.SSS.SampleSet:2]]
[2022.03.19-04.17.53:434][  0]LogConfig: Setting CVar [[r.SSS.Quality:1]]
[2022.03.19-04.17.53:434][  0]LogConfig: Setting CVar [[r.SSS.HalfRes:0]]
[2022.03.19-04.17.53:434][  0]LogConfig: Setting CVar [[r.SSGI.Quality:3]]
[2022.03.19-04.17.53:434][  0]LogConfig: Setting CVar [[r.EmitterSpawnRateScale:1.0]]
[2022.03.19-04.17.53:434][  0]LogConfig: Setting CVar [[r.ParticleLightQuality:2]]
[2022.03.19-04.17.53:434][  0]LogConfig: Setting CVar [[r.SkyAtmosphere.AerialPerspectiveLUT.FastApplyOnOpaque:1 ; Always have FastSkyLUT 1 in this case to avoid wrong sky]]
[2022.03.19-04.17.53:434][  0]LogConfig: Setting CVar [[r.SkyAtmosphere.AerialPerspectiveLUT.SampleCountMaxPerSlice:4]]
[2022.03.19-04.17.53:434][  0]LogConfig: Setting CVar [[r.SkyAtmosphere.AerialPerspectiveLUT.DepthResolution:16.0]]
[2022.03.19-04.17.53:434][  0]LogConfig: Setting CVar [[r.SkyAtmosphere.FastSkyLUT:1]]
[2022.03.19-04.17.53:434][  0]LogConfig: Setting CVar [[r.SkyAtmosphere.FastSkyLUT.SampleCountMin:4.0]]
[2022.03.19-04.17.53:434][  0]LogConfig: Setting CVar [[r.SkyAtmosphere.FastSkyLUT.SampleCountMax:128.0]]
[2022.03.19-04.17.53:434][  0]LogConfig: Setting CVar [[r.SkyAtmosphere.SampleCountMin:4.0]]
[2022.03.19-04.17.53:434][  0]LogConfig: Setting CVar [[r.SkyAtmosphere.SampleCountMax:128.0]]
[2022.03.19-04.17.53:434][  0]LogConfig: Setting CVar [[r.SkyAtmosphere.TransmittanceLUT.UseSmallFormat:0]]
[2022.03.19-04.17.53:434][  0]LogConfig: Setting CVar [[r.SkyAtmosphere.TransmittanceLUT.SampleCount:10.0]]
[2022.03.19-04.17.53:434][  0]LogConfig: Setting CVar [[r.SkyAtmosphere.MultiScatteringLUT.SampleCount:15.0]]
[2022.03.19-04.17.53:434][  0]LogConfig: Setting CVar [[r.SkyLight.RealTimeReflectionCapture:1]]
[2022.03.19-04.17.53:434][  0]LogConfig: Applying CVar settings from Section [FoliageQuality@3] File [C:/Users/malik/OneDrive/Desktop/Software Engineering Capstone/Cstone/Aidan/Aidan/Saved/Config/Windows/Scalability.ini]
[2022.03.19-04.17.53:435][  0]LogConfig: Setting CVar [[foliage.DensityScale:1.0]]
[2022.03.19-04.17.53:435][  0]LogConfig: Setting CVar [[grass.DensityScale:1.0]]
[2022.03.19-04.17.53:435][  0]LogConfig: Applying CVar settings from Section [ShadingQuality@3] File [C:/Users/malik/OneDrive/Desktop/Software Engineering Capstone/Cstone/Aidan/Aidan/Saved/Config/Windows/Scalability.ini]
[2022.03.19-04.17.53:435][  0]LogConfig: Setting CVar [[r.HairStrands.SkyLighting.IntegrationType:2]]
[2022.03.19-04.17.53:435][  0]LogConfig: Setting CVar [[r.HairStrands.SkyAO.SampleCount:4]]
[2022.03.19-04.17.53:435][  0]LogConfig: Setting CVar [[r.HairStrands.Visibility.MSAA.SamplePerPixel:4]]
[2022.03.19-04.17.53:435][  0]LogInit: Selected Device Profile: [Windows]
[2022.03.19-04.17.53:435][  0]LogInit: Applying CVar settings loaded from the selected device profile: [Windows]
[2022.03.19-04.17.53:435][  0]LogHAL: Display: Platform has ~ 10 GB [10672975872 / 17179869184 / 10], which maps to Default [LargestMinGB=32, LargerMinGB=12, DefaultMinGB=8, SmallerMinGB=6, SmallestMinGB=0)
[2022.03.19-04.17.53:435][  0]LogInit: Going up to parent DeviceProfile []
[2022.03.19-04.17.53:435][  0]LogConfig: Applying CVar settings from Section [ViewDistanceQuality@3] File [C:/Users/malik/OneDrive/Desktop/Software Engineering Capstone/Cstone/Aidan/Aidan/Saved/Config/Windows/Scalability.ini]
[2022.03.19-04.17.53:435][  0]LogConfig: Setting CVar [[r.SkeletalMeshLODBias:0]]
[2022.03.19-04.17.53:435][  0]LogConfig: Setting CVar [[r.ViewDistanceScale:1.0]]
[2022.03.19-04.17.53:435][  0]LogConfig: Applying CVar settings from Section [AntiAliasingQuality@3] File [C:/Users/malik/OneDrive/Desktop/Software Engineering Capstone/Cstone/Aidan/Aidan/Saved/Config/Windows/Scalability.ini]
[2022.03.19-04.17.53:435][  0]LogConfig: Setting CVar [[r.PostProcessAAQuality:4]]
[2022.03.19-04.17.53:435][  0]LogConfig: Applying CVar settings from Section [ShadowQuality@3] File [C:/Users/malik/OneDrive/Desktop/Software Engineering Capstone/Cstone/Aidan/Aidan/Saved/Config/Windows/Scalability.ini]
[2022.03.19-04.17.53:436][  0]LogConfig: Setting CVar [[r.LightFunctionQuality:1]]
[2022.03.19-04.17.53:436][  0]LogConfig: Setting CVar [[r.ShadowQuality:5]]
[2022.03.19-04.17.53:436][  0]LogConfig: Setting CVar [[r.Shadow.CSM.MaxCascades:10]]
[2022.03.19-04.17.53:436][  0]LogConfig: Setting CVar [[r.Shadow.MaxResolution:2048]]
[2022.03.19-04.17.53:436][  0]LogConfig: Setting CVar [[r.Shadow.MaxCSMResolution:2048]]
[2022.03.19-04.17.53:436][  0]LogConfig: Setting CVar [[r.Shadow.RadiusThreshold:0.01]]
[2022.03.19-04.17.53:436][  0]LogConfig: Setting CVar [[r.Shadow.DistanceScale:1.0]]
[2022.03.19-04.17.53:436][  0]LogConfig: Setting CVar [[r.Shadow.CSM.TransitionScale:1.0]]
[2022.03.19-04.17.53:436][  0]LogConfig: Setting CVar [[r.Shadow.PreShadowResolutionFactor:1.0]]
[2022.03.19-04.17.53:436][  0]LogConfig: Setting CVar [[r.DistanceFieldShadowing:1]]
[2022.03.19-04.17.53:436][  0]LogConfig: Setting CVar [[r.DistanceFieldAO:1]]
[2022.03.19-04.17.53:436][  0]LogConfig: Setting CVar [[r.AOQuality:2]]
[2022.03.19-04.17.53:436][  0]LogConfig: Setting CVar [[r.VolumetricFog:1]]
[2022.03.19-04.17.53:436][  0]LogConfig: Setting CVar [[r.VolumetricFog.GridPixelSize:8]]
[2022.03.19-04.17.53:436][  0]LogConfig: Setting CVar [[r.VolumetricFog.GridSizeZ:128]]
[2022.03.19-04.17.53:436][  0]LogConfig: Setting CVar [[r.VolumetricFog.HistoryMissSupersampleCount:4]]
[2022.03.19-04.17.53:436][  0]LogConfig: Setting CVar [[r.LightMaxDrawDistanceScale:1]]
[2022.03.19-04.17.53:436][  0]LogConfig: Setting CVar [[r.CapsuleShadows:1]]
[2022.03.19-04.17.53:436][  0]LogConfig: Applying CVar settings from Section [PostProcessQuality@3] File [C:/Users/malik/OneDrive/Desktop/Software Engineering Capstone/Cstone/Aidan/Aidan/Saved/Config/Windows/Scalability.ini]
[2022.03.19-04.17.53:436][  0]LogConfig: Setting CVar [[r.MotionBlurQuality:4]]
[2022.03.19-04.17.53:436][  0]LogConfig: Setting CVar [[r.AmbientOcclusionMipLevelFactor:0.4]]
[2022.03.19-04.17.53:436][  0]LogConfig: Setting CVar [[r.AmbientOcclusionMaxQuality:100]]
[2022.03.19-04.17.53:436][  0]LogConfig: Setting CVar [[r.AmbientOcclusionLevels:-1]]
[2022.03.19-04.17.53:436][  0]LogConfig: Setting CVar [[r.AmbientOcclusionRadiusScale:1.0]]
[2022.03.19-04.17.53:437][  0]LogConfig: Setting CVar [[r.DepthOfFieldQuality:2]]
[2022.03.19-04.17.53:437][  0]LogConfig: Setting CVar [[r.RenderTargetPoolMin:400]]
[2022.03.19-04.17.53:437][  0]LogConfig: Setting CVar [[r.LensFlareQuality:2]]
[2022.03.19-04.17.53:437][  0]LogConfig: Setting CVar [[r.SceneColorFringeQuality:1]]
[2022.03.19-04.17.53:437][  0]LogConfig: Setting CVar [[r.EyeAdaptationQuality:2]]
[2022.03.19-04.17.53:437][  0]LogConfig: Setting CVar [[r.BloomQuality:5]]
[2022.03.19-04.17.53:437][  0]LogConfig: Setting CVar [[r.FastBlurThreshold:100]]
[2022.03.19-04.17.53:437][  0]LogConfig: Setting CVar [[r.Upscale.Quality:3]]
[2022.03.19-04.17.53:437][  0]LogConfig: Setting CVar [[r.Tonemapper.GrainQuantization:1]]
[2022.03.19-04.17.53:437][  0]LogConfig: Setting CVar [[r.LightShaftQuality:1]]
[2022.03.19-04.17.53:437][  0]LogConfig: Setting CVar [[r.Filter.SizeScale:1]]
[2022.03.19-04.17.53:437][  0]LogConfig: Setting CVar [[r.Tonemapper.Quality:5]]
[2022.03.19-04.17.53:437][  0]LogConfig: Setting CVar [[r.DOF.Gather.AccumulatorQuality:1        ; higher gathering accumulator quality]]
[2022.03.19-04.17.53:437][  0]LogConfig: Setting CVar [[r.DOF.Gather.PostfilterMethod:1          ; Median3x3 postfilering method]]
[2022.03.19-04.17.53:437][  0]LogConfig: Setting CVar [[r.DOF.Gather.EnableBokehSettings:0       ; no bokeh simulation when gathering]]
[2022.03.19-04.17.53:437][  0]LogConfig: Setting CVar [[r.DOF.Gather.RingCount:4                 ; medium number of samples when gathering]]
[2022.03.19-04.17.53:437][  0]LogConfig: Setting CVar [[r.DOF.Scatter.ForegroundCompositing:1    ; additive foreground scattering]]
[2022.03.19-04.17.53:437][  0]LogConfig: Setting CVar [[r.DOF.Scatter.BackgroundCompositing:2    ; additive background scattering]]
[2022.03.19-04.17.53:437][  0]LogConfig: Setting CVar [[r.DOF.Scatter.EnableBokehSettings:1      ; bokeh simulation when scattering]]
[2022.03.19-04.17.53:437][  0]LogConfig: Setting CVar [[r.DOF.Scatter.MaxSpriteRatio:0.1         ; only a maximum of 10% of scattered bokeh]]
[2022.03.19-04.17.53:437][  0]LogConfig: Setting CVar [[r.DOF.Recombine.Quality:1                ; cheap slight out of focus]]
[2022.03.19-04.17.53:437][  0]LogConfig: Setting CVar [[r.DOF.Recombine.EnableBokehSettings:0    ; no bokeh simulation on slight out of focus]]
[2022.03.19-04.17.53:437][  0]LogConfig: Setting CVar [[r.DOF.TemporalAAQuality:1                ; more stable temporal accumulation]]
[2022.03.19-04.17.53:437][  0]LogConfig: Setting CVar [[r.DOF.Kernel.MaxForegroundRadius:0.025]]
[2022.03.19-04.17.53:437][  0]LogConfig: Setting CVar [[r.DOF.Kernel.MaxBackgroundRadius:0.025]]
[2022.03.19-04.17.53:438][  0]LogConfig: Applying CVar settings from Section [TextureQuality@3] File [C:/Users/malik/OneDrive/Desktop/Software Engineering Capstone/Cstone/Aidan/Aidan/Saved/Config/Windows/Scalability.ini]
[2022.03.19-04.17.53:438][  0]LogConfig: Setting CVar [[r.Streaming.MipBias:0]]
[2022.03.19-04.17.53:438][  0]LogConfig: Setting CVar [[r.Streaming.AmortizeCPUToGPUCopy:0]]
[2022.03.19-04.17.53:438][  0]LogConfig: Setting CVar [[r.Streaming.MaxNumTexturesToStreamPerFrame:0]]
[2022.03.19-04.17.53:438][  0]LogConfig: Setting CVar [[r.Streaming.Boost:1]]
[2022.03.19-04.17.53:438][  0]LogConfig: Setting CVar [[r.MaxAnisotropy:8]]
[2022.03.19-04.17.53:438][  0]LogConfig: Setting CVar [[r.VT.MaxAnisotropy:8]]
[2022.03.19-04.17.53:438][  0]LogConfig: Setting CVar [[r.Streaming.LimitPoolSizeToVRAM:0]]
[2022.03.19-04.17.53:438][  0]LogConfig: Setting CVar [[r.Streaming.PoolSize:1000]]
[2022.03.19-04.17.53:438][  0]LogConfig: Setting CVar [[r.Streaming.MaxEffectiveScreenSize:0]]
[2022.03.19-04.17.53:438][  0]LogConfig: Applying CVar settings from Section [EffectsQuality@3] File [C:/Users/malik/OneDrive/Desktop/Software Engineering Capstone/Cstone/Aidan/Aidan/Saved/Config/Windows/Scalability.ini]
[2022.03.19-04.17.53:438][  0]LogConfig: Setting CVar [[r.TranslucencyLightingVolumeDim:64]]
[2022.03.19-04.17.53:438][  0]LogConfig: Setting CVar [[r.RefractionQuality:2]]
[2022.03.19-04.17.53:438][  0]LogConfig: Setting CVar [[r.SSR.Quality:3]]
[2022.03.19-04.17.53:438][  0]LogConfig: Setting CVar [[r.SSR.HalfResSceneColor:0]]
[2022.03.19-04.17.53:438][  0]LogConfig: Setting CVar [[r.SceneColorFormat:4]]
[2022.03.19-04.17.53:438][  0]LogConfig: Setting CVar [[r.DetailMode:2]]
[2022.03.19-04.17.53:438][  0]LogConfig: Setting CVar [[r.TranslucencyVolumeBlur:1]]
[2022.03.19-04.17.53:438][  0]LogConfig: Setting CVar [[r.MaterialQualityLevel:1 ; High quality]]
[2022.03.19-04.17.53:438][  0]LogConfig: Setting CVar [[r.AnisotropicMaterials:1]]
[2022.03.19-04.17.53:438][  0]LogConfig: Setting CVar [[r.SSS.Scale:1]]
[2022.03.19-04.17.53:438][  0]LogConfig: Setting CVar [[r.SSS.SampleSet:2]]
[2022.03.19-04.17.53:438][  0]LogConfig: Setting CVar [[r.SSS.Quality:1]]
[2022.03.19-04.17.53:438][  0]LogConfig: Setting CVar [[r.SSS.HalfRes:0]]
[2022.03.19-04.17.53:438][  0]LogConfig: Setting CVar [[r.SSGI.Quality:3]]
[2022.03.19-04.17.53:439][  0]LogConfig: Setting CVar [[r.EmitterSpawnRateScale:1.0]]
[2022.03.19-04.17.53:439][  0]LogConfig: Setting CVar [[r.ParticleLightQuality:2]]
[2022.03.19-04.17.53:439][  0]LogConfig: Setting CVar [[r.SkyAtmosphere.AerialPerspectiveLUT.FastApplyOnOpaque:1 ; Always have FastSkyLUT 1 in this case to avoid wrong sky]]
[2022.03.19-04.17.53:439][  0]LogConfig: Setting CVar [[r.SkyAtmosphere.AerialPerspectiveLUT.SampleCountMaxPerSlice:4]]
[2022.03.19-04.17.53:439][  0]LogConfig: Setting CVar [[r.SkyAtmosphere.AerialPerspectiveLUT.DepthResolution:16.0]]
[2022.03.19-04.17.53:439][  0]LogConfig: Setting CVar [[r.SkyAtmosphere.FastSkyLUT:1]]
[2022.03.19-04.17.53:439][  0]LogConfig: Setting CVar [[r.SkyAtmosphere.FastSkyLUT.SampleCountMin:4.0]]
[2022.03.19-04.17.53:439][  0]LogConfig: Setting CVar [[r.SkyAtmosphere.FastSkyLUT.SampleCountMax:128.0]]
[2022.03.19-04.17.53:439][  0]LogConfig: Setting CVar [[r.SkyAtmosphere.SampleCountMin:4.0]]
[2022.03.19-04.17.53:439][  0]LogConfig: Setting CVar [[r.SkyAtmosphere.SampleCountMax:128.0]]
[2022.03.19-04.17.53:439][  0]LogConfig: Setting CVar [[r.SkyAtmosphere.TransmittanceLUT.UseSmallFormat:0]]
[2022.03.19-04.17.53:439][  0]LogConfig: Setting CVar [[r.SkyAtmosphere.TransmittanceLUT.SampleCount:10.0]]
[2022.03.19-04.17.53:439][  0]LogConfig: Setting CVar [[r.SkyAtmosphere.MultiScatteringLUT.SampleCount:15.0]]
[2022.03.19-04.17.53:439][  0]LogConfig: Setting CVar [[r.SkyLight.RealTimeReflectionCapture:1]]
[2022.03.19-04.17.53:439][  0]LogConfig: Applying CVar settings from Section [FoliageQuality@3] File [C:/Users/malik/OneDrive/Desktop/Software Engineering Capstone/Cstone/Aidan/Aidan/Saved/Config/Windows/Scalability.ini]
[2022.03.19-04.17.53:439][  0]LogConfig: Setting CVar [[foliage.DensityScale:1.0]]
[2022.03.19-04.17.53:439][  0]LogConfig: Setting CVar [[grass.DensityScale:1.0]]
[2022.03.19-04.17.53:439][  0]LogConfig: Applying CVar settings from Section [ShadingQuality@3] File [C:/Users/malik/OneDrive/Desktop/Software Engineering Capstone/Cstone/Aidan/Aidan/Saved/Config/Windows/Scalability.ini]
[2022.03.19-04.17.53:439][  0]LogConfig: Setting CVar [[r.HairStrands.SkyLighting.IntegrationType:2]]
[2022.03.19-04.17.53:439][  0]LogConfig: Setting CVar [[r.HairStrands.SkyAO.SampleCount:4]]
[2022.03.19-04.17.53:439][  0]LogConfig: Setting CVar [[r.HairStrands.Visibility.MSAA.SamplePerPixel:4]]
[2022.03.19-04.17.53:439][  0]LogConfig: Applying CVar settings from Section [Startup] File [../../../Engine/Config/ConsoleVariables.ini]
[2022.03.19-04.17.53:440][  0]LogConfig: Setting CVar [[net.UseAdaptiveNetUpdateFrequency:0]]
[2022.03.19-04.17.53:440][  0]LogConfig: Setting CVar [[p.chaos.AllowCreatePhysxBodies:1]]
[2022.03.19-04.17.53:440][  0]LogConfig: Setting CVar [[fx.SkipVectorVMBackendOptimizations:1]]
[2022.03.19-04.17.53:440][  0]LogConfig: Applying CVar settings from Section [ConsoleVariables] File [C:/Users/malik/OneDrive/Desktop/Software Engineering Capstone/Cstone/Aidan/Aidan/Saved/Config/Windows/Engine.ini]
[2022.03.19-04.17.53:440][  0]LogConfig: Applying CVar settings from Section [ConsoleVariables] File [C:/Users/malik/OneDrive/Desktop/Software Engineering Capstone/Cstone/Aidan/Aidan/Saved/Config/Windows/Editor.ini]
[2022.03.19-04.17.53:441][  0]LogInit: Computer: LAPTOP-LV1RKO7P
[2022.03.19-04.17.53:441][  0]LogInit: User: malik
[2022.03.19-04.17.53:441][  0]LogInit: CPU Page size=4096, Cores=4
[2022.03.19-04.17.53:441][  0]LogInit: High frequency timer resolution =10.000000 MHz
[2022.03.19-04.17.53:441][  0]LogMemory: Memory total: Physical=9.9GB (10GB approx)
[2022.03.19-04.17.53:441][  0]LogMemory: Platform Memory Stats for Windows
[2022.03.19-04.17.53:441][  0]LogMemory: Process Physical Memory: 141.09 MB used, 141.09 MB peak
[2022.03.19-04.17.53:441][  0]LogMemory: Process Virtual Memory: 114.67 MB used, 114.67 MB peak
[2022.03.19-04.17.53:441][  0]LogMemory: Physical Memory: 7780.17 MB used,  2398.38 MB free, 10178.54 MB total
[2022.03.19-04.17.53:441][  0]LogMemory: Virtual Memory: 134203208.00 MB used,  14521.55 MB free, 134217728.00 MB total
[2022.03.19-04.17.53:455][  0]LogWindows: WindowsPlatformFeatures enabled
[2022.03.19-04.17.53:524][  0]LogInit: Physics initialised using underlying interface: PhysX
[2022.03.19-04.17.53:526][  0]LogInit: Using OS detected language (en-US).
[2022.03.19-04.17.53:527][  0]LogInit: Using OS detected locale (en-US).
[2022.03.19-04.17.53:538][  0]LogTextLocalizationManager: No specific localization for 'en-US' exists, so the 'en' localization will be used.
[2022.03.19-04.17.53:978][  0]LogInit: Setting process to per monitor DPI aware
[2022.03.19-04.17.54:003][  0]LogWindowsTextInputMethodSystem: Display: IME system deactivated.
[2022.03.19-04.17.54:042][  0]LogSlate: New Slate User Created.  User Index 0, Is Virtual User: 0
[2022.03.19-04.17.54:042][  0]LogSlate: Slate User Registered.  User Index 0, Is Virtual User: 0
[2022.03.19-04.17.54:398][  0]LogD3D11RHI: Loaded GFSDK_Aftermath_Lib.x64.dll
[2022.03.19-04.17.54:405][  0]LogHMD: Failed to initialize OpenVR with code 110
[2022.03.19-04.17.54:405][  0]LogD3D11RHI: D3D11 min allowed feature level: 11_0
[2022.03.19-04.17.54:405][  0]LogD3D11RHI: D3D11 max allowed feature level: 11_0
[2022.03.19-04.17.54:405][  0]LogD3D11RHI: D3D11 adapters:
[2022.03.19-04.17.54:471][  0]LogD3D11RHI:    0. 'AMD Radeon(TM) RX Vega 10 Graphics' (Feature Level 11_0)
[2022.03.19-04.17.54:471][  0]LogD3D11RHI:       2034/0/5089 MB DedicatedVideo/DedicatedSystem/SharedSystem, Outputs:2, VendorId:0x1002
[2022.03.19-04.17.54:476][  0]LogD3D11RHI:    1. 'Microsoft Basic Render Driver' (Feature Level 11_0)
[2022.03.19-04.17.54:476][  0]LogD3D11RHI:       0/0/5089 MB DedicatedVideo/DedicatedSystem/SharedSystem, Outputs:0, VendorId:0x1414
[2022.03.19-04.17.54:476][  0]LogD3D11RHI: Chosen D3D11 Adapter:
[2022.03.19-04.17.54:476][  0]LogD3D11RHI:     Description : AMD Radeon(TM) RX Vega 10 Graphics
[2022.03.19-04.17.54:476][  0]LogD3D11RHI:     VendorId    : 1002
[2022.03.19-04.17.54:476][  0]LogD3D11RHI:     DeviceId    : 15d8
[2022.03.19-04.17.54:476][  0]LogD3D11RHI:     SubSysId    : 380217aa
[2022.03.19-04.17.54:476][  0]LogD3D11RHI:     Revision    : 00c1
[2022.03.19-04.17.54:476][  0]LogD3D11RHI:     DedicatedVideoMemory : 2133184512 bytes
[2022.03.19-04.17.54:477][  0]LogD3D11RHI:     DedicatedSystemMemory : 0 bytes
[2022.03.19-04.17.54:477][  0]LogD3D11RHI:     SharedSystemMemory : 5336487936 bytes
[2022.03.19-04.17.54:477][  0]LogD3D11RHI:     AdapterLuid : 0 48546
[2022.03.19-04.17.54:494][  0]LogD3D11RHI: Creating new Direct3DDevice
[2022.03.19-04.17.54:494][  0]LogD3D11RHI:     GPU DeviceId: 0x15d8 (for the marketing name, search the web for "GPU Device Id")
[2022.03.19-04.17.54:494][  0]LogWindows: EnumDisplayDevices:
[2022.03.19-04.17.54:495][  0]LogWindows:    0. 'AMD Radeon(TM) RX Vega 10 Graphics' (P:1 D:1)
[2022.03.19-04.17.54:496][  0]LogWindows:    1. 'AMD Radeon(TM) RX Vega 10 Graphics' (P:0 D:1)
[2022.03.19-04.17.54:496][  0]LogWindows:    2. 'AMD Radeon(TM) RX Vega 10 Graphics' (P:0 D:0)
[2022.03.19-04.17.54:497][  0]LogWindows:    3. 'AMD Radeon(TM) RX Vega 10 Graphics' (P:0 D:0)
[2022.03.19-04.17.54:498][  0]LogWindows: DebugString: FoundDriverCount:4 
[2022.03.19-04.17.54:498][  0]LogD3D11RHI:     Adapter Name: AMD Radeon(TM) RX Vega 10 Graphics
[2022.03.19-04.17.54:498][  0]LogD3D11RHI:   Driver Version: Adrenalin 20.10.36 (internal:27.20.11036.3, unified:27.20.11036.3)
[2022.03.19-04.17.54:498][  0]LogD3D11RHI:      Driver Date: 8-25-2020
[2022.03.19-04.17.54:498][  0]LogRHI: Texture pool is 4558 MB (70% of 6511 MB)
[2022.03.19-04.17.54:524][  0]LogD3D11RHI: Creating D3DDevice with AMD AGS, using adapter:
[2022.03.19-04.17.54:524][  0]LogD3D11RHI:     Description : AMD Radeon(TM) RX Vega 10 Graphics
[2022.03.19-04.17.54:524][  0]LogD3D11RHI:     VendorId    : 1002
[2022.03.19-04.17.54:524][  0]LogD3D11RHI:     DeviceId    : 15d8
[2022.03.19-04.17.54:524][  0]LogD3D11RHI:     SubSysId    : 380217aa
[2022.03.19-04.17.54:524][  0]LogD3D11RHI:     Revision    : 00c1
[2022.03.19-04.17.54:524][  0]LogD3D11RHI:     DedicatedVideoMemory : 2133184512 bytes
[2022.03.19-04.17.54:524][  0]LogD3D11RHI:     DedicatedSystemMemory : 0 bytes
[2022.03.19-04.17.54:524][  0]LogD3D11RHI:     SharedSystemMemory : 5336487936 bytes
[2022.03.19-04.17.54:525][  0]LogD3D11RHI:     AdapterLuid : 0 48546
[2022.03.19-04.17.54:575][  0]LogD3D11RHI: Created device via AGS, feature level 11_0, supported extensions 1fffffbf.
[2022.03.19-04.17.54:575][  0]LogD3D11RHI: RHI has support for 64 bit atomics
[2022.03.19-04.17.54:575][  0]LogD3D11RHI: Async texture creation enabled
[2022.03.19-04.17.54:575][  0]LogD3D11RHI: Array index from any shader is supported
[2022.03.19-04.17.54:599][  0]LogD3D11RHI: GPU Timing Frequency: 25.000000 (Debug: 2 1)
[2022.03.19-04.17.55:276][  0]LogTargetPlatformManager: Display: Loaded TargetPlatform 'AllDesktop'
[2022.03.19-04.17.55:333][  0]LogTargetPlatformManager: Display: Loaded TargetPlatform 'Android'
[2022.03.19-04.17.55:333][  0]LogTargetPlatformManager: Display: Loaded TargetPlatform 'Android_ASTC'
[2022.03.19-04.17.55:333][  0]LogTargetPlatformManager: Display: Loaded TargetPlatform 'Android_DXT'
[2022.03.19-04.17.55:333][  0]LogTargetPlatformManager: Display: Loaded TargetPlatform 'Android_ETC2'
[2022.03.19-04.17.55:333][  0]LogTargetPlatformManager: Display: Loaded TargetPlatform 'AndroidClient'
[2022.03.19-04.17.55:333][  0]LogTargetPlatformManager: Display: Loaded TargetPlatform 'Android_ASTCClient'
[2022.03.19-04.17.55:333][  0]LogTargetPlatformManager: Display: Loaded TargetPlatform 'Android_DXTClient'
[2022.03.19-04.17.55:333][  0]LogTargetPlatformManager: Display: Loaded TargetPlatform 'Android_ETC2Client'
[2022.03.19-04.17.55:333][  0]LogTargetPlatformManager: Display: Loaded TargetPlatform 'Android_Multi'
[2022.03.19-04.17.55:333][  0]LogTargetPlatformManager: Display: Loaded TargetPlatform 'Android_MultiClient'
[2022.03.19-04.17.55:383][  0]LogTargetPlatformManager: Display: Loaded TargetPlatform 'IOSClient'
[2022.03.19-04.17.55:383][  0]LogTargetPlatformManager: Display: Loaded TargetPlatform 'IOS'
[2022.03.19-04.17.55:411][  0]LogTargetPlatformManager: Display: Loaded TargetPlatform 'Linux'
[2022.03.19-04.17.55:422][  0]LogTargetPlatformManager: Display: Loaded TargetPlatform 'LinuxNoEditor'
[2022.03.19-04.17.55:432][  0]LogTargetPlatformManager: Display: Loaded TargetPlatform 'LinuxClient'
[2022.03.19-04.17.55:444][  0]LogTargetPlatformManager: Display: Loaded TargetPlatform 'LinuxServer'
[2022.03.19-04.17.55:471][  0]LogTargetPlatformManager: Display: Loaded TargetPlatform 'LinuxAArch64NoEditor'
[2022.03.19-04.17.55:491][  0]LogTargetPlatformManager: Display: Loaded TargetPlatform 'LinuxAArch64Client'
[2022.03.19-04.17.55:503][  0]LogTargetPlatformManager: Display: Loaded TargetPlatform 'LinuxAArch64Server'
[2022.03.19-04.17.55:563][  0]LogTargetPlatformManager: Display: Loaded TargetPlatform 'Lumin'
[2022.03.19-04.17.55:563][  0]LogTargetPlatformManager: Display: Loaded TargetPlatform 'LuminClient'
[2022.03.19-04.17.55:578][  0]LogTargetPlatformManager: Display: Loaded TargetPlatform 'MacNoEditor'
[2022.03.19-04.17.55:585][  0]LogTargetPlatformManager: Display: Loaded TargetPlatform 'Mac'
[2022.03.19-04.17.55:597][  0]LogTargetPlatformManager: Display: Loaded TargetPlatform 'MacClient'
[2022.03.19-04.17.55:609][  0]LogTargetPlatformManager: Display: Loaded TargetPlatform 'MacServer'
[2022.03.19-04.17.55:639][  0]LogTargetPlatformManager: Display: Loaded TargetPlatform 'TVOSClient'
[2022.03.19-04.17.55:639][  0]LogTargetPlatformManager: Display: Loaded TargetPlatform 'TVOS'
[2022.03.19-04.17.55:664][  0]LogTargetPlatformManager: Display: Loaded TargetPlatform 'WindowsNoEditor'
[2022.03.19-04.17.55:676][  0]LogTargetPlatformManager: Display: Loaded TargetPlatform 'Windows'
[2022.03.19-04.17.55:690][  0]LogTargetPlatformManager: Display: Loaded TargetPlatform 'WindowsClient'
[2022.03.19-04.17.55:702][  0]LogTargetPlatformManager: Display: Loaded TargetPlatform 'WindowsServer'
[2022.03.19-04.17.55:702][  0]LogTargetPlatformManager: Display: Building Assets For Windows
[2022.03.19-04.17.55:722][  0]LogAudioDebug: Display: Lib vorbis DLL was dynamically loaded.
[2022.03.19-04.17.55:801][  0]LogTextureFormatOodle: Display: Oodle Texture 2.9.0 init RDO Off
[2022.03.19-04.17.55:879][  0]LogRendererCore: Ray tracing is disabled. Reason: r.RayTracing=0.
[2022.03.19-04.17.55:879][  0]LogShaderCompilers: Guid format shader working directory is -49 characters bigger than the processId version (../../../../../../Users/malik/OneDrive/Desktop/Software Engineering Capstone/Cstone/Aidan/Aidan/Intermediate/Shaders/WorkingDirectory/7848/).
[2022.03.19-04.17.55:879][  0]LogShaderCompilers: Cleaned the shader compiler working directory 'C:/Users/malik/AppData/Local/Temp/UnrealShaderWorkingDir/659D19DC42ED7B84D9349B924C087185/'.
[2022.03.19-04.17.55:880][  0]LogXGEController: Cannot use XGE Controller as Incredibuild is not installed on this machine.
[2022.03.19-04.17.55:880][  0]LogShaderCompilers: Cannot use XGE Shader Compiler as Incredibuild is not installed on this machine.
[2022.03.19-04.17.55:880][  0]LogShaderCompilers: Display: Using Local Shader Compiler.
[2022.03.19-04.17.57:176][  0]LogDerivedDataCache: Display: Max Cache Size: 512 MB
[2022.03.19-04.17.57:273][  0]LogDerivedDataCache: Loaded boot cache 0.10s 94MB C:/Users/malik/AppData/Local/UnrealEngine/4.27/DerivedDataCache/Boot.ddc.
[2022.03.19-04.17.57:273][  0]LogDerivedDataCache: Display: Loaded Boot cache: C:/Users/malik/AppData/Local/UnrealEngine/4.27/DerivedDataCache/Boot.ddc
[2022.03.19-04.17.57:274][  0]LogDerivedDataCache: FDerivedDataBackendGraph:  Pak pak cache file ../../../../../../Users/malik/OneDrive/Desktop/Software Engineering Capstone/Cstone/Aidan/Aidan/DerivedDataCache/DDC.ddp not found, will not use a pak cache.
[2022.03.19-04.17.57:274][  0]LogDerivedDataCache: Unable to find inner node Pak for hierarchical cache Hierarchy.
[2022.03.19-04.17.57:274][  0]LogDerivedDataCache: FDerivedDataBackendGraph:  CompressedPak pak cache file ../../../../../../Users/malik/OneDrive/Desktop/Software Engineering Capstone/Cstone/Aidan/Aidan/DerivedDataCache/Compressed.ddp not found, will not use a pak cache.
[2022.03.19-04.17.57:274][  0]LogDerivedDataCache: Unable to find inner node CompressedPak for hierarchical cache Hierarchy.
[2022.03.19-04.17.57:302][  0]LogDerivedDataCache: Display: Pak cache opened for reading ../../../Engine/DerivedDataCache/Compressed.ddp.
[2022.03.19-04.17.57:302][  0]LogDerivedDataCache: FDerivedDataBackendGraph:  EnterprisePak pak cache file ../../../Enterprise/DerivedDataCache/Compressed.ddp not found, will not use a pak cache.
[2022.03.19-04.17.57:302][  0]LogDerivedDataCache: Unable to find inner node EnterprisePak for hierarchical cache Hierarchy.
[2022.03.19-04.17.57:321][  0]LogDerivedDataCache: Speed tests for C:/Users/malik/AppData/Local/UnrealEngine/Common/DerivedDataCache took 0.02 seconds
[2022.03.19-04.17.57:321][  0]LogDerivedDataCache: Display: Performance to C:/Users/malik/AppData/Local/UnrealEngine/Common/DerivedDataCache: Latency=0.05ms. RandomReadSpeed=811.32MBs, RandomWriteSpeed=54.90MBs. Assigned SpeedClass 'Local'
[2022.03.19-04.17.57:327][  0]LogDerivedDataCache: Using Local data cache path C:/Users/malik/AppData/Local/UnrealEngine/Common/DerivedDataCache: Writable
[2022.03.19-04.17.57:327][  0]LogDerivedDataCache: Shared data cache path not found in *engine.ini, will not use an Shared cache.
[2022.03.19-04.17.57:327][  0]LogDerivedDataCache: Unable to find inner node Shared for hierarchical cache Hierarchy.
[2022.03.19-04.17.57:389][  0]LogSlate: Using FreeType 2.10.0
[2022.03.19-04.17.57:390][  0]LogSlate: SlateFontServices - WITH_FREETYPE: 1, WITH_HARFBUZZ: 1
[2022.03.19-04.17.57:431][  0]LogAssetRegistry: FAssetRegistry took 0.0089 seconds to start up
[2022.03.19-04.17.57:862][  0]LogInit: Selected Device Profile: [Windows]
[2022.03.19-04.17.57:862][  0]LogInit: Active device profile: [0000023EA793D300][0000023EA6D8AF80 49] Windows
[2022.03.19-04.17.57:862][  0]LogInit: Profiles: [0000023EA793D300][0000023EA6D8AF80 49] Windows, [0000023EA78FB000][0000023EA6D8F240 49] WindowsNoEditor, [0000023EA793E400][0000023EA6D93500 49] WindowsServer, [0000023EA78FBF00][0000023EA6D977C0 49] WindowsClient, [0000023EA793F300][0000023EA6D9BA80 49] IOS, [0000023EA78F9200][0000023EA6D9E1C0 49] iPadAir, [0000023EA793FE00][0000023EA6DA2480 49] iPadAir2, [0000023EA7896100][0000023EA6DB69C0 49] IPadPro, [0000023EA7896200][0000023EA6DA6A00 49] iPadAir3, [0000023EA78F9B00][0000023EA6D86C80 49] iPadAir4, [0000023EA7897100][0000023EA6DAEF00 49] iPadMini2, [0000023EA78FB300][0000023EA6DB31C0 49] iPadMini3, [0000023EA7897E00][0000023EA6DBB480 49] iPadMini4, [0000023EA78FA400][0000023EA7DD1740 49] iPadMini5, [0000023EA78DDA00][0000023EA7DE4100 49] iPhone6, [0000023EA78DDB00][0000023EA7DD4140 49] iPodTouch6, [0000023EA793EE00][0000023EA7DEC680 49] iPhone7, [0000023EA793F100][0000023EA7DDC6C0 49] iPodTouch7, [0000023EA7895C00][0000023EA7DE0980 49] iPhone5S, [0000023EA793D200][0000023EA7DD8C40 49] iPhone6Plus, [0000023EA7895800][0000023EA6DAAEC0 49] iPhone6S, [0000023EA793C400][0000023EA7DE9140 49] iPhone6SPlus, [0000023EA7894E00][0000023EA7DF5400 49] iPhone7Plus, [0000023EA793F000][0000023EA7DF96C0 49] iPhoneSE, [0000023EA7894A00][0000023EA7DFD980 49] iPhone8, [0000023EA793C800][0000023EA7E000C0 49] iPhone8Plus, [0000023EA793DD00][0000023EA7E04380 49] iPhoneX, [0000023EA78DC800][0000023EA7E08640 49] iPhoneXS, [0000023EA793ED00][0000023EA7E0C900 49] iPhoneXSMax, [0000023EA78DCF00][0000023EA7E10BC0 49] iPhoneXR, [0000023EA793DA00][0000023EA7E14E80 49] iPhone11, [0000023EA78DD300][0000023EA7DF1100 49] iPhone11Pro, [0000023EA78DC400][0000023EA7E19380 49] iPhone11ProMax, [0000023EA7897200][0000023EA7E21640 49] iPhoneSE2, [0000023EA78DE300][0000023EA7E25900 49] iPhone12Mini, [0000023EA7895400][0000023EA7E29BC0 49] iPhone12, [0000023EA78DED00][0000023EA7E2C300 49] iPhone12Pro, [0000023EA7897700][0000023EA7E305C0 49] iPhone12ProMax, [0000023EA78DEE00][0000023EA7E34880 49] iPadPro105, [0000023EA7896400][0000023EA7E38B40 49] iPadPro129, [0000023EA78DEF00][0000023EA7E3CE00 49] iPadPro97, [0000023EA7897800][0000023EA7E410C0 49] iPadPro2_129, [0000023EA793D600][0000023EA7E1D340 49] iPad5, [0000023EA7895B00][0000023EA7E455C0 49] iPad6, [0000023EA793F700][0000023EA7E4D880 49] iPad7, [0000023EA7894100][0000023EA7E51B40 49] iPad8, [0000023EA793DE00][0000023EA7E54280 49] iPadPro11, [0000023EA7896F00][0000023EA7E58540 49] iPadPro2_11, [0000023EA793FA00][0000023EA7E5C800 49] iPadPro3_129, [0000023EA7896B00][0000023EA7E60AC0 49] iPadPro4_129, [0000023EA793E900][0000023EA7E64D80 49] AppleTV, [0000023EA7894200][0000023EA7E69040 49] AppleTV4K, [0000023EA793E500][0000023EA7E6D300 49] TVOS, [0000023EA7895900][0000023EA7E49580 49] Mac, [0000023EA793CE00][0000023EA7E75840 49] MacClient, [0000023EA7894800][0000023EA7E79B00 49] MacNoEditor, [0000023EA793D800][0000023EA7E7C240 49] MacServer, [0000023EA7895E00][0000023EA7E80500 49] Linux, [0000023EA793D000][0000023EA7E847C0 49] LinuxAArch64, [0000023EA7894300][0000023EA7E88A80 49] LinuxNoEditor, [0000023EA793C600][0000023EA7E8CD40 49] LinuxAArch64NoEditor, [0000023EA7897F00][0000023EA7E91000 49] LinuxClient, [0000023EA793C100][0000023EA7EA72C0 49] LinuxAArch64Client, [0000023EA7894600][0000023EA7E71540 49] LinuxServer, [0000023EA793D500][0000023E9C43F7C0 49] LinuxAArch64Server, [0000023EA7896D00][0000023E9C447A80 49] Android, [0000023EA793CD00][0000023E9C7A61C0 49] Android_Low, [0000023EA7895600][0000023E9C4A2480 49] Android_Mid, [0000023EA793F400][0000023E9C4A6740 49] Android_High, [0000023EA7894B00][0000023EA7F1EA00 49] Android_Default, [0000023EA793DF00][0000023EA7F3ACC0 49] Android_Adreno4xx, [0000023EA7895500][0000023EA7FD2F80 49] Android_Adreno5xx_Low, [0000023EA793F500][0000023EA7FD7240 49] Android_Adreno5xx, [0000023EA7894700][0000023EA7FDB500 49] Android_Adreno6xx, [0000023EA793DC00][0000023E9C443780 49] Android_Adreno6xx_Vulkan, [0000023EA7896800][0000023EA8085A00 49] Android_Mali_T6xx, [0000023EA793E300][0000023EA808C140 49] Android_Mali_T7xx, [0000023EA7895700][0000023EA8090400 49] Android_Mali_T8xx, [0000023EA793E800][0000023EA80946C0 49] Android_Mali_G71, [0000023EA7897400][0000023EA8098980 49] Android_Mali_G72, [0000023EA793C700][0000023EA21C0C40 49] Android_Mali_G72_Vulkan, [0000023EA7896700][0000023EA21C8F00 49] Android_Mali_G76, [0000023EA78DF900][0000023EA21D11C0 49] Android_Mali_G76_Vulkan, [0000023EA78F8900][0000023EA21D5480 49] Android_Mali_G77, [0000023EA78DF200][0000023EA21D9740 49] Android_Mali_G77_Vulkan, [0000023EA78F8D00][0000023EA80899C0 49] Android_Mali_G78, [0000023EA78DCC00][0000023EA21DC0C0 49] Android_Mali_G78_Vulkan, [0000023EA78F8B00][0000023EA21E4380 49] Android_Mali_G710, [0000023EA78DC500][0000023EA21EC640 49] Android_Mali_G710_Vulkan, [0000023EA78F9D00][0000023EA21F4900 49] Android_Vulkan_SM5, [0000023EA78DC200][0000023EA21F8BC0 49] Android_PowerVR_G6xxx, [0000023EA78FBB00][0000023EA22A2E80 49] Android_PowerVR_GT7xxx, [0000023EA78DF700][0000023EA6AAF140 49] Android_PowerVR_GE8xxx, [0000023EA78F8200][0000023EA6AC9400 49] Android_PowerVR_GM9xxx, [0000023EA78DE200][0000023EA81536C0 49] Android_PowerVR_GM9xxx_Vulkan, [0000023EA78FA900][0000023EA8157980 49] Android_TegraK1, [0000023EA78DCE00][0000023EA21E1C00 49] Android_Unknown_Vulkan, [0000023EA78F9600][0000023EA8194300 49] Lumin, [0000023EA78DD100][0000023EA819C5C0 49] Lumin_Desktop, [0000023EA78FAC00][0000023EA81A0880 49] HoloLens, 
[2022.03.19-04.17.58:079][  0]LogMeshReduction: Using QuadricMeshReduction for automatic static mesh reduction
[2022.03.19-04.17.58:080][  0]LogMeshReduction: Using SimplygonMeshReduction for automatic skeletal mesh reduction
[2022.03.19-04.17.58:080][  0]LogMeshReduction: Using ProxyLODMeshReduction for automatic mesh merging
[2022.03.19-04.17.58:080][  0]LogMeshReduction: No distributed automatic mesh merging module available
[2022.03.19-04.17.58:080][  0]LogMeshMerging: No distributed automatic mesh merging module available
[2022.03.19-04.17.58:118][  0]LogNetVersion: Aidan 1.0.0, NetCL: 17155196, EngineNetVer: 17, GameNetVer: 0 (Checksum: 273725539)
[2022.03.19-04.17.59:075][  0]LogTexture: Default maximum texture size for cubemaps generated from long-lat sources has been changed from 512 to unlimited. In order to preserve old behaiour for '/Engine/MapTemplates/Sky/DaylightAmbientCubemap.DaylightAmbientCubemap', its maximum texture size has been explicitly set to 512.
[2022.03.19-04.17.59:202][  0]LogHMD: PokeAHoleMaterial loaded successfully
[2022.03.19-04.17.59:217][  0]LogUObjectArray: 17178 objects as part of root set at end of initial load.
[2022.03.19-04.17.59:217][  0]LogUObjectAllocator: 4302048 out of 0 bytes used by permanent object pool.
[2022.03.19-04.17.59:217][  0]LogUObjectArray: CloseDisregardForGC: 0/0 objects in disregard for GC pool
[2022.03.19-04.17.59:906][  0]LogNiagaraDebuggerClient: Niagara Debugger Client Initialized | Session: 6FFD63AC42CDFDA2CC72ED8C78238201 | Instance: F5022ECA49CB483DE82FD78D13A6BB7A (LAPTOP-LV1RKO7P-7848).
[2022.03.19-04.18.00:208][  0]LogPython: Using Python 3.7.7
[2022.03.19-04.18.01:411][  0]LogTcpMessaging: Initializing TcpMessaging bridge
[2022.03.19-04.18.01:422][  0]LogUdpMessaging: Initializing bridge on interface 0.0.0.0:0 to multicast group 230.0.0.1:6666.
[2022.03.19-04.18.03:144][  0]LogWindows: Error: === Critical error: ===
[2022.03.19-04.18.03:144][  0]LogWindows: Error: 
[2022.03.19-04.18.03:144][  0]LogWindows: Error: Fatal error!
[2022.03.19-04.18.03:144][  0]LogWindows: Error: 
[2022.03.19-04.18.03:144][  0]LogWindows: Error: Unhandled Exception: EXCEPTION_ACCESS_VIOLATION reading address 0x0000000000000bb0
[2022.03.19-04.18.03:144][  0]LogWindows: Error: 
[2022.03.19-04.18.03:144][  0]LogWindows: Error: [Callstack] 0x00007fff763762ff UE4Editor-Engine.dll!UnknownFunction []
[2022.03.19-04.18.03:144][  0]LogWindows: Error: [Callstack] 0x00007fff54462628 UE4Editor-Aidan-8768.dll!AProcMesh::AProcMesh() [C:\Users\malik\OneDrive\Desktop\Software Engineering Capstone\Cstone\Aidan\Aidan\Source\Aidan\ProcMesh.cpp:10]
[2022.03.19-04.18.03:145][  0]LogWindows: Error: [Callstack] 0x00007fff7c6f61d3 UE4Editor-CoreUObject.dll!UnknownFunction []
[2022.03.19-04.18.03:145][  0]LogWindows: Error: [Callstack] 0x00007fff7ca18faf UE4Editor-CoreUObject.dll!UnknownFunction []
[2022.03.19-04.18.03:145][  0]LogWindows: Error: [Callstack] 0x00007fff7c9f5411 UE4Editor-CoreUObject.dll!UnknownFunction []
[2022.03.19-04.18.03:145][  0]LogWindows: Error: [Callstack] 0x00007fff7c8bddc5 UE4Editor-CoreUObject.dll!UnknownFunction []
[2022.03.19-04.18.03:145][  0]LogWindows: Error: [Callstack] 0x00007fff7bad1bea UE4Editor-Core.dll!UnknownFunction []
[2022.03.19-04.18.03:145][  0]LogWindows: Error: [Callstack] 0x00007fff7baf15a3 UE4Editor-Core.dll!UnknownFunction []
[2022.03.19-04.18.03:145][  0]LogWindows: Error: [Callstack] 0x00007fffd9db6433 UE4Editor-Projects.dll!UnknownFunction []
[2022.03.19-04.18.03:145][  0]LogWindows: Error: [Callstack] 0x00007fffd9db674f UE4Editor-Projects.dll!UnknownFunction []
[2022.03.19-04.18.03:145][  0]LogWindows: Error: [Callstack] 0x00007ff731be5642 UE4Editor.exe!UnknownFunction []
[2022.03.19-04.18.03:145][  0]LogWindows: Error: [Callstack] 0x00007ff731be9000 UE4Editor.exe!UnknownFunction []
[2022.03.19-04.18.03:145][  0]LogWindows: Error: [Callstack] 0x00007ff731be0d2c UE4Editor.exe!UnknownFunction []
[2022.03.19-04.18.03:145][  0]LogWindows: Error: [Callstack] 0x00007ff731be10ba UE4Editor.exe!UnknownFunction []
[2022.03.19-04.18.03:145][  0]LogWindows: Error: [Callstack] 0x00007ff731be40dd UE4Editor.exe!UnknownFunction []
[2022.03.19-04.18.03:145][  0]LogWindows: Error: [Callstack] 0x00007ff731bf5984 UE4Editor.exe!UnknownFunction []
[2022.03.19-04.18.03:145][  0]LogWindows: Error: [Callstack] 0x00007ff731bf853a UE4Editor.exe!UnknownFunction []
[2022.03.19-04.18.03:145][  0]LogWindows: Error: [Callstack] 0x00007ff80bf47034 KERNEL32.DLL!UnknownFunction []
[2022.03.19-04.18.03:145][  0]LogWindows: Error: [Callstack] 0x00007ff80d382651 ntdll.dll!UnknownFunction []
[2022.03.19-04.18.03:145][  0]LogWindows: Error: 
[2022.03.19-04.18.03:159][  0]LogExit: Executing StaticShutdownAfterError
[2022.03.19-04.18.03:162][  0]LogWindows: FPlatformMisc::RequestExit(1)
[2022.03.19-04.18.03:162][  0]LogWindows: FPlatformMisc::RequestExitWithStatus(1, 3)
[2022.03.19-04.18.03:162][  0]LogCore: Engine exit requested (reason: Win RequestExit)
[2022.03.19-04.18.03:164][  0]Log file closed, 03/18/22 23:18:03
