Log file open, 03/19/22 10:57:57
LogWindows: Failed to load 'aqProf.dll' (GetLastError=126)
LogWindows: File 'aqProf.dll' does not exist
LogWindows: Failed to load 'VtuneApi.dll' (GetLastError=126)
LogWindows: File 'VtuneApi.dll' does not exist
LogWindows: Failed to load 'VtuneApi32e.dll' (GetLastError=126)
LogWindows: File 'VtuneApi32e.dll' does not exist
LogConsoleResponse: Display: Failed to find resolution value strings in scalability ini. Falling back to default.
LogConsoleResponse: Display: Failed to find resolution value strings in scalability ini. Falling back to default.
LogInit: Display: Running engine for game: Aidan
LogPlatformFile: Not using cached read wrapper
LogTaskGraph: Started task graph with 5 named threads and 23 total threads with 3 sets of task threads.
LogStats: Stats thread started at 0.610312
LogICUInternationalization: ICU TimeZone Detection - Raw Offset: -6:00, Platform Override: ''
LogInit: Display: Loading text-based GConfig....
LogPluginManager: Mounting plugin MeshPainting
LogPluginManager: Mounting plugin XGEController
LogPluginManager: Mounting plugin EnvironmentQueryEditor
LogPluginManager: Mounting plugin Paper2D
LogPluginManager: Mounting plugin AISupport
LogPluginManager: Mounting plugin LightPropagationVolume
LogPluginManager: Mounting plugin LiveLink
LogPluginManager: Mounting plugin OodleData
LogPluginManager: Mounting plugin CameraShakePreviewer
LogPluginManager: Mounting plugin GameplayCameras
LogPluginManager: Mounting plugin OodleNetwork
LogPluginManager: Mounting plugin AnimationSharing
LogPluginManager: Mounting plugin CodeLiteSourceCodeAccess
LogPluginManager: Mounting plugin CLionSourceCodeAccess
LogPluginManager: Mounting plugin PerforceSourceControl
LogPluginManager: Mounting plugin KDevelopSourceCodeAccess
LogPluginManager: Mounting plugin GitSourceControl
LogPluginManager: Mounting plugin NullSourceCodeAccess
LogPluginManager: Mounting plugin PixWinPlugin
LogPluginManager: Mounting plugin PluginUtils
LogPluginManager: Mounting plugin PlasticSourceControl
LogPluginManager: Mounting plugin SubversionSourceControl
LogPluginManager: Mounting plugin PropertyAccessNode
LogPluginManager: Mounting plugin RiderSourceCodeAccess
LogPluginManager: Mounting plugin TextureFormatOodle
LogPluginManager: Mounting plugin VisualStudioCodeSourceCodeAccess
LogPluginManager: Mounting plugin UObjectPlugin
LogPluginManager: Mounting plugin AutomationUtils
LogPluginManager: Mounting plugin VisualStudioSourceCodeAccess
LogPluginManager: Mounting plugin XCodeSourceCodeAccess
LogPluginManager: Mounting plugin AlembicImporter
LogPluginManager: Mounting plugin BackChannel
LogPluginManager: Mounting plugin ChaosNiagara
LogPluginManager: Mounting plugin ChaosSolverPlugin
LogPluginManager: Mounting plugin ChaosCloth
LogPluginManager: Mounting plugin ChaosEditor
LogPluginManager: Mounting plugin ChaosClothEditor
LogPluginManager: Mounting plugin CharacterAI
LogPluginManager: Mounting plugin GeometryCollectionPlugin
LogPluginManager: Mounting plugin GeometryCache
LogPluginManager: Mounting plugin GeometryProcessing
LogPluginManager: Mounting plugin MotoSynth
LogPluginManager: Mounting plugin OpenImageDenoise
LogPluginManager: Mounting plugin PythonScriptPlugin
LogPluginManager: Mounting plugin PlatformCrypto
LogPluginManager: Mounting plugin PlanarCut
LogPluginManager: Mounting plugin ProxyLODPlugin
LogPluginManager: Mounting plugin AssetManagerEditor
LogPluginManager: Mounting plugin Niagara
LogPluginManager: Mounting plugin DatasmithContent
LogPluginManager: Mounting plugin DataValidation
LogPluginManager: Mounting plugin CryptoKeys
LogPluginManager: Mounting plugin CurveEditorTools
LogPluginManager: Mounting plugin SkeletalReduction
LogPluginManager: Mounting plugin FacialAnimation
LogPluginManager: Mounting plugin GameplayTagsEditor
LogPluginManager: Mounting plugin GeometryMode
LogPluginManager: Mounting plugin MacGraphicsSwitching
LogPluginManager: Mounting plugin MobileLauncherProfileWizard
LogPluginManager: Mounting plugin PluginBrowser
LogPluginManager: Mounting plugin MaterialAnalyzer
LogPluginManager: Mounting plugin SpeedTreeImporter
LogPluginManager: Mounting plugin LuminPlatformFeatures
LogPluginManager: Mounting plugin MagicLeap
LogPluginManager: Mounting plugin MagicLeapMedia
LogPluginManager: Mounting plugin MagicLeapLightEstimation
LogPluginManager: Mounting plugin MagicLeapPassableWorld
LogPluginManager: Mounting plugin MLSDK
LogPluginManager: Mounting plugin AndroidMedia
LogPluginManager: Mounting plugin AvfMedia
LogPluginManager: Mounting plugin ImgMedia
LogPluginManager: Mounting plugin MediaCompositing
LogPluginManager: Mounting plugin VariantManagerContent
LogPluginManager: Mounting plugin MediaPlayerEditor
LogPluginManager: Mounting plugin WebMMedia
LogPluginManager: Mounting plugin WmfMedia
LogPluginManager: Mounting plugin TcpMessaging
LogPluginManager: Mounting plugin ActorSequence
LogPluginManager: Mounting plugin UdpMessaging
LogPluginManager: Mounting plugin MatineeToLevelSequence
LogPluginManager: Mounting plugin LevelSequenceEditor
LogPluginManager: Mounting plugin TemplateSequence
LogPluginManager: Mounting plugin LauncherChunkInstaller
LogPluginManager: Mounting plugin OnlineSubsystem
LogPluginManager: Mounting plugin OnlineSubsystemNull
LogPluginManager: Mounting plugin OnlineSubsystemUtils
LogPluginManager: Mounting plugin ActorLayerUtilities
LogPluginManager: Mounting plugin AndroidMoviePlayer
LogPluginManager: Mounting plugin AndroidDeviceProfileSelector
LogPluginManager: Mounting plugin AndroidPermission
LogPluginManager: Mounting plugin AppleImageUtils
LogPluginManager: Mounting plugin AppleMoviePlayer
LogPluginManager: Mounting plugin ArchVisCharacter
LogPluginManager: Mounting plugin CableComponent
LogPluginManager: Mounting plugin AssetTags
LogPluginManager: Mounting plugin AudioCapture
LogPluginManager: Mounting plugin AudioSynesthesia
LogPluginManager: Mounting plugin ChunkDownloader
LogPluginManager: Mounting plugin CustomMeshComponent
LogPluginManager: Mounting plugin EditableMesh
LogPluginManager: Mounting plugin ExampleDeviceProfileSelector
LogPluginManager: Mounting plugin GoogleCloudMessaging
LogPluginManager: Mounting plugin GooglePAD
LogPluginManager: Mounting plugin LinuxDeviceProfileSelector
LogPluginManager: Mounting plugin IOSDeviceProfileSelector
LogPluginManager: Mounting plugin LocationServicesBPLibrary
LogPluginManager: Mounting plugin MobilePatchingUtils
LogPluginManager: Mounting plugin OpenXR
LogPluginManager: Mounting plugin OpenXRHandTracking
LogPluginManager: Mounting plugin OpenXREyeTracker
LogPluginManager: Mounting plugin PostSplashScreen
LogPluginManager: Mounting plugin PhysXVehicles
LogPluginManager: Mounting plugin RuntimePhysXCooking
LogPluginManager: Mounting plugin PropertyAccessEditor
LogPluginManager: Mounting plugin ProceduralMeshComponent
LogPluginManager: Mounting plugin SignificanceManager
LogPluginManager: Mounting plugin SoundFields
LogPluginManager: Mounting plugin Synthesis
LogPluginManager: Mounting plugin WebMMoviePlayer
LogPluginManager: Mounting plugin WindowsMoviePlayer
LogPluginManager: Mounting plugin ScreenshotTools
LogPluginManager: Mounting plugin Takes
LogPluginManager: Mounting plugin ContentBrowserAssetDataSource
LogPluginManager: Mounting plugin ContentBrowserClassDataSource
LogPluginManager: Mounting plugin ContentBrowserFileDataSource
LogPluginManager: Mounting plugin OnlineSubsystemGooglePlay
LogPluginManager: Mounting plugin OnlineSubsystemIOS
LogPluginManager: Mounting plugin OculusVR
LogPluginManager: Mounting plugin SteamVR
PixWinPlugin: PIX capture plugin failed to initialize! Check that the process is launched from PIX.
LogInit: Using libcurl 7.55.1-DEV
LogInit:  - built for x86_64-pc-win32
LogInit:  - supports SSL with OpenSSL/1.1.1
LogInit:  - supports HTTP deflate (compression) using libz 1.2.8
LogInit:  - other features:
LogInit:      CURL_VERSION_SSL
LogInit:      CURL_VERSION_LIBZ
LogInit:      CURL_VERSION_IPV6
LogInit:      CURL_VERSION_ASYNCHDNS
LogInit:      CURL_VERSION_LARGEFILE
LogInit:      CURL_VERSION_IDN
LogInit:  CurlRequestOptions (configurable via config and command line):
LogInit:  - bVerifyPeer = true  - Libcurl will verify peer certificate
LogInit:  - bUseHttpProxy = false  - Libcurl will NOT use HTTP proxy
LogInit:  - bDontReuseConnections = false  - Libcurl will reuse connections
LogInit:  - MaxHostConnections = 16  - Libcurl will limit the number of connections to a host
LogInit:  - LocalHostAddr = Default
LogInit:  - BufferSize = 65536
LogOnline: OSS: Creating online subsystem instance for: NULL
LogInit: WinSock: version 1.1 (2.2), MaxSocks=32767, MaxUdp=65467
LogOnline: OSS: TryLoadSubsystemAndSetDefault: Loaded subsystem for module [NULL]
LogOculusPluginWrapper: OculusPlugin initialized successfully
LogHMD: Failed initializing OVRPlugin 1.59.0
LogInit: Build: ++UE4+Release-4.27-CL-18319896
LogInit: Engine Version: 4.27.2-18319896+++UE4+Release-4.27
LogInit: Compatible Engine Version: 4.27.0-17155196+++UE4+Release-4.27
LogInit: Net CL: 17155196
LogInit: OS: Windows 10 (Release 2009) (), CPU: AMD Ryzen 7 3700U with Radeon Vega Mobile Gfx  , GPU: AMD Radeon(TM) RX Vega 10 Graphics
LogInit: Compiled (64-bit): Nov 30 2021 07:12:08
LogInit: Compiled with Visual C++: 19.24.28315.00
LogInit: Build Configuration: Development
LogInit: Branch Name: ++UE4+Release-4.27
LogInit: Command Line:  -skipcompile
LogInit: Base Directory: C:/Program Files/Epic Games/UE_4.27/Engine/Binaries/Win64/
LogInit: Allocator: TBB
LogInit: Installed Engine Build: 1
LogDevObjectVersion: Number of dev versions registered: 29
LogDevObjectVersion:   Dev-Blueprints (B0D832E4-1F89-4F0D-ACCF-7EB736FD4AA2): 10
LogDevObjectVersion:   Dev-Build (E1C64328-A22C-4D53-A36C-8E866417BD8C): 0
LogDevObjectVersion:   Dev-Core (375EC13C-06E4-48FB-B500-84F0262A717E): 4
LogDevObjectVersion:   Dev-Editor (E4B068ED-F494-42E9-A231-DA0B2E46BB41): 40
LogDevObjectVersion:   Dev-Framework (CFFC743F-43B0-4480-9391-14DF171D2073): 37
LogDevObjectVersion:   Dev-Mobile (B02B49B5-BB20-44E9-A304-32B752E40360): 3
LogDevObjectVersion:   Dev-Networking (A4E4105C-59A1-49B5-A7C5-40C4547EDFEE): 0
LogDevObjectVersion:   Dev-Online (39C831C9-5AE6-47DC-9A44-9C173E1C8E7C): 0
LogDevObjectVersion:   Dev-Physics (78F01B33-EBEA-4F98-B9B4-84EACCB95AA2): 14
LogDevObjectVersion:   Dev-Platform (6631380F-2D4D-43E0-8009-CF276956A95A): 0
LogDevObjectVersion:   Dev-Rendering (12F88B9F-8875-4AFC-A67C-D90C383ABD29): 45
LogDevObjectVersion:   Dev-Sequencer (7B5AE74C-D270-4C10-A958-57980B212A5A): 13
LogDevObjectVersion:   Dev-VR (D7296918-1DD6-4BDD-9DE2-64A83CC13884): 3
LogDevObjectVersion:   Dev-LoadTimes (C2A15278-BFE7-4AFE-6C17-90FF531DF755): 1
LogDevObjectVersion:   Private-Geometry (6EACA3D4-40EC-4CC1-B786-8BED09428FC5): 3
LogDevObjectVersion:   Dev-AnimPhys (29E575DD-E0A3-4627-9D10-D276232CDCEA): 17
LogDevObjectVersion:   Dev-Anim (AF43A65D-7FD3-4947-9873-3E8ED9C1BB05): 15
LogDevObjectVersion:   Dev-ReflectionCapture (6B266CEC-1EC7-4B8F-A30B-E4D90942FC07): 1
LogDevObjectVersion:   Dev-Automation (0DF73D61-A23F-47EA-B727-89E90C41499A): 1
LogDevObjectVersion:   FortniteMain (601D1886-AC64-4F84-AA16-D3DE0DEAC7D6): 47
LogDevObjectVersion:   FortniteRelease (E7086368-6B23-4C58-8439-1B7016265E91): 1
LogDevObjectVersion:   Dev-Enterprise (9DFFBCD6-494F-0158-E221-12823C92A888): 10
LogDevObjectVersion:   Dev-Niagara (F2AED0AC-9AFE-416F-8664-AA7FFA26D6FC): 1
LogDevObjectVersion:   Dev-Destruction (174F1F0B-B4C6-45A5-B13F-2EE8D0FB917D): 10
LogDevObjectVersion:   Dev-Physics-Ext (35F94A83-E258-406C-A318-09F59610247C): 41
LogDevObjectVersion:   Dev-PhysicsMaterial-Chaos (B68FC16E-8B1B-42E2-B453-215C058844FE): 1
LogDevObjectVersion:   Dev-CineCamera (B2E18506-4273-CFC2-A54E-F4BB758BBA07): 1
LogDevObjectVersion:   Dev-VirtualProduction (64F58936-FD1B-42BA-BA96-7289D5D0FA4E): 1
LogDevObjectVersion:   Dev-MediaFramework (6F0ED827-A609-4895-9C91-998D90180EA4): 2
LogInit: Presizing for max 25165824 objects, including 0 objects not considered by GC, pre-allocating 0 bytes for permanent pool.
LogConfig: Applying CVar settings from Section [/Script/Engine.StreamingSettings] File [C:/Users/malik/OneDrive/Desktop/Software Engineering Capstone/Cstone/Aidan/Aidan/Saved/Config/Windows/Engine.ini]
LogConfig: Setting CVar [[s.MinBulkDataSizeForAsyncLoading:131072]]
LogConfig: Setting CVar [[s.AsyncLoadingThreadEnabled:0]]
LogConfig: Setting CVar [[s.EventDrivenLoaderEnabled:1]]
LogConfig: Setting CVar [[s.WarnIfTimeLimitExceeded:0]]
LogConfig: Setting CVar [[s.TimeLimitExceededMultiplier:1.5]]
LogConfig: Setting CVar [[s.TimeLimitExceededMinTime:0.005]]
LogConfig: Setting CVar [[s.UseBackgroundLevelStreaming:1]]
LogConfig: Setting CVar [[s.PriorityAsyncLoadingExtraTime:15.0]]
LogConfig: Setting CVar [[s.LevelStreamingActorsUpdateTimeLimit:5.0]]
LogConfig: Setting CVar [[s.PriorityLevelStreamingActorsUpdateExtraTime:5.0]]
LogConfig: Setting CVar [[s.LevelStreamingComponentsRegistrationGranularity:10]]
LogConfig: Setting CVar [[s.UnregisterComponentsTimeLimit:1.0]]
LogConfig: Setting CVar [[s.LevelStreamingComponentsUnregistrationGranularity:5]]
LogConfig: Setting CVar [[s.FlushStreamingOnExit:1]]
LogInit: Object subsystem initialized
LogConfig: Setting CVar [[con.DebugEarlyDefault:1]]
LogConfig: Setting CVar [[r.setres:1280x720]]
[2022.03.19-15.57.59:451][  0]LogConfig: Setting CVar [[r.VSync:0]]
[2022.03.19-15.57.59:451][  0]LogConfig: Setting CVar [[r.RHICmdBypass:0]]
[2022.03.19-15.57.59:451][  0]LogConfig: Applying CVar settings from Section [/Script/Engine.RendererSettings] File [C:/Users/malik/OneDrive/Desktop/Software Engineering Capstone/Cstone/Aidan/Aidan/Saved/Config/Windows/Engine.ini]
[2022.03.19-15.57.59:451][  0]LogConfig: Setting CVar [[r.GPUCrashDebugging:0]]
[2022.03.19-15.57.59:451][  0]LogConfig: Applying CVar settings from Section [/Script/Engine.RendererOverrideSettings] File [C:/Users/malik/OneDrive/Desktop/Software Engineering Capstone/Cstone/Aidan/Aidan/Saved/Config/Windows/Engine.ini]
[2022.03.19-15.57.59:452][  0]LogConfig: Applying CVar settings from Section [/Script/Engine.StreamingSettings] File [C:/Users/malik/OneDrive/Desktop/Software Engineering Capstone/Cstone/Aidan/Aidan/Saved/Config/Windows/Engine.ini]
[2022.03.19-15.57.59:452][  0]LogConfig: Setting CVar [[s.MinBulkDataSizeForAsyncLoading:131072]]
[2022.03.19-15.57.59:452][  0]LogConfig: Setting CVar [[s.AsyncLoadingThreadEnabled:0]]
[2022.03.19-15.57.59:452][  0]LogConfig: Setting CVar [[s.EventDrivenLoaderEnabled:1]]
[2022.03.19-15.57.59:452][  0]LogConfig: Setting CVar [[s.WarnIfTimeLimitExceeded:0]]
[2022.03.19-15.57.59:452][  0]LogConfig: Setting CVar [[s.TimeLimitExceededMultiplier:1.5]]
[2022.03.19-15.57.59:452][  0]LogConfig: Setting CVar [[s.TimeLimitExceededMinTime:0.005]]
[2022.03.19-15.57.59:452][  0]LogConfig: Setting CVar [[s.UseBackgroundLevelStreaming:1]]
[2022.03.19-15.57.59:452][  0]LogConfig: Setting CVar [[s.PriorityAsyncLoadingExtraTime:15.0]]
[2022.03.19-15.57.59:452][  0]LogConfig: Setting CVar [[s.LevelStreamingActorsUpdateTimeLimit:5.0]]
[2022.03.19-15.57.59:452][  0]LogConfig: Setting CVar [[s.PriorityLevelStreamingActorsUpdateExtraTime:5.0]]
[2022.03.19-15.57.59:453][  0]LogConfig: Setting CVar [[s.LevelStreamingComponentsRegistrationGranularity:10]]
[2022.03.19-15.57.59:453][  0]LogConfig: Setting CVar [[s.UnregisterComponentsTimeLimit:1.0]]
[2022.03.19-15.57.59:453][  0]LogConfig: Setting CVar [[s.LevelStreamingComponentsUnregistrationGranularity:5]]
[2022.03.19-15.57.59:453][  0]LogConfig: Setting CVar [[s.FlushStreamingOnExit:1]]
[2022.03.19-15.57.59:453][  0]LogConfig: Applying CVar settings from Section [/Script/Engine.GarbageCollectionSettings] File [C:/Users/malik/OneDrive/Desktop/Software Engineering Capstone/Cstone/Aidan/Aidan/Saved/Config/Windows/Engine.ini]
[2022.03.19-15.57.59:453][  0]LogConfig: Setting CVar [[gc.MaxObjectsNotConsideredByGC:1]]
[2022.03.19-15.57.59:453][  0]LogConfig: Setting CVar [[gc.SizeOfPermanentObjectPool:0]]
[2022.03.19-15.57.59:453][  0]LogConfig: Setting CVar [[gc.FlushStreamingOnGC:0]]
[2022.03.19-15.57.59:453][  0]LogConfig: Setting CVar [[gc.NumRetriesBeforeForcingGC:10]]
[2022.03.19-15.57.59:454][  0]LogConfig: Setting CVar [[gc.AllowParallelGC:1]]
[2022.03.19-15.57.59:454][  0]LogConfig: Setting CVar [[gc.TimeBetweenPurgingPendingKillObjects:61.1]]
[2022.03.19-15.57.59:454][  0]LogConfig: Setting CVar [[gc.MaxObjectsInEditor:25165824]]
[2022.03.19-15.57.59:454][  0]LogConfig: Setting CVar [[gc.IncrementalBeginDestroyEnabled:1]]
[2022.03.19-15.57.59:454][  0]LogConfig: Setting CVar [[gc.CreateGCClusters:1]]
[2022.03.19-15.57.59:454][  0]LogConfig: Setting CVar [[gc.MinGCClusterSize:5]]
[2022.03.19-15.57.59:454][  0]LogConfig: Setting CVar [[gc.ActorClusteringEnabled:0]]
[2022.03.19-15.57.59:454][  0]LogConfig: Setting CVar [[gc.BlueprintClusteringEnabled:0]]
[2022.03.19-15.57.59:454][  0]LogConfig: Setting CVar [[gc.UseDisregardForGCOnDedicatedServers:0]]
[2022.03.19-15.57.59:454][  0]LogConfig: Setting CVar [[gc.MultithreadedDestructionEnabled:1]]
[2022.03.19-15.57.59:454][  0]LogConfig: Applying CVar settings from Section [/Script/Engine.NetworkSettings] File [C:/Users/malik/OneDrive/Desktop/Software Engineering Capstone/Cstone/Aidan/Aidan/Saved/Config/Windows/Engine.ini]
[2022.03.19-15.57.59:455][  0]LogConfig: Applying CVar settings from Section [/Script/UnrealEd.CookerSettings] File [C:/Users/malik/OneDrive/Desktop/Software Engineering Capstone/Cstone/Aidan/Aidan/Saved/Config/Windows/Engine.ini]
[2022.03.19-15.57.59:489][  0]LogConfig: Applying CVar settings from Section [ViewDistanceQuality@3] File [C:/Users/malik/OneDrive/Desktop/Software Engineering Capstone/Cstone/Aidan/Aidan/Saved/Config/Windows/Scalability.ini]
[2022.03.19-15.57.59:489][  0]LogConfig: Setting CVar [[r.SkeletalMeshLODBias:0]]
[2022.03.19-15.57.59:489][  0]LogConfig: Setting CVar [[r.ViewDistanceScale:1.0]]
[2022.03.19-15.57.59:489][  0]LogConfig: Applying CVar settings from Section [AntiAliasingQuality@3] File [C:/Users/malik/OneDrive/Desktop/Software Engineering Capstone/Cstone/Aidan/Aidan/Saved/Config/Windows/Scalability.ini]
[2022.03.19-15.57.59:489][  0]LogConfig: Setting CVar [[r.PostProcessAAQuality:4]]
[2022.03.19-15.57.59:489][  0]LogConfig: Applying CVar settings from Section [ShadowQuality@3] File [C:/Users/malik/OneDrive/Desktop/Software Engineering Capstone/Cstone/Aidan/Aidan/Saved/Config/Windows/Scalability.ini]
[2022.03.19-15.57.59:489][  0]LogConfig: Setting CVar [[r.LightFunctionQuality:1]]
[2022.03.19-15.57.59:490][  0]LogConfig: Setting CVar [[r.ShadowQuality:5]]
[2022.03.19-15.57.59:490][  0]LogConfig: Setting CVar [[r.Shadow.CSM.MaxCascades:10]]
[2022.03.19-15.57.59:490][  0]LogConfig: Setting CVar [[r.Shadow.MaxResolution:2048]]
[2022.03.19-15.57.59:490][  0]LogConfig: Setting CVar [[r.Shadow.MaxCSMResolution:2048]]
[2022.03.19-15.57.59:490][  0]LogConfig: Setting CVar [[r.Shadow.RadiusThreshold:0.01]]
[2022.03.19-15.57.59:490][  0]LogConfig: Setting CVar [[r.Shadow.DistanceScale:1.0]]
[2022.03.19-15.57.59:490][  0]LogConfig: Setting CVar [[r.Shadow.CSM.TransitionScale:1.0]]
[2022.03.19-15.57.59:490][  0]LogConfig: Setting CVar [[r.Shadow.PreShadowResolutionFactor:1.0]]
[2022.03.19-15.57.59:491][  0]LogConfig: Setting CVar [[r.DistanceFieldShadowing:1]]
[2022.03.19-15.57.59:491][  0]LogConfig: Setting CVar [[r.DistanceFieldAO:1]]
[2022.03.19-15.57.59:491][  0]LogConfig: Setting CVar [[r.AOQuality:2]]
[2022.03.19-15.57.59:491][  0]LogConfig: Setting CVar [[r.VolumetricFog:1]]
[2022.03.19-15.57.59:491][  0]LogConfig: Setting CVar [[r.VolumetricFog.GridPixelSize:8]]
[2022.03.19-15.57.59:491][  0]LogConfig: Setting CVar [[r.VolumetricFog.GridSizeZ:128]]
[2022.03.19-15.57.59:491][  0]LogConfig: Setting CVar [[r.VolumetricFog.HistoryMissSupersampleCount:4]]
[2022.03.19-15.57.59:491][  0]LogConfig: Setting CVar [[r.LightMaxDrawDistanceScale:1]]
[2022.03.19-15.57.59:492][  0]LogConfig: Setting CVar [[r.CapsuleShadows:1]]
[2022.03.19-15.57.59:492][  0]LogConfig: Applying CVar settings from Section [PostProcessQuality@3] File [C:/Users/malik/OneDrive/Desktop/Software Engineering Capstone/Cstone/Aidan/Aidan/Saved/Config/Windows/Scalability.ini]
[2022.03.19-15.57.59:492][  0]LogConfig: Setting CVar [[r.MotionBlurQuality:4]]
[2022.03.19-15.57.59:492][  0]LogConfig: Setting CVar [[r.AmbientOcclusionMipLevelFactor:0.4]]
[2022.03.19-15.57.59:492][  0]LogConfig: Setting CVar [[r.AmbientOcclusionMaxQuality:100]]
[2022.03.19-15.57.59:492][  0]LogConfig: Setting CVar [[r.AmbientOcclusionLevels:-1]]
[2022.03.19-15.57.59:492][  0]LogConfig: Setting CVar [[r.AmbientOcclusionRadiusScale:1.0]]
[2022.03.19-15.57.59:492][  0]LogConfig: Setting CVar [[r.DepthOfFieldQuality:2]]
[2022.03.19-15.57.59:493][  0]LogConfig: Setting CVar [[r.RenderTargetPoolMin:400]]
[2022.03.19-15.57.59:493][  0]LogConfig: Setting CVar [[r.LensFlareQuality:2]]
[2022.03.19-15.57.59:493][  0]LogConfig: Setting CVar [[r.SceneColorFringeQuality:1]]
[2022.03.19-15.57.59:493][  0]LogConfig: Setting CVar [[r.EyeAdaptationQuality:2]]
[2022.03.19-15.57.59:493][  0]LogConfig: Setting CVar [[r.BloomQuality:5]]
[2022.03.19-15.57.59:493][  0]LogConfig: Setting CVar [[r.FastBlurThreshold:100]]
[2022.03.19-15.57.59:493][  0]LogConfig: Setting CVar [[r.Upscale.Quality:3]]
[2022.03.19-15.57.59:493][  0]LogConfig: Setting CVar [[r.Tonemapper.GrainQuantization:1]]
[2022.03.19-15.57.59:493][  0]LogConfig: Setting CVar [[r.LightShaftQuality:1]]
[2022.03.19-15.57.59:493][  0]LogConfig: Setting CVar [[r.Filter.SizeScale:1]]
[2022.03.19-15.57.59:494][  0]LogConfig: Setting CVar [[r.Tonemapper.Quality:5]]
[2022.03.19-15.57.59:494][  0]LogConfig: Setting CVar [[r.DOF.Gather.AccumulatorQuality:1        ; higher gathering accumulator quality]]
[2022.03.19-15.57.59:494][  0]LogConfig: Setting CVar [[r.DOF.Gather.PostfilterMethod:1          ; Median3x3 postfilering method]]
[2022.03.19-15.57.59:494][  0]LogConfig: Setting CVar [[r.DOF.Gather.EnableBokehSettings:0       ; no bokeh simulation when gathering]]
[2022.03.19-15.57.59:494][  0]LogConfig: Setting CVar [[r.DOF.Gather.RingCount:4                 ; medium number of samples when gathering]]
[2022.03.19-15.57.59:494][  0]LogConfig: Setting CVar [[r.DOF.Scatter.ForegroundCompositing:1    ; additive foreground scattering]]
[2022.03.19-15.57.59:494][  0]LogConfig: Setting CVar [[r.DOF.Scatter.BackgroundCompositing:2    ; additive background scattering]]
[2022.03.19-15.57.59:494][  0]LogConfig: Setting CVar [[r.DOF.Scatter.EnableBokehSettings:1      ; bokeh simulation when scattering]]
[2022.03.19-15.57.59:495][  0]LogConfig: Setting CVar [[r.DOF.Scatter.MaxSpriteRatio:0.1         ; only a maximum of 10% of scattered bokeh]]
[2022.03.19-15.57.59:495][  0]LogConfig: Setting CVar [[r.DOF.Recombine.Quality:1                ; cheap slight out of focus]]
[2022.03.19-15.57.59:495][  0]LogConfig: Setting CVar [[r.DOF.Recombine.EnableBokehSettings:0    ; no bokeh simulation on slight out of focus]]
[2022.03.19-15.57.59:495][  0]LogConfig: Setting CVar [[r.DOF.TemporalAAQuality:1                ; more stable temporal accumulation]]
[2022.03.19-15.57.59:495][  0]LogConfig: Setting CVar [[r.DOF.Kernel.MaxForegroundRadius:0.025]]
[2022.03.19-15.57.59:495][  0]LogConfig: Setting CVar [[r.DOF.Kernel.MaxBackgroundRadius:0.025]]
[2022.03.19-15.57.59:495][  0]LogConfig: Applying CVar settings from Section [TextureQuality@3] File [C:/Users/malik/OneDrive/Desktop/Software Engineering Capstone/Cstone/Aidan/Aidan/Saved/Config/Windows/Scalability.ini]
[2022.03.19-15.57.59:495][  0]LogConfig: Setting CVar [[r.Streaming.MipBias:0]]
[2022.03.19-15.57.59:495][  0]LogConfig: Setting CVar [[r.Streaming.AmortizeCPUToGPUCopy:0]]
[2022.03.19-15.57.59:496][  0]LogConfig: Setting CVar [[r.Streaming.MaxNumTexturesToStreamPerFrame:0]]
[2022.03.19-15.57.59:496][  0]LogConfig: Setting CVar [[r.Streaming.Boost:1]]
[2022.03.19-15.57.59:496][  0]LogConfig: Setting CVar [[r.MaxAnisotropy:8]]
[2022.03.19-15.57.59:496][  0]LogConfig: Setting CVar [[r.VT.MaxAnisotropy:8]]
[2022.03.19-15.57.59:496][  0]LogConfig: Setting CVar [[r.Streaming.LimitPoolSizeToVRAM:0]]
[2022.03.19-15.57.59:496][  0]LogConfig: Setting CVar [[r.Streaming.PoolSize:1000]]
[2022.03.19-15.57.59:496][  0]LogConfig: Setting CVar [[r.Streaming.MaxEffectiveScreenSize:0]]
[2022.03.19-15.57.59:497][  0]LogConfig: Applying CVar settings from Section [EffectsQuality@3] File [C:/Users/malik/OneDrive/Desktop/Software Engineering Capstone/Cstone/Aidan/Aidan/Saved/Config/Windows/Scalability.ini]
[2022.03.19-15.57.59:497][  0]LogConfig: Setting CVar [[r.TranslucencyLightingVolumeDim:64]]
[2022.03.19-15.57.59:497][  0]LogConfig: Setting CVar [[r.RefractionQuality:2]]
[2022.03.19-15.57.59:497][  0]LogConfig: Setting CVar [[r.SSR.Quality:3]]
[2022.03.19-15.57.59:497][  0]LogConfig: Setting CVar [[r.SSR.HalfResSceneColor:0]]
[2022.03.19-15.57.59:497][  0]LogConfig: Setting CVar [[r.SceneColorFormat:4]]
[2022.03.19-15.57.59:497][  0]LogConfig: Setting CVar [[r.DetailMode:2]]
[2022.03.19-15.57.59:498][  0]LogConfig: Setting CVar [[r.TranslucencyVolumeBlur:1]]
[2022.03.19-15.57.59:498][  0]LogConfig: Setting CVar [[r.MaterialQualityLevel:1 ; High quality]]
[2022.03.19-15.57.59:498][  0]LogConfig: Setting CVar [[r.AnisotropicMaterials:1]]
[2022.03.19-15.57.59:498][  0]LogConfig: Setting CVar [[r.SSS.Scale:1]]
[2022.03.19-15.57.59:498][  0]LogConfig: Setting CVar [[r.SSS.SampleSet:2]]
[2022.03.19-15.57.59:498][  0]LogConfig: Setting CVar [[r.SSS.Quality:1]]
[2022.03.19-15.57.59:498][  0]LogConfig: Setting CVar [[r.SSS.HalfRes:0]]
[2022.03.19-15.57.59:498][  0]LogConfig: Setting CVar [[r.SSGI.Quality:3]]
[2022.03.19-15.57.59:498][  0]LogConfig: Setting CVar [[r.EmitterSpawnRateScale:1.0]]
[2022.03.19-15.57.59:498][  0]LogConfig: Setting CVar [[r.ParticleLightQuality:2]]
[2022.03.19-15.57.59:499][  0]LogConfig: Setting CVar [[r.SkyAtmosphere.AerialPerspectiveLUT.FastApplyOnOpaque:1 ; Always have FastSkyLUT 1 in this case to avoid wrong sky]]
[2022.03.19-15.57.59:499][  0]LogConfig: Setting CVar [[r.SkyAtmosphere.AerialPerspectiveLUT.SampleCountMaxPerSlice:4]]
[2022.03.19-15.57.59:499][  0]LogConfig: Setting CVar [[r.SkyAtmosphere.AerialPerspectiveLUT.DepthResolution:16.0]]
[2022.03.19-15.57.59:499][  0]LogConfig: Setting CVar [[r.SkyAtmosphere.FastSkyLUT:1]]
[2022.03.19-15.57.59:499][  0]LogConfig: Setting CVar [[r.SkyAtmosphere.FastSkyLUT.SampleCountMin:4.0]]
[2022.03.19-15.57.59:499][  0]LogConfig: Setting CVar [[r.SkyAtmosphere.FastSkyLUT.SampleCountMax:128.0]]
[2022.03.19-15.57.59:499][  0]LogConfig: Setting CVar [[r.SkyAtmosphere.SampleCountMin:4.0]]
[2022.03.19-15.57.59:499][  0]LogConfig: Setting CVar [[r.SkyAtmosphere.SampleCountMax:128.0]]
[2022.03.19-15.57.59:499][  0]LogConfig: Setting CVar [[r.SkyAtmosphere.TransmittanceLUT.UseSmallFormat:0]]
[2022.03.19-15.57.59:500][  0]LogConfig: Setting CVar [[r.SkyAtmosphere.TransmittanceLUT.SampleCount:10.0]]
[2022.03.19-15.57.59:500][  0]LogConfig: Setting CVar [[r.SkyAtmosphere.MultiScatteringLUT.SampleCount:15.0]]
[2022.03.19-15.57.59:500][  0]LogConfig: Setting CVar [[r.SkyLight.RealTimeReflectionCapture:1]]
[2022.03.19-15.57.59:500][  0]LogConfig: Applying CVar settings from Section [FoliageQuality@3] File [C:/Users/malik/OneDrive/Desktop/Software Engineering Capstone/Cstone/Aidan/Aidan/Saved/Config/Windows/Scalability.ini]
[2022.03.19-15.57.59:500][  0]LogConfig: Setting CVar [[foliage.DensityScale:1.0]]
[2022.03.19-15.57.59:500][  0]LogConfig: Setting CVar [[grass.DensityScale:1.0]]
[2022.03.19-15.57.59:500][  0]LogConfig: Applying CVar settings from Section [ShadingQuality@3] File [C:/Users/malik/OneDrive/Desktop/Software Engineering Capstone/Cstone/Aidan/Aidan/Saved/Config/Windows/Scalability.ini]
[2022.03.19-15.57.59:501][  0]LogConfig: Setting CVar [[r.HairStrands.SkyLighting.IntegrationType:2]]
[2022.03.19-15.57.59:501][  0]LogConfig: Setting CVar [[r.HairStrands.SkyAO.SampleCount:4]]
[2022.03.19-15.57.59:501][  0]LogConfig: Setting CVar [[r.HairStrands.Visibility.MSAA.SamplePerPixel:4]]
[2022.03.19-15.57.59:501][  0]LogInit: Selected Device Profile: [Windows]
[2022.03.19-15.57.59:501][  0]LogInit: Applying CVar settings loaded from the selected device profile: [Windows]
[2022.03.19-15.57.59:501][  0]LogHAL: Display: Platform has ~ 10 GB [10672975872 / 17179869184 / 10], which maps to Default [LargestMinGB=32, LargerMinGB=12, DefaultMinGB=8, SmallerMinGB=6, SmallestMinGB=0)
[2022.03.19-15.57.59:502][  0]LogInit: Going up to parent DeviceProfile []
[2022.03.19-15.57.59:502][  0]LogConfig: Applying CVar settings from Section [ViewDistanceQuality@3] File [C:/Users/malik/OneDrive/Desktop/Software Engineering Capstone/Cstone/Aidan/Aidan/Saved/Config/Windows/Scalability.ini]
[2022.03.19-15.57.59:502][  0]LogConfig: Setting CVar [[r.SkeletalMeshLODBias:0]]
[2022.03.19-15.57.59:502][  0]LogConfig: Setting CVar [[r.ViewDistanceScale:1.0]]
[2022.03.19-15.57.59:502][  0]LogConfig: Applying CVar settings from Section [AntiAliasingQuality@3] File [C:/Users/malik/OneDrive/Desktop/Software Engineering Capstone/Cstone/Aidan/Aidan/Saved/Config/Windows/Scalability.ini]
[2022.03.19-15.57.59:502][  0]LogConfig: Setting CVar [[r.PostProcessAAQuality:4]]
[2022.03.19-15.57.59:503][  0]LogConfig: Applying CVar settings from Section [ShadowQuality@3] File [C:/Users/malik/OneDrive/Desktop/Software Engineering Capstone/Cstone/Aidan/Aidan/Saved/Config/Windows/Scalability.ini]
[2022.03.19-15.57.59:503][  0]LogConfig: Setting CVar [[r.LightFunctionQuality:1]]
[2022.03.19-15.57.59:503][  0]LogConfig: Setting CVar [[r.ShadowQuality:5]]
[2022.03.19-15.57.59:503][  0]LogConfig: Setting CVar [[r.Shadow.CSM.MaxCascades:10]]
[2022.03.19-15.57.59:503][  0]LogConfig: Setting CVar [[r.Shadow.MaxResolution:2048]]
[2022.03.19-15.57.59:503][  0]LogConfig: Setting CVar [[r.Shadow.MaxCSMResolution:2048]]
[2022.03.19-15.57.59:503][  0]LogConfig: Setting CVar [[r.Shadow.RadiusThreshold:0.01]]
[2022.03.19-15.57.59:503][  0]LogConfig: Setting CVar [[r.Shadow.DistanceScale:1.0]]
[2022.03.19-15.57.59:503][  0]LogConfig: Setting CVar [[r.Shadow.CSM.TransitionScale:1.0]]
[2022.03.19-15.57.59:504][  0]LogConfig: Setting CVar [[r.Shadow.PreShadowResolutionFactor:1.0]]
[2022.03.19-15.57.59:504][  0]LogConfig: Setting CVar [[r.DistanceFieldShadowing:1]]
[2022.03.19-15.57.59:504][  0]LogConfig: Setting CVar [[r.DistanceFieldAO:1]]
[2022.03.19-15.57.59:504][  0]LogConfig: Setting CVar [[r.AOQuality:2]]
[2022.03.19-15.57.59:504][  0]LogConfig: Setting CVar [[r.VolumetricFog:1]]
[2022.03.19-15.57.59:504][  0]LogConfig: Setting CVar [[r.VolumetricFog.GridPixelSize:8]]
[2022.03.19-15.57.59:504][  0]LogConfig: Setting CVar [[r.VolumetricFog.GridSizeZ:128]]
[2022.03.19-15.57.59:504][  0]LogConfig: Setting CVar [[r.VolumetricFog.HistoryMissSupersampleCount:4]]
[2022.03.19-15.57.59:505][  0]LogConfig: Setting CVar [[r.LightMaxDrawDistanceScale:1]]
[2022.03.19-15.57.59:505][  0]LogConfig: Setting CVar [[r.CapsuleShadows:1]]
[2022.03.19-15.57.59:505][  0]LogConfig: Applying CVar settings from Section [PostProcessQuality@3] File [C:/Users/malik/OneDrive/Desktop/Software Engineering Capstone/Cstone/Aidan/Aidan/Saved/Config/Windows/Scalability.ini]
[2022.03.19-15.57.59:505][  0]LogConfig: Setting CVar [[r.MotionBlurQuality:4]]
[2022.03.19-15.57.59:505][  0]LogConfig: Setting CVar [[r.AmbientOcclusionMipLevelFactor:0.4]]
[2022.03.19-15.57.59:505][  0]LogConfig: Setting CVar [[r.AmbientOcclusionMaxQuality:100]]
[2022.03.19-15.57.59:505][  0]LogConfig: Setting CVar [[r.AmbientOcclusionLevels:-1]]
[2022.03.19-15.57.59:505][  0]LogConfig: Setting CVar [[r.AmbientOcclusionRadiusScale:1.0]]
[2022.03.19-15.57.59:506][  0]LogConfig: Setting CVar [[r.DepthOfFieldQuality:2]]
[2022.03.19-15.57.59:506][  0]LogConfig: Setting CVar [[r.RenderTargetPoolMin:400]]
[2022.03.19-15.57.59:506][  0]LogConfig: Setting CVar [[r.LensFlareQuality:2]]
[2022.03.19-15.57.59:506][  0]LogConfig: Setting CVar [[r.SceneColorFringeQuality:1]]
[2022.03.19-15.57.59:506][  0]LogConfig: Setting CVar [[r.EyeAdaptationQuality:2]]
[2022.03.19-15.57.59:506][  0]LogConfig: Setting CVar [[r.BloomQuality:5]]
[2022.03.19-15.57.59:506][  0]LogConfig: Setting CVar [[r.FastBlurThreshold:100]]
[2022.03.19-15.57.59:506][  0]LogConfig: Setting CVar [[r.Upscale.Quality:3]]
[2022.03.19-15.57.59:506][  0]LogConfig: Setting CVar [[r.Tonemapper.GrainQuantization:1]]
[2022.03.19-15.57.59:507][  0]LogConfig: Setting CVar [[r.LightShaftQuality:1]]
[2022.03.19-15.57.59:507][  0]LogConfig: Setting CVar [[r.Filter.SizeScale:1]]
[2022.03.19-15.57.59:507][  0]LogConfig: Setting CVar [[r.Tonemapper.Quality:5]]
[2022.03.19-15.57.59:507][  0]LogConfig: Setting CVar [[r.DOF.Gather.AccumulatorQuality:1        ; higher gathering accumulator quality]]
[2022.03.19-15.57.59:507][  0]LogConfig: Setting CVar [[r.DOF.Gather.PostfilterMethod:1          ; Median3x3 postfilering method]]
[2022.03.19-15.57.59:507][  0]LogConfig: Setting CVar [[r.DOF.Gather.EnableBokehSettings:0       ; no bokeh simulation when gathering]]
[2022.03.19-15.57.59:507][  0]LogConfig: Setting CVar [[r.DOF.Gather.RingCount:4                 ; medium number of samples when gathering]]
[2022.03.19-15.57.59:507][  0]LogConfig: Setting CVar [[r.DOF.Scatter.ForegroundCompositing:1    ; additive foreground scattering]]
[2022.03.19-15.57.59:508][  0]LogConfig: Setting CVar [[r.DOF.Scatter.BackgroundCompositing:2    ; additive background scattering]]
[2022.03.19-15.57.59:508][  0]LogConfig: Setting CVar [[r.DOF.Scatter.EnableBokehSettings:1      ; bokeh simulation when scattering]]
[2022.03.19-15.57.59:508][  0]LogConfig: Setting CVar [[r.DOF.Scatter.MaxSpriteRatio:0.1         ; only a maximum of 10% of scattered bokeh]]
[2022.03.19-15.57.59:508][  0]LogConfig: Setting CVar [[r.DOF.Recombine.Quality:1                ; cheap slight out of focus]]
[2022.03.19-15.57.59:508][  0]LogConfig: Setting CVar [[r.DOF.Recombine.EnableBokehSettings:0    ; no bokeh simulation on slight out of focus]]
[2022.03.19-15.57.59:508][  0]LogConfig: Setting CVar [[r.DOF.TemporalAAQuality:1                ; more stable temporal accumulation]]
[2022.03.19-15.57.59:508][  0]LogConfig: Setting CVar [[r.DOF.Kernel.MaxForegroundRadius:0.025]]
[2022.03.19-15.57.59:508][  0]LogConfig: Setting CVar [[r.DOF.Kernel.MaxBackgroundRadius:0.025]]
[2022.03.19-15.57.59:508][  0]LogConfig: Applying CVar settings from Section [TextureQuality@3] File [C:/Users/malik/OneDrive/Desktop/Software Engineering Capstone/Cstone/Aidan/Aidan/Saved/Config/Windows/Scalability.ini]
[2022.03.19-15.57.59:509][  0]LogConfig: Setting CVar [[r.Streaming.MipBias:0]]
[2022.03.19-15.57.59:509][  0]LogConfig: Setting CVar [[r.Streaming.AmortizeCPUToGPUCopy:0]]
[2022.03.19-15.57.59:509][  0]LogConfig: Setting CVar [[r.Streaming.MaxNumTexturesToStreamPerFrame:0]]
[2022.03.19-15.57.59:509][  0]LogConfig: Setting CVar [[r.Streaming.Boost:1]]
[2022.03.19-15.57.59:509][  0]LogConfig: Setting CVar [[r.MaxAnisotropy:8]]
[2022.03.19-15.57.59:509][  0]LogConfig: Setting CVar [[r.VT.MaxAnisotropy:8]]
[2022.03.19-15.57.59:509][  0]LogConfig: Setting CVar [[r.Streaming.LimitPoolSizeToVRAM:0]]
[2022.03.19-15.57.59:509][  0]LogConfig: Setting CVar [[r.Streaming.PoolSize:1000]]
[2022.03.19-15.57.59:509][  0]LogConfig: Setting CVar [[r.Streaming.MaxEffectiveScreenSize:0]]
[2022.03.19-15.57.59:510][  0]LogConfig: Applying CVar settings from Section [EffectsQuality@3] File [C:/Users/malik/OneDrive/Desktop/Software Engineering Capstone/Cstone/Aidan/Aidan/Saved/Config/Windows/Scalability.ini]
[2022.03.19-15.57.59:510][  0]LogConfig: Setting CVar [[r.TranslucencyLightingVolumeDim:64]]
[2022.03.19-15.57.59:510][  0]LogConfig: Setting CVar [[r.RefractionQuality:2]]
[2022.03.19-15.57.59:510][  0]LogConfig: Setting CVar [[r.SSR.Quality:3]]
[2022.03.19-15.57.59:510][  0]LogConfig: Setting CVar [[r.SSR.HalfResSceneColor:0]]
[2022.03.19-15.57.59:510][  0]LogConfig: Setting CVar [[r.SceneColorFormat:4]]
[2022.03.19-15.57.59:510][  0]LogConfig: Setting CVar [[r.DetailMode:2]]
[2022.03.19-15.57.59:510][  0]LogConfig: Setting CVar [[r.TranslucencyVolumeBlur:1]]
[2022.03.19-15.57.59:510][  0]LogConfig: Setting CVar [[r.MaterialQualityLevel:1 ; High quality]]
[2022.03.19-15.57.59:511][  0]LogConfig: Setting CVar [[r.AnisotropicMaterials:1]]
[2022.03.19-15.57.59:511][  0]LogConfig: Setting CVar [[r.SSS.Scale:1]]
[2022.03.19-15.57.59:511][  0]LogConfig: Setting CVar [[r.SSS.SampleSet:2]]
[2022.03.19-15.57.59:511][  0]LogConfig: Setting CVar [[r.SSS.Quality:1]]
[2022.03.19-15.57.59:511][  0]LogConfig: Setting CVar [[r.SSS.HalfRes:0]]
[2022.03.19-15.57.59:511][  0]LogConfig: Setting CVar [[r.SSGI.Quality:3]]
[2022.03.19-15.57.59:511][  0]LogConfig: Setting CVar [[r.EmitterSpawnRateScale:1.0]]
[2022.03.19-15.57.59:511][  0]LogConfig: Setting CVar [[r.ParticleLightQuality:2]]
[2022.03.19-15.57.59:511][  0]LogConfig: Setting CVar [[r.SkyAtmosphere.AerialPerspectiveLUT.FastApplyOnOpaque:1 ; Always have FastSkyLUT 1 in this case to avoid wrong sky]]
[2022.03.19-15.57.59:512][  0]LogConfig: Setting CVar [[r.SkyAtmosphere.AerialPerspectiveLUT.SampleCountMaxPerSlice:4]]
[2022.03.19-15.57.59:512][  0]LogConfig: Setting CVar [[r.SkyAtmosphere.AerialPerspectiveLUT.DepthResolution:16.0]]
[2022.03.19-15.57.59:512][  0]LogConfig: Setting CVar [[r.SkyAtmosphere.FastSkyLUT:1]]
[2022.03.19-15.57.59:512][  0]LogConfig: Setting CVar [[r.SkyAtmosphere.FastSkyLUT.SampleCountMin:4.0]]
[2022.03.19-15.57.59:512][  0]LogConfig: Setting CVar [[r.SkyAtmosphere.FastSkyLUT.SampleCountMax:128.0]]
[2022.03.19-15.57.59:512][  0]LogConfig: Setting CVar [[r.SkyAtmosphere.SampleCountMin:4.0]]
[2022.03.19-15.57.59:513][  0]LogConfig: Setting CVar [[r.SkyAtmosphere.SampleCountMax:128.0]]
[2022.03.19-15.57.59:513][  0]LogConfig: Setting CVar [[r.SkyAtmosphere.TransmittanceLUT.UseSmallFormat:0]]
[2022.03.19-15.57.59:513][  0]LogConfig: Setting CVar [[r.SkyAtmosphere.TransmittanceLUT.SampleCount:10.0]]
[2022.03.19-15.57.59:513][  0]LogConfig: Setting CVar [[r.SkyAtmosphere.MultiScatteringLUT.SampleCount:15.0]]
[2022.03.19-15.57.59:513][  0]LogConfig: Setting CVar [[r.SkyLight.RealTimeReflectionCapture:1]]
[2022.03.19-15.57.59:513][  0]LogConfig: Applying CVar settings from Section [FoliageQuality@3] File [C:/Users/malik/OneDrive/Desktop/Software Engineering Capstone/Cstone/Aidan/Aidan/Saved/Config/Windows/Scalability.ini]
[2022.03.19-15.57.59:513][  0]LogConfig: Setting CVar [[foliage.DensityScale:1.0]]
[2022.03.19-15.57.59:513][  0]LogConfig: Setting CVar [[grass.DensityScale:1.0]]
[2022.03.19-15.57.59:513][  0]LogConfig: Applying CVar settings from Section [ShadingQuality@3] File [C:/Users/malik/OneDrive/Desktop/Software Engineering Capstone/Cstone/Aidan/Aidan/Saved/Config/Windows/Scalability.ini]
[2022.03.19-15.57.59:514][  0]LogConfig: Setting CVar [[r.HairStrands.SkyLighting.IntegrationType:2]]
[2022.03.19-15.57.59:514][  0]LogConfig: Setting CVar [[r.HairStrands.SkyAO.SampleCount:4]]
[2022.03.19-15.57.59:514][  0]LogConfig: Setting CVar [[r.HairStrands.Visibility.MSAA.SamplePerPixel:4]]
[2022.03.19-15.57.59:514][  0]LogConfig: Applying CVar settings from Section [Startup] File [../../../Engine/Config/ConsoleVariables.ini]
[2022.03.19-15.57.59:516][  0]LogConfig: Setting CVar [[net.UseAdaptiveNetUpdateFrequency:0]]
[2022.03.19-15.57.59:516][  0]LogConfig: Setting CVar [[p.chaos.AllowCreatePhysxBodies:1]]
[2022.03.19-15.57.59:517][  0]LogConfig: Setting CVar [[fx.SkipVectorVMBackendOptimizations:1]]
[2022.03.19-15.57.59:517][  0]LogConfig: Applying CVar settings from Section [ConsoleVariables] File [C:/Users/malik/OneDrive/Desktop/Software Engineering Capstone/Cstone/Aidan/Aidan/Saved/Config/Windows/Engine.ini]
[2022.03.19-15.57.59:517][  0]LogConfig: Applying CVar settings from Section [ConsoleVariables] File [C:/Users/malik/OneDrive/Desktop/Software Engineering Capstone/Cstone/Aidan/Aidan/Saved/Config/Windows/Editor.ini]
[2022.03.19-15.57.59:517][  0]LogInit: Computer: LAPTOP-LV1RKO7P
[2022.03.19-15.57.59:517][  0]LogInit: User: malik
[2022.03.19-15.57.59:517][  0]LogInit: CPU Page size=4096, Cores=4
[2022.03.19-15.57.59:517][  0]LogInit: High frequency timer resolution =10.000000 MHz
[2022.03.19-15.57.59:518][  0]LogMemory: Memory total: Physical=9.9GB (10GB approx)
[2022.03.19-15.57.59:518][  0]LogMemory: Platform Memory Stats for Windows
[2022.03.19-15.57.59:518][  0]LogMemory: Process Physical Memory: 140.82 MB used, 140.82 MB peak
[2022.03.19-15.57.59:518][  0]LogMemory: Process Virtual Memory: 112.64 MB used, 112.64 MB peak
[2022.03.19-15.57.59:518][  0]LogMemory: Physical Memory: 7637.24 MB used,  2541.30 MB free, 10178.54 MB total
[2022.03.19-15.57.59:518][  0]LogMemory: Virtual Memory: 134203760.00 MB used,  13965.40 MB free, 134217728.00 MB total
[2022.03.19-15.57.59:552][  0]LogWindows: WindowsPlatformFeatures enabled
[2022.03.19-15.57.59:933][  0]LogInit: Physics initialised using underlying interface: PhysX
[2022.03.19-15.57.59:937][  0]LogInit: Using OS detected language (en-US).
[2022.03.19-15.57.59:937][  0]LogInit: Using OS detected locale (en-US).
[2022.03.19-15.57.59:973][  0]LogTextLocalizationManager: No specific localization for 'en-US' exists, so the 'en' localization will be used.
[2022.03.19-15.58.00:817][  0]LogInit: Setting process to per monitor DPI aware
[2022.03.19-15.58.00:902][  0]LogWindowsTextInputMethodSystem: Display: IME system deactivated.
[2022.03.19-15.58.00:971][  0]LogSlate: New Slate User Created.  User Index 0, Is Virtual User: 0
[2022.03.19-15.58.00:972][  0]LogSlate: Slate User Registered.  User Index 0, Is Virtual User: 0
[2022.03.19-15.58.08:167][  0]LogD3D11RHI: Loaded GFSDK_Aftermath_Lib.x64.dll
[2022.03.19-15.58.08:179][  0]LogHMD: Failed to initialize OpenVR with code 110
[2022.03.19-15.58.08:179][  0]LogD3D11RHI: D3D11 min allowed feature level: 11_0
[2022.03.19-15.58.08:179][  0]LogD3D11RHI: D3D11 max allowed feature level: 11_0
[2022.03.19-15.58.08:179][  0]LogD3D11RHI: D3D11 adapters:
[2022.03.19-15.58.08:321][  0]LogD3D11RHI:    0. 'AMD Radeon(TM) RX Vega 10 Graphics' (Feature Level 11_0)
[2022.03.19-15.58.08:322][  0]LogD3D11RHI:       2034/0/5089 MB DedicatedVideo/DedicatedSystem/SharedSystem, Outputs:2, VendorId:0x1002
[2022.03.19-15.58.08:337][  0]LogD3D11RHI:    1. 'Microsoft Basic Render Driver' (Feature Level 11_0)
[2022.03.19-15.58.08:337][  0]LogD3D11RHI:       0/0/5089 MB DedicatedVideo/DedicatedSystem/SharedSystem, Outputs:0, VendorId:0x1414
[2022.03.19-15.58.08:337][  0]LogD3D11RHI: Chosen D3D11 Adapter:
[2022.03.19-15.58.08:337][  0]LogD3D11RHI:     Description : AMD Radeon(TM) RX Vega 10 Graphics
[2022.03.19-15.58.08:337][  0]LogD3D11RHI:     VendorId    : 1002
[2022.03.19-15.58.08:337][  0]LogD3D11RHI:     DeviceId    : 15d8
[2022.03.19-15.58.08:337][  0]LogD3D11RHI:     SubSysId    : 380217aa
[2022.03.19-15.58.08:337][  0]LogD3D11RHI:     Revision    : 00c1
[2022.03.19-15.58.08:337][  0]LogD3D11RHI:     DedicatedVideoMemory : 2133184512 bytes
[2022.03.19-15.58.08:337][  0]LogD3D11RHI:     DedicatedSystemMemory : 0 bytes
[2022.03.19-15.58.08:338][  0]LogD3D11RHI:     SharedSystemMemory : 5336487936 bytes
[2022.03.19-15.58.08:338][  0]LogD3D11RHI:     AdapterLuid : 0 48546
[2022.03.19-15.58.08:356][  0]LogD3D11RHI: Creating new Direct3DDevice
[2022.03.19-15.58.08:356][  0]LogD3D11RHI:     GPU DeviceId: 0x15d8 (for the marketing name, search the web for "GPU Device Id")
[2022.03.19-15.58.08:356][  0]LogWindows: EnumDisplayDevices:
[2022.03.19-15.58.08:357][  0]LogWindows:    0. 'AMD Radeon(TM) RX Vega 10 Graphics' (P:1 D:1)
[2022.03.19-15.58.08:358][  0]LogWindows:    1. 'AMD Radeon(TM) RX Vega 10 Graphics' (P:0 D:1)
[2022.03.19-15.58.08:359][  0]LogWindows:    2. 'AMD Radeon(TM) RX Vega 10 Graphics' (P:0 D:0)
[2022.03.19-15.58.08:360][  0]LogWindows:    3. 'AMD Radeon(TM) RX Vega 10 Graphics' (P:0 D:0)
[2022.03.19-15.58.08:361][  0]LogWindows: DebugString: FoundDriverCount:4 
[2022.03.19-15.58.08:361][  0]LogD3D11RHI:     Adapter Name: AMD Radeon(TM) RX Vega 10 Graphics
[2022.03.19-15.58.08:361][  0]LogD3D11RHI:   Driver Version: Adrenalin 20.10.36 (internal:27.20.11036.3, unified:27.20.11036.3)
[2022.03.19-15.58.08:361][  0]LogD3D11RHI:      Driver Date: 8-25-2020
[2022.03.19-15.58.08:361][  0]LogRHI: Texture pool is 4558 MB (70% of 6511 MB)
[2022.03.19-15.58.08:413][  0]LogD3D11RHI: Creating D3DDevice with AMD AGS, using adapter:
[2022.03.19-15.58.08:413][  0]LogD3D11RHI:     Description : AMD Radeon(TM) RX Vega 10 Graphics
[2022.03.19-15.58.08:413][  0]LogD3D11RHI:     VendorId    : 1002
[2022.03.19-15.58.08:413][  0]LogD3D11RHI:     DeviceId    : 15d8
[2022.03.19-15.58.08:413][  0]LogD3D11RHI:     SubSysId    : 380217aa
[2022.03.19-15.58.08:414][  0]LogD3D11RHI:     Revision    : 00c1
[2022.03.19-15.58.08:414][  0]LogD3D11RHI:     DedicatedVideoMemory : 2133184512 bytes
[2022.03.19-15.58.08:414][  0]LogD3D11RHI:     DedicatedSystemMemory : 0 bytes
[2022.03.19-15.58.08:414][  0]LogD3D11RHI:     SharedSystemMemory : 5336487936 bytes
[2022.03.19-15.58.08:414][  0]LogD3D11RHI:     AdapterLuid : 0 48546
[2022.03.19-15.58.08:494][  0]LogD3D11RHI: Created device via AGS, feature level 11_0, supported extensions 1fffffbf.
[2022.03.19-15.58.08:494][  0]LogD3D11RHI: RHI has support for 64 bit atomics
[2022.03.19-15.58.08:494][  0]LogD3D11RHI: Async texture creation enabled
[2022.03.19-15.58.08:494][  0]LogD3D11RHI: Array index from any shader is supported
[2022.03.19-15.58.08:515][  0]LogD3D11RHI: GPU Timing Frequency: 25.000000 (Debug: 2 1)
[2022.03.19-15.58.09:347][  0]LogTargetPlatformManager: Display: Loaded TargetPlatform 'AllDesktop'
[2022.03.19-15.58.09:428][  0]LogTargetPlatformManager: Display: Loaded TargetPlatform 'Android'
[2022.03.19-15.58.09:428][  0]LogTargetPlatformManager: Display: Loaded TargetPlatform 'Android_ASTC'
[2022.03.19-15.58.09:428][  0]LogTargetPlatformManager: Display: Loaded TargetPlatform 'Android_DXT'
[2022.03.19-15.58.09:428][  0]LogTargetPlatformManager: Display: Loaded TargetPlatform 'Android_ETC2'
[2022.03.19-15.58.09:428][  0]LogTargetPlatformManager: Display: Loaded TargetPlatform 'AndroidClient'
[2022.03.19-15.58.09:429][  0]LogTargetPlatformManager: Display: Loaded TargetPlatform 'Android_ASTCClient'
[2022.03.19-15.58.09:429][  0]LogTargetPlatformManager: Display: Loaded TargetPlatform 'Android_DXTClient'
[2022.03.19-15.58.09:429][  0]LogTargetPlatformManager: Display: Loaded TargetPlatform 'Android_ETC2Client'
[2022.03.19-15.58.09:429][  0]LogTargetPlatformManager: Display: Loaded TargetPlatform 'Android_Multi'
[2022.03.19-15.58.09:429][  0]LogTargetPlatformManager: Display: Loaded TargetPlatform 'Android_MultiClient'
[2022.03.19-15.58.09:510][  0]LogTargetPlatformManager: Display: Loaded TargetPlatform 'IOSClient'
[2022.03.19-15.58.09:511][  0]LogTargetPlatformManager: Display: Loaded TargetPlatform 'IOS'
[2022.03.19-15.58.09:554][  0]LogTargetPlatformManager: Display: Loaded TargetPlatform 'Linux'
[2022.03.19-15.58.09:577][  0]LogTargetPlatformManager: Display: Loaded TargetPlatform 'LinuxNoEditor'
[2022.03.19-15.58.09:595][  0]LogTargetPlatformManager: Display: Loaded TargetPlatform 'LinuxClient'
[2022.03.19-15.58.09:613][  0]LogTargetPlatformManager: Display: Loaded TargetPlatform 'LinuxServer'
[2022.03.19-15.58.09:650][  0]LogTargetPlatformManager: Display: Loaded TargetPlatform 'LinuxAArch64NoEditor'
[2022.03.19-15.58.09:667][  0]LogTargetPlatformManager: Display: Loaded TargetPlatform 'LinuxAArch64Client'
[2022.03.19-15.58.09:686][  0]LogTargetPlatformManager: Display: Loaded TargetPlatform 'LinuxAArch64Server'
[2022.03.19-15.58.09:789][  0]LogTargetPlatformManager: Display: Loaded TargetPlatform 'Lumin'
[2022.03.19-15.58.09:789][  0]LogTargetPlatformManager: Display: Loaded TargetPlatform 'LuminClient'
[2022.03.19-15.58.09:827][  0]LogTargetPlatformManager: Display: Loaded TargetPlatform 'MacNoEditor'
[2022.03.19-15.58.09:844][  0]LogTargetPlatformManager: Display: Loaded TargetPlatform 'Mac'
[2022.03.19-15.58.09:860][  0]LogTargetPlatformManager: Display: Loaded TargetPlatform 'MacClient'
[2022.03.19-15.58.09:876][  0]LogTargetPlatformManager: Display: Loaded TargetPlatform 'MacServer'
[2022.03.19-15.58.09:914][  0]LogTargetPlatformManager: Display: Loaded TargetPlatform 'TVOSClient'
[2022.03.19-15.58.09:914][  0]LogTargetPlatformManager: Display: Loaded TargetPlatform 'TVOS'
[2022.03.19-15.58.09:952][  0]LogTargetPlatformManager: Display: Loaded TargetPlatform 'WindowsNoEditor'
[2022.03.19-15.58.09:969][  0]LogTargetPlatformManager: Display: Loaded TargetPlatform 'Windows'
[2022.03.19-15.58.09:986][  0]LogTargetPlatformManager: Display: Loaded TargetPlatform 'WindowsClient'
[2022.03.19-15.58.10:004][  0]LogTargetPlatformManager: Display: Loaded TargetPlatform 'WindowsServer'
[2022.03.19-15.58.10:005][  0]LogTargetPlatformManager: Display: Building Assets For Windows
[2022.03.19-15.58.10:045][  0]LogAudioDebug: Display: Lib vorbis DLL was dynamically loaded.
[2022.03.19-15.58.10:207][  0]LogTextureFormatOodle: Display: Oodle Texture 2.9.0 init RDO Off
[2022.03.19-15.58.10:398][  0]LogRendererCore: Ray tracing is disabled. Reason: r.RayTracing=0.
[2022.03.19-15.58.10:399][  0]LogShaderCompilers: Guid format shader working directory is -50 characters bigger than the processId version (../../../../../../Users/malik/OneDrive/Desktop/Software Engineering Capstone/Cstone/Aidan/Aidan/Intermediate/Shaders/WorkingDirectory/18712/).
[2022.03.19-15.58.10:400][  0]LogShaderCompilers: Cleaned the shader compiler working directory 'C:/Users/malik/AppData/Local/Temp/UnrealShaderWorkingDir/C53E1F554D6259CD79C968B57F4B28B3/'.
[2022.03.19-15.58.10:400][  0]LogXGEController: Cannot use XGE Controller as Incredibuild is not installed on this machine.
[2022.03.19-15.58.10:401][  0]LogShaderCompilers: Cannot use XGE Shader Compiler as Incredibuild is not installed on this machine.
[2022.03.19-15.58.10:401][  0]LogShaderCompilers: Display: Using Local Shader Compiler.
[2022.03.19-15.58.18:242][  0]LogDerivedDataCache: Display: Max Cache Size: 512 MB
[2022.03.19-15.58.18:440][  0]LogDerivedDataCache: Loaded boot cache 0.20s 94MB C:/Users/malik/AppData/Local/UnrealEngine/4.27/DerivedDataCache/Boot.ddc.
[2022.03.19-15.58.18:441][  0]LogDerivedDataCache: Display: Loaded Boot cache: C:/Users/malik/AppData/Local/UnrealEngine/4.27/DerivedDataCache/Boot.ddc
[2022.03.19-15.58.18:441][  0]LogDerivedDataCache: FDerivedDataBackendGraph:  Pak pak cache file ../../../../../../Users/malik/OneDrive/Desktop/Software Engineering Capstone/Cstone/Aidan/Aidan/DerivedDataCache/DDC.ddp not found, will not use a pak cache.
[2022.03.19-15.58.18:441][  0]LogDerivedDataCache: Unable to find inner node Pak for hierarchical cache Hierarchy.
[2022.03.19-15.58.18:442][  0]LogDerivedDataCache: FDerivedDataBackendGraph:  CompressedPak pak cache file ../../../../../../Users/malik/OneDrive/Desktop/Software Engineering Capstone/Cstone/Aidan/Aidan/DerivedDataCache/Compressed.ddp not found, will not use a pak cache.
[2022.03.19-15.58.18:442][  0]LogDerivedDataCache: Unable to find inner node CompressedPak for hierarchical cache Hierarchy.
[2022.03.19-15.58.18:516][  0]LogDerivedDataCache: Display: Pak cache opened for reading ../../../Engine/DerivedDataCache/Compressed.ddp.
[2022.03.19-15.58.18:516][  0]LogDerivedDataCache: FDerivedDataBackendGraph:  EnterprisePak pak cache file ../../../Enterprise/DerivedDataCache/Compressed.ddp not found, will not use a pak cache.
[2022.03.19-15.58.18:516][  0]LogDerivedDataCache: Unable to find inner node EnterprisePak for hierarchical cache Hierarchy.
[2022.03.19-15.58.18:557][  0]LogDerivedDataCache: Speed tests for C:/Users/malik/AppData/Local/UnrealEngine/Common/DerivedDataCache took 0.04 seconds
[2022.03.19-15.58.18:557][  0]LogDerivedDataCache: Display: Performance to C:/Users/malik/AppData/Local/UnrealEngine/Common/DerivedDataCache: Latency=0.38ms. RandomReadSpeed=67.89MBs, RandomWriteSpeed=43.07MBs. Assigned SpeedClass 'Local'
[2022.03.19-15.58.18:562][  0]LogDerivedDataCache: Using Local data cache path C:/Users/malik/AppData/Local/UnrealEngine/Common/DerivedDataCache: Writable
[2022.03.19-15.58.18:562][  0]LogDerivedDataCache: Shared data cache path not found in *engine.ini, will not use an Shared cache.
[2022.03.19-15.58.18:562][  0]LogDerivedDataCache: Unable to find inner node Shared for hierarchical cache Hierarchy.
[2022.03.19-15.58.18:691][  0]LogSlate: Using FreeType 2.10.0
[2022.03.19-15.58.18:693][  0]LogSlate: SlateFontServices - WITH_FREETYPE: 1, WITH_HARFBUZZ: 1
[2022.03.19-15.58.18:763][  0]LogAssetRegistry: FAssetRegistry took 0.0130 seconds to start up
[2022.03.19-15.58.19:427][  0]LogInit: Selected Device Profile: [Windows]
[2022.03.19-15.58.19:427][  0]LogInit: Active device profile: [00000197A04F1300][000001979F8EF600 49] Windows
[2022.03.19-15.58.19:427][  0]LogInit: Profiles: [00000197A04F1300][000001979F8EF600 49] Windows, [00000197A04A7000][000001979F8F78C0 49] WindowsNoEditor, [00000197A04F2400][000001979F8FBB80 49] WindowsServer, [00000197A04A7F00][000001979F8FE2C0 49] WindowsClient, [00000197A04F3300][000001979F902580 49] IOS, [00000197A04A5200][000001979F906840 49] iPadAir, [00000197A04F3E00][000001979F90AB00 49] iPadAir2, [00000197A0452100][000001979F91AFC0 49] IPadPro, [00000197A0452200][000001979F8F3000 49] iPadAir3, [00000197A04A5B00][000001979F9172C0 49] iPadAir4, [00000197A0453100][000001979F913580 49] iPadMini2, [00000197A04A7300][000001979F923840 49] iPadMini3, [00000197A0453E00][000001979F927B00 49] iPadMini4, [00000197A04A6400][000001979F92A240 49] iPadMini5, [00000197A048DA00][00000197A0BA2780 49] iPhone6, [00000197A048DB00][00000197A0B927C0 49] iPodTouch6, [00000197A04F2E00][00000197A0BAAD00 49] iPhone7, [00000197A04F3100][00000197A0B9AD40 49] iPodTouch7, [00000197A0451C00][000001979F90EFC0 49] iPhone5S, [00000197A04F1200][00000197A0B97280 49] iPhone6Plus, [00000197A0451800][00000197A0BA7540 49] iPhone6S, [00000197A04F0400][00000197A0BAF800 49] iPhone6SPlus, [00000197A0450E00][00000197A0BB3AC0 49] iPhone7Plus, [00000197A04F3000][00000197A0BB6200 49] iPhoneSE, [00000197A0450A00][00000197A0BBA4C0 49] iPhone8, [00000197A04F0800][00000197A0BBE780 49] iPhone8Plus, [00000197A04F1D00][00000197A0BC2A40 49] iPhoneX, [00000197A048C800][00000197A0BC6D00 49] iPhoneXS, [00000197A04F2D00][00000197A0B9EF80 49] iPhoneXSMax, [00000197A048CF00][00000197A0BCB200 49] iPhoneXR, [00000197A04F1A00][00000197A0BD34C0 49] iPhone11, [00000197A048D300][00000197A0BD7780 49] iPhone11Pro, [00000197A048C400][00000197A0BDBA40 49] iPhone11ProMax, [00000197A0453200][00000197A0BDE180 49] iPhoneSE2, [00000197A048E300][00000197A0BE2440 49] iPhone12Mini, [00000197A0451400][00000197A0BE6700 49] iPhone12, [00000197A048ED00][00000197A0BEA9C0 49] iPhone12Pro, [00000197A0453700][00000197A0BEEC80 49] iPhone12ProMax, [00000197A048EE00][00000197A0BF2F40 49] iPadPro105, [00000197A0452400][00000197A0BCF1C0 49] iPadPro129, [00000197A048EF00][00000197A0BF7440 49] iPadPro97, [00000197A0453800][00000197A0BFF700 49] iPadPro2_129, [00000197A04F1600][00000197A0C039C0 49] iPad5, [00000197A0451B00][00000197A0C06100 49] iPad6, [00000197A04F3700][00000197A0C0A3C0 49] iPad7, [00000197A0450100][00000197A0C0E680 49] iPad8, [00000197A04F1E00][00000197A0C12940 49] iPadPro11, [00000197A0452F00][00000197A0C16C00 49] iPadPro2_11, [00000197A04F3A00][00000197A0C1AEC0 49] iPadPro3_129, [00000197A0452B00][00000197A0C1F180 49] iPadPro4_129, [00000197A04F2900][00000197A0BFB400 49] AppleTV, [00000197A0450200][00000197A0C23680 49] AppleTV4K, [00000197A04F2500][00000197A0C2B940 49] TVOS, [00000197A0451900][00000197A0C2FC00 49] Mac, [00000197A04F0E00][00000197A0C32340 49] MacClient, [00000197A0450800][00000197A0C36600 49] MacNoEditor, [00000197A04F1800][00000197A0C3A8C0 49] MacServer, [00000197A0451E00][00000197A0C3EB80 49] Linux, [00000197A04F1000][00000197A0C42E40 49] LinuxAArch64, [00000197A0450300][00000197A0C47100 49] LinuxNoEditor, [00000197A04F0600][00000197A0C4B3C0 49] LinuxAArch64NoEditor, [00000197A0453F00][00000197A0C27640 49] LinuxClient, [00000197A04F0100][00000197A0C4F8C0 49] LinuxAArch64Client, [00000197A0450600][00000197A0C57B80 49] LinuxServer, [00000197A04F1500][00000197A0C5A2C0 49] LinuxAArch64Server, [00000197A0452D00][00000197A0C5E580 49] Android, [00000197A04F0D00][00000197A0C62840 49] Android_Low, [00000197A0451600][00000197A0C66B00 49] Android_Mid, [00000197A04F3400][00000197A0C6ADC0 49] Android_High, [00000197A0450B00][00000197A0C6F080 49] Android_Default, [00000197A04F1F00][00000197A0C73340 49] Android_Adreno4xx, [00000197A0451500][00000197A0C77600 49] Android_Adreno5xx_Low, [00000197A04F3500][00000197A0C53880 49] Android_Adreno5xx, [00000197A0450700][00000197A0C7BB00 49] Android_Adreno6xx, [00000197A04F1C00][00000197A0C82240 49] Android_Adreno6xx_Vulkan, [00000197A0452800][00000197A0C86500 49] Android_Mali_T6xx, [00000197A04F2300][00000197A0C8A7C0 49] Android_Mali_T7xx, [00000197A0451700][00000197A0C8EA80 49] Android_Mali_T8xx, [00000197A04F2800][00000197A0C92D40 49] Android_Mali_G71, [00000197A0453400][00000197A0C97000 49] Android_Mali_G72, [00000197A04F0700][00000197A0C9B2C0 49] Android_Mali_G72_Vulkan, [00000197A0452700][00000197A0C9F580 49] Android_Mali_G76, [00000197A048F900][00000197A0CA3840 49] Android_Mali_G76_Vulkan, [00000197A04A4900][00000197A0C7FAC0 49] Android_Mali_G77, [00000197A048F200][00000197A0CA61C0 49] Android_Mali_G77_Vulkan, [00000197A04A4D00][00000197A0CAE480 49] Android_Mali_G78, [00000197A048CC00][00000197A0CB2740 49] Android_Mali_G78_Vulkan, [00000197A04A4B00][00000197A0CB6A00 49] Android_Mali_G710, [00000197A048C500][00000197A0CBACC0 49] Android_Mali_G710_Vulkan, [00000197A04A5D00][00000197A0CBEF80 49] Android_Vulkan_SM5, [00000197A048C200][00000197A0CC3240 49] Android_PowerVR_G6xxx, [00000197A04A7B00][00000197A0CC7500 49] Android_PowerVR_GT7xxx, [00000197A048F700][00000197A0CCB7C0 49] Android_PowerVR_GE8xxx, [00000197A04A4200][00000197A0CCFA80 49] Android_PowerVR_GM9xxx, [00000197A048E200][00000197A0CAA180 49] Android_PowerVR_GM9xxx_Vulkan, [00000197A04A6900][00000197A0CD2400 49] Android_TegraK1, [00000197A048CE00][00000197A0CDA6C0 49] Android_Unknown_Vulkan, [00000197A04A5600][00000197A0CDE980 49] Lumin, [00000197A048D100][00000197A0CE2C40 49] Lumin_Desktop, [00000197A04A6C00][00000197A0CE6F00 49] HoloLens, 
[2022.03.19-15.58.19:986][  0]LogMeshReduction: Using QuadricMeshReduction for automatic static mesh reduction
[2022.03.19-15.58.19:986][  0]LogMeshReduction: Using SimplygonMeshReduction for automatic skeletal mesh reduction
[2022.03.19-15.58.19:986][  0]LogMeshReduction: Using ProxyLODMeshReduction for automatic mesh merging
[2022.03.19-15.58.19:986][  0]LogMeshReduction: No distributed automatic mesh merging module available
[2022.03.19-15.58.19:986][  0]LogMeshMerging: No distributed automatic mesh merging module available
[2022.03.19-15.58.20:104][  0]LogNetVersion: Aidan 1.0.0, NetCL: 17155196, EngineNetVer: 17, GameNetVer: 0 (Checksum: 273725539)
[2022.03.19-15.58.22:794][  0]LogTexture: Default maximum texture size for cubemaps generated from long-lat sources has been changed from 512 to unlimited. In order to preserve old behaiour for '/Engine/MapTemplates/Sky/DaylightAmbientCubemap.DaylightAmbientCubemap', its maximum texture size has been explicitly set to 512.
[2022.03.19-15.58.23:093][  0]LogHMD: PokeAHoleMaterial loaded successfully
[2022.03.19-15.58.23:108][  0]LogUObjectArray: 17178 objects as part of root set at end of initial load.
[2022.03.19-15.58.23:109][  0]LogUObjectAllocator: 4302048 out of 0 bytes used by permanent object pool.
[2022.03.19-15.58.23:109][  0]LogUObjectArray: CloseDisregardForGC: 0/0 objects in disregard for GC pool
[2022.03.19-15.58.23:882][  0]LogPython: Using Python 3.7.7
[2022.03.19-15.58.26:236][  0]LogNiagaraDebuggerClient: Niagara Debugger Client Initialized | Session: 570219904D53BBE572880B8C6466144F | Instance: CC4F0DFC4DB2198EDD8C25B578E97449 (LAPTOP-LV1RKO7P-18712).
[2022.03.19-15.58.26:929][  0]LogTcpMessaging: Initializing TcpMessaging bridge
[2022.03.19-15.58.26:962][  0]LogUdpMessaging: Initializing bridge on interface 0.0.0.0:0 to multicast group 230.0.0.1:6666.
[2022.03.19-15.58.27:286][  0]LogOutputDevice: Warning: 

Script Stack (0 frames):

[2022.03.19-15.58.27:286][  0]LogOutputDevice: Error: Ensure condition failed: MyOwnerWorld [File:D:/Build/++UE4/Sync/Engine/Source/Runtime/Engine/Private/Components/ActorComponent.cpp] [Line: 1278] 


[2022.03.19-15.58.27:286][  0]LogStats:             FDebug::EnsureFailed -  0.001 s
[2022.03.19-15.58.38:346][  0]SourceControl: Source control is disabled
[2022.03.19-15.58.38:346][  0]SourceControl: Source control is disabled
[2022.03.19-15.58.38:360][  0]SourceControl: Source control is disabled
[2022.03.19-15.58.38:387][  0]SourceControl: Source control is disabled
[2022.03.19-15.58.38:397][  0]SourceControl: Source control is disabled
[2022.03.19-15.58.38:437][  0]LogUProjectInfo: Found projects:
[2022.03.19-15.58.39:059][  0]LogOpenImageDenoise: OIDN starting up
[2022.03.19-15.58.39:715][  0]LogAndroidPermission: UAndroidPermissionCallbackProxy::GetInstance
[2022.03.19-15.58.39:825][  0]LogAudioCaptureCore: Display: No Audio Capture implementations found. Audio input will be silent.
[2022.03.19-15.58.39:825][  0]LogAudioCaptureCore: Display: No Audio Capture implementations found. Audio input will be silent.
[2022.03.19-15.58.40:841][  0]LogCollectionManager: Loaded 0 collections in 0.006441 seconds
[2022.03.19-15.58.40:976][  0]LogFileCache: Scanning file cache for directory 'C:/Users/malik/OneDrive/Desktop/Software Engineering Capstone/Cstone/Aidan/Aidan/Saved/Collections/' took 0.01s
[2022.03.19-15.58.40:976][  0]LogFileCache: Scanning file cache for directory 'C:/Users/malik/OneDrive/Desktop/Software Engineering Capstone/Cstone/Aidan/Aidan/Content/Developers/malik/Collections/' took 0.01s
[2022.03.19-15.58.40:976][  0]LogFileCache: Scanning file cache for directory 'C:/Users/malik/OneDrive/Desktop/Software Engineering Capstone/Cstone/Aidan/Aidan/Content/Collections/' took 0.01s
[2022.03.19-15.58.40:976][  0]LogOcInput: OculusInput pre-init called
[2022.03.19-15.58.41:737][  0]LogEngine: Initializing Engine...
[2022.03.19-15.58.41:747][  0]LogHMD: Failed to enumerate extensions. Please check that you have a valid OpenXR runtime installed.
[2022.03.19-15.58.41:748][  0]LogHMD: Failed to initialize OpenVR with code 110
[2022.03.19-15.58.41:748][  0]LogMagicLeap: Warning: VR disabled because ZI is not enabled.  To enable, in the editor, Edit -> Project Settings -> Plugins -> Magic Leap Plugin -> Enable Zero Iteration
[2022.03.19-15.58.41:751][  0]LogStats: UGameplayTagsManager::InitializeManager -  0.000 s
[2022.03.19-15.58.42:530][  0]LogInit: Initializing FReadOnlyCVARCache
[2022.03.19-15.58.42:564][  0]LogAIModule: Creating AISystem for world Untitled
[2022.03.19-15.58.42:566][  0]LogAudio: Display: Initializing Audio Device Manager...
[2022.03.19-15.58.42:585][  0]LogAudio: Display: Loading Default Audio Settings Objects...
[2022.03.19-15.58.42:600][  0]LogAudio: Display: No default SoundConcurrencyObject specified (or failed to load).
[2022.03.19-15.58.42:601][  0]LogAudio: Display: Audio Device Manager Initialized
[2022.03.19-15.58.42:602][  0]LogAudio: Display: Creating Audio Device:                 Id: 1, Scope: Shared, Realtime: True
[2022.03.19-15.58.42:602][  0]LogAudioMixer: Display: Audio Mixer Platform Settings:
[2022.03.19-15.58.42:602][  0]LogAudioMixer: Display: 	Sample Rate:						  48000
[2022.03.19-15.58.42:602][  0]LogAudioMixer: Display: 	Callback Buffer Frame Size Requested: 1024
[2022.03.19-15.58.42:603][  0]LogAudioMixer: Display: 	Callback Buffer Frame Size To Use:	  1024
[2022.03.19-15.58.42:603][  0]LogAudioMixer: Display: 	Number of buffers to queue:			  2
[2022.03.19-15.58.42:603][  0]LogAudioMixer: Display: 	Max Channels (voices):				  32
[2022.03.19-15.58.42:603][  0]LogAudioMixer: Display: 	Number of Async Source Workers:		  0
[2022.03.19-15.58.42:603][  0]LogAudio: Display: AudioDevice MaxSources: 32
[2022.03.19-15.58.42:605][  0]LogAudio: Display: Audio Spatialization Plugin: None (built-in).
[2022.03.19-15.58.42:605][  0]LogAudio: Display: Audio Reverb Plugin: None (built-in).
[2022.03.19-15.58.42:605][  0]LogAudio: Display: Audio Occlusion Plugin: None (built-in).
[2022.03.19-15.58.42:605][  0]LogAudioMixer: Display: Initializing audio mixer.
[2022.03.19-15.58.42:663][  0]LogAudioMixer: Display: 0: FrontLeft
[2022.03.19-15.58.42:664][  0]LogAudioMixer: Display: 1: FrontRight
[2022.03.19-15.58.42:947][  0]LogAudioMixer: Display: Using Audio Device Speakers (Realtek(R) Audio)
[2022.03.19-15.58.42:949][  0]LogAudioMixer: Display: Initializing Sound Submixes...
[2022.03.19-15.58.43:010][  0]LogAudioMixer: Display: Creating Master Submix 'MasterSubmixDefault'
[2022.03.19-15.58.43:010][  0]LogAudioMixer: Display: Creating Master Submix 'MasterReverbSubmixDefault'
[2022.03.19-15.58.43:012][  0]LogAudioMixer: Display: Creating Master Submix 'MasterEQSubmixDefault'
[2022.03.19-15.58.43:012][  0]LogAudioMixer: FMixerPlatformXAudio2::StartAudioStream() called
[2022.03.19-15.58.43:013][  0]LogAudioMixer: Display: Output buffers initialized: Frames=1024, Channels=2, Samples=2048
[2022.03.19-15.58.43:018][  0]LogAudioMixer: Display: Starting AudioMixerPlatformInterface::RunInternal()
[2022.03.19-15.58.43:018][  0]LogAudioMixer: Display: FMixerPlatformXAudio2::SubmitBuffer() called for the first time
[2022.03.19-15.58.43:018][  0]LogInit: FAudioDevice initialized.
[2022.03.19-15.58.43:019][  0]LogAudio: Display: Audio Device (ID: 1) registered with world 'Untitled'.
[2022.03.19-15.58.43:019][  0]LogNetVersion: Set ProjectVersion to 1.0.0.0. Version Checksum will be recalculated on next use.
[2022.03.19-15.58.43:148][  0]LogDerivedDataCache: Saved boot cache 0.13s 94MB C:/Users/malik/AppData/Local/UnrealEngine/4.27/DerivedDataCache/Boot.ddc.
[2022.03.19-15.58.43:156][  0]LogInit: Texture streaming: Enabled
[2022.03.19-15.58.43:205][  0]LogAnalytics: Display: [UEEditor.Rocket.Release] APIServer = https://datarouter.ol.epicgames.com/. AppVersion = 4.27.2-18319896+++UE4+Release-4.27
[2022.03.19-15.58.43:225][  0]LogEngineSessionManager: EngineSessionManager initialized
[2022.03.19-15.58.43:226][  0]LogEngineSessionManager: EngineSessionManager sent abnormal shutdown report. Type=Crashed, SessionId={A993F211-4000-B426-7EB9-EA84FED5F411}
[2022.03.19-15.58.43:226][  0]LogEditorSessionSummary: Verbose: Initializing EditorSessionSummaryWriter for editor session tracking
[2022.03.19-15.58.43:232][  0]LogEditorSessionSummary: EditorSessionSummaryWriter initialized
[2022.03.19-15.58.43:308][  0]LogInit: Transaction tracking system initialized
[2022.03.19-15.58.43:410][  0]BlueprintLog: New page: Editor Load
[2022.03.19-15.58.43:672][  0]LocalizationService: Localization service is disabled
[2022.03.19-15.58.43:769][  0]TimingProfiler: Initialize
[2022.03.19-15.58.43:770][  0]TimingProfiler: OnSessionChanged
[2022.03.19-15.58.43:770][  0]LoadingProfiler: Initialize
[2022.03.19-15.58.43:770][  0]LoadingProfiler: OnSessionChanged
[2022.03.19-15.58.43:771][  0]NetworkingProfiler: Initialize
[2022.03.19-15.58.43:771][  0]NetworkingProfiler: OnSessionChanged
[2022.03.19-15.58.43:771][  0]MemoryProfiler: Initialize
[2022.03.19-15.58.43:771][  0]MemoryProfiler: OnSessionChanged
[2022.03.19-15.58.44:922][  0]LogCook: Display: CookSettings for Memory: MemoryMaxUsedVirtual 0MiB, MemoryMaxUsedPhysical 16384MiB, MemoryMinFreeVirtual 0MiB, MemoryMinFreePhysical 1024MiB
[2022.03.19-15.58.44:923][  0]LogCook: Display: Mobile HDR setting 1
[2022.03.19-15.58.45:166][  0]LogFileCache: Scanning file cache for directory 'C:/Users/malik/OneDrive/Desktop/Software Engineering Capstone/Cstone/Aidan/Aidan/Content/' took 0.01s
[2022.03.19-15.58.46:110][  0]LogInit: Display: Engine is initialized. Leaving FEngineLoop::Init()
[2022.03.19-15.58.46:119][  0]SourceControl: Source control is disabled
[2022.03.19-15.58.46:119][  0]LogUnrealEdMisc: Loading editor; pre map load, took 51.719
[2022.03.19-15.58.46:120][  0]Cmd: MAP LOAD FILE="../../../Engine/Content/Maps/Templates/Template_Default.umap" TEMPLATE=1 SHOWPROGRESS=1 FEATURELEVEL=3
[2022.03.19-15.58.46:135][  0]LightingResults: New page: Lighting Build
[2022.03.19-15.58.46:140][  0]LogWorld: UWorld::CleanupWorld for Untitled, bSessionEnded=true, bCleanupResources=true
[2022.03.19-15.58.46:140][  0]LogSlate: InvalidateAllWidgets triggered.  All widgets were invalidated
[2022.03.19-15.58.46:141][  0]MapCheck: New page: Map Check
[2022.03.19-15.58.46:141][  0]LightingResults: New page: Lighting Build
[2022.03.19-15.58.46:154][  0]LogAudio: Display: Audio Device unregistered from world 'None'.
[2022.03.19-15.58.46:164][  0]LogUObjectHash: Compacting FUObjectHashTables data took   2.32ms
[2022.03.19-15.58.46:473][  0]LogTexture: Display: Building textures: DeprecatedTextureEB9CBE3C423008B5E8E130901E171C89 (BGRA8, 128X128)
[2022.03.19-15.58.46:509][  0]LogAudio: Display: Audio Device (ID: 1) registered with world 'Untitled_1'.
[2022.03.19-15.58.46:512][  0]LogAIModule: Creating AISystem for world Untitled_1
[2022.03.19-15.58.46:538][  0]LogEditorServer: Finished looking for orphan Actors (0.000 secs)
[2022.03.19-15.58.46:556][  0]LogUObjectHash: Compacting FUObjectHashTables data took   2.66ms
[2022.03.19-15.58.46:558][  0]Cmd: MAP CHECKDEP NOCLEARLOG
[2022.03.19-15.58.46:559][  0]MapCheck: Map check complete: 0 Error(s), 0 Warning(s), took 0.616ms to complete.
[2022.03.19-15.58.46:559][  0]LogFileHelpers: Loading map 'Template_Default' took 0.439
[2022.03.19-15.58.46:567][  0]LogUnrealEdMisc: Total Editor Startup Time, took 52.166
[2022.03.19-15.58.46:800][  0]LogSlate: Updating window title bar state: overlay mode, drag disabled, window buttons hidden, title bar hidden
[2022.03.19-15.58.46:822][  0]LogSlate: Updating window title bar state: overlay mode, drag disabled, window buttons hidden, title bar hidden
[2022.03.19-15.58.46:842][  0]LogSlate: Updating window title bar state: overlay mode, drag disabled, window buttons hidden, title bar hidden
[2022.03.19-15.58.46:862][  0]LogSlate: Updating window title bar state: overlay mode, drag disabled, window buttons hidden, title bar hidden
[2022.03.19-15.58.46:906][  0]LogNativeClassHierarchy: Verbose: Native class hierarchy populated in 0.0318 seconds. Added 3826 classes and 931 folders.
[2022.03.19-15.58.46:913][  0]LogNativeClassHierarchy: Verbose: Native class hierarchy updated for 'WidgetCarousel' in 0.0007 seconds. Added 0 classes and 0 folders.
[2022.03.19-15.58.46:937][  0]LogPakFile: PakFile PrimaryIndexSize=187
[2022.03.19-15.58.46:937][  0]LogPakFile: PakFile PathHashIndexSize=101
[2022.03.19-15.58.46:937][  0]LogPakFile: PakFile FullDirectoryIndexSize=148
[2022.03.19-15.58.46:938][  0]LogShaderLibrary: Display: ShaderCodeLibraryPakFileMountedCallback: PakFile 'C:/Program Files/Epic Games/UE_4.27/FeaturePacks/FP_FirstPerson.upack' (chunk index -1, root 'root:/') mounted
[2022.03.19-15.58.46:938][  0]LogShaderLibrary: Display: ShaderCodeLibraryPakFileMountedCallback: pending pak file info (ChunkID:-1 Root:root:/ File:C:/Program Files/Epic Games/UE_4.27/FeaturePacks/FP_FirstPerson.upack)
[2022.03.19-15.58.46:938][  0]LogPakFile: OnPakFileMounted2Time == 0.000378
[2022.03.19-15.58.46:958][  0]LogPakFile: PakFile PrimaryIndexSize=189
[2022.03.19-15.58.46:958][  0]LogPakFile: PakFile PathHashIndexSize=101
[2022.03.19-15.58.46:958][  0]LogPakFile: PakFile FullDirectoryIndexSize=152
[2022.03.19-15.58.46:958][  0]LogShaderLibrary: Display: ShaderCodeLibraryPakFileMountedCallback: PakFile 'C:/Program Files/Epic Games/UE_4.27/FeaturePacks/FP_FirstPersonBP.upack' (chunk index -1, root 'root:/') mounted
[2022.03.19-15.58.46:958][  0]LogShaderLibrary: Display: ShaderCodeLibraryPakFileMountedCallback: pending pak file info (ChunkID:-1 Root:root:/ File:C:/Program Files/Epic Games/UE_4.27/FeaturePacks/FP_FirstPersonBP.upack)
[2022.03.19-15.58.46:959][  0]LogPakFile: OnPakFileMounted2Time == 0.000319
[2022.03.19-15.58.46:975][  0]LogPakFile: PakFile PrimaryIndexSize=191
[2022.03.19-15.58.46:975][  0]LogPakFile: PakFile PathHashIndexSize=101
[2022.03.19-15.58.46:975][  0]LogPakFile: PakFile FullDirectoryIndexSize=160
[2022.03.19-15.58.46:975][  0]LogShaderLibrary: Display: ShaderCodeLibraryPakFileMountedCallback: PakFile 'C:/Program Files/Epic Games/UE_4.27/FeaturePacks/MobileStarterContent.upack' (chunk index -1, root 'root:/') mounted
[2022.03.19-15.58.46:976][  0]LogShaderLibrary: Display: ShaderCodeLibraryPakFileMountedCallback: pending pak file info (ChunkID:-1 Root:root:/ File:C:/Program Files/Epic Games/UE_4.27/FeaturePacks/MobileStarterContent.upack)
[2022.03.19-15.58.46:976][  0]LogPakFile: OnPakFileMounted2Time == 0.000413
[2022.03.19-15.58.46:993][  0]LogPakFile: PakFile PrimaryIndexSize=185
[2022.03.19-15.58.46:993][  0]LogPakFile: PakFile PathHashIndexSize=101
[2022.03.19-15.58.46:993][  0]LogPakFile: PakFile FullDirectoryIndexSize=148
[2022.03.19-15.58.46:993][  0]LogShaderLibrary: Display: ShaderCodeLibraryPakFileMountedCallback: PakFile 'C:/Program Files/Epic Games/UE_4.27/FeaturePacks/StarterContent.upack' (chunk index -1, root 'root:/') mounted
[2022.03.19-15.58.46:993][  0]LogShaderLibrary: Display: ShaderCodeLibraryPakFileMountedCallback: pending pak file info (ChunkID:-1 Root:root:/ File:C:/Program Files/Epic Games/UE_4.27/FeaturePacks/StarterContent.upack)
[2022.03.19-15.58.46:993][  0]LogPakFile: OnPakFileMounted2Time == 0.000282
[2022.03.19-15.58.47:011][  0]LogPakFile: PakFile PrimaryIndexSize=190
[2022.03.19-15.58.47:012][  0]LogPakFile: PakFile PathHashIndexSize=101
[2022.03.19-15.58.47:012][  0]LogPakFile: PakFile FullDirectoryIndexSize=154
[2022.03.19-15.58.47:012][  0]LogShaderLibrary: Display: ShaderCodeLibraryPakFileMountedCallback: PakFile 'C:/Program Files/Epic Games/UE_4.27/FeaturePacks/TP_2DSideScroller.upack' (chunk index -1, root 'root:/') mounted
[2022.03.19-15.58.47:012][  0]LogShaderLibrary: Display: ShaderCodeLibraryPakFileMountedCallback: pending pak file info (ChunkID:-1 Root:root:/ File:C:/Program Files/Epic Games/UE_4.27/FeaturePacks/TP_2DSideScroller.upack)
[2022.03.19-15.58.47:013][  0]LogPakFile: OnPakFileMounted2Time == 0.000450
[2022.03.19-15.58.47:028][  0]LogPakFile: PakFile PrimaryIndexSize=192
[2022.03.19-15.58.47:029][  0]LogPakFile: PakFile PathHashIndexSize=101
[2022.03.19-15.58.47:029][  0]LogPakFile: PakFile FullDirectoryIndexSize=158
[2022.03.19-15.58.47:029][  0]LogShaderLibrary: Display: ShaderCodeLibraryPakFileMountedCallback: PakFile 'C:/Program Files/Epic Games/UE_4.27/FeaturePacks/TP_2DSideScrollerBP.upack' (chunk index -1, root 'root:/') mounted
[2022.03.19-15.58.47:029][  0]LogShaderLibrary: Display: ShaderCodeLibraryPakFileMountedCallback: pending pak file info (ChunkID:-1 Root:root:/ File:C:/Program Files/Epic Games/UE_4.27/FeaturePacks/TP_2DSideScrollerBP.upack)
[2022.03.19-15.58.47:029][  0]LogPakFile: OnPakFileMounted2Time == 0.000256
[2022.03.19-15.58.47:046][  0]LogPakFile: PakFile PrimaryIndexSize=182
[2022.03.19-15.58.47:047][  0]LogPakFile: PakFile PathHashIndexSize=101
[2022.03.19-15.58.47:047][  0]LogPakFile: PakFile FullDirectoryIndexSize=138
[2022.03.19-15.58.47:047][  0]LogShaderLibrary: Display: ShaderCodeLibraryPakFileMountedCallback: PakFile 'C:/Program Files/Epic Games/UE_4.27/FeaturePacks/TP_Flying.upack' (chunk index -1, root 'root:/') mounted
[2022.03.19-15.58.47:047][  0]LogShaderLibrary: Display: ShaderCodeLibraryPakFileMountedCallback: pending pak file info (ChunkID:-1 Root:root:/ File:C:/Program Files/Epic Games/UE_4.27/FeaturePacks/TP_Flying.upack)
[2022.03.19-15.58.47:047][  0]LogPakFile: OnPakFileMounted2Time == 0.000311
[2022.03.19-15.58.47:065][  0]LogPakFile: PakFile PrimaryIndexSize=184
[2022.03.19-15.58.47:065][  0]LogPakFile: PakFile PathHashIndexSize=101
[2022.03.19-15.58.47:065][  0]LogPakFile: PakFile FullDirectoryIndexSize=142
[2022.03.19-15.58.47:065][  0]LogShaderLibrary: Display: ShaderCodeLibraryPakFileMountedCallback: PakFile 'C:/Program Files/Epic Games/UE_4.27/FeaturePacks/TP_FlyingBP.upack' (chunk index -1, root 'root:/') mounted
[2022.03.19-15.58.47:065][  0]LogShaderLibrary: Display: ShaderCodeLibraryPakFileMountedCallback: pending pak file info (ChunkID:-1 Root:root:/ File:C:/Program Files/Epic Games/UE_4.27/FeaturePacks/TP_FlyingBP.upack)
[2022.03.19-15.58.47:066][  0]LogPakFile: OnPakFileMounted2Time == 0.000411
[2022.03.19-15.58.47:083][  0]LogPakFile: PakFile PrimaryIndexSize=188
[2022.03.19-15.58.47:083][  0]LogPakFile: PakFile PathHashIndexSize=101
[2022.03.19-15.58.47:084][  0]LogPakFile: PakFile FullDirectoryIndexSize=150
[2022.03.19-15.58.47:084][  0]LogShaderLibrary: Display: ShaderCodeLibraryPakFileMountedCallback: PakFile 'C:/Program Files/Epic Games/UE_4.27/FeaturePacks/TP_HandheldARBP.upack' (chunk index -1, root 'root:/') mounted
[2022.03.19-15.58.47:084][  0]LogShaderLibrary: Display: ShaderCodeLibraryPakFileMountedCallback: pending pak file info (ChunkID:-1 Root:root:/ File:C:/Program Files/Epic Games/UE_4.27/FeaturePacks/TP_HandheldARBP.upack)
[2022.03.19-15.58.47:084][  0]LogPakFile: OnPakFileMounted2Time == 0.000372
[2022.03.19-15.58.47:102][  0]LogPakFile: PakFile PrimaryIndexSize=182
[2022.03.19-15.58.47:102][  0]LogPakFile: PakFile PathHashIndexSize=101
[2022.03.19-15.58.47:102][  0]LogPakFile: PakFile FullDirectoryIndexSize=138
[2022.03.19-15.58.47:102][  0]LogShaderLibrary: Display: ShaderCodeLibraryPakFileMountedCallback: PakFile 'C:/Program Files/Epic Games/UE_4.27/FeaturePacks/TP_Puzzle.upack' (chunk index -1, root 'root:/') mounted
[2022.03.19-15.58.47:103][  0]LogShaderLibrary: Display: ShaderCodeLibraryPakFileMountedCallback: pending pak file info (ChunkID:-1 Root:root:/ File:C:/Program Files/Epic Games/UE_4.27/FeaturePacks/TP_Puzzle.upack)
[2022.03.19-15.58.47:103][  0]LogPakFile: OnPakFileMounted2Time == 0.000378
[2022.03.19-15.58.47:118][  0]LogPakFile: PakFile PrimaryIndexSize=184
[2022.03.19-15.58.47:118][  0]LogPakFile: PakFile PathHashIndexSize=101
[2022.03.19-15.58.47:118][  0]LogPakFile: PakFile FullDirectoryIndexSize=142
[2022.03.19-15.58.47:119][  0]LogShaderLibrary: Display: ShaderCodeLibraryPakFileMountedCallback: PakFile 'C:/Program Files/Epic Games/UE_4.27/FeaturePacks/TP_PuzzleBP.upack' (chunk index -1, root 'root:/') mounted
[2022.03.19-15.58.47:119][  0]LogShaderLibrary: Display: ShaderCodeLibraryPakFileMountedCallback: pending pak file info (ChunkID:-1 Root:root:/ File:C:/Program Files/Epic Games/UE_4.27/FeaturePacks/TP_PuzzleBP.upack)
[2022.03.19-15.58.47:119][  0]LogPakFile: OnPakFileMounted2Time == 0.000410
[2022.03.19-15.58.47:135][  0]LogPakFile: PakFile PrimaryIndexSize=183
[2022.03.19-15.58.47:135][  0]LogPakFile: PakFile PathHashIndexSize=101
[2022.03.19-15.58.47:135][  0]LogPakFile: PakFile FullDirectoryIndexSize=140
[2022.03.19-15.58.47:136][  0]LogShaderLibrary: Display: ShaderCodeLibraryPakFileMountedCallback: PakFile 'C:/Program Files/Epic Games/UE_4.27/FeaturePacks/TP_Rolling.upack' (chunk index -1, root 'root:/') mounted
[2022.03.19-15.58.47:136][  0]LogShaderLibrary: Display: ShaderCodeLibraryPakFileMountedCallback: pending pak file info (ChunkID:-1 Root:root:/ File:C:/Program Files/Epic Games/UE_4.27/FeaturePacks/TP_Rolling.upack)
[2022.03.19-15.58.47:136][  0]LogPakFile: OnPakFileMounted2Time == 0.000366
[2022.03.19-15.58.47:151][  0]LogPakFile: PakFile PrimaryIndexSize=185
[2022.03.19-15.58.47:151][  0]LogPakFile: PakFile PathHashIndexSize=101
[2022.03.19-15.58.47:151][  0]LogPakFile: PakFile FullDirectoryIndexSize=144
[2022.03.19-15.58.47:152][  0]LogShaderLibrary: Display: ShaderCodeLibraryPakFileMountedCallback: PakFile 'C:/Program Files/Epic Games/UE_4.27/FeaturePacks/TP_RollingBP.upack' (chunk index -1, root 'root:/') mounted
[2022.03.19-15.58.47:152][  0]LogShaderLibrary: Display: ShaderCodeLibraryPakFileMountedCallback: pending pak file info (ChunkID:-1 Root:root:/ File:C:/Program Files/Epic Games/UE_4.27/FeaturePacks/TP_RollingBP.upack)
[2022.03.19-15.58.47:152][  0]LogPakFile: OnPakFileMounted2Time == 0.000332
[2022.03.19-15.58.47:167][  0]LogPakFile: PakFile PrimaryIndexSize=188
[2022.03.19-15.58.47:168][  0]LogPakFile: PakFile PathHashIndexSize=101
[2022.03.19-15.58.47:168][  0]LogPakFile: PakFile FullDirectoryIndexSize=150
[2022.03.19-15.58.47:168][  0]LogShaderLibrary: Display: ShaderCodeLibraryPakFileMountedCallback: PakFile 'C:/Program Files/Epic Games/UE_4.27/FeaturePacks/TP_SideScroller.upack' (chunk index -1, root 'root:/') mounted
[2022.03.19-15.58.47:168][  0]LogShaderLibrary: Display: ShaderCodeLibraryPakFileMountedCallback: pending pak file info (ChunkID:-1 Root:root:/ File:C:/Program Files/Epic Games/UE_4.27/FeaturePacks/TP_SideScroller.upack)
[2022.03.19-15.58.47:168][  0]LogPakFile: OnPakFileMounted2Time == 0.000349
[2022.03.19-15.58.47:183][  0]LogPakFile: PakFile PrimaryIndexSize=190
[2022.03.19-15.58.47:183][  0]LogPakFile: PakFile PathHashIndexSize=101
[2022.03.19-15.58.47:183][  0]LogPakFile: PakFile FullDirectoryIndexSize=154
[2022.03.19-15.58.47:183][  0]LogShaderLibrary: Display: ShaderCodeLibraryPakFileMountedCallback: PakFile 'C:/Program Files/Epic Games/UE_4.27/FeaturePacks/TP_SideScrollerBP.upack' (chunk index -1, root 'root:/') mounted
[2022.03.19-15.58.47:184][  0]LogShaderLibrary: Display: ShaderCodeLibraryPakFileMountedCallback: pending pak file info (ChunkID:-1 Root:root:/ File:C:/Program Files/Epic Games/UE_4.27/FeaturePacks/TP_SideScrollerBP.upack)
[2022.03.19-15.58.47:184][  0]LogPakFile: OnPakFileMounted2Time == 0.000319
[2022.03.19-15.58.47:198][  0]LogPakFile: PakFile PrimaryIndexSize=187
[2022.03.19-15.58.47:199][  0]LogPakFile: PakFile PathHashIndexSize=101
[2022.03.19-15.58.47:199][  0]LogPakFile: PakFile FullDirectoryIndexSize=148
[2022.03.19-15.58.47:199][  0]LogShaderLibrary: Display: ShaderCodeLibraryPakFileMountedCallback: PakFile 'C:/Program Files/Epic Games/UE_4.27/FeaturePacks/TP_ThirdPerson.upack' (chunk index -1, root 'root:/') mounted
[2022.03.19-15.58.47:199][  0]LogShaderLibrary: Display: ShaderCodeLibraryPakFileMountedCallback: pending pak file info (ChunkID:-1 Root:root:/ File:C:/Program Files/Epic Games/UE_4.27/FeaturePacks/TP_ThirdPerson.upack)
[2022.03.19-15.58.47:199][  0]LogPakFile: OnPakFileMounted2Time == 0.000415
[2022.03.19-15.58.47:216][  0]LogPakFile: PakFile PrimaryIndexSize=189
[2022.03.19-15.58.47:217][  0]LogPakFile: PakFile PathHashIndexSize=101
[2022.03.19-15.58.47:217][  0]LogPakFile: PakFile FullDirectoryIndexSize=152
[2022.03.19-15.58.47:217][  0]LogShaderLibrary: Display: ShaderCodeLibraryPakFileMountedCallback: PakFile 'C:/Program Files/Epic Games/UE_4.27/FeaturePacks/TP_ThirdPersonBP.upack' (chunk index -1, root 'root:/') mounted
[2022.03.19-15.58.47:217][  0]LogShaderLibrary: Display: ShaderCodeLibraryPakFileMountedCallback: pending pak file info (ChunkID:-1 Root:root:/ File:C:/Program Files/Epic Games/UE_4.27/FeaturePacks/TP_ThirdPersonBP.upack)
[2022.03.19-15.58.47:217][  0]LogPakFile: OnPakFileMounted2Time == 0.000355
[2022.03.19-15.58.47:235][  0]LogPakFile: PakFile PrimaryIndexSize=183
[2022.03.19-15.58.47:235][  0]LogPakFile: PakFile PathHashIndexSize=101
[2022.03.19-15.58.47:235][  0]LogPakFile: PakFile FullDirectoryIndexSize=140
[2022.03.19-15.58.47:235][  0]LogShaderLibrary: Display: ShaderCodeLibraryPakFileMountedCallback: PakFile 'C:/Program Files/Epic Games/UE_4.27/FeaturePacks/TP_TopDown.upack' (chunk index -1, root 'root:/') mounted
[2022.03.19-15.58.47:236][  0]LogShaderLibrary: Display: ShaderCodeLibraryPakFileMountedCallback: pending pak file info (ChunkID:-1 Root:root:/ File:C:/Program Files/Epic Games/UE_4.27/FeaturePacks/TP_TopDown.upack)
[2022.03.19-15.58.47:236][  0]LogPakFile: OnPakFileMounted2Time == 0.000371
[2022.03.19-15.58.47:250][  0]LogPakFile: PakFile PrimaryIndexSize=185
[2022.03.19-15.58.47:251][  0]LogPakFile: PakFile PathHashIndexSize=101
[2022.03.19-15.58.47:251][  0]LogPakFile: PakFile FullDirectoryIndexSize=144
[2022.03.19-15.58.47:251][  0]LogShaderLibrary: Display: ShaderCodeLibraryPakFileMountedCallback: PakFile 'C:/Program Files/Epic Games/UE_4.27/FeaturePacks/TP_TopDownBP.upack' (chunk index -1, root 'root:/') mounted
[2022.03.19-15.58.47:251][  0]LogShaderLibrary: Display: ShaderCodeLibraryPakFileMountedCallback: pending pak file info (ChunkID:-1 Root:root:/ File:C:/Program Files/Epic Games/UE_4.27/FeaturePacks/TP_TopDownBP.upack)
[2022.03.19-15.58.47:251][  0]LogPakFile: OnPakFileMounted2Time == 0.000334
[2022.03.19-15.58.47:274][  0]LogPakFile: PakFile PrimaryIndexSize=185
[2022.03.19-15.58.47:275][  0]LogPakFile: PakFile PathHashIndexSize=101
[2022.03.19-15.58.47:275][  0]LogPakFile: PakFile FullDirectoryIndexSize=144
[2022.03.19-15.58.47:275][  0]LogShaderLibrary: Display: ShaderCodeLibraryPakFileMountedCallback: PakFile 'C:/Program Files/Epic Games/UE_4.27/FeaturePacks/TP_TwinStick.upack' (chunk index -1, root 'root:/') mounted
[2022.03.19-15.58.47:275][  0]LogShaderLibrary: Display: ShaderCodeLibraryPakFileMountedCallback: pending pak file info (ChunkID:-1 Root:root:/ File:C:/Program Files/Epic Games/UE_4.27/FeaturePacks/TP_TwinStick.upack)
[2022.03.19-15.58.47:275][  0]LogPakFile: OnPakFileMounted2Time == 0.000359
[2022.03.19-15.58.47:290][  0]LogPakFile: PakFile PrimaryIndexSize=187
[2022.03.19-15.58.47:290][  0]LogPakFile: PakFile PathHashIndexSize=101
[2022.03.19-15.58.47:290][  0]LogPakFile: PakFile FullDirectoryIndexSize=148
[2022.03.19-15.58.47:290][  0]LogShaderLibrary: Display: ShaderCodeLibraryPakFileMountedCallback: PakFile 'C:/Program Files/Epic Games/UE_4.27/FeaturePacks/TP_TwinStickBP.upack' (chunk index -1, root 'root:/') mounted
[2022.03.19-15.58.47:290][  0]LogShaderLibrary: Display: ShaderCodeLibraryPakFileMountedCallback: pending pak file info (ChunkID:-1 Root:root:/ File:C:/Program Files/Epic Games/UE_4.27/FeaturePacks/TP_TwinStickBP.upack)
[2022.03.19-15.58.47:290][  0]LogPakFile: OnPakFileMounted2Time == 0.000358
[2022.03.19-15.58.47:305][  0]LogPakFile: PakFile PrimaryIndexSize=183
[2022.03.19-15.58.47:305][  0]LogPakFile: PakFile PathHashIndexSize=101
[2022.03.19-15.58.47:305][  0]LogPakFile: PakFile FullDirectoryIndexSize=140
[2022.03.19-15.58.47:306][  0]LogShaderLibrary: Display: ShaderCodeLibraryPakFileMountedCallback: PakFile 'C:/Program Files/Epic Games/UE_4.27/FeaturePacks/TP_Vehicle.upack' (chunk index -1, root 'root:/') mounted
[2022.03.19-15.58.47:306][  0]LogShaderLibrary: Display: ShaderCodeLibraryPakFileMountedCallback: pending pak file info (ChunkID:-1 Root:root:/ File:C:/Program Files/Epic Games/UE_4.27/FeaturePacks/TP_Vehicle.upack)
[2022.03.19-15.58.47:306][  0]LogPakFile: OnPakFileMounted2Time == 0.000307
[2022.03.19-15.58.47:320][  0]LogPakFile: PakFile PrimaryIndexSize=186
[2022.03.19-15.58.47:320][  0]LogPakFile: PakFile PathHashIndexSize=101
[2022.03.19-15.58.47:320][  0]LogPakFile: PakFile FullDirectoryIndexSize=146
[2022.03.19-15.58.47:320][  0]LogShaderLibrary: Display: ShaderCodeLibraryPakFileMountedCallback: PakFile 'C:/Program Files/Epic Games/UE_4.27/FeaturePacks/TP_VehicleAdv.upack' (chunk index -1, root 'root:/') mounted
[2022.03.19-15.58.47:320][  0]LogShaderLibrary: Display: ShaderCodeLibraryPakFileMountedCallback: pending pak file info (ChunkID:-1 Root:root:/ File:C:/Program Files/Epic Games/UE_4.27/FeaturePacks/TP_VehicleAdv.upack)
[2022.03.19-15.58.47:321][  0]LogPakFile: OnPakFileMounted2Time == 0.000262
[2022.03.19-15.58.47:334][  0]LogPakFile: PakFile PrimaryIndexSize=188
[2022.03.19-15.58.47:335][  0]LogPakFile: PakFile PathHashIndexSize=101
[2022.03.19-15.58.47:335][  0]LogPakFile: PakFile FullDirectoryIndexSize=150
[2022.03.19-15.58.47:335][  0]LogShaderLibrary: Display: ShaderCodeLibraryPakFileMountedCallback: PakFile 'C:/Program Files/Epic Games/UE_4.27/FeaturePacks/TP_VehicleAdvBP.upack' (chunk index -1, root 'root:/') mounted
[2022.03.19-15.58.47:335][  0]LogShaderLibrary: Display: ShaderCodeLibraryPakFileMountedCallback: pending pak file info (ChunkID:-1 Root:root:/ File:C:/Program Files/Epic Games/UE_4.27/FeaturePacks/TP_VehicleAdvBP.upack)
[2022.03.19-15.58.47:335][  0]LogPakFile: OnPakFileMounted2Time == 0.000281
[2022.03.19-15.58.47:349][  0]LogPakFile: PakFile PrimaryIndexSize=185
[2022.03.19-15.58.47:349][  0]LogPakFile: PakFile PathHashIndexSize=101
[2022.03.19-15.58.47:349][  0]LogPakFile: PakFile FullDirectoryIndexSize=144
[2022.03.19-15.58.47:349][  0]LogShaderLibrary: Display: ShaderCodeLibraryPakFileMountedCallback: PakFile 'C:/Program Files/Epic Games/UE_4.27/FeaturePacks/TP_VehicleBP.upack' (chunk index -1, root 'root:/') mounted
[2022.03.19-15.58.47:350][  0]LogShaderLibrary: Display: ShaderCodeLibraryPakFileMountedCallback: pending pak file info (ChunkID:-1 Root:root:/ File:C:/Program Files/Epic Games/UE_4.27/FeaturePacks/TP_VehicleBP.upack)
[2022.03.19-15.58.47:350][  0]LogPakFile: OnPakFileMounted2Time == 0.000356
[2022.03.19-15.58.47:364][  0]LogPakFile: PakFile PrimaryIndexSize=192
[2022.03.19-15.58.47:364][  0]LogPakFile: PakFile PathHashIndexSize=101
[2022.03.19-15.58.47:364][  0]LogPakFile: PakFile FullDirectoryIndexSize=158
[2022.03.19-15.58.47:365][  0]LogShaderLibrary: Display: ShaderCodeLibraryPakFileMountedCallback: PakFile 'C:/Program Files/Epic Games/UE_4.27/FeaturePacks/TP_VirtualRealityBP.upack' (chunk index -1, root 'root:/') mounted
[2022.03.19-15.58.47:365][  0]LogShaderLibrary: Display: ShaderCodeLibraryPakFileMountedCallback: pending pak file info (ChunkID:-1 Root:root:/ File:C:/Program Files/Epic Games/UE_4.27/FeaturePacks/TP_VirtualRealityBP.upack)
[2022.03.19-15.58.47:365][  0]LogPakFile: OnPakFileMounted2Time == 0.000347
[2022.03.19-15.58.47:963][  0]LogNativeClassHierarchy: Verbose: Native class hierarchy updated for 'AddContentDialog' in 0.0007 seconds. Added 0 classes and 0 folders.
[2022.03.19-15.58.47:967][  0]LogNativeClassHierarchy: Verbose: Native class hierarchy updated for 'SceneOutliner' in 0.0007 seconds. Added 2 classes and 0 folders.
[2022.03.19-15.58.48:033][  0]LogSlate: Took 0.000494 seconds to synchronously load lazily loaded font '../../../Engine/Content/Slate/Fonts/Roboto-Regular.ttf' (155K)
[2022.03.19-15.58.48:053][  0]LogSlate: Took 0.017378 seconds to synchronously load lazily loaded font '../../../Engine/Content/Editor/Slate/Fonts/FontAwesome.ttf' (139K)
[2022.03.19-15.58.48:059][  0]LogSlate: Took 0.000456 seconds to synchronously load lazily loaded font '../../../Engine/Content/Slate/Fonts/Roboto-Bold.ttf' (160K)
[2022.03.19-15.58.48:355][  0]LogRenderer: Reallocating scene render targets to support 964x432 Format 10 NumSamples 1 (Frame:1).
[2022.03.19-15.58.48:607][  0]LogNativeClassHierarchy: Verbose: Native class hierarchy updated for 'HierarchicalLODOutliner' in 0.0007 seconds. Added 0 classes and 0 folders.
[2022.03.19-15.58.48:607][  0]LogLoad: (Engine Initialization) Total time: 54.21 seconds
[2022.03.19-15.58.48:607][  0]LogLoad: (Engine Initialization) Total Blueprint compile time: 0.00 seconds
[2022.03.19-15.58.48:691][  0]LogContentStreaming: Texture pool size now 1000 MB
[2022.03.19-15.58.48:770][  1]LogAssetRegistry: Asset discovery search completed in 30.0137 seconds
[2022.03.19-15.58.48:840][  1]LogCollectionManager: Fixed up redirectors for 0 collections in 0.000007 seconds (updated 0 objects)
