Log file open, 03/18/22 23:13:20
LogWindows: Failed to load 'aqProf.dll' (GetLastError=126)
LogWindows: File 'aqProf.dll' does not exist
LogWindows: Failed to load 'VtuneApi.dll' (GetLastError=126)
LogWindows: File 'VtuneApi.dll' does not exist
LogWindows: Failed to load 'VtuneApi32e.dll' (GetLastError=126)
LogWindows: File 'VtuneApi32e.dll' does not exist
LogConsoleResponse: Display: Failed to find resolution value strings in scalability ini. Falling back to default.
LogConsoleResponse: Display: Failed to find resolution value strings in scalability ini. Falling back to default.
LogInit: Display: Running engine for game: Aidan
LogPlatformFile: Not using cached read wrapper
LogTaskGraph: Started task graph with 5 named threads and 23 total threads with 3 sets of task threads.
LogStats: Stats thread started at 0.706167
LogICUInternationalization: ICU TimeZone Detection - Raw Offset: -6:00, Platform Override: ''
LogInit: Display: Loading text-based GConfig....
LogPluginManager: Mounting plugin MeshPainting
LogPluginManager: Mounting plugin XGEController
LogPluginManager: Mounting plugin Paper2D
LogPluginManager: Mounting plugin LightPropagationVolume
LogPluginManager: Mounting plugin LiveLink
LogPluginManager: Mounting plugin CameraShakePreviewer
LogPluginManager: Mounting plugin AssetManagerEditor
LogPluginManager: Mounting plugin CryptoKeys
LogPluginManager: Mounting plugin GameplayCameras
LogPluginManager: Mounting plugin DataValidation
LogPluginManager: Mounting plugin CurveEditorTools
LogPluginManager: Mounting plugin GameplayTagsEditor
LogPluginManager: Mounting plugin GeometryMode
LogPluginManager: Mounting plugin MacGraphicsSwitching
LogPluginManager: Mounting plugin MaterialAnalyzer
LogPluginManager: Mounting plugin MobileLauncherProfileWizard
LogPluginManager: Mounting plugin PluginBrowser
LogPluginManager: Mounting plugin AnimationSharing
LogPluginManager: Mounting plugin FacialAnimation
LogPluginManager: Mounting plugin SpeedTreeImporter
LogPluginManager: Mounting plugin CLionSourceCodeAccess
LogPluginManager: Mounting plugin CodeLiteSourceCodeAccess
LogPluginManager: Mounting plugin DatasmithContent
LogPluginManager: Mounting plugin GitSourceControl
LogPluginManager: Mounting plugin NullSourceCodeAccess
LogPluginManager: Mounting plugin KDevelopSourceCodeAccess
LogPluginManager: Mounting plugin PixWinPlugin
LogPluginManager: Mounting plugin PlasticSourceControl
LogPluginManager: Mounting plugin PerforceSourceControl
LogPluginManager: Mounting plugin PluginUtils
LogPluginManager: Mounting plugin VariantManagerContent
LogPluginManager: Mounting plugin PropertyAccessNode
LogPluginManager: Mounting plugin RiderSourceCodeAccess
LogPluginManager: Mounting plugin SubversionSourceControl
LogPluginManager: Mounting plugin TextureFormatOodle
LogPluginManager: Mounting plugin UObjectPlugin
LogPluginManager: Mounting plugin XCodeSourceCodeAccess
LogPluginManager: Mounting plugin VisualStudioSourceCodeAccess
LogPluginManager: Mounting plugin Niagara
LogPluginManager: Mounting plugin AlembicImporter
LogPluginManager: Mounting plugin AutomationUtils
LogPluginManager: Mounting plugin VisualStudioCodeSourceCodeAccess
LogPluginManager: Mounting plugin BackChannel
LogPluginManager: Mounting plugin ChaosCloth
LogPluginManager: Mounting plugin ChaosNiagara
LogPluginManager: Mounting plugin ChaosClothEditor
LogPluginManager: Mounting plugin ChaosEditor
LogPluginManager: Mounting plugin LuminPlatformFeatures
LogPluginManager: Mounting plugin MagicLeap
LogPluginManager: Mounting plugin CharacterAI
LogPluginManager: Mounting plugin ChaosSolverPlugin
LogPluginManager: Mounting plugin MagicLeapLightEstimation
LogPluginManager: Mounting plugin GeometryCache
LogPluginManager: Mounting plugin MagicLeapMedia
LogPluginManager: Mounting plugin GeometryCollectionPlugin
LogPluginManager: Mounting plugin MagicLeapPassableWorld
LogPluginManager: Mounting plugin GeometryProcessing
LogPluginManager: Mounting plugin MLSDK
LogPluginManager: Mounting plugin MotoSynth
LogPluginManager: Mounting plugin OpenImageDenoise
LogPluginManager: Mounting plugin PlatformCrypto
LogPluginManager: Mounting plugin PlanarCut
LogPluginManager: Mounting plugin ProxyLODPlugin
LogPluginManager: Mounting plugin PythonScriptPlugin
LogPluginManager: Mounting plugin SkeletalReduction
LogPluginManager: Mounting plugin AndroidMedia
LogPluginManager: Mounting plugin AvfMedia
LogPluginManager: Mounting plugin ImgMedia
LogPluginManager: Mounting plugin MediaCompositing
LogPluginManager: Mounting plugin MediaPlayerEditor
LogPluginManager: Mounting plugin WebMMedia
LogPluginManager: Mounting plugin ActorSequence
LogPluginManager: Mounting plugin WmfMedia
LogPluginManager: Mounting plugin LevelSequenceEditor
LogPluginManager: Mounting plugin MatineeToLevelSequence
LogPluginManager: Mounting plugin TemplateSequence
LogPluginManager: Mounting plugin TcpMessaging
LogPluginManager: Mounting plugin UdpMessaging
LogPluginManager: Mounting plugin OnlineSubsystem
LogPluginManager: Mounting plugin OnlineSubsystemNull
LogPluginManager: Mounting plugin OnlineSubsystemUtils
LogPluginManager: Mounting plugin LauncherChunkInstaller
LogPluginManager: Mounting plugin ActorLayerUtilities
LogPluginManager: Mounting plugin AndroidDeviceProfileSelector
LogPluginManager: Mounting plugin AndroidPermission
LogPluginManager: Mounting plugin AndroidMoviePlayer
LogPluginManager: Mounting plugin AppleMoviePlayer
LogPluginManager: Mounting plugin AppleImageUtils
LogPluginManager: Mounting plugin ArchVisCharacter
LogPluginManager: Mounting plugin AudioCapture
LogPluginManager: Mounting plugin AssetTags
LogPluginManager: Mounting plugin CableComponent
LogPluginManager: Mounting plugin AudioSynesthesia
LogPluginManager: Mounting plugin ChunkDownloader
LogPluginManager: Mounting plugin EditableMesh
LogPluginManager: Mounting plugin ExampleDeviceProfileSelector
LogPluginManager: Mounting plugin CustomMeshComponent
LogPluginManager: Mounting plugin GoogleCloudMessaging
LogPluginManager: Mounting plugin GooglePAD
LogPluginManager: Mounting plugin ScreenshotTools
LogPluginManager: Mounting plugin LinuxDeviceProfileSelector
LogPluginManager: Mounting plugin IOSDeviceProfileSelector
LogPluginManager: Mounting plugin LocationServicesBPLibrary
LogPluginManager: Mounting plugin MobilePatchingUtils
LogPluginManager: Mounting plugin OpenXR
LogPluginManager: Mounting plugin OpenXRHandTracking
LogPluginManager: Mounting plugin OpenXREyeTracker
LogPluginManager: Mounting plugin PhysXVehicles
LogPluginManager: Mounting plugin PostSplashScreen
LogPluginManager: Mounting plugin ProceduralMeshComponent
LogPluginManager: Mounting plugin PropertyAccessEditor
LogPluginManager: Mounting plugin RuntimePhysXCooking
LogPluginManager: Mounting plugin SignificanceManager
LogPluginManager: Mounting plugin SoundFields
LogPluginManager: Mounting plugin Synthesis
LogPluginManager: Mounting plugin WebMMoviePlayer
LogPluginManager: Mounting plugin Takes
LogPluginManager: Mounting plugin AISupport
LogPluginManager: Mounting plugin WindowsMoviePlayer
LogPluginManager: Mounting plugin EnvironmentQueryEditor
LogPluginManager: Mounting plugin OodleData
LogPluginManager: Mounting plugin OodleNetwork
LogPluginManager: Mounting plugin ContentBrowserAssetDataSource
LogPluginManager: Mounting plugin ContentBrowserClassDataSource
LogPluginManager: Mounting plugin ContentBrowserFileDataSource
LogPluginManager: Mounting plugin OnlineSubsystemGooglePlay
LogPluginManager: Mounting plugin OnlineSubsystemIOS
LogPluginManager: Mounting plugin OculusVR
LogPluginManager: Mounting plugin SteamVR
PixWinPlugin: PIX capture plugin failed to initialize! Check that the process is launched from PIX.
LogInit: Using libcurl 7.55.1-DEV
LogInit:  - built for x86_64-pc-win32
LogInit:  - supports SSL with OpenSSL/1.1.1
LogInit:  - supports HTTP deflate (compression) using libz 1.2.8
LogInit:  - other features:
LogInit:      CURL_VERSION_SSL
LogInit:      CURL_VERSION_LIBZ
LogInit:      CURL_VERSION_IPV6
LogInit:      CURL_VERSION_ASYNCHDNS
LogInit:      CURL_VERSION_LARGEFILE
LogInit:      CURL_VERSION_IDN
LogInit:  CurlRequestOptions (configurable via config and command line):
LogInit:  - bVerifyPeer = true  - Libcurl will verify peer certificate
LogInit:  - bUseHttpProxy = false  - Libcurl will NOT use HTTP proxy
LogInit:  - bDontReuseConnections = false  - Libcurl will reuse connections
LogInit:  - MaxHostConnections = 16  - Libcurl will limit the number of connections to a host
LogInit:  - LocalHostAddr = Default
LogInit:  - BufferSize = 65536
LogOnline: OSS: Creating online subsystem instance for: NULL
LogInit: WinSock: version 1.1 (2.2), MaxSocks=32767, MaxUdp=65467
LogOnline: OSS: TryLoadSubsystemAndSetDefault: Loaded subsystem for module [NULL]
LogOculusPluginWrapper: OculusPlugin initialized successfully
LogHMD: Failed initializing OVRPlugin 1.59.0
LogInit: Build: ++UE4+Release-4.27-CL-18319896
LogInit: Engine Version: 4.27.2-18319896+++UE4+Release-4.27
LogInit: Compatible Engine Version: 4.27.0-17155196+++UE4+Release-4.27
LogInit: Net CL: 17155196
LogInit: OS: Windows 10 (Release 2009) (), CPU: AMD Ryzen 7 3700U with Radeon Vega Mobile Gfx  , GPU: AMD Radeon(TM) RX Vega 10 Graphics
LogInit: Compiled (64-bit): Nov 30 2021 07:12:08
LogInit: Compiled with Visual C++: 19.24.28315.00
LogInit: Build Configuration: Development
LogInit: Branch Name: ++UE4+Release-4.27
LogInit: Command Line:  -skipcompile
LogInit: Base Directory: C:/Program Files/Epic Games/UE_4.27/Engine/Binaries/Win64/
LogInit: Allocator: TBB
LogInit: Installed Engine Build: 1
LogDevObjectVersion: Number of dev versions registered: 29
LogDevObjectVersion:   Dev-Blueprints (B0D832E4-1F89-4F0D-ACCF-7EB736FD4AA2): 10
LogDevObjectVersion:   Dev-Build (E1C64328-A22C-4D53-A36C-8E866417BD8C): 0
LogDevObjectVersion:   Dev-Core (375EC13C-06E4-48FB-B500-84F0262A717E): 4
LogDevObjectVersion:   Dev-Editor (E4B068ED-F494-42E9-A231-DA0B2E46BB41): 40
LogDevObjectVersion:   Dev-Framework (CFFC743F-43B0-4480-9391-14DF171D2073): 37
LogDevObjectVersion:   Dev-Mobile (B02B49B5-BB20-44E9-A304-32B752E40360): 3
LogDevObjectVersion:   Dev-Networking (A4E4105C-59A1-49B5-A7C5-40C4547EDFEE): 0
LogDevObjectVersion:   Dev-Online (39C831C9-5AE6-47DC-9A44-9C173E1C8E7C): 0
LogDevObjectVersion:   Dev-Physics (78F01B33-EBEA-4F98-B9B4-84EACCB95AA2): 14
LogDevObjectVersion:   Dev-Platform (6631380F-2D4D-43E0-8009-CF276956A95A): 0
LogDevObjectVersion:   Dev-Rendering (12F88B9F-8875-4AFC-A67C-D90C383ABD29): 45
LogDevObjectVersion:   Dev-Sequencer (7B5AE74C-D270-4C10-A958-57980B212A5A): 13
LogDevObjectVersion:   Dev-VR (D7296918-1DD6-4BDD-9DE2-64A83CC13884): 3
LogDevObjectVersion:   Dev-LoadTimes (C2A15278-BFE7-4AFE-6C17-90FF531DF755): 1
LogDevObjectVersion:   Private-Geometry (6EACA3D4-40EC-4CC1-B786-8BED09428FC5): 3
LogDevObjectVersion:   Dev-AnimPhys (29E575DD-E0A3-4627-9D10-D276232CDCEA): 17
LogDevObjectVersion:   Dev-Anim (AF43A65D-7FD3-4947-9873-3E8ED9C1BB05): 15
LogDevObjectVersion:   Dev-ReflectionCapture (6B266CEC-1EC7-4B8F-A30B-E4D90942FC07): 1
LogDevObjectVersion:   Dev-Automation (0DF73D61-A23F-47EA-B727-89E90C41499A): 1
LogDevObjectVersion:   FortniteMain (601D1886-AC64-4F84-AA16-D3DE0DEAC7D6): 47
LogDevObjectVersion:   FortniteRelease (E7086368-6B23-4C58-8439-1B7016265E91): 1
LogDevObjectVersion:   Dev-Enterprise (9DFFBCD6-494F-0158-E221-12823C92A888): 10
LogDevObjectVersion:   Dev-Niagara (F2AED0AC-9AFE-416F-8664-AA7FFA26D6FC): 1
LogDevObjectVersion:   Dev-Destruction (174F1F0B-B4C6-45A5-B13F-2EE8D0FB917D): 10
LogDevObjectVersion:   Dev-Physics-Ext (35F94A83-E258-406C-A318-09F59610247C): 41
LogDevObjectVersion:   Dev-PhysicsMaterial-Chaos (B68FC16E-8B1B-42E2-B453-215C058844FE): 1
LogDevObjectVersion:   Dev-CineCamera (B2E18506-4273-CFC2-A54E-F4BB758BBA07): 1
LogDevObjectVersion:   Dev-VirtualProduction (64F58936-FD1B-42BA-BA96-7289D5D0FA4E): 1
LogDevObjectVersion:   Dev-MediaFramework (6F0ED827-A609-4895-9C91-998D90180EA4): 2
LogInit: Presizing for max 25165824 objects, including 0 objects not considered by GC, pre-allocating 0 bytes for permanent pool.
LogConfig: Applying CVar settings from Section [/Script/Engine.StreamingSettings] File [C:/Users/malik/OneDrive/Desktop/Software Engineering Capstone/Cstone/Aidan/Aidan/Saved/Config/Windows/Engine.ini]
LogConfig: Setting CVar [[s.MinBulkDataSizeForAsyncLoading:131072]]
LogConfig: Setting CVar [[s.AsyncLoadingThreadEnabled:0]]
LogConfig: Setting CVar [[s.EventDrivenLoaderEnabled:1]]
LogConfig: Setting CVar [[s.WarnIfTimeLimitExceeded:0]]
LogConfig: Setting CVar [[s.TimeLimitExceededMultiplier:1.5]]
LogConfig: Setting CVar [[s.TimeLimitExceededMinTime:0.005]]
LogConfig: Setting CVar [[s.UseBackgroundLevelStreaming:1]]
LogConfig: Setting CVar [[s.PriorityAsyncLoadingExtraTime:15.0]]
LogConfig: Setting CVar [[s.LevelStreamingActorsUpdateTimeLimit:5.0]]
LogConfig: Setting CVar [[s.PriorityLevelStreamingActorsUpdateExtraTime:5.0]]
LogConfig: Setting CVar [[s.LevelStreamingComponentsRegistrationGranularity:10]]
LogConfig: Setting CVar [[s.UnregisterComponentsTimeLimit:1.0]]
LogConfig: Setting CVar [[s.LevelStreamingComponentsUnregistrationGranularity:5]]
LogConfig: Setting CVar [[s.FlushStreamingOnExit:1]]
LogInit: Object subsystem initialized
LogConfig: Setting CVar [[con.DebugEarlyDefault:1]]
LogConfig: Setting CVar [[r.setres:1280x720]]
[2022.03.19-04.13.22:494][  0]LogConfig: Setting CVar [[r.VSync:0]]
[2022.03.19-04.13.22:494][  0]LogConfig: Setting CVar [[r.RHICmdBypass:0]]
[2022.03.19-04.13.22:494][  0]LogConfig: Applying CVar settings from Section [/Script/Engine.RendererSettings] File [C:/Users/malik/OneDrive/Desktop/Software Engineering Capstone/Cstone/Aidan/Aidan/Saved/Config/Windows/Engine.ini]
[2022.03.19-04.13.22:494][  0]LogConfig: Setting CVar [[r.GPUCrashDebugging:0]]
[2022.03.19-04.13.22:494][  0]LogConfig: Applying CVar settings from Section [/Script/Engine.RendererOverrideSettings] File [C:/Users/malik/OneDrive/Desktop/Software Engineering Capstone/Cstone/Aidan/Aidan/Saved/Config/Windows/Engine.ini]
[2022.03.19-04.13.22:494][  0]LogConfig: Applying CVar settings from Section [/Script/Engine.StreamingSettings] File [C:/Users/malik/OneDrive/Desktop/Software Engineering Capstone/Cstone/Aidan/Aidan/Saved/Config/Windows/Engine.ini]
[2022.03.19-04.13.22:494][  0]LogConfig: Setting CVar [[s.MinBulkDataSizeForAsyncLoading:131072]]
[2022.03.19-04.13.22:494][  0]LogConfig: Setting CVar [[s.AsyncLoadingThreadEnabled:0]]
[2022.03.19-04.13.22:495][  0]LogConfig: Setting CVar [[s.EventDrivenLoaderEnabled:1]]
[2022.03.19-04.13.22:495][  0]LogConfig: Setting CVar [[s.WarnIfTimeLimitExceeded:0]]
[2022.03.19-04.13.22:495][  0]LogConfig: Setting CVar [[s.TimeLimitExceededMultiplier:1.5]]
[2022.03.19-04.13.22:495][  0]LogConfig: Setting CVar [[s.TimeLimitExceededMinTime:0.005]]
[2022.03.19-04.13.22:495][  0]LogConfig: Setting CVar [[s.UseBackgroundLevelStreaming:1]]
[2022.03.19-04.13.22:495][  0]LogConfig: Setting CVar [[s.PriorityAsyncLoadingExtraTime:15.0]]
[2022.03.19-04.13.22:495][  0]LogConfig: Setting CVar [[s.LevelStreamingActorsUpdateTimeLimit:5.0]]
[2022.03.19-04.13.22:495][  0]LogConfig: Setting CVar [[s.PriorityLevelStreamingActorsUpdateExtraTime:5.0]]
[2022.03.19-04.13.22:495][  0]LogConfig: Setting CVar [[s.LevelStreamingComponentsRegistrationGranularity:10]]
[2022.03.19-04.13.22:495][  0]LogConfig: Setting CVar [[s.UnregisterComponentsTimeLimit:1.0]]
[2022.03.19-04.13.22:495][  0]LogConfig: Setting CVar [[s.LevelStreamingComponentsUnregistrationGranularity:5]]
[2022.03.19-04.13.22:495][  0]LogConfig: Setting CVar [[s.FlushStreamingOnExit:1]]
[2022.03.19-04.13.22:496][  0]LogConfig: Applying CVar settings from Section [/Script/Engine.GarbageCollectionSettings] File [C:/Users/malik/OneDrive/Desktop/Software Engineering Capstone/Cstone/Aidan/Aidan/Saved/Config/Windows/Engine.ini]
[2022.03.19-04.13.22:496][  0]LogConfig: Setting CVar [[gc.MaxObjectsNotConsideredByGC:1]]
[2022.03.19-04.13.22:496][  0]LogConfig: Setting CVar [[gc.SizeOfPermanentObjectPool:0]]
[2022.03.19-04.13.22:496][  0]LogConfig: Setting CVar [[gc.FlushStreamingOnGC:0]]
[2022.03.19-04.13.22:496][  0]LogConfig: Setting CVar [[gc.NumRetriesBeforeForcingGC:10]]
[2022.03.19-04.13.22:496][  0]LogConfig: Setting CVar [[gc.AllowParallelGC:1]]
[2022.03.19-04.13.22:496][  0]LogConfig: Setting CVar [[gc.TimeBetweenPurgingPendingKillObjects:61.1]]
[2022.03.19-04.13.22:496][  0]LogConfig: Setting CVar [[gc.MaxObjectsInEditor:25165824]]
[2022.03.19-04.13.22:496][  0]LogConfig: Setting CVar [[gc.IncrementalBeginDestroyEnabled:1]]
[2022.03.19-04.13.22:497][  0]LogConfig: Setting CVar [[gc.CreateGCClusters:1]]
[2022.03.19-04.13.22:497][  0]LogConfig: Setting CVar [[gc.MinGCClusterSize:5]]
[2022.03.19-04.13.22:497][  0]LogConfig: Setting CVar [[gc.ActorClusteringEnabled:0]]
[2022.03.19-04.13.22:497][  0]LogConfig: Setting CVar [[gc.BlueprintClusteringEnabled:0]]
[2022.03.19-04.13.22:497][  0]LogConfig: Setting CVar [[gc.UseDisregardForGCOnDedicatedServers:0]]
[2022.03.19-04.13.22:497][  0]LogConfig: Setting CVar [[gc.MultithreadedDestructionEnabled:1]]
[2022.03.19-04.13.22:497][  0]LogConfig: Applying CVar settings from Section [/Script/Engine.NetworkSettings] File [C:/Users/malik/OneDrive/Desktop/Software Engineering Capstone/Cstone/Aidan/Aidan/Saved/Config/Windows/Engine.ini]
[2022.03.19-04.13.22:497][  0]LogConfig: Applying CVar settings from Section [/Script/UnrealEd.CookerSettings] File [C:/Users/malik/OneDrive/Desktop/Software Engineering Capstone/Cstone/Aidan/Aidan/Saved/Config/Windows/Engine.ini]
[2022.03.19-04.13.22:527][  0]LogConfig: Applying CVar settings from Section [ViewDistanceQuality@3] File [C:/Users/malik/OneDrive/Desktop/Software Engineering Capstone/Cstone/Aidan/Aidan/Saved/Config/Windows/Scalability.ini]
[2022.03.19-04.13.22:527][  0]LogConfig: Setting CVar [[r.SkeletalMeshLODBias:0]]
[2022.03.19-04.13.22:528][  0]LogConfig: Setting CVar [[r.ViewDistanceScale:1.0]]
[2022.03.19-04.13.22:528][  0]LogConfig: Applying CVar settings from Section [AntiAliasingQuality@3] File [C:/Users/malik/OneDrive/Desktop/Software Engineering Capstone/Cstone/Aidan/Aidan/Saved/Config/Windows/Scalability.ini]
[2022.03.19-04.13.22:528][  0]LogConfig: Setting CVar [[r.PostProcessAAQuality:4]]
[2022.03.19-04.13.22:528][  0]LogConfig: Applying CVar settings from Section [ShadowQuality@3] File [C:/Users/malik/OneDrive/Desktop/Software Engineering Capstone/Cstone/Aidan/Aidan/Saved/Config/Windows/Scalability.ini]
[2022.03.19-04.13.22:528][  0]LogConfig: Setting CVar [[r.LightFunctionQuality:1]]
[2022.03.19-04.13.22:528][  0]LogConfig: Setting CVar [[r.ShadowQuality:5]]
[2022.03.19-04.13.22:528][  0]LogConfig: Setting CVar [[r.Shadow.CSM.MaxCascades:10]]
[2022.03.19-04.13.22:528][  0]LogConfig: Setting CVar [[r.Shadow.MaxResolution:2048]]
[2022.03.19-04.13.22:529][  0]LogConfig: Setting CVar [[r.Shadow.MaxCSMResolution:2048]]
[2022.03.19-04.13.22:529][  0]LogConfig: Setting CVar [[r.Shadow.RadiusThreshold:0.01]]
[2022.03.19-04.13.22:529][  0]LogConfig: Setting CVar [[r.Shadow.DistanceScale:1.0]]
[2022.03.19-04.13.22:529][  0]LogConfig: Setting CVar [[r.Shadow.CSM.TransitionScale:1.0]]
[2022.03.19-04.13.22:529][  0]LogConfig: Setting CVar [[r.Shadow.PreShadowResolutionFactor:1.0]]
[2022.03.19-04.13.22:529][  0]LogConfig: Setting CVar [[r.DistanceFieldShadowing:1]]
[2022.03.19-04.13.22:529][  0]LogConfig: Setting CVar [[r.DistanceFieldAO:1]]
[2022.03.19-04.13.22:529][  0]LogConfig: Setting CVar [[r.AOQuality:2]]
[2022.03.19-04.13.22:529][  0]LogConfig: Setting CVar [[r.VolumetricFog:1]]
[2022.03.19-04.13.22:529][  0]LogConfig: Setting CVar [[r.VolumetricFog.GridPixelSize:8]]
[2022.03.19-04.13.22:529][  0]LogConfig: Setting CVar [[r.VolumetricFog.GridSizeZ:128]]
[2022.03.19-04.13.22:530][  0]LogConfig: Setting CVar [[r.VolumetricFog.HistoryMissSupersampleCount:4]]
[2022.03.19-04.13.22:530][  0]LogConfig: Setting CVar [[r.LightMaxDrawDistanceScale:1]]
[2022.03.19-04.13.22:530][  0]LogConfig: Setting CVar [[r.CapsuleShadows:1]]
[2022.03.19-04.13.22:530][  0]LogConfig: Applying CVar settings from Section [PostProcessQuality@3] File [C:/Users/malik/OneDrive/Desktop/Software Engineering Capstone/Cstone/Aidan/Aidan/Saved/Config/Windows/Scalability.ini]
[2022.03.19-04.13.22:530][  0]LogConfig: Setting CVar [[r.MotionBlurQuality:4]]
[2022.03.19-04.13.22:530][  0]LogConfig: Setting CVar [[r.AmbientOcclusionMipLevelFactor:0.4]]
[2022.03.19-04.13.22:530][  0]LogConfig: Setting CVar [[r.AmbientOcclusionMaxQuality:100]]
[2022.03.19-04.13.22:530][  0]LogConfig: Setting CVar [[r.AmbientOcclusionLevels:-1]]
[2022.03.19-04.13.22:530][  0]LogConfig: Setting CVar [[r.AmbientOcclusionRadiusScale:1.0]]
[2022.03.19-04.13.22:531][  0]LogConfig: Setting CVar [[r.DepthOfFieldQuality:2]]
[2022.03.19-04.13.22:531][  0]LogConfig: Setting CVar [[r.RenderTargetPoolMin:400]]
[2022.03.19-04.13.22:531][  0]LogConfig: Setting CVar [[r.LensFlareQuality:2]]
[2022.03.19-04.13.22:531][  0]LogConfig: Setting CVar [[r.SceneColorFringeQuality:1]]
[2022.03.19-04.13.22:531][  0]LogConfig: Setting CVar [[r.EyeAdaptationQuality:2]]
[2022.03.19-04.13.22:531][  0]LogConfig: Setting CVar [[r.BloomQuality:5]]
[2022.03.19-04.13.22:531][  0]LogConfig: Setting CVar [[r.FastBlurThreshold:100]]
[2022.03.19-04.13.22:531][  0]LogConfig: Setting CVar [[r.Upscale.Quality:3]]
[2022.03.19-04.13.22:531][  0]LogConfig: Setting CVar [[r.Tonemapper.GrainQuantization:1]]
[2022.03.19-04.13.22:531][  0]LogConfig: Setting CVar [[r.LightShaftQuality:1]]
[2022.03.19-04.13.22:531][  0]LogConfig: Setting CVar [[r.Filter.SizeScale:1]]
[2022.03.19-04.13.22:532][  0]LogConfig: Setting CVar [[r.Tonemapper.Quality:5]]
[2022.03.19-04.13.22:532][  0]LogConfig: Setting CVar [[r.DOF.Gather.AccumulatorQuality:1        ; higher gathering accumulator quality]]
[2022.03.19-04.13.22:532][  0]LogConfig: Setting CVar [[r.DOF.Gather.PostfilterMethod:1          ; Median3x3 postfilering method]]
[2022.03.19-04.13.22:532][  0]LogConfig: Setting CVar [[r.DOF.Gather.EnableBokehSettings:0       ; no bokeh simulation when gathering]]
[2022.03.19-04.13.22:532][  0]LogConfig: Setting CVar [[r.DOF.Gather.RingCount:4                 ; medium number of samples when gathering]]
[2022.03.19-04.13.22:532][  0]LogConfig: Setting CVar [[r.DOF.Scatter.ForegroundCompositing:1    ; additive foreground scattering]]
[2022.03.19-04.13.22:532][  0]LogConfig: Setting CVar [[r.DOF.Scatter.BackgroundCompositing:2    ; additive background scattering]]
[2022.03.19-04.13.22:532][  0]LogConfig: Setting CVar [[r.DOF.Scatter.EnableBokehSettings:1      ; bokeh simulation when scattering]]
[2022.03.19-04.13.22:532][  0]LogConfig: Setting CVar [[r.DOF.Scatter.MaxSpriteRatio:0.1         ; only a maximum of 10% of scattered bokeh]]
[2022.03.19-04.13.22:533][  0]LogConfig: Setting CVar [[r.DOF.Recombine.Quality:1                ; cheap slight out of focus]]
[2022.03.19-04.13.22:533][  0]LogConfig: Setting CVar [[r.DOF.Recombine.EnableBokehSettings:0    ; no bokeh simulation on slight out of focus]]
[2022.03.19-04.13.22:533][  0]LogConfig: Setting CVar [[r.DOF.TemporalAAQuality:1                ; more stable temporal accumulation]]
[2022.03.19-04.13.22:533][  0]LogConfig: Setting CVar [[r.DOF.Kernel.MaxForegroundRadius:0.025]]
[2022.03.19-04.13.22:533][  0]LogConfig: Setting CVar [[r.DOF.Kernel.MaxBackgroundRadius:0.025]]
[2022.03.19-04.13.22:533][  0]LogConfig: Applying CVar settings from Section [TextureQuality@3] File [C:/Users/malik/OneDrive/Desktop/Software Engineering Capstone/Cstone/Aidan/Aidan/Saved/Config/Windows/Scalability.ini]
[2022.03.19-04.13.22:533][  0]LogConfig: Setting CVar [[r.Streaming.MipBias:0]]
[2022.03.19-04.13.22:533][  0]LogConfig: Setting CVar [[r.Streaming.AmortizeCPUToGPUCopy:0]]
[2022.03.19-04.13.22:533][  0]LogConfig: Setting CVar [[r.Streaming.MaxNumTexturesToStreamPerFrame:0]]
[2022.03.19-04.13.22:533][  0]LogConfig: Setting CVar [[r.Streaming.Boost:1]]
[2022.03.19-04.13.22:534][  0]LogConfig: Setting CVar [[r.MaxAnisotropy:8]]
[2022.03.19-04.13.22:534][  0]LogConfig: Setting CVar [[r.VT.MaxAnisotropy:8]]
[2022.03.19-04.13.22:534][  0]LogConfig: Setting CVar [[r.Streaming.LimitPoolSizeToVRAM:0]]
[2022.03.19-04.13.22:534][  0]LogConfig: Setting CVar [[r.Streaming.PoolSize:1000]]
[2022.03.19-04.13.22:534][  0]LogConfig: Setting CVar [[r.Streaming.MaxEffectiveScreenSize:0]]
[2022.03.19-04.13.22:534][  0]LogConfig: Applying CVar settings from Section [EffectsQuality@3] File [C:/Users/malik/OneDrive/Desktop/Software Engineering Capstone/Cstone/Aidan/Aidan/Saved/Config/Windows/Scalability.ini]
[2022.03.19-04.13.22:534][  0]LogConfig: Setting CVar [[r.TranslucencyLightingVolumeDim:64]]
[2022.03.19-04.13.22:534][  0]LogConfig: Setting CVar [[r.RefractionQuality:2]]
[2022.03.19-04.13.22:534][  0]LogConfig: Setting CVar [[r.SSR.Quality:3]]
[2022.03.19-04.13.22:534][  0]LogConfig: Setting CVar [[r.SSR.HalfResSceneColor:0]]
[2022.03.19-04.13.22:535][  0]LogConfig: Setting CVar [[r.SceneColorFormat:4]]
[2022.03.19-04.13.22:535][  0]LogConfig: Setting CVar [[r.DetailMode:2]]
[2022.03.19-04.13.22:535][  0]LogConfig: Setting CVar [[r.TranslucencyVolumeBlur:1]]
[2022.03.19-04.13.22:535][  0]LogConfig: Setting CVar [[r.MaterialQualityLevel:1 ; High quality]]
[2022.03.19-04.13.22:535][  0]LogConfig: Setting CVar [[r.AnisotropicMaterials:1]]
[2022.03.19-04.13.22:535][  0]LogConfig: Setting CVar [[r.SSS.Scale:1]]
[2022.03.19-04.13.22:535][  0]LogConfig: Setting CVar [[r.SSS.SampleSet:2]]
[2022.03.19-04.13.22:535][  0]LogConfig: Setting CVar [[r.SSS.Quality:1]]
[2022.03.19-04.13.22:535][  0]LogConfig: Setting CVar [[r.SSS.HalfRes:0]]
[2022.03.19-04.13.22:535][  0]LogConfig: Setting CVar [[r.SSGI.Quality:3]]
[2022.03.19-04.13.22:535][  0]LogConfig: Setting CVar [[r.EmitterSpawnRateScale:1.0]]
[2022.03.19-04.13.22:535][  0]LogConfig: Setting CVar [[r.ParticleLightQuality:2]]
[2022.03.19-04.13.22:535][  0]LogConfig: Setting CVar [[r.SkyAtmosphere.AerialPerspectiveLUT.FastApplyOnOpaque:1 ; Always have FastSkyLUT 1 in this case to avoid wrong sky]]
[2022.03.19-04.13.22:535][  0]LogConfig: Setting CVar [[r.SkyAtmosphere.AerialPerspectiveLUT.SampleCountMaxPerSlice:4]]
[2022.03.19-04.13.22:535][  0]LogConfig: Setting CVar [[r.SkyAtmosphere.AerialPerspectiveLUT.DepthResolution:16.0]]
[2022.03.19-04.13.22:536][  0]LogConfig: Setting CVar [[r.SkyAtmosphere.FastSkyLUT:1]]
[2022.03.19-04.13.22:536][  0]LogConfig: Setting CVar [[r.SkyAtmosphere.FastSkyLUT.SampleCountMin:4.0]]
[2022.03.19-04.13.22:536][  0]LogConfig: Setting CVar [[r.SkyAtmosphere.FastSkyLUT.SampleCountMax:128.0]]
[2022.03.19-04.13.22:536][  0]LogConfig: Setting CVar [[r.SkyAtmosphere.SampleCountMin:4.0]]
[2022.03.19-04.13.22:536][  0]LogConfig: Setting CVar [[r.SkyAtmosphere.SampleCountMax:128.0]]
[2022.03.19-04.13.22:536][  0]LogConfig: Setting CVar [[r.SkyAtmosphere.TransmittanceLUT.UseSmallFormat:0]]
[2022.03.19-04.13.22:536][  0]LogConfig: Setting CVar [[r.SkyAtmosphere.TransmittanceLUT.SampleCount:10.0]]
[2022.03.19-04.13.22:536][  0]LogConfig: Setting CVar [[r.SkyAtmosphere.MultiScatteringLUT.SampleCount:15.0]]
[2022.03.19-04.13.22:536][  0]LogConfig: Setting CVar [[r.SkyLight.RealTimeReflectionCapture:1]]
[2022.03.19-04.13.22:536][  0]LogConfig: Applying CVar settings from Section [FoliageQuality@3] File [C:/Users/malik/OneDrive/Desktop/Software Engineering Capstone/Cstone/Aidan/Aidan/Saved/Config/Windows/Scalability.ini]
[2022.03.19-04.13.22:537][  0]LogConfig: Setting CVar [[foliage.DensityScale:1.0]]
[2022.03.19-04.13.22:537][  0]LogConfig: Setting CVar [[grass.DensityScale:1.0]]
[2022.03.19-04.13.22:537][  0]LogConfig: Applying CVar settings from Section [ShadingQuality@3] File [C:/Users/malik/OneDrive/Desktop/Software Engineering Capstone/Cstone/Aidan/Aidan/Saved/Config/Windows/Scalability.ini]
[2022.03.19-04.13.22:537][  0]LogConfig: Setting CVar [[r.HairStrands.SkyLighting.IntegrationType:2]]
[2022.03.19-04.13.22:537][  0]LogConfig: Setting CVar [[r.HairStrands.SkyAO.SampleCount:4]]
[2022.03.19-04.13.22:537][  0]LogConfig: Setting CVar [[r.HairStrands.Visibility.MSAA.SamplePerPixel:4]]
[2022.03.19-04.13.22:537][  0]LogInit: Selected Device Profile: [Windows]
[2022.03.19-04.13.22:537][  0]LogInit: Applying CVar settings loaded from the selected device profile: [Windows]
[2022.03.19-04.13.22:537][  0]LogHAL: Display: Platform has ~ 10 GB [10672975872 / 17179869184 / 10], which maps to Default [LargestMinGB=32, LargerMinGB=12, DefaultMinGB=8, SmallerMinGB=6, SmallestMinGB=0)
[2022.03.19-04.13.22:538][  0]LogInit: Going up to parent DeviceProfile []
[2022.03.19-04.13.22:538][  0]LogConfig: Applying CVar settings from Section [ViewDistanceQuality@3] File [C:/Users/malik/OneDrive/Desktop/Software Engineering Capstone/Cstone/Aidan/Aidan/Saved/Config/Windows/Scalability.ini]
[2022.03.19-04.13.22:538][  0]LogConfig: Setting CVar [[r.SkeletalMeshLODBias:0]]
[2022.03.19-04.13.22:538][  0]LogConfig: Setting CVar [[r.ViewDistanceScale:1.0]]
[2022.03.19-04.13.22:538][  0]LogConfig: Applying CVar settings from Section [AntiAliasingQuality@3] File [C:/Users/malik/OneDrive/Desktop/Software Engineering Capstone/Cstone/Aidan/Aidan/Saved/Config/Windows/Scalability.ini]
[2022.03.19-04.13.22:538][  0]LogConfig: Setting CVar [[r.PostProcessAAQuality:4]]
[2022.03.19-04.13.22:538][  0]LogConfig: Applying CVar settings from Section [ShadowQuality@3] File [C:/Users/malik/OneDrive/Desktop/Software Engineering Capstone/Cstone/Aidan/Aidan/Saved/Config/Windows/Scalability.ini]
[2022.03.19-04.13.22:539][  0]LogConfig: Setting CVar [[r.LightFunctionQuality:1]]
[2022.03.19-04.13.22:539][  0]LogConfig: Setting CVar [[r.ShadowQuality:5]]
[2022.03.19-04.13.22:539][  0]LogConfig: Setting CVar [[r.Shadow.CSM.MaxCascades:10]]
[2022.03.19-04.13.22:539][  0]LogConfig: Setting CVar [[r.Shadow.MaxResolution:2048]]
[2022.03.19-04.13.22:539][  0]LogConfig: Setting CVar [[r.Shadow.MaxCSMResolution:2048]]
[2022.03.19-04.13.22:539][  0]LogConfig: Setting CVar [[r.Shadow.RadiusThreshold:0.01]]
[2022.03.19-04.13.22:539][  0]LogConfig: Setting CVar [[r.Shadow.DistanceScale:1.0]]
[2022.03.19-04.13.22:539][  0]LogConfig: Setting CVar [[r.Shadow.CSM.TransitionScale:1.0]]
[2022.03.19-04.13.22:539][  0]LogConfig: Setting CVar [[r.Shadow.PreShadowResolutionFactor:1.0]]
[2022.03.19-04.13.22:539][  0]LogConfig: Setting CVar [[r.DistanceFieldShadowing:1]]
[2022.03.19-04.13.22:539][  0]LogConfig: Setting CVar [[r.DistanceFieldAO:1]]
[2022.03.19-04.13.22:539][  0]LogConfig: Setting CVar [[r.AOQuality:2]]
[2022.03.19-04.13.22:539][  0]LogConfig: Setting CVar [[r.VolumetricFog:1]]
[2022.03.19-04.13.22:540][  0]LogConfig: Setting CVar [[r.VolumetricFog.GridPixelSize:8]]
[2022.03.19-04.13.22:540][  0]LogConfig: Setting CVar [[r.VolumetricFog.GridSizeZ:128]]
[2022.03.19-04.13.22:540][  0]LogConfig: Setting CVar [[r.VolumetricFog.HistoryMissSupersampleCount:4]]
[2022.03.19-04.13.22:540][  0]LogConfig: Setting CVar [[r.LightMaxDrawDistanceScale:1]]
[2022.03.19-04.13.22:540][  0]LogConfig: Setting CVar [[r.CapsuleShadows:1]]
[2022.03.19-04.13.22:540][  0]LogConfig: Applying CVar settings from Section [PostProcessQuality@3] File [C:/Users/malik/OneDrive/Desktop/Software Engineering Capstone/Cstone/Aidan/Aidan/Saved/Config/Windows/Scalability.ini]
[2022.03.19-04.13.22:540][  0]LogConfig: Setting CVar [[r.MotionBlurQuality:4]]
[2022.03.19-04.13.22:540][  0]LogConfig: Setting CVar [[r.AmbientOcclusionMipLevelFactor:0.4]]
[2022.03.19-04.13.22:540][  0]LogConfig: Setting CVar [[r.AmbientOcclusionMaxQuality:100]]
[2022.03.19-04.13.22:540][  0]LogConfig: Setting CVar [[r.AmbientOcclusionLevels:-1]]
[2022.03.19-04.13.22:540][  0]LogConfig: Setting CVar [[r.AmbientOcclusionRadiusScale:1.0]]
[2022.03.19-04.13.22:540][  0]LogConfig: Setting CVar [[r.DepthOfFieldQuality:2]]
[2022.03.19-04.13.22:540][  0]LogConfig: Setting CVar [[r.RenderTargetPoolMin:400]]
[2022.03.19-04.13.22:540][  0]LogConfig: Setting CVar [[r.LensFlareQuality:2]]
[2022.03.19-04.13.22:540][  0]LogConfig: Setting CVar [[r.SceneColorFringeQuality:1]]
[2022.03.19-04.13.22:540][  0]LogConfig: Setting CVar [[r.EyeAdaptationQuality:2]]
[2022.03.19-04.13.22:541][  0]LogConfig: Setting CVar [[r.BloomQuality:5]]
[2022.03.19-04.13.22:541][  0]LogConfig: Setting CVar [[r.FastBlurThreshold:100]]
[2022.03.19-04.13.22:541][  0]LogConfig: Setting CVar [[r.Upscale.Quality:3]]
[2022.03.19-04.13.22:541][  0]LogConfig: Setting CVar [[r.Tonemapper.GrainQuantization:1]]
[2022.03.19-04.13.22:541][  0]LogConfig: Setting CVar [[r.LightShaftQuality:1]]
[2022.03.19-04.13.22:541][  0]LogConfig: Setting CVar [[r.Filter.SizeScale:1]]
[2022.03.19-04.13.22:541][  0]LogConfig: Setting CVar [[r.Tonemapper.Quality:5]]
[2022.03.19-04.13.22:541][  0]LogConfig: Setting CVar [[r.DOF.Gather.AccumulatorQuality:1        ; higher gathering accumulator quality]]
[2022.03.19-04.13.22:541][  0]LogConfig: Setting CVar [[r.DOF.Gather.PostfilterMethod:1          ; Median3x3 postfilering method]]
[2022.03.19-04.13.22:541][  0]LogConfig: Setting CVar [[r.DOF.Gather.EnableBokehSettings:0       ; no bokeh simulation when gathering]]
[2022.03.19-04.13.22:542][  0]LogConfig: Setting CVar [[r.DOF.Gather.RingCount:4                 ; medium number of samples when gathering]]
[2022.03.19-04.13.22:542][  0]LogConfig: Setting CVar [[r.DOF.Scatter.ForegroundCompositing:1    ; additive foreground scattering]]
[2022.03.19-04.13.22:542][  0]LogConfig: Setting CVar [[r.DOF.Scatter.BackgroundCompositing:2    ; additive background scattering]]
[2022.03.19-04.13.22:542][  0]LogConfig: Setting CVar [[r.DOF.Scatter.EnableBokehSettings:1      ; bokeh simulation when scattering]]
[2022.03.19-04.13.22:542][  0]LogConfig: Setting CVar [[r.DOF.Scatter.MaxSpriteRatio:0.1         ; only a maximum of 10% of scattered bokeh]]
[2022.03.19-04.13.22:542][  0]LogConfig: Setting CVar [[r.DOF.Recombine.Quality:1                ; cheap slight out of focus]]
[2022.03.19-04.13.22:542][  0]LogConfig: Setting CVar [[r.DOF.Recombine.EnableBokehSettings:0    ; no bokeh simulation on slight out of focus]]
[2022.03.19-04.13.22:542][  0]LogConfig: Setting CVar [[r.DOF.TemporalAAQuality:1                ; more stable temporal accumulation]]
[2022.03.19-04.13.22:542][  0]LogConfig: Setting CVar [[r.DOF.Kernel.MaxForegroundRadius:0.025]]
[2022.03.19-04.13.22:542][  0]LogConfig: Setting CVar [[r.DOF.Kernel.MaxBackgroundRadius:0.025]]
[2022.03.19-04.13.22:542][  0]LogConfig: Applying CVar settings from Section [TextureQuality@3] File [C:/Users/malik/OneDrive/Desktop/Software Engineering Capstone/Cstone/Aidan/Aidan/Saved/Config/Windows/Scalability.ini]
[2022.03.19-04.13.22:542][  0]LogConfig: Setting CVar [[r.Streaming.MipBias:0]]
[2022.03.19-04.13.22:542][  0]LogConfig: Setting CVar [[r.Streaming.AmortizeCPUToGPUCopy:0]]
[2022.03.19-04.13.22:542][  0]LogConfig: Setting CVar [[r.Streaming.MaxNumTexturesToStreamPerFrame:0]]
[2022.03.19-04.13.22:542][  0]LogConfig: Setting CVar [[r.Streaming.Boost:1]]
[2022.03.19-04.13.22:543][  0]LogConfig: Setting CVar [[r.MaxAnisotropy:8]]
[2022.03.19-04.13.22:543][  0]LogConfig: Setting CVar [[r.VT.MaxAnisotropy:8]]
[2022.03.19-04.13.22:543][  0]LogConfig: Setting CVar [[r.Streaming.LimitPoolSizeToVRAM:0]]
[2022.03.19-04.13.22:543][  0]LogConfig: Setting CVar [[r.Streaming.PoolSize:1000]]
[2022.03.19-04.13.22:543][  0]LogConfig: Setting CVar [[r.Streaming.MaxEffectiveScreenSize:0]]
[2022.03.19-04.13.22:543][  0]LogConfig: Applying CVar settings from Section [EffectsQuality@3] File [C:/Users/malik/OneDrive/Desktop/Software Engineering Capstone/Cstone/Aidan/Aidan/Saved/Config/Windows/Scalability.ini]
[2022.03.19-04.13.22:543][  0]LogConfig: Setting CVar [[r.TranslucencyLightingVolumeDim:64]]
[2022.03.19-04.13.22:543][  0]LogConfig: Setting CVar [[r.RefractionQuality:2]]
[2022.03.19-04.13.22:543][  0]LogConfig: Setting CVar [[r.SSR.Quality:3]]
[2022.03.19-04.13.22:543][  0]LogConfig: Setting CVar [[r.SSR.HalfResSceneColor:0]]
[2022.03.19-04.13.22:543][  0]LogConfig: Setting CVar [[r.SceneColorFormat:4]]
[2022.03.19-04.13.22:544][  0]LogConfig: Setting CVar [[r.DetailMode:2]]
[2022.03.19-04.13.22:544][  0]LogConfig: Setting CVar [[r.TranslucencyVolumeBlur:1]]
[2022.03.19-04.13.22:544][  0]LogConfig: Setting CVar [[r.MaterialQualityLevel:1 ; High quality]]
[2022.03.19-04.13.22:544][  0]LogConfig: Setting CVar [[r.AnisotropicMaterials:1]]
[2022.03.19-04.13.22:544][  0]LogConfig: Setting CVar [[r.SSS.Scale:1]]
[2022.03.19-04.13.22:544][  0]LogConfig: Setting CVar [[r.SSS.SampleSet:2]]
[2022.03.19-04.13.22:544][  0]LogConfig: Setting CVar [[r.SSS.Quality:1]]
[2022.03.19-04.13.22:545][  0]LogConfig: Setting CVar [[r.SSS.HalfRes:0]]
[2022.03.19-04.13.22:545][  0]LogConfig: Setting CVar [[r.SSGI.Quality:3]]
[2022.03.19-04.13.22:545][  0]LogConfig: Setting CVar [[r.EmitterSpawnRateScale:1.0]]
[2022.03.19-04.13.22:545][  0]LogConfig: Setting CVar [[r.ParticleLightQuality:2]]
[2022.03.19-04.13.22:545][  0]LogConfig: Setting CVar [[r.SkyAtmosphere.AerialPerspectiveLUT.FastApplyOnOpaque:1 ; Always have FastSkyLUT 1 in this case to avoid wrong sky]]
[2022.03.19-04.13.22:545][  0]LogConfig: Setting CVar [[r.SkyAtmosphere.AerialPerspectiveLUT.SampleCountMaxPerSlice:4]]
[2022.03.19-04.13.22:545][  0]LogConfig: Setting CVar [[r.SkyAtmosphere.AerialPerspectiveLUT.DepthResolution:16.0]]
[2022.03.19-04.13.22:545][  0]LogConfig: Setting CVar [[r.SkyAtmosphere.FastSkyLUT:1]]
[2022.03.19-04.13.22:546][  0]LogConfig: Setting CVar [[r.SkyAtmosphere.FastSkyLUT.SampleCountMin:4.0]]
[2022.03.19-04.13.22:546][  0]LogConfig: Setting CVar [[r.SkyAtmosphere.FastSkyLUT.SampleCountMax:128.0]]
[2022.03.19-04.13.22:546][  0]LogConfig: Setting CVar [[r.SkyAtmosphere.SampleCountMin:4.0]]
[2022.03.19-04.13.22:546][  0]LogConfig: Setting CVar [[r.SkyAtmosphere.SampleCountMax:128.0]]
[2022.03.19-04.13.22:546][  0]LogConfig: Setting CVar [[r.SkyAtmosphere.TransmittanceLUT.UseSmallFormat:0]]
[2022.03.19-04.13.22:546][  0]LogConfig: Setting CVar [[r.SkyAtmosphere.TransmittanceLUT.SampleCount:10.0]]
[2022.03.19-04.13.22:546][  0]LogConfig: Setting CVar [[r.SkyAtmosphere.MultiScatteringLUT.SampleCount:15.0]]
[2022.03.19-04.13.22:546][  0]LogConfig: Setting CVar [[r.SkyLight.RealTimeReflectionCapture:1]]
[2022.03.19-04.13.22:547][  0]LogConfig: Applying CVar settings from Section [FoliageQuality@3] File [C:/Users/malik/OneDrive/Desktop/Software Engineering Capstone/Cstone/Aidan/Aidan/Saved/Config/Windows/Scalability.ini]
[2022.03.19-04.13.22:547][  0]LogConfig: Setting CVar [[foliage.DensityScale:1.0]]
[2022.03.19-04.13.22:547][  0]LogConfig: Setting CVar [[grass.DensityScale:1.0]]
[2022.03.19-04.13.22:547][  0]LogConfig: Applying CVar settings from Section [ShadingQuality@3] File [C:/Users/malik/OneDrive/Desktop/Software Engineering Capstone/Cstone/Aidan/Aidan/Saved/Config/Windows/Scalability.ini]
[2022.03.19-04.13.22:547][  0]LogConfig: Setting CVar [[r.HairStrands.SkyLighting.IntegrationType:2]]
[2022.03.19-04.13.22:547][  0]LogConfig: Setting CVar [[r.HairStrands.SkyAO.SampleCount:4]]
[2022.03.19-04.13.22:547][  0]LogConfig: Setting CVar [[r.HairStrands.Visibility.MSAA.SamplePerPixel:4]]
[2022.03.19-04.13.22:547][  0]LogConfig: Applying CVar settings from Section [Startup] File [../../../Engine/Config/ConsoleVariables.ini]
[2022.03.19-04.13.22:548][  0]LogConfig: Setting CVar [[net.UseAdaptiveNetUpdateFrequency:0]]
[2022.03.19-04.13.22:548][  0]LogConfig: Setting CVar [[p.chaos.AllowCreatePhysxBodies:1]]
[2022.03.19-04.13.22:548][  0]LogConfig: Setting CVar [[fx.SkipVectorVMBackendOptimizations:1]]
[2022.03.19-04.13.22:549][  0]LogConfig: Applying CVar settings from Section [ConsoleVariables] File [C:/Users/malik/OneDrive/Desktop/Software Engineering Capstone/Cstone/Aidan/Aidan/Saved/Config/Windows/Engine.ini]
[2022.03.19-04.13.22:549][  0]LogConfig: Applying CVar settings from Section [ConsoleVariables] File [C:/Users/malik/OneDrive/Desktop/Software Engineering Capstone/Cstone/Aidan/Aidan/Saved/Config/Windows/Editor.ini]
[2022.03.19-04.13.22:549][  0]LogInit: Computer: LAPTOP-LV1RKO7P
[2022.03.19-04.13.22:549][  0]LogInit: User: malik
[2022.03.19-04.13.22:549][  0]LogInit: CPU Page size=4096, Cores=4
[2022.03.19-04.13.22:549][  0]LogInit: High frequency timer resolution =10.000000 MHz
[2022.03.19-04.13.22:550][  0]LogMemory: Memory total: Physical=9.9GB (10GB approx)
[2022.03.19-04.13.22:550][  0]LogMemory: Platform Memory Stats for Windows
[2022.03.19-04.13.22:550][  0]LogMemory: Process Physical Memory: 142.62 MB used, 142.63 MB peak
[2022.03.19-04.13.22:550][  0]LogMemory: Process Virtual Memory: 124.57 MB used, 124.57 MB peak
[2022.03.19-04.13.22:550][  0]LogMemory: Physical Memory: 7828.06 MB used,  2350.48 MB free, 10178.54 MB total
[2022.03.19-04.13.22:550][  0]LogMemory: Virtual Memory: 134203056.00 MB used,  14674.39 MB free, 134217728.00 MB total
[2022.03.19-04.13.22:585][  0]LogWindows: WindowsPlatformFeatures enabled
[2022.03.19-04.13.22:928][  0]LogInit: Physics initialised using underlying interface: PhysX
[2022.03.19-04.13.22:932][  0]LogInit: Using OS detected language (en-US).
[2022.03.19-04.13.22:932][  0]LogInit: Using OS detected locale (en-US).
[2022.03.19-04.13.22:952][  0]LogTextLocalizationManager: No specific localization for 'en-US' exists, so the 'en' localization will be used.
[2022.03.19-04.13.23:422][  0]LogInit: Setting process to per monitor DPI aware
[2022.03.19-04.13.23:511][  0]LogWindowsTextInputMethodSystem: Display: IME system deactivated.
[2022.03.19-04.13.23:587][  0]LogSlate: New Slate User Created.  User Index 0, Is Virtual User: 0
[2022.03.19-04.13.23:587][  0]LogSlate: Slate User Registered.  User Index 0, Is Virtual User: 0
[2022.03.19-04.13.23:987][  0]LogD3D11RHI: Loaded GFSDK_Aftermath_Lib.x64.dll
[2022.03.19-04.13.24:000][  0]LogHMD: Failed to initialize OpenVR with code 110
[2022.03.19-04.13.24:000][  0]LogD3D11RHI: D3D11 min allowed feature level: 11_0
[2022.03.19-04.13.24:000][  0]LogD3D11RHI: D3D11 max allowed feature level: 11_0
[2022.03.19-04.13.24:000][  0]LogD3D11RHI: D3D11 adapters:
[2022.03.19-04.13.24:104][  0]LogD3D11RHI:    0. 'AMD Radeon(TM) RX Vega 10 Graphics' (Feature Level 11_0)
[2022.03.19-04.13.24:105][  0]LogD3D11RHI:       2034/0/5089 MB DedicatedVideo/DedicatedSystem/SharedSystem, Outputs:2, VendorId:0x1002
[2022.03.19-04.13.24:116][  0]LogD3D11RHI:    1. 'Microsoft Basic Render Driver' (Feature Level 11_0)
[2022.03.19-04.13.24:117][  0]LogD3D11RHI:       0/0/5089 MB DedicatedVideo/DedicatedSystem/SharedSystem, Outputs:0, VendorId:0x1414
[2022.03.19-04.13.24:117][  0]LogD3D11RHI: Chosen D3D11 Adapter:
[2022.03.19-04.13.24:117][  0]LogD3D11RHI:     Description : AMD Radeon(TM) RX Vega 10 Graphics
[2022.03.19-04.13.24:117][  0]LogD3D11RHI:     VendorId    : 1002
[2022.03.19-04.13.24:117][  0]LogD3D11RHI:     DeviceId    : 15d8
[2022.03.19-04.13.24:117][  0]LogD3D11RHI:     SubSysId    : 380217aa
[2022.03.19-04.13.24:117][  0]LogD3D11RHI:     Revision    : 00c1
[2022.03.19-04.13.24:117][  0]LogD3D11RHI:     DedicatedVideoMemory : 2133184512 bytes
[2022.03.19-04.13.24:117][  0]LogD3D11RHI:     DedicatedSystemMemory : 0 bytes
[2022.03.19-04.13.24:117][  0]LogD3D11RHI:     SharedSystemMemory : 5336487936 bytes
[2022.03.19-04.13.24:118][  0]LogD3D11RHI:     AdapterLuid : 0 48546
[2022.03.19-04.13.24:136][  0]LogD3D11RHI: Creating new Direct3DDevice
[2022.03.19-04.13.24:136][  0]LogD3D11RHI:     GPU DeviceId: 0x15d8 (for the marketing name, search the web for "GPU Device Id")
[2022.03.19-04.13.24:136][  0]LogWindows: EnumDisplayDevices:
[2022.03.19-04.13.24:137][  0]LogWindows:    0. 'AMD Radeon(TM) RX Vega 10 Graphics' (P:1 D:1)
[2022.03.19-04.13.24:138][  0]LogWindows:    1. 'AMD Radeon(TM) RX Vega 10 Graphics' (P:0 D:1)
[2022.03.19-04.13.24:139][  0]LogWindows:    2. 'AMD Radeon(TM) RX Vega 10 Graphics' (P:0 D:0)
[2022.03.19-04.13.24:140][  0]LogWindows:    3. 'AMD Radeon(TM) RX Vega 10 Graphics' (P:0 D:0)
[2022.03.19-04.13.24:141][  0]LogWindows: DebugString: FoundDriverCount:4 
[2022.03.19-04.13.24:141][  0]LogD3D11RHI:     Adapter Name: AMD Radeon(TM) RX Vega 10 Graphics
[2022.03.19-04.13.24:141][  0]LogD3D11RHI:   Driver Version: Adrenalin 20.10.36 (internal:27.20.11036.3, unified:27.20.11036.3)
[2022.03.19-04.13.24:141][  0]LogD3D11RHI:      Driver Date: 8-25-2020
[2022.03.19-04.13.24:142][  0]LogRHI: Texture pool is 4558 MB (70% of 6511 MB)
[2022.03.19-04.13.24:183][  0]LogD3D11RHI: Creating D3DDevice with AMD AGS, using adapter:
[2022.03.19-04.13.24:183][  0]LogD3D11RHI:     Description : AMD Radeon(TM) RX Vega 10 Graphics
[2022.03.19-04.13.24:183][  0]LogD3D11RHI:     VendorId    : 1002
[2022.03.19-04.13.24:183][  0]LogD3D11RHI:     DeviceId    : 15d8
[2022.03.19-04.13.24:183][  0]LogD3D11RHI:     SubSysId    : 380217aa
[2022.03.19-04.13.24:183][  0]LogD3D11RHI:     Revision    : 00c1
[2022.03.19-04.13.24:183][  0]LogD3D11RHI:     DedicatedVideoMemory : 2133184512 bytes
[2022.03.19-04.13.24:183][  0]LogD3D11RHI:     DedicatedSystemMemory : 0 bytes
[2022.03.19-04.13.24:184][  0]LogD3D11RHI:     SharedSystemMemory : 5336487936 bytes
[2022.03.19-04.13.24:184][  0]LogD3D11RHI:     AdapterLuid : 0 48546
[2022.03.19-04.13.24:262][  0]LogD3D11RHI: Created device via AGS, feature level 11_0, supported extensions 1fffffbf.
[2022.03.19-04.13.24:262][  0]LogD3D11RHI: RHI has support for 64 bit atomics
[2022.03.19-04.13.24:262][  0]LogD3D11RHI: Async texture creation enabled
[2022.03.19-04.13.24:262][  0]LogD3D11RHI: Array index from any shader is supported
[2022.03.19-04.13.24:283][  0]LogD3D11RHI: GPU Timing Frequency: 25.000000 (Debug: 2 1)
[2022.03.19-04.13.25:049][  0]LogTargetPlatformManager: Display: Loaded TargetPlatform 'AllDesktop'
[2022.03.19-04.13.25:124][  0]LogTargetPlatformManager: Display: Loaded TargetPlatform 'Android'
[2022.03.19-04.13.25:124][  0]LogTargetPlatformManager: Display: Loaded TargetPlatform 'Android_ASTC'
[2022.03.19-04.13.25:125][  0]LogTargetPlatformManager: Display: Loaded TargetPlatform 'Android_DXT'
[2022.03.19-04.13.25:125][  0]LogTargetPlatformManager: Display: Loaded TargetPlatform 'Android_ETC2'
[2022.03.19-04.13.25:125][  0]LogTargetPlatformManager: Display: Loaded TargetPlatform 'AndroidClient'
[2022.03.19-04.13.25:125][  0]LogTargetPlatformManager: Display: Loaded TargetPlatform 'Android_ASTCClient'
[2022.03.19-04.13.25:125][  0]LogTargetPlatformManager: Display: Loaded TargetPlatform 'Android_DXTClient'
[2022.03.19-04.13.25:125][  0]LogTargetPlatformManager: Display: Loaded TargetPlatform 'Android_ETC2Client'
[2022.03.19-04.13.25:125][  0]LogTargetPlatformManager: Display: Loaded TargetPlatform 'Android_Multi'
[2022.03.19-04.13.25:125][  0]LogTargetPlatformManager: Display: Loaded TargetPlatform 'Android_MultiClient'
[2022.03.19-04.13.25:197][  0]LogTargetPlatformManager: Display: Loaded TargetPlatform 'IOSClient'
[2022.03.19-04.13.25:197][  0]LogTargetPlatformManager: Display: Loaded TargetPlatform 'IOS'
[2022.03.19-04.13.25:242][  0]LogTargetPlatformManager: Display: Loaded TargetPlatform 'Linux'
[2022.03.19-04.13.25:263][  0]LogTargetPlatformManager: Display: Loaded TargetPlatform 'LinuxNoEditor'
[2022.03.19-04.13.25:284][  0]LogTargetPlatformManager: Display: Loaded TargetPlatform 'LinuxClient'
[2022.03.19-04.13.25:305][  0]LogTargetPlatformManager: Display: Loaded TargetPlatform 'LinuxServer'
[2022.03.19-04.13.25:341][  0]LogTargetPlatformManager: Display: Loaded TargetPlatform 'LinuxAArch64NoEditor'
[2022.03.19-04.13.25:359][  0]LogTargetPlatformManager: Display: Loaded TargetPlatform 'LinuxAArch64Client'
[2022.03.19-04.13.25:380][  0]LogTargetPlatformManager: Display: Loaded TargetPlatform 'LinuxAArch64Server'
[2022.03.19-04.13.25:469][  0]LogTargetPlatformManager: Display: Loaded TargetPlatform 'Lumin'
[2022.03.19-04.13.25:469][  0]LogTargetPlatformManager: Display: Loaded TargetPlatform 'LuminClient'
[2022.03.19-04.13.25:504][  0]LogTargetPlatformManager: Display: Loaded TargetPlatform 'MacNoEditor'
[2022.03.19-04.13.25:521][  0]LogTargetPlatformManager: Display: Loaded TargetPlatform 'Mac'
[2022.03.19-04.13.25:541][  0]LogTargetPlatformManager: Display: Loaded TargetPlatform 'MacClient'
[2022.03.19-04.13.25:558][  0]LogTargetPlatformManager: Display: Loaded TargetPlatform 'MacServer'
[2022.03.19-04.13.25:596][  0]LogTargetPlatformManager: Display: Loaded TargetPlatform 'TVOSClient'
[2022.03.19-04.13.25:597][  0]LogTargetPlatformManager: Display: Loaded TargetPlatform 'TVOS'
[2022.03.19-04.13.25:643][  0]LogTargetPlatformManager: Display: Loaded TargetPlatform 'WindowsNoEditor'
[2022.03.19-04.13.25:661][  0]LogTargetPlatformManager: Display: Loaded TargetPlatform 'Windows'
[2022.03.19-04.13.25:685][  0]LogTargetPlatformManager: Display: Loaded TargetPlatform 'WindowsClient'
[2022.03.19-04.13.25:702][  0]LogTargetPlatformManager: Display: Loaded TargetPlatform 'WindowsServer'
[2022.03.19-04.13.25:702][  0]LogTargetPlatformManager: Display: Building Assets For Windows
[2022.03.19-04.13.25:743][  0]LogAudioDebug: Display: Lib vorbis DLL was dynamically loaded.
[2022.03.19-04.13.25:911][  0]LogTextureFormatOodle: Display: Oodle Texture 2.9.0 init RDO Off
[2022.03.19-04.13.26:030][  0]LogRendererCore: Ray tracing is disabled. Reason: r.RayTracing=0.
[2022.03.19-04.13.26:030][  0]LogShaderCompilers: Guid format shader working directory is -50 characters bigger than the processId version (../../../../../../Users/malik/OneDrive/Desktop/Software Engineering Capstone/Cstone/Aidan/Aidan/Intermediate/Shaders/WorkingDirectory/25768/).
[2022.03.19-04.13.26:031][  0]LogShaderCompilers: Cleaned the shader compiler working directory 'C:/Users/malik/AppData/Local/Temp/UnrealShaderWorkingDir/56E5E6AF4380DDABB00BC3A707197D8F/'.
[2022.03.19-04.13.26:032][  0]LogXGEController: Cannot use XGE Controller as Incredibuild is not installed on this machine.
[2022.03.19-04.13.26:032][  0]LogShaderCompilers: Cannot use XGE Shader Compiler as Incredibuild is not installed on this machine.
[2022.03.19-04.13.26:033][  0]LogShaderCompilers: Display: Using Local Shader Compiler.
[2022.03.19-04.13.27:223][  0]LogDerivedDataCache: Display: Max Cache Size: 512 MB
[2022.03.19-04.13.27:350][  0]LogDerivedDataCache: Loaded boot cache 0.13s 94MB C:/Users/malik/AppData/Local/UnrealEngine/4.27/DerivedDataCache/Boot.ddc.
[2022.03.19-04.13.27:350][  0]LogDerivedDataCache: Display: Loaded Boot cache: C:/Users/malik/AppData/Local/UnrealEngine/4.27/DerivedDataCache/Boot.ddc
[2022.03.19-04.13.27:350][  0]LogDerivedDataCache: FDerivedDataBackendGraph:  Pak pak cache file ../../../../../../Users/malik/OneDrive/Desktop/Software Engineering Capstone/Cstone/Aidan/Aidan/DerivedDataCache/DDC.ddp not found, will not use a pak cache.
[2022.03.19-04.13.27:350][  0]LogDerivedDataCache: Unable to find inner node Pak for hierarchical cache Hierarchy.
[2022.03.19-04.13.27:350][  0]LogDerivedDataCache: FDerivedDataBackendGraph:  CompressedPak pak cache file ../../../../../../Users/malik/OneDrive/Desktop/Software Engineering Capstone/Cstone/Aidan/Aidan/DerivedDataCache/Compressed.ddp not found, will not use a pak cache.
[2022.03.19-04.13.27:350][  0]LogDerivedDataCache: Unable to find inner node CompressedPak for hierarchical cache Hierarchy.
[2022.03.19-04.13.27:402][  0]LogDerivedDataCache: Display: Pak cache opened for reading ../../../Engine/DerivedDataCache/Compressed.ddp.
[2022.03.19-04.13.27:403][  0]LogDerivedDataCache: FDerivedDataBackendGraph:  EnterprisePak pak cache file ../../../Enterprise/DerivedDataCache/Compressed.ddp not found, will not use a pak cache.
[2022.03.19-04.13.27:403][  0]LogDerivedDataCache: Unable to find inner node EnterprisePak for hierarchical cache Hierarchy.
[2022.03.19-04.13.27:428][  0]LogDerivedDataCache: Speed tests for C:/Users/malik/AppData/Local/UnrealEngine/Common/DerivedDataCache took 0.03 seconds
[2022.03.19-04.13.27:435][  0]LogDerivedDataCache: Display: Performance to C:/Users/malik/AppData/Local/UnrealEngine/Common/DerivedDataCache: Latency=0.08ms. RandomReadSpeed=494.28MBs, RandomWriteSpeed=41.74MBs. Assigned SpeedClass 'Local'
[2022.03.19-04.13.27:447][  0]LogDerivedDataCache: Using Local data cache path C:/Users/malik/AppData/Local/UnrealEngine/Common/DerivedDataCache: Writable
[2022.03.19-04.13.27:447][  0]LogDerivedDataCache: Shared data cache path not found in *engine.ini, will not use an Shared cache.
[2022.03.19-04.13.27:448][  0]LogDerivedDataCache: Unable to find inner node Shared for hierarchical cache Hierarchy.
[2022.03.19-04.13.27:577][  0]LogSlate: Using FreeType 2.10.0
[2022.03.19-04.13.27:578][  0]LogSlate: SlateFontServices - WITH_FREETYPE: 1, WITH_HARFBUZZ: 1
[2022.03.19-04.13.27:635][  0]LogAssetRegistry: FAssetRegistry took 0.0104 seconds to start up
[2022.03.19-04.13.28:143][  0]LogInit: Selected Device Profile: [Windows]
[2022.03.19-04.13.28:144][  0]LogInit: Active device profile: [0000025AC7BF9300][0000025AC8B961C0 49] Windows
[2022.03.19-04.13.28:144][  0]LogInit: Profiles: [0000025AC7BF9300][0000025AC8B961C0 49] Windows, [0000025AC7BA7000][0000025AC774A480 49] WindowsNoEditor, [0000025AC7BFA400][0000025AC774E740 49] WindowsServer, [0000025AC7BA7F00][0000025AC7752A00 49] WindowsClient, [0000025AC7BFB300][0000025AC8B9AC80 49] IOS, [0000025AC7BA5200][0000025AC7756F00 49] iPadAir, [0000025AC7BFBE00][0000025AC775F1C0 49] iPadAir2, [0000025AC8F6A100][0000025AC7773700 49] IPadPro, [0000025AC8F6A200][0000025AC7763740 49] iPadAir3, [0000025AC7BA5B00][0000025AC776BA00 49] iPadAir4, [0000025AC8F6B100][0000025AC7766140 49] iPadMini2, [0000025AC7BA7300][0000025AC776E400 49] iPadMini3, [0000025AC8F6BE00][0000025AC77766C0 49] iPadMini4, [0000025AC7BA6400][0000025AC777A980 49] iPadMini5, [0000025AC8FA5A00][0000025AC778AE80 49] iPhone6, [0000025AC8FA5B00][0000025AC777EEC0 49] iPodTouch6, [0000025AC7BFAE00][0000025ABDD8F3C0 49] iPhone7, [0000025AC7BFB100][0000025AC775B400 49] iPodTouch7, [0000025AC8F69C00][0000025ABDD876C0 49] iPhone5S, [0000025AC7BF9200][0000025AC7783980 49] iPhone6Plus, [0000025AC8F69800][0000025ABDD8A0C0 49] iPhone6S, [0000025AC7BF8400][0000025AC62EE380 49] iPhone6SPlus, [0000025AC8F68E00][0000025AC62F2640 49] iPhone7Plus, [0000025AC7BFB000][0000025AC62F6900 49] iPhoneSE, [0000025AC8F68A00][0000025AC75C2BC0 49] iPhone8, [0000025AC7BF8800][0000025AC62FAE80 49] iPhone8Plus, [0000025AC7BF9D00][0000025AC7787100 49] iPhoneX, [0000025AC8FA4800][0000025AC62FF380 49] iPhoneXS, [0000025AC7BFAD00][0000025AC6307640 49] iPhoneXSMax, [0000025AC8FA4F00][0000025AC630B900 49] iPhoneXR, [0000025AC7BF9A00][0000025AC630FBC0 49] iPhone11, [0000025AC8FA5300][0000025AC9F7A300 49] iPhone11Pro, [0000025AC8FA4400][0000025AC9F825C0 49] iPhone11ProMax, [0000025AC8F6B200][0000025AC9F8A880 49] iPhoneSE2, [0000025AC8FA6300][0000025AC9FA6B40 49] iPhone12Mini, [0000025AC8F69400][0000025AC9FAAE00 49] iPhone12, [0000025AC8FA6D00][0000025AC634B0C0 49] iPhone12Pro, [0000025AC8F6B700][0000025AC6303340 49] iPhone12ProMax, [0000025AC8FA6E00][0000025AC63595C0 49] iPadPro105, [0000025AC8F6A400][0000025ABDDDB880 49] iPadPro129, [0000025AC8FA6F00][0000025AC7667B40 49] iPadPro97, [0000025AC8F6B800][0000025AC766A280 49] iPadPro2_129, [0000025AC7BF9600][0000025AC766E540 49] iPad5, [0000025AC8F69B00][0000025AC7672800 49] iPad6, [0000025AC7BFB700][0000025ABDDDEAC0 49] iPad7, [0000025AC8F68100][0000025ABDDE2D80 49] iPad8, [0000025AC7BF9E00][0000025ABDDE7040 49] iPadPro11, [0000025AC8F6AF00][0000025ABDDEB300 49] iPadPro2_11, [0000025AC7BFBA00][0000025ABDDD7580 49] iPadPro3_129, [0000025AC8F6AB00][0000025ABDDF3840 49] iPadPro4_129, [0000025AC7BFA900][0000025ABDDF7B00 49] AppleTV, [0000025AC8F68200][0000025ABDDFA240 49] AppleTV4K, [0000025AC7BFA500][0000025AC2D4C500 49] TVOS, [0000025AC8F69900][0000025AC2D507C0 49] Mac, [0000025AC7BF8E00][0000025AC2D54A80 49] MacClient, [0000025AC8F68800][0000025ABDDFED40 49] MacNoEditor, [0000025AC7BF9800][0000025ABDE03000 49] MacServer, [0000025AC8F69E00][0000025ABDE072C0 49] Linux, [0000025AC7BF9000][0000025ABDDEF540 49] LinuxAArch64, [0000025AC8F68300][0000025ABDE0B7C0 49] LinuxNoEditor, [0000025AC7BF8600][0000025AC75B5A80 49] LinuxAArch64NoEditor, [0000025AC8F6BF00][0000025AC75B81C0 49] LinuxClient, [0000025AC7BF8100][0000025AC75BC480 49] LinuxAArch64Client, [0000025AC8F68600][0000025AC9C82740 49] LinuxServer, [0000025AC7BF9500][0000025AC9CB6A00 49] LinuxAArch64Server, [0000025AC8F6AD00][0000025AC9CBACC0 49] Android, [0000025AC7BF8D00][0000025AC9CCAF80 49] Android_Low, [0000025AC8F69600][0000025AC9CCF240 49] Android_Mid, [0000025AC7BFB400][0000025AC9CD3500 49] Android_High, [0000025AC8F68B00][0000025AC75B1780 49] Android_Default, [0000025AC7BF9F00][0000025AC9CD7A00 49] Android_Adreno4xx, [0000025AC8F69500][0000025AC9CDE140 49] Android_Adreno5xx_Low, [0000025AC7BFB500][0000025AC9CE2400 49] Android_Adreno5xx, [0000025AC8F68700][0000025AC9CE66C0 49] Android_Adreno6xx, [0000025AC7BF9C00][0000025AC9CEA980 49] Android_Adreno6xx_Vulkan, [0000025AC8F6A800][0000025AC9CF2C40 49] Android_Mali_T6xx, [0000025AC7BFA300][0000025AC9D00F00 49] Android_Mali_T7xx, [0000025AC8F69700][0000025AC9D051C0 49] Android_Mali_T8xx, [0000025AC7BFA800][0000025AC9D09480 49] Android_Mali_G71, [0000025AC8F6B400][0000025AC886F740 49] Android_Mali_G72, [0000025AC7BF8700][0000025AC9CDB9C0 49] Android_Mali_G72_Vulkan, [0000025AC8F6A700][0000025ACA3560C0 49] Android_Mali_G76, [0000025AC8FA7900][0000025AC2CE8380 49] Android_Mali_G76_Vulkan, [0000025AC7BA4900][0000025ACA38A640 49] Android_Mali_G77, [0000025AC8FA7200][0000025ACA392900 49] Android_Mali_G77_Vulkan, [0000025AC7BA4D00][0000025ACA396BC0 49] Android_Mali_G78, [0000025AC8FA4C00][0000025ACA39EE80 49] Android_Mali_G78_Vulkan, [0000025AC7BA4B00][0000025AC7579140 49] Android_Mali_G710, [0000025AC8FA4500][0000025AC757D400 49] Android_Mali_G710_Vulkan, [0000025AC7BA5D00][0000025ACA3A36C0 49] Android_Vulkan_SM5, [0000025AC8FA4200][0000025ACA3A7980 49] Android_PowerVR_G6xxx, [0000025AC7BA7B00][0000025AC2CE5C00 49] Android_PowerVR_GT7xxx, [0000025AC8FA7700][0000025ACA3B4300 49] Android_PowerVR_GE8xxx, [0000025AC7BA4200][0000025ACA3BC5C0 49] Android_PowerVR_GM9xxx, [0000025AC8FA6200][0000025AC7574880 49] Android_PowerVR_GM9xxx_Vulkan, [0000025AC7BA6900][0000025ACA39AB40 49] Android_TegraK1, [0000025AC8FA4E00][0000025AC768AE00 49] Android_Unknown_Vulkan, [0000025AC7BA5600][0000025AC768F0C0 49] Lumin, [0000025AC8FA5100][0000025AC7693380 49] Lumin_Desktop, [0000025AC7BA6C00][0000025AC88D7640 49] HoloLens, 
[2022.03.19-04.13.28:473][  0]LogMeshReduction: Using QuadricMeshReduction for automatic static mesh reduction
[2022.03.19-04.13.28:473][  0]LogMeshReduction: Using SimplygonMeshReduction for automatic skeletal mesh reduction
[2022.03.19-04.13.28:473][  0]LogMeshReduction: Using ProxyLODMeshReduction for automatic mesh merging
[2022.03.19-04.13.28:473][  0]LogMeshReduction: No distributed automatic mesh merging module available
[2022.03.19-04.13.28:473][  0]LogMeshMerging: No distributed automatic mesh merging module available
[2022.03.19-04.13.28:522][  0]LogNetVersion: Aidan 1.0.0, NetCL: 17155196, EngineNetVer: 17, GameNetVer: 0 (Checksum: 273725539)
[2022.03.19-04.13.29:354][  0]LogTexture: Default maximum texture size for cubemaps generated from long-lat sources has been changed from 512 to unlimited. In order to preserve old behaiour for '/Engine/MapTemplates/Sky/DaylightAmbientCubemap.DaylightAmbientCubemap', its maximum texture size has been explicitly set to 512.
[2022.03.19-04.13.29:489][  0]LogHMD: PokeAHoleMaterial loaded successfully
[2022.03.19-04.13.29:505][  0]LogUObjectArray: 17178 objects as part of root set at end of initial load.
[2022.03.19-04.13.29:505][  0]LogUObjectAllocator: 4302048 out of 0 bytes used by permanent object pool.
[2022.03.19-04.13.29:505][  0]LogUObjectArray: CloseDisregardForGC: 0/0 objects in disregard for GC pool
[2022.03.19-04.13.30:450][  0]LogNiagaraDebuggerClient: Niagara Debugger Client Initialized | Session: C4B47FD14E38DE4A0B9F3DB4DAD61306 | Instance: 92966B934E1B7DCB83B88FB03D44C9E3 (LAPTOP-LV1RKO7P-25768).
[2022.03.19-04.13.30:831][  0]LogPython: Using Python 3.7.7
[2022.03.19-04.13.31:911][  0]LogTcpMessaging: Initializing TcpMessaging bridge
[2022.03.19-04.13.31:928][  0]LogUdpMessaging: Initializing bridge on interface 0.0.0.0:0 to multicast group 230.0.0.1:6666.
[2022.03.19-04.14.12:118][  0]SourceControl: Source control is disabled
[2022.03.19-04.14.12:119][  0]SourceControl: Source control is disabled
[2022.03.19-04.14.12:133][  0]SourceControl: Source control is disabled
[2022.03.19-04.14.12:151][  0]SourceControl: Source control is disabled
[2022.03.19-04.14.12:213][  0]SourceControl: Source control is disabled
[2022.03.19-04.14.12:238][  0]LogUProjectInfo: Found projects:
[2022.03.19-04.14.12:926][  0]LogOpenImageDenoise: OIDN starting up
[2022.03.19-04.14.13:055][  0]LogAndroidPermission: UAndroidPermissionCallbackProxy::GetInstance
[2022.03.19-04.14.13:126][  0]LogAudioCaptureCore: Display: No Audio Capture implementations found. Audio input will be silent.
[2022.03.19-04.14.13:126][  0]LogAudioCaptureCore: Display: No Audio Capture implementations found. Audio input will be silent.
[2022.03.19-04.14.13:616][  0]LogCollectionManager: Loaded 0 collections in 0.004901 seconds
[2022.03.19-04.14.13:625][  0]LogFileCache: Scanning file cache for directory 'C:/Users/malik/OneDrive/Desktop/Software Engineering Capstone/Cstone/Aidan/Aidan/Saved/Collections/' took 0.00s
[2022.03.19-04.14.13:625][  0]LogFileCache: Scanning file cache for directory 'C:/Users/malik/OneDrive/Desktop/Software Engineering Capstone/Cstone/Aidan/Aidan/Content/Developers/malik/Collections/' took 0.00s
[2022.03.19-04.14.13:625][  0]LogFileCache: Scanning file cache for directory 'C:/Users/malik/OneDrive/Desktop/Software Engineering Capstone/Cstone/Aidan/Aidan/Content/Collections/' took 0.00s
[2022.03.19-04.14.13:724][  0]LogOcInput: OculusInput pre-init called
[2022.03.19-04.14.14:255][  0]LogEngine: Initializing Engine...
[2022.03.19-04.14.14:267][  0]LogHMD: Failed to enumerate extensions. Please check that you have a valid OpenXR runtime installed.
[2022.03.19-04.14.14:268][  0]LogHMD: Failed to initialize OpenVR with code 110
[2022.03.19-04.14.14:268][  0]LogMagicLeap: Warning: VR disabled because ZI is not enabled.  To enable, in the editor, Edit -> Project Settings -> Plugins -> Magic Leap Plugin -> Enable Zero Iteration
[2022.03.19-04.14.14:272][  0]LogStats: UGameplayTagsManager::InitializeManager -  0.001 s
[2022.03.19-04.14.14:601][  0]LogInit: Initializing FReadOnlyCVARCache
[2022.03.19-04.14.14:637][  0]LogAIModule: Creating AISystem for world Untitled
[2022.03.19-04.14.14:639][  0]LogAudio: Display: Initializing Audio Device Manager...
[2022.03.19-04.14.14:654][  0]LogAudio: Display: Loading Default Audio Settings Objects...
[2022.03.19-04.14.14:656][  0]LogAudio: Display: No default SoundConcurrencyObject specified (or failed to load).
[2022.03.19-04.14.14:657][  0]LogAudio: Display: Audio Device Manager Initialized
[2022.03.19-04.14.14:657][  0]LogAudio: Display: Creating Audio Device:                 Id: 1, Scope: Shared, Realtime: True
[2022.03.19-04.14.14:658][  0]LogAudioMixer: Display: Audio Mixer Platform Settings:
[2022.03.19-04.14.14:658][  0]LogAudioMixer: Display: 	Sample Rate:						  48000
[2022.03.19-04.14.14:658][  0]LogAudioMixer: Display: 	Callback Buffer Frame Size Requested: 1024
[2022.03.19-04.14.14:658][  0]LogAudioMixer: Display: 	Callback Buffer Frame Size To Use:	  1024
[2022.03.19-04.14.14:658][  0]LogAudioMixer: Display: 	Number of buffers to queue:			  2
[2022.03.19-04.14.14:658][  0]LogAudioMixer: Display: 	Max Channels (voices):				  32
[2022.03.19-04.14.14:658][  0]LogAudioMixer: Display: 	Number of Async Source Workers:		  0
[2022.03.19-04.14.14:659][  0]LogAudio: Display: AudioDevice MaxSources: 32
[2022.03.19-04.14.14:660][  0]LogAudio: Display: Audio Spatialization Plugin: None (built-in).
[2022.03.19-04.14.14:660][  0]LogAudio: Display: Audio Reverb Plugin: None (built-in).
[2022.03.19-04.14.14:660][  0]LogAudio: Display: Audio Occlusion Plugin: None (built-in).
[2022.03.19-04.14.14:660][  0]LogAudioMixer: Display: Initializing audio mixer.
[2022.03.19-04.14.14:712][  0]LogAudioMixer: Display: 0: FrontLeft
[2022.03.19-04.14.14:712][  0]LogAudioMixer: Display: 1: FrontRight
[2022.03.19-04.14.15:001][  0]LogAudioMixer: Display: Using Audio Device Speakers (Realtek(R) Audio)
[2022.03.19-04.14.15:008][  0]LogAudioMixer: Display: Initializing Sound Submixes...
[2022.03.19-04.14.15:019][  0]LogAudioMixer: Display: Creating Master Submix 'MasterSubmixDefault'
[2022.03.19-04.14.15:019][  0]LogAudioMixer: Display: Creating Master Submix 'MasterReverbSubmixDefault'
[2022.03.19-04.14.15:022][  0]LogAudioMixer: Display: Creating Master Submix 'MasterEQSubmixDefault'
[2022.03.19-04.14.15:022][  0]LogAudioMixer: FMixerPlatformXAudio2::StartAudioStream() called
[2022.03.19-04.14.15:022][  0]LogAudioMixer: Display: Output buffers initialized: Frames=1024, Channels=2, Samples=2048
[2022.03.19-04.14.15:028][  0]LogAudioMixer: Display: Starting AudioMixerPlatformInterface::RunInternal()
[2022.03.19-04.14.15:028][  0]LogAudioMixer: Display: FMixerPlatformXAudio2::SubmitBuffer() called for the first time
[2022.03.19-04.14.15:028][  0]LogInit: FAudioDevice initialized.
[2022.03.19-04.14.15:029][  0]LogAudio: Display: Audio Device (ID: 1) registered with world 'Untitled'.
[2022.03.19-04.14.15:029][  0]LogNetVersion: Set ProjectVersion to 1.0.0.0. Version Checksum will be recalculated on next use.
[2022.03.19-04.14.15:164][  0]LogDerivedDataCache: Saved boot cache 0.13s 94MB C:/Users/malik/AppData/Local/UnrealEngine/4.27/DerivedDataCache/Boot.ddc.
[2022.03.19-04.14.15:165][  0]LogInit: Texture streaming: Enabled
[2022.03.19-04.14.15:216][  0]LogAnalytics: Display: [UEEditor.Rocket.Release] APIServer = https://datarouter.ol.epicgames.com/. AppVersion = 4.27.2-18319896+++UE4+Release-4.27
[2022.03.19-04.14.15:232][  0]LogEngineSessionManager: EngineSessionManager initialized
[2022.03.19-04.14.15:233][  0]LogEngineSessionManager: EngineSessionManager sent abnormal shutdown report. Type=Debugger, SessionId={DFCE5857-4DFA-8888-D34B-A2B80F1142A9}
[2022.03.19-04.14.15:233][  0]LogEditorSessionSummary: Verbose: Initializing EditorSessionSummaryWriter for editor session tracking
[2022.03.19-04.14.15:238][  0]LogEditorSessionSummary: EditorSessionSummaryWriter initialized
[2022.03.19-04.14.15:335][  0]LogInit: Transaction tracking system initialized
[2022.03.19-04.14.15:434][  0]BlueprintLog: New page: Editor Load
[2022.03.19-04.14.15:737][  0]LocalizationService: Localization service is disabled
[2022.03.19-04.14.15:853][  0]TimingProfiler: Initialize
[2022.03.19-04.14.15:855][  0]TimingProfiler: OnSessionChanged
[2022.03.19-04.14.15:855][  0]LoadingProfiler: Initialize
[2022.03.19-04.14.15:856][  0]LoadingProfiler: OnSessionChanged
[2022.03.19-04.14.15:857][  0]NetworkingProfiler: Initialize
[2022.03.19-04.14.15:857][  0]NetworkingProfiler: OnSessionChanged
[2022.03.19-04.14.15:858][  0]MemoryProfiler: Initialize
[2022.03.19-04.14.15:858][  0]MemoryProfiler: OnSessionChanged
[2022.03.19-04.14.16:421][  0]LogCook: Display: CookSettings for Memory: MemoryMaxUsedVirtual 0MiB, MemoryMaxUsedPhysical 16384MiB, MemoryMinFreeVirtual 0MiB, MemoryMinFreePhysical 1024MiB
[2022.03.19-04.14.16:422][  0]LogFileCache: Scanning file cache for directory 'C:/Users/malik/OneDrive/Desktop/Software Engineering Capstone/Cstone/Aidan/Aidan/Content/' took 0.02s
[2022.03.19-04.14.16:422][  0]LogCook: Display: Mobile HDR setting 1
[2022.03.19-04.14.17:522][  0]LogInit: Display: Engine is initialized. Leaving FEngineLoop::Init()
[2022.03.19-04.14.17:535][  0]SourceControl: Source control is disabled
[2022.03.19-04.14.17:535][  0]LogUnrealEdMisc: Loading editor; pre map load, took 58.671
[2022.03.19-04.14.17:536][  0]Cmd: MAP LOAD FILE="../../../Engine/Content/Maps/Templates/Template_Default.umap" TEMPLATE=1 SHOWPROGRESS=1 FEATURELEVEL=3
[2022.03.19-04.14.17:538][  0]LightingResults: New page: Lighting Build
[2022.03.19-04.14.17:542][  0]LogWorld: UWorld::CleanupWorld for Untitled, bSessionEnded=true, bCleanupResources=true
[2022.03.19-04.14.17:542][  0]LogSlate: InvalidateAllWidgets triggered.  All widgets were invalidated
[2022.03.19-04.14.17:543][  0]MapCheck: New page: Map Check
[2022.03.19-04.14.17:543][  0]LightingResults: New page: Lighting Build
[2022.03.19-04.14.17:553][  0]LogAudio: Display: Audio Device unregistered from world 'None'.
[2022.03.19-04.14.17:559][  0]LogUObjectHash: Compacting FUObjectHashTables data took   1.26ms
[2022.03.19-04.14.17:739][  0]LogTexture: Display: Building textures: DeprecatedTextureEB9CBE3C423008B5E8E130901E171C89 (BGRA8, 128X128)
[2022.03.19-04.14.17:749][  0]LogAudio: Display: Audio Device (ID: 1) registered with world 'Untitled_1'.
[2022.03.19-04.14.17:754][  0]LogAIModule: Creating AISystem for world Untitled_1
[2022.03.19-04.14.17:767][  0]LogEditorServer: Finished looking for orphan Actors (0.000 secs)
[2022.03.19-04.14.17:786][  0]LogUObjectHash: Compacting FUObjectHashTables data took   2.47ms
[2022.03.19-04.14.17:786][  0]Cmd: MAP CHECKDEP NOCLEARLOG
[2022.03.19-04.14.17:787][  0]MapCheck: Map check complete: 0 Error(s), 0 Warning(s), took 0.601ms to complete.
[2022.03.19-04.14.17:788][  0]LogFileHelpers: Loading map 'Template_Default' took 0.252
[2022.03.19-04.14.17:794][  0]LogUnrealEdMisc: Total Editor Startup Time, took 58.930
[2022.03.19-04.14.18:085][  0]LogSlate: Updating window title bar state: overlay mode, drag disabled, window buttons hidden, title bar hidden
[2022.03.19-04.14.18:106][  0]LogSlate: Updating window title bar state: overlay mode, drag disabled, window buttons hidden, title bar hidden
[2022.03.19-04.14.18:123][  0]LogSlate: Updating window title bar state: overlay mode, drag disabled, window buttons hidden, title bar hidden
[2022.03.19-04.14.18:141][  0]LogSlate: Updating window title bar state: overlay mode, drag disabled, window buttons hidden, title bar hidden
[2022.03.19-04.14.18:206][  0]LogNativeClassHierarchy: Verbose: Native class hierarchy populated in 0.0333 seconds. Added 3825 classes and 931 folders.
[2022.03.19-04.14.18:217][  0]LogNativeClassHierarchy: Verbose: Native class hierarchy updated for 'WidgetCarousel' in 0.0007 seconds. Added 0 classes and 0 folders.
[2022.03.19-04.14.18:241][  0]LogPakFile: PakFile PrimaryIndexSize=187
[2022.03.19-04.14.18:242][  0]LogPakFile: PakFile PathHashIndexSize=101
[2022.03.19-04.14.18:242][  0]LogPakFile: PakFile FullDirectoryIndexSize=148
[2022.03.19-04.14.18:242][  0]LogShaderLibrary: Display: ShaderCodeLibraryPakFileMountedCallback: PakFile 'C:/Program Files/Epic Games/UE_4.27/FeaturePacks/FP_FirstPerson.upack' (chunk index -1, root 'root:/') mounted
[2022.03.19-04.14.18:242][  0]LogShaderLibrary: Display: ShaderCodeLibraryPakFileMountedCallback: pending pak file info (ChunkID:-1 Root:root:/ File:C:/Program Files/Epic Games/UE_4.27/FeaturePacks/FP_FirstPerson.upack)
[2022.03.19-04.14.18:242][  0]LogPakFile: OnPakFileMounted2Time == 0.000359
[2022.03.19-04.14.18:264][  0]LogPakFile: PakFile PrimaryIndexSize=189
[2022.03.19-04.14.18:264][  0]LogPakFile: PakFile PathHashIndexSize=101
[2022.03.19-04.14.18:265][  0]LogPakFile: PakFile FullDirectoryIndexSize=152
[2022.03.19-04.14.18:265][  0]LogShaderLibrary: Display: ShaderCodeLibraryPakFileMountedCallback: PakFile 'C:/Program Files/Epic Games/UE_4.27/FeaturePacks/FP_FirstPersonBP.upack' (chunk index -1, root 'root:/') mounted
[2022.03.19-04.14.18:265][  0]LogShaderLibrary: Display: ShaderCodeLibraryPakFileMountedCallback: pending pak file info (ChunkID:-1 Root:root:/ File:C:/Program Files/Epic Games/UE_4.27/FeaturePacks/FP_FirstPersonBP.upack)
[2022.03.19-04.14.18:265][  0]LogPakFile: OnPakFileMounted2Time == 0.000324
[2022.03.19-04.14.18:281][  0]LogPakFile: PakFile PrimaryIndexSize=191
[2022.03.19-04.14.18:281][  0]LogPakFile: PakFile PathHashIndexSize=101
[2022.03.19-04.14.18:281][  0]LogPakFile: PakFile FullDirectoryIndexSize=160
[2022.03.19-04.14.18:281][  0]LogShaderLibrary: Display: ShaderCodeLibraryPakFileMountedCallback: PakFile 'C:/Program Files/Epic Games/UE_4.27/FeaturePacks/MobileStarterContent.upack' (chunk index -1, root 'root:/') mounted
[2022.03.19-04.14.18:282][  0]LogShaderLibrary: Display: ShaderCodeLibraryPakFileMountedCallback: pending pak file info (ChunkID:-1 Root:root:/ File:C:/Program Files/Epic Games/UE_4.27/FeaturePacks/MobileStarterContent.upack)
[2022.03.19-04.14.18:282][  0]LogPakFile: OnPakFileMounted2Time == 0.000424
[2022.03.19-04.14.18:297][  0]LogPakFile: PakFile PrimaryIndexSize=185
[2022.03.19-04.14.18:297][  0]LogPakFile: PakFile PathHashIndexSize=101
[2022.03.19-04.14.18:297][  0]LogPakFile: PakFile FullDirectoryIndexSize=148
[2022.03.19-04.14.18:297][  0]LogShaderLibrary: Display: ShaderCodeLibraryPakFileMountedCallback: PakFile 'C:/Program Files/Epic Games/UE_4.27/FeaturePacks/StarterContent.upack' (chunk index -1, root 'root:/') mounted
[2022.03.19-04.14.18:298][  0]LogShaderLibrary: Display: ShaderCodeLibraryPakFileMountedCallback: pending pak file info (ChunkID:-1 Root:root:/ File:C:/Program Files/Epic Games/UE_4.27/FeaturePacks/StarterContent.upack)
[2022.03.19-04.14.18:298][  0]LogPakFile: OnPakFileMounted2Time == 0.000418
[2022.03.19-04.14.18:314][  0]LogPakFile: PakFile PrimaryIndexSize=190
[2022.03.19-04.14.18:314][  0]LogPakFile: PakFile PathHashIndexSize=101
[2022.03.19-04.14.18:315][  0]LogPakFile: PakFile FullDirectoryIndexSize=154
[2022.03.19-04.14.18:315][  0]LogShaderLibrary: Display: ShaderCodeLibraryPakFileMountedCallback: PakFile 'C:/Program Files/Epic Games/UE_4.27/FeaturePacks/TP_2DSideScroller.upack' (chunk index -1, root 'root:/') mounted
[2022.03.19-04.14.18:315][  0]LogShaderLibrary: Display: ShaderCodeLibraryPakFileMountedCallback: pending pak file info (ChunkID:-1 Root:root:/ File:C:/Program Files/Epic Games/UE_4.27/FeaturePacks/TP_2DSideScroller.upack)
[2022.03.19-04.14.18:315][  0]LogPakFile: OnPakFileMounted2Time == 0.000316
[2022.03.19-04.14.18:329][  0]LogPakFile: PakFile PrimaryIndexSize=192
[2022.03.19-04.14.18:329][  0]LogPakFile: PakFile PathHashIndexSize=101
[2022.03.19-04.14.18:329][  0]LogPakFile: PakFile FullDirectoryIndexSize=158
[2022.03.19-04.14.18:329][  0]LogShaderLibrary: Display: ShaderCodeLibraryPakFileMountedCallback: PakFile 'C:/Program Files/Epic Games/UE_4.27/FeaturePacks/TP_2DSideScrollerBP.upack' (chunk index -1, root 'root:/') mounted
[2022.03.19-04.14.18:330][  0]LogShaderLibrary: Display: ShaderCodeLibraryPakFileMountedCallback: pending pak file info (ChunkID:-1 Root:root:/ File:C:/Program Files/Epic Games/UE_4.27/FeaturePacks/TP_2DSideScrollerBP.upack)
[2022.03.19-04.14.18:330][  0]LogPakFile: OnPakFileMounted2Time == 0.000350
[2022.03.19-04.14.18:345][  0]LogPakFile: PakFile PrimaryIndexSize=182
[2022.03.19-04.14.18:345][  0]LogPakFile: PakFile PathHashIndexSize=101
[2022.03.19-04.14.18:346][  0]LogPakFile: PakFile FullDirectoryIndexSize=138
[2022.03.19-04.14.18:346][  0]LogShaderLibrary: Display: ShaderCodeLibraryPakFileMountedCallback: PakFile 'C:/Program Files/Epic Games/UE_4.27/FeaturePacks/TP_Flying.upack' (chunk index -1, root 'root:/') mounted
[2022.03.19-04.14.18:346][  0]LogShaderLibrary: Display: ShaderCodeLibraryPakFileMountedCallback: pending pak file info (ChunkID:-1 Root:root:/ File:C:/Program Files/Epic Games/UE_4.27/FeaturePacks/TP_Flying.upack)
[2022.03.19-04.14.18:346][  0]LogPakFile: OnPakFileMounted2Time == 0.000431
[2022.03.19-04.14.18:365][  0]LogPakFile: PakFile PrimaryIndexSize=184
[2022.03.19-04.14.18:365][  0]LogPakFile: PakFile PathHashIndexSize=101
[2022.03.19-04.14.18:365][  0]LogPakFile: PakFile FullDirectoryIndexSize=142
[2022.03.19-04.14.18:365][  0]LogShaderLibrary: Display: ShaderCodeLibraryPakFileMountedCallback: PakFile 'C:/Program Files/Epic Games/UE_4.27/FeaturePacks/TP_FlyingBP.upack' (chunk index -1, root 'root:/') mounted
[2022.03.19-04.14.18:366][  0]LogShaderLibrary: Display: ShaderCodeLibraryPakFileMountedCallback: pending pak file info (ChunkID:-1 Root:root:/ File:C:/Program Files/Epic Games/UE_4.27/FeaturePacks/TP_FlyingBP.upack)
[2022.03.19-04.14.18:366][  0]LogPakFile: OnPakFileMounted2Time == 0.000314
[2022.03.19-04.14.18:385][  0]LogPakFile: PakFile PrimaryIndexSize=188
[2022.03.19-04.14.18:386][  0]LogPakFile: PakFile PathHashIndexSize=101
[2022.03.19-04.14.18:386][  0]LogPakFile: PakFile FullDirectoryIndexSize=150
[2022.03.19-04.14.18:386][  0]LogShaderLibrary: Display: ShaderCodeLibraryPakFileMountedCallback: PakFile 'C:/Program Files/Epic Games/UE_4.27/FeaturePacks/TP_HandheldARBP.upack' (chunk index -1, root 'root:/') mounted
[2022.03.19-04.14.18:386][  0]LogShaderLibrary: Display: ShaderCodeLibraryPakFileMountedCallback: pending pak file info (ChunkID:-1 Root:root:/ File:C:/Program Files/Epic Games/UE_4.27/FeaturePacks/TP_HandheldARBP.upack)
[2022.03.19-04.14.18:386][  0]LogPakFile: OnPakFileMounted2Time == 0.000323
[2022.03.19-04.14.18:404][  0]LogPakFile: PakFile PrimaryIndexSize=182
[2022.03.19-04.14.18:404][  0]LogPakFile: PakFile PathHashIndexSize=101
[2022.03.19-04.14.18:405][  0]LogPakFile: PakFile FullDirectoryIndexSize=138
[2022.03.19-04.14.18:405][  0]LogShaderLibrary: Display: ShaderCodeLibraryPakFileMountedCallback: PakFile 'C:/Program Files/Epic Games/UE_4.27/FeaturePacks/TP_Puzzle.upack' (chunk index -1, root 'root:/') mounted
[2022.03.19-04.14.18:405][  0]LogShaderLibrary: Display: ShaderCodeLibraryPakFileMountedCallback: pending pak file info (ChunkID:-1 Root:root:/ File:C:/Program Files/Epic Games/UE_4.27/FeaturePacks/TP_Puzzle.upack)
[2022.03.19-04.14.18:405][  0]LogPakFile: OnPakFileMounted2Time == 0.000348
[2022.03.19-04.14.18:423][  0]LogPakFile: PakFile PrimaryIndexSize=184
[2022.03.19-04.14.18:423][  0]LogPakFile: PakFile PathHashIndexSize=101
[2022.03.19-04.14.18:423][  0]LogPakFile: PakFile FullDirectoryIndexSize=142
[2022.03.19-04.14.18:423][  0]LogShaderLibrary: Display: ShaderCodeLibraryPakFileMountedCallback: PakFile 'C:/Program Files/Epic Games/UE_4.27/FeaturePacks/TP_PuzzleBP.upack' (chunk index -1, root 'root:/') mounted
[2022.03.19-04.14.18:424][  0]LogShaderLibrary: Display: ShaderCodeLibraryPakFileMountedCallback: pending pak file info (ChunkID:-1 Root:root:/ File:C:/Program Files/Epic Games/UE_4.27/FeaturePacks/TP_PuzzleBP.upack)
[2022.03.19-04.14.18:424][  0]LogPakFile: OnPakFileMounted2Time == 0.000449
[2022.03.19-04.14.18:443][  0]LogPakFile: PakFile PrimaryIndexSize=183
[2022.03.19-04.14.18:443][  0]LogPakFile: PakFile PathHashIndexSize=101
[2022.03.19-04.14.18:443][  0]LogPakFile: PakFile FullDirectoryIndexSize=140
[2022.03.19-04.14.18:443][  0]LogShaderLibrary: Display: ShaderCodeLibraryPakFileMountedCallback: PakFile 'C:/Program Files/Epic Games/UE_4.27/FeaturePacks/TP_Rolling.upack' (chunk index -1, root 'root:/') mounted
[2022.03.19-04.14.18:443][  0]LogShaderLibrary: Display: ShaderCodeLibraryPakFileMountedCallback: pending pak file info (ChunkID:-1 Root:root:/ File:C:/Program Files/Epic Games/UE_4.27/FeaturePacks/TP_Rolling.upack)
[2022.03.19-04.14.18:444][  0]LogPakFile: OnPakFileMounted2Time == 0.000320
[2022.03.19-04.14.18:458][  0]LogPakFile: PakFile PrimaryIndexSize=185
[2022.03.19-04.14.18:458][  0]LogPakFile: PakFile PathHashIndexSize=101
[2022.03.19-04.14.18:458][  0]LogPakFile: PakFile FullDirectoryIndexSize=144
[2022.03.19-04.14.18:458][  0]LogShaderLibrary: Display: ShaderCodeLibraryPakFileMountedCallback: PakFile 'C:/Program Files/Epic Games/UE_4.27/FeaturePacks/TP_RollingBP.upack' (chunk index -1, root 'root:/') mounted
[2022.03.19-04.14.18:458][  0]LogShaderLibrary: Display: ShaderCodeLibraryPakFileMountedCallback: pending pak file info (ChunkID:-1 Root:root:/ File:C:/Program Files/Epic Games/UE_4.27/FeaturePacks/TP_RollingBP.upack)
[2022.03.19-04.14.18:459][  0]LogPakFile: OnPakFileMounted2Time == 0.000328
[2022.03.19-04.14.18:473][  0]LogPakFile: PakFile PrimaryIndexSize=188
[2022.03.19-04.14.18:473][  0]LogPakFile: PakFile PathHashIndexSize=101
[2022.03.19-04.14.18:474][  0]LogPakFile: PakFile FullDirectoryIndexSize=150
[2022.03.19-04.14.18:474][  0]LogShaderLibrary: Display: ShaderCodeLibraryPakFileMountedCallback: PakFile 'C:/Program Files/Epic Games/UE_4.27/FeaturePacks/TP_SideScroller.upack' (chunk index -1, root 'root:/') mounted
[2022.03.19-04.14.18:474][  0]LogShaderLibrary: Display: ShaderCodeLibraryPakFileMountedCallback: pending pak file info (ChunkID:-1 Root:root:/ File:C:/Program Files/Epic Games/UE_4.27/FeaturePacks/TP_SideScroller.upack)
[2022.03.19-04.14.18:474][  0]LogPakFile: OnPakFileMounted2Time == 0.000328
[2022.03.19-04.14.18:490][  0]LogPakFile: PakFile PrimaryIndexSize=190
[2022.03.19-04.14.18:490][  0]LogPakFile: PakFile PathHashIndexSize=101
[2022.03.19-04.14.18:490][  0]LogPakFile: PakFile FullDirectoryIndexSize=154
[2022.03.19-04.14.18:490][  0]LogShaderLibrary: Display: ShaderCodeLibraryPakFileMountedCallback: PakFile 'C:/Program Files/Epic Games/UE_4.27/FeaturePacks/TP_SideScrollerBP.upack' (chunk index -1, root 'root:/') mounted
[2022.03.19-04.14.18:490][  0]LogShaderLibrary: Display: ShaderCodeLibraryPakFileMountedCallback: pending pak file info (ChunkID:-1 Root:root:/ File:C:/Program Files/Epic Games/UE_4.27/FeaturePacks/TP_SideScrollerBP.upack)
[2022.03.19-04.14.18:490][  0]LogPakFile: OnPakFileMounted2Time == 0.000344
[2022.03.19-04.14.18:505][  0]LogPakFile: PakFile PrimaryIndexSize=187
[2022.03.19-04.14.18:505][  0]LogPakFile: PakFile PathHashIndexSize=101
[2022.03.19-04.14.18:505][  0]LogPakFile: PakFile FullDirectoryIndexSize=148
[2022.03.19-04.14.18:505][  0]LogShaderLibrary: Display: ShaderCodeLibraryPakFileMountedCallback: PakFile 'C:/Program Files/Epic Games/UE_4.27/FeaturePacks/TP_ThirdPerson.upack' (chunk index -1, root 'root:/') mounted
[2022.03.19-04.14.18:505][  0]LogShaderLibrary: Display: ShaderCodeLibraryPakFileMountedCallback: pending pak file info (ChunkID:-1 Root:root:/ File:C:/Program Files/Epic Games/UE_4.27/FeaturePacks/TP_ThirdPerson.upack)
[2022.03.19-04.14.18:506][  0]LogPakFile: OnPakFileMounted2Time == 0.000371
[2022.03.19-04.14.18:519][  0]LogPakFile: PakFile PrimaryIndexSize=189
[2022.03.19-04.14.18:520][  0]LogPakFile: PakFile PathHashIndexSize=101
[2022.03.19-04.14.18:520][  0]LogPakFile: PakFile FullDirectoryIndexSize=152
[2022.03.19-04.14.18:520][  0]LogShaderLibrary: Display: ShaderCodeLibraryPakFileMountedCallback: PakFile 'C:/Program Files/Epic Games/UE_4.27/FeaturePacks/TP_ThirdPersonBP.upack' (chunk index -1, root 'root:/') mounted
[2022.03.19-04.14.18:520][  0]LogShaderLibrary: Display: ShaderCodeLibraryPakFileMountedCallback: pending pak file info (ChunkID:-1 Root:root:/ File:C:/Program Files/Epic Games/UE_4.27/FeaturePacks/TP_ThirdPersonBP.upack)
[2022.03.19-04.14.18:520][  0]LogPakFile: OnPakFileMounted2Time == 0.000375
[2022.03.19-04.14.18:538][  0]LogPakFile: PakFile PrimaryIndexSize=183
[2022.03.19-04.14.18:539][  0]LogPakFile: PakFile PathHashIndexSize=101
[2022.03.19-04.14.18:539][  0]LogPakFile: PakFile FullDirectoryIndexSize=140
[2022.03.19-04.14.18:539][  0]LogShaderLibrary: Display: ShaderCodeLibraryPakFileMountedCallback: PakFile 'C:/Program Files/Epic Games/UE_4.27/FeaturePacks/TP_TopDown.upack' (chunk index -1, root 'root:/') mounted
[2022.03.19-04.14.18:539][  0]LogShaderLibrary: Display: ShaderCodeLibraryPakFileMountedCallback: pending pak file info (ChunkID:-1 Root:root:/ File:C:/Program Files/Epic Games/UE_4.27/FeaturePacks/TP_TopDown.upack)
[2022.03.19-04.14.18:539][  0]LogPakFile: OnPakFileMounted2Time == 0.000322
[2022.03.19-04.14.18:553][  0]LogPakFile: PakFile PrimaryIndexSize=185
[2022.03.19-04.14.18:554][  0]LogPakFile: PakFile PathHashIndexSize=101
[2022.03.19-04.14.18:554][  0]LogPakFile: PakFile FullDirectoryIndexSize=144
[2022.03.19-04.14.18:554][  0]LogShaderLibrary: Display: ShaderCodeLibraryPakFileMountedCallback: PakFile 'C:/Program Files/Epic Games/UE_4.27/FeaturePacks/TP_TopDownBP.upack' (chunk index -1, root 'root:/') mounted
[2022.03.19-04.14.18:554][  0]LogShaderLibrary: Display: ShaderCodeLibraryPakFileMountedCallback: pending pak file info (ChunkID:-1 Root:root:/ File:C:/Program Files/Epic Games/UE_4.27/FeaturePacks/TP_TopDownBP.upack)
[2022.03.19-04.14.18:554][  0]LogPakFile: OnPakFileMounted2Time == 0.000263
[2022.03.19-04.14.18:577][  0]LogPakFile: PakFile PrimaryIndexSize=185
[2022.03.19-04.14.18:577][  0]LogPakFile: PakFile PathHashIndexSize=101
[2022.03.19-04.14.18:577][  0]LogPakFile: PakFile FullDirectoryIndexSize=144
[2022.03.19-04.14.18:577][  0]LogShaderLibrary: Display: ShaderCodeLibraryPakFileMountedCallback: PakFile 'C:/Program Files/Epic Games/UE_4.27/FeaturePacks/TP_TwinStick.upack' (chunk index -1, root 'root:/') mounted
[2022.03.19-04.14.18:577][  0]LogShaderLibrary: Display: ShaderCodeLibraryPakFileMountedCallback: pending pak file info (ChunkID:-1 Root:root:/ File:C:/Program Files/Epic Games/UE_4.27/FeaturePacks/TP_TwinStick.upack)
[2022.03.19-04.14.18:578][  0]LogPakFile: OnPakFileMounted2Time == 0.000301
[2022.03.19-04.14.18:592][  0]LogPakFile: PakFile PrimaryIndexSize=187
[2022.03.19-04.14.18:592][  0]LogPakFile: PakFile PathHashIndexSize=101
[2022.03.19-04.14.18:592][  0]LogPakFile: PakFile FullDirectoryIndexSize=148
[2022.03.19-04.14.18:592][  0]LogShaderLibrary: Display: ShaderCodeLibraryPakFileMountedCallback: PakFile 'C:/Program Files/Epic Games/UE_4.27/FeaturePacks/TP_TwinStickBP.upack' (chunk index -1, root 'root:/') mounted
[2022.03.19-04.14.18:593][  0]LogShaderLibrary: Display: ShaderCodeLibraryPakFileMountedCallback: pending pak file info (ChunkID:-1 Root:root:/ File:C:/Program Files/Epic Games/UE_4.27/FeaturePacks/TP_TwinStickBP.upack)
[2022.03.19-04.14.18:593][  0]LogPakFile: OnPakFileMounted2Time == 0.000370
[2022.03.19-04.14.18:609][  0]LogPakFile: PakFile PrimaryIndexSize=183
[2022.03.19-04.14.18:609][  0]LogPakFile: PakFile PathHashIndexSize=101
[2022.03.19-04.14.18:609][  0]LogPakFile: PakFile FullDirectoryIndexSize=140
[2022.03.19-04.14.18:609][  0]LogShaderLibrary: Display: ShaderCodeLibraryPakFileMountedCallback: PakFile 'C:/Program Files/Epic Games/UE_4.27/FeaturePacks/TP_Vehicle.upack' (chunk index -1, root 'root:/') mounted
[2022.03.19-04.14.18:610][  0]LogShaderLibrary: Display: ShaderCodeLibraryPakFileMountedCallback: pending pak file info (ChunkID:-1 Root:root:/ File:C:/Program Files/Epic Games/UE_4.27/FeaturePacks/TP_Vehicle.upack)
[2022.03.19-04.14.18:610][  0]LogPakFile: OnPakFileMounted2Time == 0.000302
[2022.03.19-04.14.18:624][  0]LogPakFile: PakFile PrimaryIndexSize=186
[2022.03.19-04.14.18:625][  0]LogPakFile: PakFile PathHashIndexSize=101
[2022.03.19-04.14.18:625][  0]LogPakFile: PakFile FullDirectoryIndexSize=146
[2022.03.19-04.14.18:625][  0]LogShaderLibrary: Display: ShaderCodeLibraryPakFileMountedCallback: PakFile 'C:/Program Files/Epic Games/UE_4.27/FeaturePacks/TP_VehicleAdv.upack' (chunk index -1, root 'root:/') mounted
[2022.03.19-04.14.18:625][  0]LogShaderLibrary: Display: ShaderCodeLibraryPakFileMountedCallback: pending pak file info (ChunkID:-1 Root:root:/ File:C:/Program Files/Epic Games/UE_4.27/FeaturePacks/TP_VehicleAdv.upack)
[2022.03.19-04.14.18:625][  0]LogPakFile: OnPakFileMounted2Time == 0.000275
[2022.03.19-04.14.18:640][  0]LogPakFile: PakFile PrimaryIndexSize=188
[2022.03.19-04.14.18:640][  0]LogPakFile: PakFile PathHashIndexSize=101
[2022.03.19-04.14.18:640][  0]LogPakFile: PakFile FullDirectoryIndexSize=150
[2022.03.19-04.14.18:640][  0]LogShaderLibrary: Display: ShaderCodeLibraryPakFileMountedCallback: PakFile 'C:/Program Files/Epic Games/UE_4.27/FeaturePacks/TP_VehicleAdvBP.upack' (chunk index -1, root 'root:/') mounted
[2022.03.19-04.14.18:640][  0]LogShaderLibrary: Display: ShaderCodeLibraryPakFileMountedCallback: pending pak file info (ChunkID:-1 Root:root:/ File:C:/Program Files/Epic Games/UE_4.27/FeaturePacks/TP_VehicleAdvBP.upack)
[2022.03.19-04.14.18:640][  0]LogPakFile: OnPakFileMounted2Time == 0.000266
[2022.03.19-04.14.18:654][  0]LogPakFile: PakFile PrimaryIndexSize=185
[2022.03.19-04.14.18:654][  0]LogPakFile: PakFile PathHashIndexSize=101
[2022.03.19-04.14.18:654][  0]LogPakFile: PakFile FullDirectoryIndexSize=144
[2022.03.19-04.14.18:654][  0]LogShaderLibrary: Display: ShaderCodeLibraryPakFileMountedCallback: PakFile 'C:/Program Files/Epic Games/UE_4.27/FeaturePacks/TP_VehicleBP.upack' (chunk index -1, root 'root:/') mounted
[2022.03.19-04.14.18:655][  0]LogShaderLibrary: Display: ShaderCodeLibraryPakFileMountedCallback: pending pak file info (ChunkID:-1 Root:root:/ File:C:/Program Files/Epic Games/UE_4.27/FeaturePacks/TP_VehicleBP.upack)
[2022.03.19-04.14.18:655][  0]LogPakFile: OnPakFileMounted2Time == 0.000353
[2022.03.19-04.14.18:670][  0]LogPakFile: PakFile PrimaryIndexSize=192
[2022.03.19-04.14.18:670][  0]LogPakFile: PakFile PathHashIndexSize=101
[2022.03.19-04.14.18:670][  0]LogPakFile: PakFile FullDirectoryIndexSize=158
[2022.03.19-04.14.18:670][  0]LogShaderLibrary: Display: ShaderCodeLibraryPakFileMountedCallback: PakFile 'C:/Program Files/Epic Games/UE_4.27/FeaturePacks/TP_VirtualRealityBP.upack' (chunk index -1, root 'root:/') mounted
[2022.03.19-04.14.18:671][  0]LogShaderLibrary: Display: ShaderCodeLibraryPakFileMountedCallback: pending pak file info (ChunkID:-1 Root:root:/ File:C:/Program Files/Epic Games/UE_4.27/FeaturePacks/TP_VirtualRealityBP.upack)
[2022.03.19-04.14.18:671][  0]LogPakFile: OnPakFileMounted2Time == 0.000338
[2022.03.19-04.14.19:215][  0]LogNativeClassHierarchy: Verbose: Native class hierarchy updated for 'AddContentDialog' in 0.0007 seconds. Added 0 classes and 0 folders.
[2022.03.19-04.14.19:219][  0]LogNativeClassHierarchy: Verbose: Native class hierarchy updated for 'SceneOutliner' in 0.0007 seconds. Added 2 classes and 0 folders.
[2022.03.19-04.14.19:282][  0]LogSlate: Took 0.000427 seconds to synchronously load lazily loaded font '../../../Engine/Content/Slate/Fonts/Roboto-Regular.ttf' (155K)
[2022.03.19-04.14.19:302][  0]LogSlate: Took 0.016886 seconds to synchronously load lazily loaded font '../../../Engine/Content/Editor/Slate/Fonts/FontAwesome.ttf' (139K)
[2022.03.19-04.14.19:306][  0]LogSlate: Took 0.000424 seconds to synchronously load lazily loaded font '../../../Engine/Content/Slate/Fonts/Roboto-Bold.ttf' (160K)
[2022.03.19-04.14.19:567][  0]LogRenderer: Reallocating scene render targets to support 964x432 Format 10 NumSamples 1 (Frame:1).
[2022.03.19-04.14.19:832][  0]LogNativeClassHierarchy: Verbose: Native class hierarchy updated for 'HierarchicalLODOutliner' in 0.0007 seconds. Added 0 classes and 0 folders.
[2022.03.19-04.14.19:833][  0]LogLoad: (Engine Initialization) Total time: 60.97 seconds
[2022.03.19-04.14.19:833][  0]LogLoad: (Engine Initialization) Total Blueprint compile time: 0.00 seconds
[2022.03.19-04.14.19:920][  0]LogContentStreaming: Texture pool size now 1000 MB
[2022.03.19-04.14.19:984][  1]LogAssetRegistry: Asset discovery search completed in 52.3560 seconds
[2022.03.19-04.14.20:003][  1]LogCollectionManager: Fixed up redirectors for 0 collections in 0.000007 seconds (updated 0 objects)
[2022.03.19-04.14.25:228][299]Candidate modules for hot reload:
[2022.03.19-04.14.25:229][299]  Aidan
[2022.03.19-04.14.25:229][299]Launching UnrealBuildTool... [C:/Program Files/Epic Games/UE_4.27/Engine/Binaries/DotNET/UnrealBuildTool.exe  -ModuleWithSuffix=Aidan,6254 AidanEditor Win64 Development -Project="C:/Users/malik/OneDrive/Desktop/Software Engineering Capstone/Cstone/Aidan/Aidan/Aidan.uproject" "C:/Users/malik/OneDrive/Desktop/Software Engineering Capstone/Cstone/Aidan/Aidan/Aidan.uproject"  -IgnoreJunk]
[2022.03.19-04.14.25:236][299]Warning: Starting HotReload took  0.1s.
[2022.03.19-04.14.31:408][596]CompilerResultsLog: New page: Compilation - Mar 18, 2022, 6:14:31 PM
[2022.03.19-04.14.31:409][596]CompilerResultsLog: Using 'git status' to determine working set for adaptive non-unity build (C:\Users\malik\OneDrive\Desktop\Software Engineering Capstone\Cstone\Aidan).
[2022.03.19-04.14.31:409][596]CompilerResultsLog: Building AidanEditor...
[2022.03.19-04.14.31:409][596]CompilerResultsLog: Using Visual Studio 2019 14.29.30038 toolchain (C:\Program Files (x86)\Microsoft Visual Studio\2019\Community\VC\Tools\MSVC\14.29.30037) and Windows 10.0.16299.0 SDK (C:\Program Files (x86)\Windows Kits\10).
[2022.03.19-04.14.31:409][596]CompilerResultsLog: Building 3 actions with 8 processes...
[2022.03.19-04.14.31:409][596]CompilerResultsLog:   [1/3] UE4Editor-Aidan-6254.lib
[2022.03.19-04.14.31:410][596]CompilerResultsLog:      Creating library C:\Users\malik\OneDrive\Desktop\Software Engineering Capstone\Cstone\Aidan\Aidan\Intermediate\Build\Win64\UE4Editor\Development\Aidan\UE4Editor-Aidan-6254.lib and object C:\Users\malik\OneDrive\Desktop\Software Engineering Capstone\Cstone\Aidan\Aidan\Intermediate\Build\Win64\UE4Editor\Development\Aidan\UE4Editor-Aidan-6254.exp
[2022.03.19-04.14.31:410][596]CompilerResultsLog:   [2/3] UE4Editor-Aidan-6254.dll
[2022.03.19-04.14.31:410][596]CompilerResultsLog:      Creating library C:\Users\malik\OneDrive\Desktop\Software Engineering Capstone\Cstone\Aidan\Aidan\Intermediate\Build\Win64\UE4Editor\Development\Aidan\UE4Editor-Aidan-6254.suppressed.lib and object C:\Users\malik\OneDrive\Desktop\Software Engineering Capstone\Cstone\Aidan\Aidan\Intermediate\Build\Win64\UE4Editor\Development\Aidan\UE4Editor-Aidan-6254.suppressed.exp
[2022.03.19-04.14.31:410][596]CompilerResultsLog:   [3/3] AidanEditor.target
[2022.03.19-04.14.31:411][596]CompilerResultsLog: Total time in Parallel executor: 3.40 seconds
[2022.03.19-04.14.31:411][596]CompilerResultsLog: Total execution time: 5.88 seconds
[2022.03.19-04.14.31:411][596]LogMainFrame: MainFrame: Module compiling took 6.204 seconds
[2022.03.19-04.14.33:921][596]LogNativeClassHierarchy: Verbose: Native class hierarchy updated for 'Aidan' in 0.0008 seconds. Added 3 classes and 3 folders.
[2022.03.19-04.14.33:926][596]Display: HotReload successful (0 functions remapped  0 scriptstructs remapped)
[2022.03.19-04.14.34:098][596]LogNativeClassHierarchy: Verbose: Native class hierarchy populated in 0.0283 seconds. Added 3825 classes and 931 folders.
[2022.03.19-04.14.34:098][596]Display: HotReload took  8.9s.
[2022.03.19-04.14.42:551][  2]LogEditor: Attempting to add actor of class 'ProcMesh' to level at -410.00,-520.00,530.00
[2022.03.19-04.14.50:924][307]LogEditor: Attempting to add actor of class 'ProcMesh' to level at -260.00,200.00,20.00
