Log file open, 03/18/22 23:23:53
LogWindows: Failed to load 'aqProf.dll' (GetLastError=126)
LogWindows: File 'aqProf.dll' does not exist
LogWindows: Failed to load 'VtuneApi.dll' (GetLastError=126)
LogWindows: File 'VtuneApi.dll' does not exist
LogWindows: Failed to load 'VtuneApi32e.dll' (GetLastError=126)
LogWindows: File 'VtuneApi32e.dll' does not exist
LogConsoleResponse: Display: Failed to find resolution value strings in scalability ini. Falling back to default.
LogConsoleResponse: Display: Failed to find resolution value strings in scalability ini. Falling back to default.
LogInit: Display: Running engine for game: Aidan
LogPlatformFile: Not using cached read wrapper
LogTaskGraph: Started task graph with 5 named threads and 23 total threads with 3 sets of task threads.
LogStats: Stats thread started at 0.692612
LogICUInternationalization: ICU TimeZone Detection - Raw Offset: -6:00, Platform Override: ''
LogInit: Display: Loading text-based GConfig....
LogPluginManager: Mounting plugin MeshPainting
LogPluginManager: Mounting plugin XGEController
LogPluginManager: Mounting plugin Paper2D
LogPluginManager: Mounting plugin LiveLink
LogPluginManager: Mounting plugin AISupport
LogPluginManager: Mounting plugin EnvironmentQueryEditor
LogPluginManager: Mounting plugin GameplayCameras
LogPluginManager: Mounting plugin LightPropagationVolume
LogPluginManager: Mounting plugin CameraShakePreviewer
LogPluginManager: Mounting plugin DatasmithContent
LogPluginManager: Mounting plugin OodleData
LogPluginManager: Mounting plugin VariantManagerContent
LogPluginManager: Mounting plugin AssetManagerEditor
LogPluginManager: Mounting plugin CurveEditorTools
LogPluginManager: Mounting plugin DataValidation
LogPluginManager: Mounting plugin CryptoKeys
LogPluginManager: Mounting plugin AnimationSharing
LogPluginManager: Mounting plugin GameplayTagsEditor
LogPluginManager: Mounting plugin FacialAnimation
LogPluginManager: Mounting plugin GeometryMode
LogPluginManager: Mounting plugin MacGraphicsSwitching
LogPluginManager: Mounting plugin MobileLauncherProfileWizard
LogPluginManager: Mounting plugin PluginBrowser
LogPluginManager: Mounting plugin MaterialAnalyzer
LogPluginManager: Mounting plugin SpeedTreeImporter
LogPluginManager: Mounting plugin CodeLiteSourceCodeAccess
LogPluginManager: Mounting plugin CLionSourceCodeAccess
LogPluginManager: Mounting plugin GitSourceControl
LogPluginManager: Mounting plugin KDevelopSourceCodeAccess
LogPluginManager: Mounting plugin PixWinPlugin
LogPluginManager: Mounting plugin PlasticSourceControl
LogPluginManager: Mounting plugin NullSourceCodeAccess
LogPluginManager: Mounting plugin PerforceSourceControl
LogPluginManager: Mounting plugin PluginUtils
LogPluginManager: Mounting plugin PropertyAccessNode
LogPluginManager: Mounting plugin RiderSourceCodeAccess
LogPluginManager: Mounting plugin SubversionSourceControl
LogPluginManager: Mounting plugin TextureFormatOodle
LogPluginManager: Mounting plugin UObjectPlugin
LogPluginManager: Mounting plugin VisualStudioCodeSourceCodeAccess
LogPluginManager: Mounting plugin VisualStudioSourceCodeAccess
LogPluginManager: Mounting plugin XCodeSourceCodeAccess
LogPluginManager: Mounting plugin Niagara
LogPluginManager: Mounting plugin LuminPlatformFeatures
LogPluginManager: Mounting plugin MagicLeap
LogPluginManager: Mounting plugin MagicLeapLightEstimation
LogPluginManager: Mounting plugin AlembicImporter
LogPluginManager: Mounting plugin MagicLeapMedia
LogPluginManager: Mounting plugin AutomationUtils
LogPluginManager: Mounting plugin BackChannel
LogPluginManager: Mounting plugin ChaosCloth
LogPluginManager: Mounting plugin ChaosClothEditor
LogPluginManager: Mounting plugin MagicLeapPassableWorld
LogPluginManager: Mounting plugin ChaosEditor
LogPluginManager: Mounting plugin ChaosNiagara
LogPluginManager: Mounting plugin MLSDK
LogPluginManager: Mounting plugin ChaosSolverPlugin
LogPluginManager: Mounting plugin CharacterAI
LogPluginManager: Mounting plugin GeometryCache
LogPluginManager: Mounting plugin GeometryCollectionPlugin
LogPluginManager: Mounting plugin AndroidMedia
LogPluginManager: Mounting plugin AvfMedia
LogPluginManager: Mounting plugin ImgMedia
LogPluginManager: Mounting plugin MediaCompositing
LogPluginManager: Mounting plugin OodleNetwork
LogPluginManager: Mounting plugin MediaPlayerEditor
LogPluginManager: Mounting plugin WebMMedia
LogPluginManager: Mounting plugin WmfMedia
LogPluginManager: Mounting plugin GeometryProcessing
LogPluginManager: Mounting plugin OpenImageDenoise
LogPluginManager: Mounting plugin MotoSynth
LogPluginManager: Mounting plugin PlanarCut
LogPluginManager: Mounting plugin ProxyLODPlugin
LogPluginManager: Mounting plugin PythonScriptPlugin
LogPluginManager: Mounting plugin SkeletalReduction
LogPluginManager: Mounting plugin TcpMessaging
LogPluginManager: Mounting plugin UdpMessaging
LogPluginManager: Mounting plugin OnlineSubsystemNull
LogPluginManager: Mounting plugin OnlineSubsystemUtils
LogPluginManager: Mounting plugin ActorSequence
LogPluginManager: Mounting plugin LevelSequenceEditor
LogPluginManager: Mounting plugin MatineeToLevelSequence
LogPluginManager: Mounting plugin OnlineSubsystem
LogPluginManager: Mounting plugin TemplateSequence
LogPluginManager: Mounting plugin ActorLayerUtilities
LogPluginManager: Mounting plugin LauncherChunkInstaller
LogPluginManager: Mounting plugin AndroidDeviceProfileSelector
LogPluginManager: Mounting plugin AndroidMoviePlayer
LogPluginManager: Mounting plugin AndroidPermission
LogPluginManager: Mounting plugin AppleImageUtils
LogPluginManager: Mounting plugin ArchVisCharacter
LogPluginManager: Mounting plugin AssetTags
LogPluginManager: Mounting plugin AudioCapture
LogPluginManager: Mounting plugin AudioSynesthesia
LogPluginManager: Mounting plugin CableComponent
LogPluginManager: Mounting plugin ChunkDownloader
LogPluginManager: Mounting plugin CustomMeshComponent
LogPluginManager: Mounting plugin EditableMesh
LogPluginManager: Mounting plugin GoogleCloudMessaging
LogPluginManager: Mounting plugin GooglePAD
LogPluginManager: Mounting plugin ExampleDeviceProfileSelector
LogPluginManager: Mounting plugin AppleMoviePlayer
LogPluginManager: Mounting plugin ScreenshotTools
LogPluginManager: Mounting plugin PlatformCrypto
LogPluginManager: Mounting plugin IOSDeviceProfileSelector
LogPluginManager: Mounting plugin LinuxDeviceProfileSelector
LogPluginManager: Mounting plugin LocationServicesBPLibrary
LogPluginManager: Mounting plugin MobilePatchingUtils
LogPluginManager: Mounting plugin OpenXR
LogPluginManager: Mounting plugin OpenXREyeTracker
LogPluginManager: Mounting plugin OpenXRHandTracking
LogPluginManager: Mounting plugin PhysXVehicles
LogPluginManager: Mounting plugin Takes
LogPluginManager: Mounting plugin PostSplashScreen
LogPluginManager: Mounting plugin PropertyAccessEditor
LogPluginManager: Mounting plugin ProceduralMeshComponent
LogPluginManager: Mounting plugin RuntimePhysXCooking
LogPluginManager: Mounting plugin SignificanceManager
LogPluginManager: Mounting plugin SoundFields
LogPluginManager: Mounting plugin Synthesis
LogPluginManager: Mounting plugin WebMMoviePlayer
LogPluginManager: Mounting plugin WindowsMoviePlayer
LogPluginManager: Mounting plugin ContentBrowserAssetDataSource
LogPluginManager: Mounting plugin ContentBrowserClassDataSource
LogPluginManager: Mounting plugin ContentBrowserFileDataSource
LogPluginManager: Mounting plugin OnlineSubsystemGooglePlay
LogPluginManager: Mounting plugin OnlineSubsystemIOS
LogPluginManager: Mounting plugin OculusVR
LogPluginManager: Mounting plugin SteamVR
PixWinPlugin: PIX capture plugin failed to initialize! Check that the process is launched from PIX.
LogInit: Using libcurl 7.55.1-DEV
LogInit:  - built for x86_64-pc-win32
LogInit:  - supports SSL with OpenSSL/1.1.1
LogInit:  - supports HTTP deflate (compression) using libz 1.2.8
LogInit:  - other features:
LogInit:      CURL_VERSION_SSL
LogInit:      CURL_VERSION_LIBZ
LogInit:      CURL_VERSION_IPV6
LogInit:      CURL_VERSION_ASYNCHDNS
LogInit:      CURL_VERSION_LARGEFILE
LogInit:      CURL_VERSION_IDN
LogInit:  CurlRequestOptions (configurable via config and command line):
LogInit:  - bVerifyPeer = true  - Libcurl will verify peer certificate
LogInit:  - bUseHttpProxy = false  - Libcurl will NOT use HTTP proxy
LogInit:  - bDontReuseConnections = false  - Libcurl will reuse connections
LogInit:  - MaxHostConnections = 16  - Libcurl will limit the number of connections to a host
LogInit:  - LocalHostAddr = Default
LogInit:  - BufferSize = 65536
LogOnline: OSS: Creating online subsystem instance for: NULL
LogInit: WinSock: version 1.1 (2.2), MaxSocks=32767, MaxUdp=65467
LogOnline: OSS: TryLoadSubsystemAndSetDefault: Loaded subsystem for module [NULL]
LogOculusPluginWrapper: OculusPlugin initialized successfully
LogHMD: Failed initializing OVRPlugin 1.59.0
LogInit: Build: ++UE4+Release-4.27-CL-18319896
LogInit: Engine Version: 4.27.2-18319896+++UE4+Release-4.27
LogInit: Compatible Engine Version: 4.27.0-17155196+++UE4+Release-4.27
LogInit: Net CL: 17155196
LogInit: OS: Windows 10 (Release 2009) (), CPU: AMD Ryzen 7 3700U with Radeon Vega Mobile Gfx  , GPU: AMD Radeon(TM) RX Vega 10 Graphics
LogInit: Compiled (64-bit): Nov 30 2021 07:12:08
LogInit: Compiled with Visual C++: 19.24.28315.00
LogInit: Build Configuration: Development
LogInit: Branch Name: ++UE4+Release-4.27
LogInit: Command Line:  -skipcompile
LogInit: Base Directory: C:/Program Files/Epic Games/UE_4.27/Engine/Binaries/Win64/
LogInit: Allocator: TBB
LogInit: Installed Engine Build: 1
LogDevObjectVersion: Number of dev versions registered: 29
LogDevObjectVersion:   Dev-Blueprints (B0D832E4-1F89-4F0D-ACCF-7EB736FD4AA2): 10
LogDevObjectVersion:   Dev-Build (E1C64328-A22C-4D53-A36C-8E866417BD8C): 0
LogDevObjectVersion:   Dev-Core (375EC13C-06E4-48FB-B500-84F0262A717E): 4
LogDevObjectVersion:   Dev-Editor (E4B068ED-F494-42E9-A231-DA0B2E46BB41): 40
LogDevObjectVersion:   Dev-Framework (CFFC743F-43B0-4480-9391-14DF171D2073): 37
LogDevObjectVersion:   Dev-Mobile (B02B49B5-BB20-44E9-A304-32B752E40360): 3
LogDevObjectVersion:   Dev-Networking (A4E4105C-59A1-49B5-A7C5-40C4547EDFEE): 0
LogDevObjectVersion:   Dev-Online (39C831C9-5AE6-47DC-9A44-9C173E1C8E7C): 0
LogDevObjectVersion:   Dev-Physics (78F01B33-EBEA-4F98-B9B4-84EACCB95AA2): 14
LogDevObjectVersion:   Dev-Platform (6631380F-2D4D-43E0-8009-CF276956A95A): 0
LogDevObjectVersion:   Dev-Rendering (12F88B9F-8875-4AFC-A67C-D90C383ABD29): 45
LogDevObjectVersion:   Dev-Sequencer (7B5AE74C-D270-4C10-A958-57980B212A5A): 13
LogDevObjectVersion:   Dev-VR (D7296918-1DD6-4BDD-9DE2-64A83CC13884): 3
LogDevObjectVersion:   Dev-LoadTimes (C2A15278-BFE7-4AFE-6C17-90FF531DF755): 1
LogDevObjectVersion:   Private-Geometry (6EACA3D4-40EC-4CC1-B786-8BED09428FC5): 3
LogDevObjectVersion:   Dev-AnimPhys (29E575DD-E0A3-4627-9D10-D276232CDCEA): 17
LogDevObjectVersion:   Dev-Anim (AF43A65D-7FD3-4947-9873-3E8ED9C1BB05): 15
LogDevObjectVersion:   Dev-ReflectionCapture (6B266CEC-1EC7-4B8F-A30B-E4D90942FC07): 1
LogDevObjectVersion:   Dev-Automation (0DF73D61-A23F-47EA-B727-89E90C41499A): 1
LogDevObjectVersion:   FortniteMain (601D1886-AC64-4F84-AA16-D3DE0DEAC7D6): 47
LogDevObjectVersion:   FortniteRelease (E7086368-6B23-4C58-8439-1B7016265E91): 1
LogDevObjectVersion:   Dev-Enterprise (9DFFBCD6-494F-0158-E221-12823C92A888): 10
LogDevObjectVersion:   Dev-Niagara (F2AED0AC-9AFE-416F-8664-AA7FFA26D6FC): 1
LogDevObjectVersion:   Dev-Destruction (174F1F0B-B4C6-45A5-B13F-2EE8D0FB917D): 10
LogDevObjectVersion:   Dev-Physics-Ext (35F94A83-E258-406C-A318-09F59610247C): 41
LogDevObjectVersion:   Dev-PhysicsMaterial-Chaos (B68FC16E-8B1B-42E2-B453-215C058844FE): 1
LogDevObjectVersion:   Dev-CineCamera (B2E18506-4273-CFC2-A54E-F4BB758BBA07): 1
LogDevObjectVersion:   Dev-VirtualProduction (64F58936-FD1B-42BA-BA96-7289D5D0FA4E): 1
LogDevObjectVersion:   Dev-MediaFramework (6F0ED827-A609-4895-9C91-998D90180EA4): 2
LogInit: Presizing for max 25165824 objects, including 0 objects not considered by GC, pre-allocating 0 bytes for permanent pool.
LogConfig: Applying CVar settings from Section [/Script/Engine.StreamingSettings] File [C:/Users/malik/OneDrive/Desktop/Software Engineering Capstone/Cstone/Aidan/Aidan/Saved/Config/Windows/Engine.ini]
LogConfig: Setting CVar [[s.MinBulkDataSizeForAsyncLoading:131072]]
LogConfig: Setting CVar [[s.AsyncLoadingThreadEnabled:0]]
LogConfig: Setting CVar [[s.EventDrivenLoaderEnabled:1]]
LogConfig: Setting CVar [[s.WarnIfTimeLimitExceeded:0]]
LogConfig: Setting CVar [[s.TimeLimitExceededMultiplier:1.5]]
LogConfig: Setting CVar [[s.TimeLimitExceededMinTime:0.005]]
LogConfig: Setting CVar [[s.UseBackgroundLevelStreaming:1]]
LogConfig: Setting CVar [[s.PriorityAsyncLoadingExtraTime:15.0]]
LogConfig: Setting CVar [[s.LevelStreamingActorsUpdateTimeLimit:5.0]]
LogConfig: Setting CVar [[s.PriorityLevelStreamingActorsUpdateExtraTime:5.0]]
LogConfig: Setting CVar [[s.LevelStreamingComponentsRegistrationGranularity:10]]
LogConfig: Setting CVar [[s.UnregisterComponentsTimeLimit:1.0]]
LogConfig: Setting CVar [[s.LevelStreamingComponentsUnregistrationGranularity:5]]
LogConfig: Setting CVar [[s.FlushStreamingOnExit:1]]
LogInit: Object subsystem initialized
LogConfig: Setting CVar [[con.DebugEarlyDefault:1]]
LogConfig: Setting CVar [[r.setres:1280x720]]
[2022.03.19-04.23.56:055][  0]LogConfig: Setting CVar [[r.VSync:0]]
[2022.03.19-04.23.56:055][  0]LogConfig: Setting CVar [[r.RHICmdBypass:0]]
[2022.03.19-04.23.56:055][  0]LogConfig: Applying CVar settings from Section [/Script/Engine.RendererSettings] File [C:/Users/malik/OneDrive/Desktop/Software Engineering Capstone/Cstone/Aidan/Aidan/Saved/Config/Windows/Engine.ini]
[2022.03.19-04.23.56:055][  0]LogConfig: Setting CVar [[r.GPUCrashDebugging:0]]
[2022.03.19-04.23.56:056][  0]LogConfig: Applying CVar settings from Section [/Script/Engine.RendererOverrideSettings] File [C:/Users/malik/OneDrive/Desktop/Software Engineering Capstone/Cstone/Aidan/Aidan/Saved/Config/Windows/Engine.ini]
[2022.03.19-04.23.56:056][  0]LogConfig: Applying CVar settings from Section [/Script/Engine.StreamingSettings] File [C:/Users/malik/OneDrive/Desktop/Software Engineering Capstone/Cstone/Aidan/Aidan/Saved/Config/Windows/Engine.ini]
[2022.03.19-04.23.56:056][  0]LogConfig: Setting CVar [[s.MinBulkDataSizeForAsyncLoading:131072]]
[2022.03.19-04.23.56:056][  0]LogConfig: Setting CVar [[s.AsyncLoadingThreadEnabled:0]]
[2022.03.19-04.23.56:056][  0]LogConfig: Setting CVar [[s.EventDrivenLoaderEnabled:1]]
[2022.03.19-04.23.56:056][  0]LogConfig: Setting CVar [[s.WarnIfTimeLimitExceeded:0]]
[2022.03.19-04.23.56:056][  0]LogConfig: Setting CVar [[s.TimeLimitExceededMultiplier:1.5]]
[2022.03.19-04.23.56:056][  0]LogConfig: Setting CVar [[s.TimeLimitExceededMinTime:0.005]]
[2022.03.19-04.23.56:056][  0]LogConfig: Setting CVar [[s.UseBackgroundLevelStreaming:1]]
[2022.03.19-04.23.56:057][  0]LogConfig: Setting CVar [[s.PriorityAsyncLoadingExtraTime:15.0]]
[2022.03.19-04.23.56:057][  0]LogConfig: Setting CVar [[s.LevelStreamingActorsUpdateTimeLimit:5.0]]
[2022.03.19-04.23.56:057][  0]LogConfig: Setting CVar [[s.PriorityLevelStreamingActorsUpdateExtraTime:5.0]]
[2022.03.19-04.23.56:057][  0]LogConfig: Setting CVar [[s.LevelStreamingComponentsRegistrationGranularity:10]]
[2022.03.19-04.23.56:057][  0]LogConfig: Setting CVar [[s.UnregisterComponentsTimeLimit:1.0]]
[2022.03.19-04.23.56:057][  0]LogConfig: Setting CVar [[s.LevelStreamingComponentsUnregistrationGranularity:5]]
[2022.03.19-04.23.56:057][  0]LogConfig: Setting CVar [[s.FlushStreamingOnExit:1]]
[2022.03.19-04.23.56:057][  0]LogConfig: Applying CVar settings from Section [/Script/Engine.GarbageCollectionSettings] File [C:/Users/malik/OneDrive/Desktop/Software Engineering Capstone/Cstone/Aidan/Aidan/Saved/Config/Windows/Engine.ini]
[2022.03.19-04.23.56:057][  0]LogConfig: Setting CVar [[gc.MaxObjectsNotConsideredByGC:1]]
[2022.03.19-04.23.56:057][  0]LogConfig: Setting CVar [[gc.SizeOfPermanentObjectPool:0]]
[2022.03.19-04.23.56:058][  0]LogConfig: Setting CVar [[gc.FlushStreamingOnGC:0]]
[2022.03.19-04.23.56:058][  0]LogConfig: Setting CVar [[gc.NumRetriesBeforeForcingGC:10]]
[2022.03.19-04.23.56:058][  0]LogConfig: Setting CVar [[gc.AllowParallelGC:1]]
[2022.03.19-04.23.56:058][  0]LogConfig: Setting CVar [[gc.TimeBetweenPurgingPendingKillObjects:61.1]]
[2022.03.19-04.23.56:058][  0]LogConfig: Setting CVar [[gc.MaxObjectsInEditor:25165824]]
[2022.03.19-04.23.56:058][  0]LogConfig: Setting CVar [[gc.IncrementalBeginDestroyEnabled:1]]
[2022.03.19-04.23.56:058][  0]LogConfig: Setting CVar [[gc.CreateGCClusters:1]]
[2022.03.19-04.23.56:058][  0]LogConfig: Setting CVar [[gc.MinGCClusterSize:5]]
[2022.03.19-04.23.56:058][  0]LogConfig: Setting CVar [[gc.ActorClusteringEnabled:0]]
[2022.03.19-04.23.56:058][  0]LogConfig: Setting CVar [[gc.BlueprintClusteringEnabled:0]]
[2022.03.19-04.23.56:058][  0]LogConfig: Setting CVar [[gc.UseDisregardForGCOnDedicatedServers:0]]
[2022.03.19-04.23.56:058][  0]LogConfig: Setting CVar [[gc.MultithreadedDestructionEnabled:1]]
[2022.03.19-04.23.56:058][  0]LogConfig: Applying CVar settings from Section [/Script/Engine.NetworkSettings] File [C:/Users/malik/OneDrive/Desktop/Software Engineering Capstone/Cstone/Aidan/Aidan/Saved/Config/Windows/Engine.ini]
[2022.03.19-04.23.56:058][  0]LogConfig: Applying CVar settings from Section [/Script/UnrealEd.CookerSettings] File [C:/Users/malik/OneDrive/Desktop/Software Engineering Capstone/Cstone/Aidan/Aidan/Saved/Config/Windows/Engine.ini]
[2022.03.19-04.23.56:097][  0]LogConfig: Applying CVar settings from Section [ViewDistanceQuality@3] File [C:/Users/malik/OneDrive/Desktop/Software Engineering Capstone/Cstone/Aidan/Aidan/Saved/Config/Windows/Scalability.ini]
[2022.03.19-04.23.56:097][  0]LogConfig: Setting CVar [[r.SkeletalMeshLODBias:0]]
[2022.03.19-04.23.56:097][  0]LogConfig: Setting CVar [[r.ViewDistanceScale:1.0]]
[2022.03.19-04.23.56:098][  0]LogConfig: Applying CVar settings from Section [AntiAliasingQuality@3] File [C:/Users/malik/OneDrive/Desktop/Software Engineering Capstone/Cstone/Aidan/Aidan/Saved/Config/Windows/Scalability.ini]
[2022.03.19-04.23.56:098][  0]LogConfig: Setting CVar [[r.PostProcessAAQuality:4]]
[2022.03.19-04.23.56:098][  0]LogConfig: Applying CVar settings from Section [ShadowQuality@3] File [C:/Users/malik/OneDrive/Desktop/Software Engineering Capstone/Cstone/Aidan/Aidan/Saved/Config/Windows/Scalability.ini]
[2022.03.19-04.23.56:098][  0]LogConfig: Setting CVar [[r.LightFunctionQuality:1]]
[2022.03.19-04.23.56:098][  0]LogConfig: Setting CVar [[r.ShadowQuality:5]]
[2022.03.19-04.23.56:098][  0]LogConfig: Setting CVar [[r.Shadow.CSM.MaxCascades:10]]
[2022.03.19-04.23.56:098][  0]LogConfig: Setting CVar [[r.Shadow.MaxResolution:2048]]
[2022.03.19-04.23.56:098][  0]LogConfig: Setting CVar [[r.Shadow.MaxCSMResolution:2048]]
[2022.03.19-04.23.56:098][  0]LogConfig: Setting CVar [[r.Shadow.RadiusThreshold:0.01]]
[2022.03.19-04.23.56:098][  0]LogConfig: Setting CVar [[r.Shadow.DistanceScale:1.0]]
[2022.03.19-04.23.56:098][  0]LogConfig: Setting CVar [[r.Shadow.CSM.TransitionScale:1.0]]
[2022.03.19-04.23.56:099][  0]LogConfig: Setting CVar [[r.Shadow.PreShadowResolutionFactor:1.0]]
[2022.03.19-04.23.56:099][  0]LogConfig: Setting CVar [[r.DistanceFieldShadowing:1]]
[2022.03.19-04.23.56:099][  0]LogConfig: Setting CVar [[r.DistanceFieldAO:1]]
[2022.03.19-04.23.56:099][  0]LogConfig: Setting CVar [[r.AOQuality:2]]
[2022.03.19-04.23.56:099][  0]LogConfig: Setting CVar [[r.VolumetricFog:1]]
[2022.03.19-04.23.56:099][  0]LogConfig: Setting CVar [[r.VolumetricFog.GridPixelSize:8]]
[2022.03.19-04.23.56:099][  0]LogConfig: Setting CVar [[r.VolumetricFog.GridSizeZ:128]]
[2022.03.19-04.23.56:099][  0]LogConfig: Setting CVar [[r.VolumetricFog.HistoryMissSupersampleCount:4]]
[2022.03.19-04.23.56:099][  0]LogConfig: Setting CVar [[r.LightMaxDrawDistanceScale:1]]
[2022.03.19-04.23.56:099][  0]LogConfig: Setting CVar [[r.CapsuleShadows:1]]
[2022.03.19-04.23.56:099][  0]LogConfig: Applying CVar settings from Section [PostProcessQuality@3] File [C:/Users/malik/OneDrive/Desktop/Software Engineering Capstone/Cstone/Aidan/Aidan/Saved/Config/Windows/Scalability.ini]
[2022.03.19-04.23.56:100][  0]LogConfig: Setting CVar [[r.MotionBlurQuality:4]]
[2022.03.19-04.23.56:100][  0]LogConfig: Setting CVar [[r.AmbientOcclusionMipLevelFactor:0.4]]
[2022.03.19-04.23.56:100][  0]LogConfig: Setting CVar [[r.AmbientOcclusionMaxQuality:100]]
[2022.03.19-04.23.56:100][  0]LogConfig: Setting CVar [[r.AmbientOcclusionLevels:-1]]
[2022.03.19-04.23.56:100][  0]LogConfig: Setting CVar [[r.AmbientOcclusionRadiusScale:1.0]]
[2022.03.19-04.23.56:100][  0]LogConfig: Setting CVar [[r.DepthOfFieldQuality:2]]
[2022.03.19-04.23.56:100][  0]LogConfig: Setting CVar [[r.RenderTargetPoolMin:400]]
[2022.03.19-04.23.56:100][  0]LogConfig: Setting CVar [[r.LensFlareQuality:2]]
[2022.03.19-04.23.56:100][  0]LogConfig: Setting CVar [[r.SceneColorFringeQuality:1]]
[2022.03.19-04.23.56:101][  0]LogConfig: Setting CVar [[r.EyeAdaptationQuality:2]]
[2022.03.19-04.23.56:101][  0]LogConfig: Setting CVar [[r.BloomQuality:5]]
[2022.03.19-04.23.56:101][  0]LogConfig: Setting CVar [[r.FastBlurThreshold:100]]
[2022.03.19-04.23.56:101][  0]LogConfig: Setting CVar [[r.Upscale.Quality:3]]
[2022.03.19-04.23.56:101][  0]LogConfig: Setting CVar [[r.Tonemapper.GrainQuantization:1]]
[2022.03.19-04.23.56:101][  0]LogConfig: Setting CVar [[r.LightShaftQuality:1]]
[2022.03.19-04.23.56:101][  0]LogConfig: Setting CVar [[r.Filter.SizeScale:1]]
[2022.03.19-04.23.56:101][  0]LogConfig: Setting CVar [[r.Tonemapper.Quality:5]]
[2022.03.19-04.23.56:102][  0]LogConfig: Setting CVar [[r.DOF.Gather.AccumulatorQuality:1        ; higher gathering accumulator quality]]
[2022.03.19-04.23.56:102][  0]LogConfig: Setting CVar [[r.DOF.Gather.PostfilterMethod:1          ; Median3x3 postfilering method]]
[2022.03.19-04.23.56:102][  0]LogConfig: Setting CVar [[r.DOF.Gather.EnableBokehSettings:0       ; no bokeh simulation when gathering]]
[2022.03.19-04.23.56:102][  0]LogConfig: Setting CVar [[r.DOF.Gather.RingCount:4                 ; medium number of samples when gathering]]
[2022.03.19-04.23.56:102][  0]LogConfig: Setting CVar [[r.DOF.Scatter.ForegroundCompositing:1    ; additive foreground scattering]]
[2022.03.19-04.23.56:102][  0]LogConfig: Setting CVar [[r.DOF.Scatter.BackgroundCompositing:2    ; additive background scattering]]
[2022.03.19-04.23.56:102][  0]LogConfig: Setting CVar [[r.DOF.Scatter.EnableBokehSettings:1      ; bokeh simulation when scattering]]
[2022.03.19-04.23.56:102][  0]LogConfig: Setting CVar [[r.DOF.Scatter.MaxSpriteRatio:0.1         ; only a maximum of 10% of scattered bokeh]]
[2022.03.19-04.23.56:102][  0]LogConfig: Setting CVar [[r.DOF.Recombine.Quality:1                ; cheap slight out of focus]]
[2022.03.19-04.23.56:103][  0]LogConfig: Setting CVar [[r.DOF.Recombine.EnableBokehSettings:0    ; no bokeh simulation on slight out of focus]]
[2022.03.19-04.23.56:103][  0]LogConfig: Setting CVar [[r.DOF.TemporalAAQuality:1                ; more stable temporal accumulation]]
[2022.03.19-04.23.56:103][  0]LogConfig: Setting CVar [[r.DOF.Kernel.MaxForegroundRadius:0.025]]
[2022.03.19-04.23.56:103][  0]LogConfig: Setting CVar [[r.DOF.Kernel.MaxBackgroundRadius:0.025]]
[2022.03.19-04.23.56:103][  0]LogConfig: Applying CVar settings from Section [TextureQuality@3] File [C:/Users/malik/OneDrive/Desktop/Software Engineering Capstone/Cstone/Aidan/Aidan/Saved/Config/Windows/Scalability.ini]
[2022.03.19-04.23.56:103][  0]LogConfig: Setting CVar [[r.Streaming.MipBias:0]]
[2022.03.19-04.23.56:103][  0]LogConfig: Setting CVar [[r.Streaming.AmortizeCPUToGPUCopy:0]]
[2022.03.19-04.23.56:104][  0]LogConfig: Setting CVar [[r.Streaming.MaxNumTexturesToStreamPerFrame:0]]
[2022.03.19-04.23.56:104][  0]LogConfig: Setting CVar [[r.Streaming.Boost:1]]
[2022.03.19-04.23.56:104][  0]LogConfig: Setting CVar [[r.MaxAnisotropy:8]]
[2022.03.19-04.23.56:104][  0]LogConfig: Setting CVar [[r.VT.MaxAnisotropy:8]]
[2022.03.19-04.23.56:104][  0]LogConfig: Setting CVar [[r.Streaming.LimitPoolSizeToVRAM:0]]
[2022.03.19-04.23.56:104][  0]LogConfig: Setting CVar [[r.Streaming.PoolSize:1000]]
[2022.03.19-04.23.56:104][  0]LogConfig: Setting CVar [[r.Streaming.MaxEffectiveScreenSize:0]]
[2022.03.19-04.23.56:104][  0]LogConfig: Applying CVar settings from Section [EffectsQuality@3] File [C:/Users/malik/OneDrive/Desktop/Software Engineering Capstone/Cstone/Aidan/Aidan/Saved/Config/Windows/Scalability.ini]
[2022.03.19-04.23.56:105][  0]LogConfig: Setting CVar [[r.TranslucencyLightingVolumeDim:64]]
[2022.03.19-04.23.56:105][  0]LogConfig: Setting CVar [[r.RefractionQuality:2]]
[2022.03.19-04.23.56:105][  0]LogConfig: Setting CVar [[r.SSR.Quality:3]]
[2022.03.19-04.23.56:105][  0]LogConfig: Setting CVar [[r.SSR.HalfResSceneColor:0]]
[2022.03.19-04.23.56:105][  0]LogConfig: Setting CVar [[r.SceneColorFormat:4]]
[2022.03.19-04.23.56:105][  0]LogConfig: Setting CVar [[r.DetailMode:2]]
[2022.03.19-04.23.56:105][  0]LogConfig: Setting CVar [[r.TranslucencyVolumeBlur:1]]
[2022.03.19-04.23.56:105][  0]LogConfig: Setting CVar [[r.MaterialQualityLevel:1 ; High quality]]
[2022.03.19-04.23.56:106][  0]LogConfig: Setting CVar [[r.AnisotropicMaterials:1]]
[2022.03.19-04.23.56:106][  0]LogConfig: Setting CVar [[r.SSS.Scale:1]]
[2022.03.19-04.23.56:106][  0]LogConfig: Setting CVar [[r.SSS.SampleSet:2]]
[2022.03.19-04.23.56:106][  0]LogConfig: Setting CVar [[r.SSS.Quality:1]]
[2022.03.19-04.23.56:106][  0]LogConfig: Setting CVar [[r.SSS.HalfRes:0]]
[2022.03.19-04.23.56:106][  0]LogConfig: Setting CVar [[r.SSGI.Quality:3]]
[2022.03.19-04.23.56:106][  0]LogConfig: Setting CVar [[r.EmitterSpawnRateScale:1.0]]
[2022.03.19-04.23.56:106][  0]LogConfig: Setting CVar [[r.ParticleLightQuality:2]]
[2022.03.19-04.23.56:107][  0]LogConfig: Setting CVar [[r.SkyAtmosphere.AerialPerspectiveLUT.FastApplyOnOpaque:1 ; Always have FastSkyLUT 1 in this case to avoid wrong sky]]
[2022.03.19-04.23.56:107][  0]LogConfig: Setting CVar [[r.SkyAtmosphere.AerialPerspectiveLUT.SampleCountMaxPerSlice:4]]
[2022.03.19-04.23.56:107][  0]LogConfig: Setting CVar [[r.SkyAtmosphere.AerialPerspectiveLUT.DepthResolution:16.0]]
[2022.03.19-04.23.56:107][  0]LogConfig: Setting CVar [[r.SkyAtmosphere.FastSkyLUT:1]]
[2022.03.19-04.23.56:107][  0]LogConfig: Setting CVar [[r.SkyAtmosphere.FastSkyLUT.SampleCountMin:4.0]]
[2022.03.19-04.23.56:107][  0]LogConfig: Setting CVar [[r.SkyAtmosphere.FastSkyLUT.SampleCountMax:128.0]]
[2022.03.19-04.23.56:107][  0]LogConfig: Setting CVar [[r.SkyAtmosphere.SampleCountMin:4.0]]
[2022.03.19-04.23.56:107][  0]LogConfig: Setting CVar [[r.SkyAtmosphere.SampleCountMax:128.0]]
[2022.03.19-04.23.56:107][  0]LogConfig: Setting CVar [[r.SkyAtmosphere.TransmittanceLUT.UseSmallFormat:0]]
[2022.03.19-04.23.56:108][  0]LogConfig: Setting CVar [[r.SkyAtmosphere.TransmittanceLUT.SampleCount:10.0]]
[2022.03.19-04.23.56:108][  0]LogConfig: Setting CVar [[r.SkyAtmosphere.MultiScatteringLUT.SampleCount:15.0]]
[2022.03.19-04.23.56:108][  0]LogConfig: Setting CVar [[r.SkyLight.RealTimeReflectionCapture:1]]
[2022.03.19-04.23.56:108][  0]LogConfig: Applying CVar settings from Section [FoliageQuality@3] File [C:/Users/malik/OneDrive/Desktop/Software Engineering Capstone/Cstone/Aidan/Aidan/Saved/Config/Windows/Scalability.ini]
[2022.03.19-04.23.56:108][  0]LogConfig: Setting CVar [[foliage.DensityScale:1.0]]
[2022.03.19-04.23.56:108][  0]LogConfig: Setting CVar [[grass.DensityScale:1.0]]
[2022.03.19-04.23.56:108][  0]LogConfig: Applying CVar settings from Section [ShadingQuality@3] File [C:/Users/malik/OneDrive/Desktop/Software Engineering Capstone/Cstone/Aidan/Aidan/Saved/Config/Windows/Scalability.ini]
[2022.03.19-04.23.56:108][  0]LogConfig: Setting CVar [[r.HairStrands.SkyLighting.IntegrationType:2]]
[2022.03.19-04.23.56:109][  0]LogConfig: Setting CVar [[r.HairStrands.SkyAO.SampleCount:4]]
[2022.03.19-04.23.56:109][  0]LogConfig: Setting CVar [[r.HairStrands.Visibility.MSAA.SamplePerPixel:4]]
[2022.03.19-04.23.56:109][  0]LogInit: Selected Device Profile: [Windows]
[2022.03.19-04.23.56:109][  0]LogInit: Applying CVar settings loaded from the selected device profile: [Windows]
[2022.03.19-04.23.56:109][  0]LogHAL: Display: Platform has ~ 10 GB [10672975872 / 17179869184 / 10], which maps to Default [LargestMinGB=32, LargerMinGB=12, DefaultMinGB=8, SmallerMinGB=6, SmallestMinGB=0)
[2022.03.19-04.23.56:109][  0]LogInit: Going up to parent DeviceProfile []
[2022.03.19-04.23.56:109][  0]LogConfig: Applying CVar settings from Section [ViewDistanceQuality@3] File [C:/Users/malik/OneDrive/Desktop/Software Engineering Capstone/Cstone/Aidan/Aidan/Saved/Config/Windows/Scalability.ini]
[2022.03.19-04.23.56:110][  0]LogConfig: Setting CVar [[r.SkeletalMeshLODBias:0]]
[2022.03.19-04.23.56:110][  0]LogConfig: Setting CVar [[r.ViewDistanceScale:1.0]]
[2022.03.19-04.23.56:110][  0]LogConfig: Applying CVar settings from Section [AntiAliasingQuality@3] File [C:/Users/malik/OneDrive/Desktop/Software Engineering Capstone/Cstone/Aidan/Aidan/Saved/Config/Windows/Scalability.ini]
[2022.03.19-04.23.56:110][  0]LogConfig: Setting CVar [[r.PostProcessAAQuality:4]]
[2022.03.19-04.23.56:110][  0]LogConfig: Applying CVar settings from Section [ShadowQuality@3] File [C:/Users/malik/OneDrive/Desktop/Software Engineering Capstone/Cstone/Aidan/Aidan/Saved/Config/Windows/Scalability.ini]
[2022.03.19-04.23.56:110][  0]LogConfig: Setting CVar [[r.LightFunctionQuality:1]]
[2022.03.19-04.23.56:110][  0]LogConfig: Setting CVar [[r.ShadowQuality:5]]
[2022.03.19-04.23.56:110][  0]LogConfig: Setting CVar [[r.Shadow.CSM.MaxCascades:10]]
[2022.03.19-04.23.56:110][  0]LogConfig: Setting CVar [[r.Shadow.MaxResolution:2048]]
[2022.03.19-04.23.56:110][  0]LogConfig: Setting CVar [[r.Shadow.MaxCSMResolution:2048]]
[2022.03.19-04.23.56:111][  0]LogConfig: Setting CVar [[r.Shadow.RadiusThreshold:0.01]]
[2022.03.19-04.23.56:111][  0]LogConfig: Setting CVar [[r.Shadow.DistanceScale:1.0]]
[2022.03.19-04.23.56:111][  0]LogConfig: Setting CVar [[r.Shadow.CSM.TransitionScale:1.0]]
[2022.03.19-04.23.56:111][  0]LogConfig: Setting CVar [[r.Shadow.PreShadowResolutionFactor:1.0]]
[2022.03.19-04.23.56:111][  0]LogConfig: Setting CVar [[r.DistanceFieldShadowing:1]]
[2022.03.19-04.23.56:111][  0]LogConfig: Setting CVar [[r.DistanceFieldAO:1]]
[2022.03.19-04.23.56:111][  0]LogConfig: Setting CVar [[r.AOQuality:2]]
[2022.03.19-04.23.56:111][  0]LogConfig: Setting CVar [[r.VolumetricFog:1]]
[2022.03.19-04.23.56:111][  0]LogConfig: Setting CVar [[r.VolumetricFog.GridPixelSize:8]]
[2022.03.19-04.23.56:112][  0]LogConfig: Setting CVar [[r.VolumetricFog.GridSizeZ:128]]
[2022.03.19-04.23.56:112][  0]LogConfig: Setting CVar [[r.VolumetricFog.HistoryMissSupersampleCount:4]]
[2022.03.19-04.23.56:112][  0]LogConfig: Setting CVar [[r.LightMaxDrawDistanceScale:1]]
[2022.03.19-04.23.56:112][  0]LogConfig: Setting CVar [[r.CapsuleShadows:1]]
[2022.03.19-04.23.56:112][  0]LogConfig: Applying CVar settings from Section [PostProcessQuality@3] File [C:/Users/malik/OneDrive/Desktop/Software Engineering Capstone/Cstone/Aidan/Aidan/Saved/Config/Windows/Scalability.ini]
[2022.03.19-04.23.56:112][  0]LogConfig: Setting CVar [[r.MotionBlurQuality:4]]
[2022.03.19-04.23.56:112][  0]LogConfig: Setting CVar [[r.AmbientOcclusionMipLevelFactor:0.4]]
[2022.03.19-04.23.56:112][  0]LogConfig: Setting CVar [[r.AmbientOcclusionMaxQuality:100]]
[2022.03.19-04.23.56:112][  0]LogConfig: Setting CVar [[r.AmbientOcclusionLevels:-1]]
[2022.03.19-04.23.56:112][  0]LogConfig: Setting CVar [[r.AmbientOcclusionRadiusScale:1.0]]
[2022.03.19-04.23.56:113][  0]LogConfig: Setting CVar [[r.DepthOfFieldQuality:2]]
[2022.03.19-04.23.56:113][  0]LogConfig: Setting CVar [[r.RenderTargetPoolMin:400]]
[2022.03.19-04.23.56:113][  0]LogConfig: Setting CVar [[r.LensFlareQuality:2]]
[2022.03.19-04.23.56:113][  0]LogConfig: Setting CVar [[r.SceneColorFringeQuality:1]]
[2022.03.19-04.23.56:113][  0]LogConfig: Setting CVar [[r.EyeAdaptationQuality:2]]
[2022.03.19-04.23.56:113][  0]LogConfig: Setting CVar [[r.BloomQuality:5]]
[2022.03.19-04.23.56:113][  0]LogConfig: Setting CVar [[r.FastBlurThreshold:100]]
[2022.03.19-04.23.56:113][  0]LogConfig: Setting CVar [[r.Upscale.Quality:3]]
[2022.03.19-04.23.56:113][  0]LogConfig: Setting CVar [[r.Tonemapper.GrainQuantization:1]]
[2022.03.19-04.23.56:113][  0]LogConfig: Setting CVar [[r.LightShaftQuality:1]]
[2022.03.19-04.23.56:114][  0]LogConfig: Setting CVar [[r.Filter.SizeScale:1]]
[2022.03.19-04.23.56:114][  0]LogConfig: Setting CVar [[r.Tonemapper.Quality:5]]
[2022.03.19-04.23.56:114][  0]LogConfig: Setting CVar [[r.DOF.Gather.AccumulatorQuality:1        ; higher gathering accumulator quality]]
[2022.03.19-04.23.56:114][  0]LogConfig: Setting CVar [[r.DOF.Gather.PostfilterMethod:1          ; Median3x3 postfilering method]]
[2022.03.19-04.23.56:114][  0]LogConfig: Setting CVar [[r.DOF.Gather.EnableBokehSettings:0       ; no bokeh simulation when gathering]]
[2022.03.19-04.23.56:114][  0]LogConfig: Setting CVar [[r.DOF.Gather.RingCount:4                 ; medium number of samples when gathering]]
[2022.03.19-04.23.56:114][  0]LogConfig: Setting CVar [[r.DOF.Scatter.ForegroundCompositing:1    ; additive foreground scattering]]
[2022.03.19-04.23.56:114][  0]LogConfig: Setting CVar [[r.DOF.Scatter.BackgroundCompositing:2    ; additive background scattering]]
[2022.03.19-04.23.56:114][  0]LogConfig: Setting CVar [[r.DOF.Scatter.EnableBokehSettings:1      ; bokeh simulation when scattering]]
[2022.03.19-04.23.56:114][  0]LogConfig: Setting CVar [[r.DOF.Scatter.MaxSpriteRatio:0.1         ; only a maximum of 10% of scattered bokeh]]
[2022.03.19-04.23.56:115][  0]LogConfig: Setting CVar [[r.DOF.Recombine.Quality:1                ; cheap slight out of focus]]
[2022.03.19-04.23.56:115][  0]LogConfig: Setting CVar [[r.DOF.Recombine.EnableBokehSettings:0    ; no bokeh simulation on slight out of focus]]
[2022.03.19-04.23.56:115][  0]LogConfig: Setting CVar [[r.DOF.TemporalAAQuality:1                ; more stable temporal accumulation]]
[2022.03.19-04.23.56:115][  0]LogConfig: Setting CVar [[r.DOF.Kernel.MaxForegroundRadius:0.025]]
[2022.03.19-04.23.56:115][  0]LogConfig: Setting CVar [[r.DOF.Kernel.MaxBackgroundRadius:0.025]]
[2022.03.19-04.23.56:115][  0]LogConfig: Applying CVar settings from Section [TextureQuality@3] File [C:/Users/malik/OneDrive/Desktop/Software Engineering Capstone/Cstone/Aidan/Aidan/Saved/Config/Windows/Scalability.ini]
[2022.03.19-04.23.56:115][  0]LogConfig: Setting CVar [[r.Streaming.MipBias:0]]
[2022.03.19-04.23.56:115][  0]LogConfig: Setting CVar [[r.Streaming.AmortizeCPUToGPUCopy:0]]
[2022.03.19-04.23.56:115][  0]LogConfig: Setting CVar [[r.Streaming.MaxNumTexturesToStreamPerFrame:0]]
[2022.03.19-04.23.56:116][  0]LogConfig: Setting CVar [[r.Streaming.Boost:1]]
[2022.03.19-04.23.56:116][  0]LogConfig: Setting CVar [[r.MaxAnisotropy:8]]
[2022.03.19-04.23.56:116][  0]LogConfig: Setting CVar [[r.VT.MaxAnisotropy:8]]
[2022.03.19-04.23.56:116][  0]LogConfig: Setting CVar [[r.Streaming.LimitPoolSizeToVRAM:0]]
[2022.03.19-04.23.56:116][  0]LogConfig: Setting CVar [[r.Streaming.PoolSize:1000]]
[2022.03.19-04.23.56:116][  0]LogConfig: Setting CVar [[r.Streaming.MaxEffectiveScreenSize:0]]
[2022.03.19-04.23.56:116][  0]LogConfig: Applying CVar settings from Section [EffectsQuality@3] File [C:/Users/malik/OneDrive/Desktop/Software Engineering Capstone/Cstone/Aidan/Aidan/Saved/Config/Windows/Scalability.ini]
[2022.03.19-04.23.56:116][  0]LogConfig: Setting CVar [[r.TranslucencyLightingVolumeDim:64]]
[2022.03.19-04.23.56:116][  0]LogConfig: Setting CVar [[r.RefractionQuality:2]]
[2022.03.19-04.23.56:117][  0]LogConfig: Setting CVar [[r.SSR.Quality:3]]
[2022.03.19-04.23.56:117][  0]LogConfig: Setting CVar [[r.SSR.HalfResSceneColor:0]]
[2022.03.19-04.23.56:117][  0]LogConfig: Setting CVar [[r.SceneColorFormat:4]]
[2022.03.19-04.23.56:117][  0]LogConfig: Setting CVar [[r.DetailMode:2]]
[2022.03.19-04.23.56:117][  0]LogConfig: Setting CVar [[r.TranslucencyVolumeBlur:1]]
[2022.03.19-04.23.56:117][  0]LogConfig: Setting CVar [[r.MaterialQualityLevel:1 ; High quality]]
[2022.03.19-04.23.56:117][  0]LogConfig: Setting CVar [[r.AnisotropicMaterials:1]]
[2022.03.19-04.23.56:117][  0]LogConfig: Setting CVar [[r.SSS.Scale:1]]
[2022.03.19-04.23.56:117][  0]LogConfig: Setting CVar [[r.SSS.SampleSet:2]]
[2022.03.19-04.23.56:117][  0]LogConfig: Setting CVar [[r.SSS.Quality:1]]
[2022.03.19-04.23.56:118][  0]LogConfig: Setting CVar [[r.SSS.HalfRes:0]]
[2022.03.19-04.23.56:118][  0]LogConfig: Setting CVar [[r.SSGI.Quality:3]]
[2022.03.19-04.23.56:118][  0]LogConfig: Setting CVar [[r.EmitterSpawnRateScale:1.0]]
[2022.03.19-04.23.56:118][  0]LogConfig: Setting CVar [[r.ParticleLightQuality:2]]
[2022.03.19-04.23.56:118][  0]LogConfig: Setting CVar [[r.SkyAtmosphere.AerialPerspectiveLUT.FastApplyOnOpaque:1 ; Always have FastSkyLUT 1 in this case to avoid wrong sky]]
[2022.03.19-04.23.56:118][  0]LogConfig: Setting CVar [[r.SkyAtmosphere.AerialPerspectiveLUT.SampleCountMaxPerSlice:4]]
[2022.03.19-04.23.56:118][  0]LogConfig: Setting CVar [[r.SkyAtmosphere.AerialPerspectiveLUT.DepthResolution:16.0]]
[2022.03.19-04.23.56:118][  0]LogConfig: Setting CVar [[r.SkyAtmosphere.FastSkyLUT:1]]
[2022.03.19-04.23.56:119][  0]LogConfig: Setting CVar [[r.SkyAtmosphere.FastSkyLUT.SampleCountMin:4.0]]
[2022.03.19-04.23.56:119][  0]LogConfig: Setting CVar [[r.SkyAtmosphere.FastSkyLUT.SampleCountMax:128.0]]
[2022.03.19-04.23.56:119][  0]LogConfig: Setting CVar [[r.SkyAtmosphere.SampleCountMin:4.0]]
[2022.03.19-04.23.56:119][  0]LogConfig: Setting CVar [[r.SkyAtmosphere.SampleCountMax:128.0]]
[2022.03.19-04.23.56:119][  0]LogConfig: Setting CVar [[r.SkyAtmosphere.TransmittanceLUT.UseSmallFormat:0]]
[2022.03.19-04.23.56:119][  0]LogConfig: Setting CVar [[r.SkyAtmosphere.TransmittanceLUT.SampleCount:10.0]]
[2022.03.19-04.23.56:119][  0]LogConfig: Setting CVar [[r.SkyAtmosphere.MultiScatteringLUT.SampleCount:15.0]]
[2022.03.19-04.23.56:119][  0]LogConfig: Setting CVar [[r.SkyLight.RealTimeReflectionCapture:1]]
[2022.03.19-04.23.56:119][  0]LogConfig: Applying CVar settings from Section [FoliageQuality@3] File [C:/Users/malik/OneDrive/Desktop/Software Engineering Capstone/Cstone/Aidan/Aidan/Saved/Config/Windows/Scalability.ini]
[2022.03.19-04.23.56:119][  0]LogConfig: Setting CVar [[foliage.DensityScale:1.0]]
[2022.03.19-04.23.56:120][  0]LogConfig: Setting CVar [[grass.DensityScale:1.0]]
[2022.03.19-04.23.56:120][  0]LogConfig: Applying CVar settings from Section [ShadingQuality@3] File [C:/Users/malik/OneDrive/Desktop/Software Engineering Capstone/Cstone/Aidan/Aidan/Saved/Config/Windows/Scalability.ini]
[2022.03.19-04.23.56:120][  0]LogConfig: Setting CVar [[r.HairStrands.SkyLighting.IntegrationType:2]]
[2022.03.19-04.23.56:120][  0]LogConfig: Setting CVar [[r.HairStrands.SkyAO.SampleCount:4]]
[2022.03.19-04.23.56:120][  0]LogConfig: Setting CVar [[r.HairStrands.Visibility.MSAA.SamplePerPixel:4]]
[2022.03.19-04.23.56:120][  0]LogConfig: Applying CVar settings from Section [Startup] File [../../../Engine/Config/ConsoleVariables.ini]
[2022.03.19-04.23.56:121][  0]LogConfig: Setting CVar [[net.UseAdaptiveNetUpdateFrequency:0]]
[2022.03.19-04.23.56:121][  0]LogConfig: Setting CVar [[p.chaos.AllowCreatePhysxBodies:1]]
[2022.03.19-04.23.56:122][  0]LogConfig: Setting CVar [[fx.SkipVectorVMBackendOptimizations:1]]
[2022.03.19-04.23.56:122][  0]LogConfig: Applying CVar settings from Section [ConsoleVariables] File [C:/Users/malik/OneDrive/Desktop/Software Engineering Capstone/Cstone/Aidan/Aidan/Saved/Config/Windows/Engine.ini]
[2022.03.19-04.23.56:122][  0]LogConfig: Applying CVar settings from Section [ConsoleVariables] File [C:/Users/malik/OneDrive/Desktop/Software Engineering Capstone/Cstone/Aidan/Aidan/Saved/Config/Windows/Editor.ini]
[2022.03.19-04.23.56:122][  0]LogInit: Computer: LAPTOP-LV1RKO7P
[2022.03.19-04.23.56:122][  0]LogInit: User: malik
[2022.03.19-04.23.56:122][  0]LogInit: CPU Page size=4096, Cores=4
[2022.03.19-04.23.56:122][  0]LogInit: High frequency timer resolution =10.000000 MHz
[2022.03.19-04.23.56:123][  0]LogMemory: Memory total: Physical=9.9GB (10GB approx)
[2022.03.19-04.23.56:123][  0]LogMemory: Platform Memory Stats for Windows
[2022.03.19-04.23.56:123][  0]LogMemory: Process Physical Memory: 140.99 MB used, 141.00 MB peak
[2022.03.19-04.23.56:123][  0]LogMemory: Process Virtual Memory: 124.34 MB used, 124.34 MB peak
[2022.03.19-04.23.56:123][  0]LogMemory: Physical Memory: 8105.56 MB used,  2072.98 MB free, 10178.54 MB total
[2022.03.19-04.23.56:123][  0]LogMemory: Virtual Memory: 134203392.00 MB used,  14331.99 MB free, 134217728.00 MB total
[2022.03.19-04.23.56:163][  0]LogWindows: WindowsPlatformFeatures enabled
[2022.03.19-04.23.56:555][  0]LogInit: Physics initialised using underlying interface: PhysX
[2022.03.19-04.23.56:558][  0]LogInit: Using OS detected language (en-US).
[2022.03.19-04.23.56:558][  0]LogInit: Using OS detected locale (en-US).
[2022.03.19-04.23.56:570][  0]LogTextLocalizationManager: No specific localization for 'en-US' exists, so the 'en' localization will be used.
[2022.03.19-04.23.57:040][  0]LogInit: Setting process to per monitor DPI aware
[2022.03.19-04.23.57:149][  0]LogWindowsTextInputMethodSystem: Display: IME system deactivated.
[2022.03.19-04.23.57:209][  0]LogSlate: New Slate User Created.  User Index 0, Is Virtual User: 0
[2022.03.19-04.23.57:209][  0]LogSlate: Slate User Registered.  User Index 0, Is Virtual User: 0
[2022.03.19-04.23.57:418][  0]LogD3D11RHI: Loaded GFSDK_Aftermath_Lib.x64.dll
[2022.03.19-04.23.57:431][  0]LogHMD: Failed to initialize OpenVR with code 110
[2022.03.19-04.23.57:431][  0]LogD3D11RHI: D3D11 min allowed feature level: 11_0
[2022.03.19-04.23.57:432][  0]LogD3D11RHI: D3D11 max allowed feature level: 11_0
[2022.03.19-04.23.57:432][  0]LogD3D11RHI: D3D11 adapters:
[2022.03.19-04.23.57:551][  0]LogD3D11RHI:    0. 'AMD Radeon(TM) RX Vega 10 Graphics' (Feature Level 11_0)
[2022.03.19-04.23.57:551][  0]LogD3D11RHI:       2034/0/5089 MB DedicatedVideo/DedicatedSystem/SharedSystem, Outputs:2, VendorId:0x1002
[2022.03.19-04.23.57:565][  0]LogD3D11RHI:    1. 'Microsoft Basic Render Driver' (Feature Level 11_0)
[2022.03.19-04.23.57:565][  0]LogD3D11RHI:       0/0/5089 MB DedicatedVideo/DedicatedSystem/SharedSystem, Outputs:0, VendorId:0x1414
[2022.03.19-04.23.57:565][  0]LogD3D11RHI: Chosen D3D11 Adapter:
[2022.03.19-04.23.57:565][  0]LogD3D11RHI:     Description : AMD Radeon(TM) RX Vega 10 Graphics
[2022.03.19-04.23.57:565][  0]LogD3D11RHI:     VendorId    : 1002
[2022.03.19-04.23.57:566][  0]LogD3D11RHI:     DeviceId    : 15d8
[2022.03.19-04.23.57:566][  0]LogD3D11RHI:     SubSysId    : 380217aa
[2022.03.19-04.23.57:566][  0]LogD3D11RHI:     Revision    : 00c1
[2022.03.19-04.23.57:566][  0]LogD3D11RHI:     DedicatedVideoMemory : 2133184512 bytes
[2022.03.19-04.23.57:566][  0]LogD3D11RHI:     DedicatedSystemMemory : 0 bytes
[2022.03.19-04.23.57:566][  0]LogD3D11RHI:     SharedSystemMemory : 5336487936 bytes
[2022.03.19-04.23.57:566][  0]LogD3D11RHI:     AdapterLuid : 0 48546
[2022.03.19-04.23.57:583][  0]LogD3D11RHI: Creating new Direct3DDevice
[2022.03.19-04.23.57:583][  0]LogD3D11RHI:     GPU DeviceId: 0x15d8 (for the marketing name, search the web for "GPU Device Id")
[2022.03.19-04.23.57:583][  0]LogWindows: EnumDisplayDevices:
[2022.03.19-04.23.57:584][  0]LogWindows:    0. 'AMD Radeon(TM) RX Vega 10 Graphics' (P:1 D:1)
[2022.03.19-04.23.57:585][  0]LogWindows:    1. 'AMD Radeon(TM) RX Vega 10 Graphics' (P:0 D:1)
[2022.03.19-04.23.57:586][  0]LogWindows:    2. 'AMD Radeon(TM) RX Vega 10 Graphics' (P:0 D:0)
[2022.03.19-04.23.57:587][  0]LogWindows:    3. 'AMD Radeon(TM) RX Vega 10 Graphics' (P:0 D:0)
[2022.03.19-04.23.57:588][  0]LogWindows: DebugString: FoundDriverCount:4 
[2022.03.19-04.23.57:588][  0]LogD3D11RHI:     Adapter Name: AMD Radeon(TM) RX Vega 10 Graphics
[2022.03.19-04.23.57:588][  0]LogD3D11RHI:   Driver Version: Adrenalin 20.10.36 (internal:27.20.11036.3, unified:27.20.11036.3)
[2022.03.19-04.23.57:588][  0]LogD3D11RHI:      Driver Date: 8-25-2020
[2022.03.19-04.23.57:589][  0]LogRHI: Texture pool is 4558 MB (70% of 6511 MB)
[2022.03.19-04.23.57:630][  0]LogD3D11RHI: Creating D3DDevice with AMD AGS, using adapter:
[2022.03.19-04.23.57:630][  0]LogD3D11RHI:     Description : AMD Radeon(TM) RX Vega 10 Graphics
[2022.03.19-04.23.57:630][  0]LogD3D11RHI:     VendorId    : 1002
[2022.03.19-04.23.57:630][  0]LogD3D11RHI:     DeviceId    : 15d8
[2022.03.19-04.23.57:630][  0]LogD3D11RHI:     SubSysId    : 380217aa
[2022.03.19-04.23.57:630][  0]LogD3D11RHI:     Revision    : 00c1
[2022.03.19-04.23.57:630][  0]LogD3D11RHI:     DedicatedVideoMemory : 2133184512 bytes
[2022.03.19-04.23.57:631][  0]LogD3D11RHI:     DedicatedSystemMemory : 0 bytes
[2022.03.19-04.23.57:631][  0]LogD3D11RHI:     SharedSystemMemory : 5336487936 bytes
[2022.03.19-04.23.57:631][  0]LogD3D11RHI:     AdapterLuid : 0 48546
[2022.03.19-04.23.57:718][  0]LogD3D11RHI: Created device via AGS, feature level 11_0, supported extensions 1fffffbf.
[2022.03.19-04.23.57:718][  0]LogD3D11RHI: RHI has support for 64 bit atomics
[2022.03.19-04.23.57:719][  0]LogD3D11RHI: Async texture creation enabled
[2022.03.19-04.23.57:719][  0]LogD3D11RHI: Array index from any shader is supported
[2022.03.19-04.23.57:742][  0]LogD3D11RHI: GPU Timing Frequency: 25.000000 (Debug: 2 1)
[2022.03.19-04.23.58:490][  0]LogTargetPlatformManager: Display: Loaded TargetPlatform 'AllDesktop'
[2022.03.19-04.23.58:561][  0]LogTargetPlatformManager: Display: Loaded TargetPlatform 'Android'
[2022.03.19-04.23.58:561][  0]LogTargetPlatformManager: Display: Loaded TargetPlatform 'Android_ASTC'
[2022.03.19-04.23.58:561][  0]LogTargetPlatformManager: Display: Loaded TargetPlatform 'Android_DXT'
[2022.03.19-04.23.58:561][  0]LogTargetPlatformManager: Display: Loaded TargetPlatform 'Android_ETC2'
[2022.03.19-04.23.58:562][  0]LogTargetPlatformManager: Display: Loaded TargetPlatform 'AndroidClient'
[2022.03.19-04.23.58:562][  0]LogTargetPlatformManager: Display: Loaded TargetPlatform 'Android_ASTCClient'
[2022.03.19-04.23.58:562][  0]LogTargetPlatformManager: Display: Loaded TargetPlatform 'Android_DXTClient'
[2022.03.19-04.23.58:562][  0]LogTargetPlatformManager: Display: Loaded TargetPlatform 'Android_ETC2Client'
[2022.03.19-04.23.58:562][  0]LogTargetPlatformManager: Display: Loaded TargetPlatform 'Android_Multi'
[2022.03.19-04.23.58:562][  0]LogTargetPlatformManager: Display: Loaded TargetPlatform 'Android_MultiClient'
[2022.03.19-04.23.58:627][  0]LogTargetPlatformManager: Display: Loaded TargetPlatform 'IOSClient'
[2022.03.19-04.23.58:628][  0]LogTargetPlatformManager: Display: Loaded TargetPlatform 'IOS'
[2022.03.19-04.23.58:662][  0]LogTargetPlatformManager: Display: Loaded TargetPlatform 'Linux'
[2022.03.19-04.23.58:681][  0]LogTargetPlatformManager: Display: Loaded TargetPlatform 'LinuxNoEditor'
[2022.03.19-04.23.58:707][  0]LogTargetPlatformManager: Display: Loaded TargetPlatform 'LinuxClient'
[2022.03.19-04.23.58:729][  0]LogTargetPlatformManager: Display: Loaded TargetPlatform 'LinuxServer'
[2022.03.19-04.23.58:767][  0]LogTargetPlatformManager: Display: Loaded TargetPlatform 'LinuxAArch64NoEditor'
[2022.03.19-04.23.58:782][  0]LogTargetPlatformManager: Display: Loaded TargetPlatform 'LinuxAArch64Client'
[2022.03.19-04.23.58:800][  0]LogTargetPlatformManager: Display: Loaded TargetPlatform 'LinuxAArch64Server'
[2022.03.19-04.23.58:848][  0]LogTargetPlatformManager: Display: Loaded TargetPlatform 'Lumin'
[2022.03.19-04.23.58:848][  0]LogTargetPlatformManager: Display: Loaded TargetPlatform 'LuminClient'
[2022.03.19-04.23.58:867][  0]LogTargetPlatformManager: Display: Loaded TargetPlatform 'MacNoEditor'
[2022.03.19-04.23.58:885][  0]LogTargetPlatformManager: Display: Loaded TargetPlatform 'Mac'
[2022.03.19-04.23.58:903][  0]LogTargetPlatformManager: Display: Loaded TargetPlatform 'MacClient'
[2022.03.19-04.23.58:921][  0]LogTargetPlatformManager: Display: Loaded TargetPlatform 'MacServer'
[2022.03.19-04.23.58:953][  0]LogTargetPlatformManager: Display: Loaded TargetPlatform 'TVOSClient'
[2022.03.19-04.23.58:954][  0]LogTargetPlatformManager: Display: Loaded TargetPlatform 'TVOS'
[2022.03.19-04.23.58:991][  0]LogTargetPlatformManager: Display: Loaded TargetPlatform 'WindowsNoEditor'
[2022.03.19-04.23.59:013][  0]LogTargetPlatformManager: Display: Loaded TargetPlatform 'Windows'
[2022.03.19-04.23.59:036][  0]LogTargetPlatformManager: Display: Loaded TargetPlatform 'WindowsClient'
[2022.03.19-04.23.59:057][  0]LogTargetPlatformManager: Display: Loaded TargetPlatform 'WindowsServer'
[2022.03.19-04.23.59:057][  0]LogTargetPlatformManager: Display: Building Assets For Windows
[2022.03.19-04.23.59:095][  0]LogAudioDebug: Display: Lib vorbis DLL was dynamically loaded.
[2022.03.19-04.23.59:218][  0]LogTextureFormatOodle: Display: Oodle Texture 2.9.0 init RDO Off
[2022.03.19-04.23.59:381][  0]LogRendererCore: Ray tracing is disabled. Reason: r.RayTracing=0.
[2022.03.19-04.23.59:382][  0]LogShaderCompilers: Guid format shader working directory is -49 characters bigger than the processId version (../../../../../../Users/malik/OneDrive/Desktop/Software Engineering Capstone/Cstone/Aidan/Aidan/Intermediate/Shaders/WorkingDirectory/4328/).
[2022.03.19-04.23.59:383][  0]LogShaderCompilers: Cleaned the shader compiler working directory 'C:/Users/malik/AppData/Local/Temp/UnrealShaderWorkingDir/93064CC9401DAE214F9E378F59C4F7AF/'.
[2022.03.19-04.23.59:384][  0]LogXGEController: Cannot use XGE Controller as Incredibuild is not installed on this machine.
[2022.03.19-04.23.59:384][  0]LogShaderCompilers: Cannot use XGE Shader Compiler as Incredibuild is not installed on this machine.
[2022.03.19-04.23.59:385][  0]LogShaderCompilers: Display: Using Local Shader Compiler.
[2022.03.19-04.24.00:533][  0]LogDerivedDataCache: Display: Max Cache Size: 512 MB
[2022.03.19-04.24.00:656][  0]LogDerivedDataCache: Loaded boot cache 0.12s 94MB C:/Users/malik/AppData/Local/UnrealEngine/4.27/DerivedDataCache/Boot.ddc.
[2022.03.19-04.24.00:657][  0]LogDerivedDataCache: Display: Loaded Boot cache: C:/Users/malik/AppData/Local/UnrealEngine/4.27/DerivedDataCache/Boot.ddc
[2022.03.19-04.24.00:657][  0]LogDerivedDataCache: FDerivedDataBackendGraph:  Pak pak cache file ../../../../../../Users/malik/OneDrive/Desktop/Software Engineering Capstone/Cstone/Aidan/Aidan/DerivedDataCache/DDC.ddp not found, will not use a pak cache.
[2022.03.19-04.24.00:657][  0]LogDerivedDataCache: Unable to find inner node Pak for hierarchical cache Hierarchy.
[2022.03.19-04.24.00:658][  0]LogDerivedDataCache: FDerivedDataBackendGraph:  CompressedPak pak cache file ../../../../../../Users/malik/OneDrive/Desktop/Software Engineering Capstone/Cstone/Aidan/Aidan/DerivedDataCache/Compressed.ddp not found, will not use a pak cache.
[2022.03.19-04.24.00:658][  0]LogDerivedDataCache: Unable to find inner node CompressedPak for hierarchical cache Hierarchy.
[2022.03.19-04.24.00:706][  0]LogDerivedDataCache: Display: Pak cache opened for reading ../../../Engine/DerivedDataCache/Compressed.ddp.
[2022.03.19-04.24.00:707][  0]LogDerivedDataCache: FDerivedDataBackendGraph:  EnterprisePak pak cache file ../../../Enterprise/DerivedDataCache/Compressed.ddp not found, will not use a pak cache.
[2022.03.19-04.24.00:707][  0]LogDerivedDataCache: Unable to find inner node EnterprisePak for hierarchical cache Hierarchy.
[2022.03.19-04.24.00:733][  0]LogDerivedDataCache: Speed tests for C:/Users/malik/AppData/Local/UnrealEngine/Common/DerivedDataCache took 0.03 seconds
[2022.03.19-04.24.00:736][  0]LogDerivedDataCache: Display: Performance to C:/Users/malik/AppData/Local/UnrealEngine/Common/DerivedDataCache: Latency=0.11ms. RandomReadSpeed=386.18MBs, RandomWriteSpeed=41.21MBs. Assigned SpeedClass 'Local'
[2022.03.19-04.24.00:749][  0]LogDerivedDataCache: Using Local data cache path C:/Users/malik/AppData/Local/UnrealEngine/Common/DerivedDataCache: Writable
[2022.03.19-04.24.00:750][  0]LogDerivedDataCache: Shared data cache path not found in *engine.ini, will not use an Shared cache.
[2022.03.19-04.24.00:750][  0]LogDerivedDataCache: Unable to find inner node Shared for hierarchical cache Hierarchy.
[2022.03.19-04.24.00:852][  0]LogSlate: Using FreeType 2.10.0
[2022.03.19-04.24.00:854][  0]LogSlate: SlateFontServices - WITH_FREETYPE: 1, WITH_HARFBUZZ: 1
[2022.03.19-04.24.00:907][  0]LogAssetRegistry: FAssetRegistry took 0.0129 seconds to start up
[2022.03.19-04.24.01:353][  0]LogInit: Selected Device Profile: [Windows]
[2022.03.19-04.24.01:353][  0]LogInit: Active device profile: [00000234D1569300][00000234D0F88600 49] Windows
[2022.03.19-04.24.01:353][  0]LogInit: Profiles: [00000234D1569300][00000234D0F88600 49] Windows, [00000234D155B000][00000234D0F908C0 49] WindowsNoEditor, [00000234D156A400][00000234D0F8CB40 49] WindowsServer, [00000234D155BF00][00000234D0F94DC0 49] WindowsClient, [00000234D156B300][00000234D0F9D080 49] IOS, [00000234D1559200][00000234D0FA1340 49] iPadAir, [00000234D156BE00][00000234D0FA5600 49] iPadAir2, [00000234D14EA100][00000234D0FB9B40 49] IPadPro, [00000234D14EA200][00000234D0FA9B80 49] iPadAir3, [00000234D1559B00][00000234D0FB02C0 49] iPadAir4, [00000234D14EB100][00000234D0FAC580 49] iPadMini2, [00000234D155B300][00000234D0FB4840 49] iPadMini3, [00000234D14EBE00][00000234CAE7EB00 49] iPadMini4, [00000234D155A400][00000234D0F98D80 49] iPadMini5, [00000234D152DA00][00000234CAE97280 49] iPhone6, [00000234D152DB00][00000234CAE832C0 49] iPodTouch6, [00000234D156AE00][00000234CAE9F800 49] iPhone7, [00000234D156B100][00000234CAE8F840 49] iPodTouch7, [00000234D14E9C00][00000234CAE93B00 49] iPhone5S, [00000234D1569200][00000234CAE8A240 49] iPhone6Plus, [00000234D14E9800][00000234CAE9A500 49] iPhone6S, [00000234D1568400][00000234CAEA27C0 49] iPhone6SPlus, [00000234D14E8E00][00000234CAEA6A80 49] iPhone7Plus, [00000234D156B000][00000234CAEAAD40 49] iPhoneSE, [00000234D14E8A00][00000234CAE86FC0 49] iPhone8, [00000234D1568800][00000234CAEAF240 49] iPhone8Plus, [00000234D1569D00][00000234CAEB7500 49] iPhoneX, [00000234D152C800][00000234CAEBB7C0 49] iPhoneXS, [00000234D156AD00][00000234CAEBFA80 49] iPhoneXSMax, [00000234D152CF00][00000234CAEC21C0 49] iPhoneXR, [00000234D1569A00][00000234CAEC6480 49] iPhone11, [00000234D152D300][00000234CAECA740 49] iPhone11Pro, [00000234D152C400][00000234CAECEA00 49] iPhone11ProMax, [00000234D14EB200][00000234CAED2CC0 49] iPhoneSE2, [00000234D152E300][00000234CAED6F80 49] iPhone12Mini, [00000234D14E9400][00000234CAEB3200 49] iPhone12, [00000234D152ED00][00000234CAEDB480 49] iPhone12Pro, [00000234D14EB700][00000234CAEE3740 49] iPhone12ProMax, [00000234D152EE00][00000234CAEE7A00 49] iPadPro105, [00000234D14EA400][00000234D235C140 49] iPadPro129, [00000234D152EF00][00000234D2360400 49] iPadPro97, [00000234D14EB800][00000234D23646C0 49] iPadPro2_129, [00000234D1569600][00000234D2368980 49] iPad5, [00000234D14E9B00][00000234D236CC40 49] iPad6, [00000234D156B700][00000234D2370F00 49] iPad7, [00000234D14E8100][00000234D23751C0 49] iPad8, [00000234D1569E00][00000234CAEDF440 49] iPadPro11, [00000234D14EAF00][00000234D23796C0 49] iPadPro2_11, [00000234D156BA00][00000234D2381980 49] iPadPro3_129, [00000234D14EAB00][00000234D23840C0 49] iPadPro4_129, [00000234D156A900][00000234D2388380 49] AppleTV, [00000234D14E8200][00000234D238C640 49] AppleTV4K, [00000234D156A500][00000234D2390900 49] TVOS, [00000234D14E9900][00000234D2394BC0 49] Mac, [00000234D1568E00][00000234D2398E80 49] MacClient, [00000234D14E8800][00000234D239D140 49] MacNoEditor, [00000234D1569800][00000234D23A1400 49] MacServer, [00000234D14E9E00][00000234D237D680 49] Linux, [00000234D1569000][00000234D23A5900 49] LinuxAArch64, [00000234D14E8300][00000234D23ADBC0 49] LinuxNoEditor, [00000234D1568600][00000234D23B0300 49] LinuxAArch64NoEditor, [00000234D14EBF00][00000234D23B45C0 49] LinuxClient, [00000234D1568100][00000234D23B8880 49] LinuxAArch64Client, [00000234D14E8600][00000234D23BCB40 49] LinuxServer, [00000234D1569500][00000234D23C0E00 49] LinuxAArch64Server, [00000234D14EAD00][00000234D23C50C0 49] Android, [00000234D1568D00][00000234D23C9380 49] Android_Low, [00000234D14E9600][00000234D23CD640 49] Android_Mid, [00000234D156B400][00000234D23A98C0 49] Android_High, [00000234D14E8B00][00000234D23D1B40 49] Android_Default, [00000234D1569F00][00000234D23D8280 49] Android_Adreno4xx, [00000234D14E9500][00000234D23DC540 49] Android_Adreno5xx_Low, [00000234D156B500][00000234D23E0800 49] Android_Adreno5xx, [00000234D14E8700][00000234D23E4AC0 49] Android_Adreno6xx, [00000234D1569C00][00000234D23E8D80 49] Android_Adreno6xx_Vulkan, [00000234D14EA800][00000234D23ED040 49] Android_Mali_T6xx, [00000234D156A300][00000234D23F1300 49] Android_Mali_T7xx, [00000234D14E9700][00000234D23F55C0 49] Android_Mali_T8xx, [00000234D156A800][00000234D23FD880 49] Android_Mali_G71, [00000234D14EB400][00000234D23D5B00 49] Android_Mali_G72, [00000234D1568700][00000234CFB84200 49] Android_Mali_G72_Vulkan, [00000234D14EA700][00000234CFB8C4C0 49] Android_Mali_G76, [00000234D152F900][00000234CFBB6780 49] Android_Mali_G76_Vulkan, [00000234D1558900][00000234CFBBEA40 49] Android_Mali_G77, [00000234D152F200][00000234CFBC6D00 49] Android_Mali_G77_Vulkan, [00000234D1558D00][00000234CA012FC0 49] Android_Mali_G78, [00000234D152CC00][00000234CA017280 49] Android_Mali_G78_Vulkan, [00000234D1558B00][00000234D37E1540 49] Android_Mali_G710, [00000234D152C500][00000234D37FB800 49] Android_Mali_G710_Vulkan, [00000234D1559D00][00000234D37FFAC0 49] Android_Vulkan_SM5, [00000234D152C200][00000234CFB881C0 49] Android_PowerVR_G6xxx, [00000234D155BB00][00000234D3802440 49] Android_PowerVR_GT7xxx, [00000234D152F700][00000234D380A700 49] Android_PowerVR_GE8xxx, [00000234D1558200][00000234D228C9C0 49] Android_PowerVR_GM9xxx, [00000234D152E200][00000234CC472C80 49] Android_PowerVR_GM9xxx_Vulkan, [00000234D155A900][00000234CC496F40 49] Android_TegraK1, [00000234D152CE00][00000234CC49B200 49] Android_Unknown_Vulkan, [00000234D1559600][00000234D22914C0 49] Lumin, [00000234D152D100][00000234D2295780 49] Lumin_Desktop, [00000234D155AC00][00000234D2299A40 49] HoloLens, 
[2022.03.19-04.24.01:728][  0]LogMeshReduction: Using QuadricMeshReduction for automatic static mesh reduction
[2022.03.19-04.24.01:729][  0]LogMeshReduction: Using SimplygonMeshReduction for automatic skeletal mesh reduction
[2022.03.19-04.24.01:729][  0]LogMeshReduction: Using ProxyLODMeshReduction for automatic mesh merging
[2022.03.19-04.24.01:729][  0]LogMeshReduction: No distributed automatic mesh merging module available
[2022.03.19-04.24.01:729][  0]LogMeshMerging: No distributed automatic mesh merging module available
[2022.03.19-04.24.01:774][  0]LogNetVersion: Aidan 1.0.0, NetCL: 17155196, EngineNetVer: 17, GameNetVer: 0 (Checksum: 273725539)
[2022.03.19-04.24.02:542][  0]LogTexture: Default maximum texture size for cubemaps generated from long-lat sources has been changed from 512 to unlimited. In order to preserve old behaiour for '/Engine/MapTemplates/Sky/DaylightAmbientCubemap.DaylightAmbientCubemap', its maximum texture size has been explicitly set to 512.
[2022.03.19-04.24.02:673][  0]LogHMD: PokeAHoleMaterial loaded successfully
[2022.03.19-04.24.02:692][  0]LogUObjectArray: 17178 objects as part of root set at end of initial load.
[2022.03.19-04.24.02:692][  0]LogUObjectAllocator: 4302048 out of 0 bytes used by permanent object pool.
[2022.03.19-04.24.02:692][  0]LogUObjectArray: CloseDisregardForGC: 0/0 objects in disregard for GC pool
[2022.03.19-04.24.03:652][  0]LogNiagaraDebuggerClient: Niagara Debugger Client Initialized | Session: 03CDD97E44D23BB48271778157AB9DB3 | Instance: 3031A8714B9CD60827EA288A16A973CE (LAPTOP-LV1RKO7P-4328).
[2022.03.19-04.24.04:067][  0]LogPython: Using Python 3.7.7
[2022.03.19-04.24.05:030][  0]LogTcpMessaging: Initializing TcpMessaging bridge
[2022.03.19-04.24.05:048][  0]LogUdpMessaging: Initializing bridge on interface 0.0.0.0:0 to multicast group 230.0.0.1:6666.
[2022.03.19-04.24.12:343][  0]SourceControl: Source control is disabled
[2022.03.19-04.24.12:343][  0]SourceControl: Source control is disabled
[2022.03.19-04.24.12:357][  0]SourceControl: Source control is disabled
[2022.03.19-04.24.12:377][  0]SourceControl: Source control is disabled
[2022.03.19-04.24.12:413][  0]SourceControl: Source control is disabled
[2022.03.19-04.24.12:441][  0]LogUProjectInfo: Found projects:
[2022.03.19-04.24.13:206][  0]LogOpenImageDenoise: OIDN starting up
[2022.03.19-04.24.13:305][  0]LogAndroidPermission: UAndroidPermissionCallbackProxy::GetInstance
[2022.03.19-04.24.13:396][  0]LogAudioCaptureCore: Display: No Audio Capture implementations found. Audio input will be silent.
[2022.03.19-04.24.13:396][  0]LogAudioCaptureCore: Display: No Audio Capture implementations found. Audio input will be silent.
[2022.03.19-04.24.13:848][  0]LogCollectionManager: Loaded 0 collections in 0.005323 seconds
[2022.03.19-04.24.13:865][  0]LogFileCache: Scanning file cache for directory 'C:/Users/malik/OneDrive/Desktop/Software Engineering Capstone/Cstone/Aidan/Aidan/Saved/Collections/' took 0.01s
[2022.03.19-04.24.13:865][  0]LogFileCache: Scanning file cache for directory 'C:/Users/malik/OneDrive/Desktop/Software Engineering Capstone/Cstone/Aidan/Aidan/Content/Developers/malik/Collections/' took 0.00s
[2022.03.19-04.24.13:866][  0]LogFileCache: Scanning file cache for directory 'C:/Users/malik/OneDrive/Desktop/Software Engineering Capstone/Cstone/Aidan/Aidan/Content/Collections/' took 0.01s
[2022.03.19-04.24.13:978][  0]LogOcInput: OculusInput pre-init called
[2022.03.19-04.24.14:519][  0]LogEngine: Initializing Engine...
[2022.03.19-04.24.14:535][  0]LogHMD: Failed to enumerate extensions. Please check that you have a valid OpenXR runtime installed.
[2022.03.19-04.24.14:536][  0]LogHMD: Failed to initialize OpenVR with code 110
[2022.03.19-04.24.14:537][  0]LogMagicLeap: Warning: VR disabled because ZI is not enabled.  To enable, in the editor, Edit -> Project Settings -> Plugins -> Magic Leap Plugin -> Enable Zero Iteration
[2022.03.19-04.24.14:541][  0]LogStats: UGameplayTagsManager::InitializeManager -  0.000 s
[2022.03.19-04.24.14:866][  0]LogInit: Initializing FReadOnlyCVARCache
[2022.03.19-04.24.14:915][  0]LogAIModule: Creating AISystem for world Untitled
[2022.03.19-04.24.14:928][  0]LogAudio: Display: Initializing Audio Device Manager...
[2022.03.19-04.24.14:952][  0]LogAudio: Display: Loading Default Audio Settings Objects...
[2022.03.19-04.24.14:955][  0]LogAudio: Display: No default SoundConcurrencyObject specified (or failed to load).
[2022.03.19-04.24.14:957][  0]LogAudio: Display: Audio Device Manager Initialized
[2022.03.19-04.24.14:957][  0]LogAudio: Display: Creating Audio Device:                 Id: 1, Scope: Shared, Realtime: True
[2022.03.19-04.24.14:958][  0]LogAudioMixer: Display: Audio Mixer Platform Settings:
[2022.03.19-04.24.14:958][  0]LogAudioMixer: Display: 	Sample Rate:						  48000
[2022.03.19-04.24.14:958][  0]LogAudioMixer: Display: 	Callback Buffer Frame Size Requested: 1024
[2022.03.19-04.24.14:958][  0]LogAudioMixer: Display: 	Callback Buffer Frame Size To Use:	  1024
[2022.03.19-04.24.14:959][  0]LogAudioMixer: Display: 	Number of buffers to queue:			  2
[2022.03.19-04.24.14:959][  0]LogAudioMixer: Display: 	Max Channels (voices):				  32
[2022.03.19-04.24.14:959][  0]LogAudioMixer: Display: 	Number of Async Source Workers:		  0
[2022.03.19-04.24.14:959][  0]LogAudio: Display: AudioDevice MaxSources: 32
[2022.03.19-04.24.14:962][  0]LogAudio: Display: Audio Spatialization Plugin: None (built-in).
[2022.03.19-04.24.14:963][  0]LogAudio: Display: Audio Reverb Plugin: None (built-in).
[2022.03.19-04.24.14:963][  0]LogAudio: Display: Audio Occlusion Plugin: None (built-in).
[2022.03.19-04.24.14:963][  0]LogAudioMixer: Display: Initializing audio mixer.
[2022.03.19-04.24.15:038][  0]LogAudioMixer: Display: 0: FrontLeft
[2022.03.19-04.24.15:039][  0]LogAudioMixer: Display: 1: FrontRight
[2022.03.19-04.24.15:332][  0]LogAudioMixer: Display: Using Audio Device Speakers (Realtek(R) Audio)
[2022.03.19-04.24.15:340][  0]LogAudioMixer: Display: Initializing Sound Submixes...
[2022.03.19-04.24.15:348][  0]LogAudioMixer: Display: Creating Master Submix 'MasterSubmixDefault'
[2022.03.19-04.24.15:349][  0]LogAudioMixer: Display: Creating Master Submix 'MasterReverbSubmixDefault'
[2022.03.19-04.24.15:352][  0]LogAudioMixer: Display: Creating Master Submix 'MasterEQSubmixDefault'
[2022.03.19-04.24.15:352][  0]LogAudioMixer: FMixerPlatformXAudio2::StartAudioStream() called
[2022.03.19-04.24.15:352][  0]LogAudioMixer: Display: Output buffers initialized: Frames=1024, Channels=2, Samples=2048
[2022.03.19-04.24.15:358][  0]LogAudioMixer: Display: Starting AudioMixerPlatformInterface::RunInternal()
[2022.03.19-04.24.15:358][  0]LogAudioMixer: Display: FMixerPlatformXAudio2::SubmitBuffer() called for the first time
[2022.03.19-04.24.15:359][  0]LogInit: FAudioDevice initialized.
[2022.03.19-04.24.15:361][  0]LogAudio: Display: Audio Device (ID: 1) registered with world 'Untitled'.
[2022.03.19-04.24.15:362][  0]LogNetVersion: Set ProjectVersion to 1.0.0.0. Version Checksum will be recalculated on next use.
[2022.03.19-04.24.15:486][  0]LogDerivedDataCache: Saved boot cache 0.12s 94MB C:/Users/malik/AppData/Local/UnrealEngine/4.27/DerivedDataCache/Boot.ddc.
[2022.03.19-04.24.15:487][  0]LogInit: Texture streaming: Enabled
[2022.03.19-04.24.15:540][  0]LogAnalytics: Display: [UEEditor.Rocket.Release] APIServer = https://datarouter.ol.epicgames.com/. AppVersion = 4.27.2-18319896+++UE4+Release-4.27
[2022.03.19-04.24.15:558][  0]LogEngineSessionManager: EngineSessionManager initialized
[2022.03.19-04.24.15:558][  0]LogEngineSessionManager: EngineSessionManager sent abnormal shutdown report. Type=Debugger, SessionId={9A1C5C43-42F1-35C8-A944-7BA404094DB5}
[2022.03.19-04.24.15:558][  0]LogEngineSessionManager: EngineSessionManager sent abnormal shutdown report. Type=Crashed, SessionId={07981ACC-4CC8-E4BE-2111-0C88A67533D7}
[2022.03.19-04.24.15:559][  0]LogEditorSessionSummary: Verbose: Initializing EditorSessionSummaryWriter for editor session tracking
[2022.03.19-04.24.15:564][  0]LogEditorSessionSummary: EditorSessionSummaryWriter initialized
[2022.03.19-04.24.15:651][  0]LogInit: Transaction tracking system initialized
[2022.03.19-04.24.15:772][  0]BlueprintLog: New page: Editor Load
[2022.03.19-04.24.16:077][  0]LocalizationService: Localization service is disabled
[2022.03.19-04.24.16:200][  0]TimingProfiler: Initialize
[2022.03.19-04.24.16:202][  0]TimingProfiler: OnSessionChanged
[2022.03.19-04.24.16:203][  0]LoadingProfiler: Initialize
[2022.03.19-04.24.16:203][  0]LoadingProfiler: OnSessionChanged
[2022.03.19-04.24.16:204][  0]NetworkingProfiler: Initialize
[2022.03.19-04.24.16:205][  0]NetworkingProfiler: OnSessionChanged
[2022.03.19-04.24.16:205][  0]MemoryProfiler: Initialize
[2022.03.19-04.24.16:205][  0]MemoryProfiler: OnSessionChanged
[2022.03.19-04.24.16:761][  0]LogFileCache: Scanning file cache for directory 'C:/Users/malik/OneDrive/Desktop/Software Engineering Capstone/Cstone/Aidan/Aidan/Content/' took 0.01s
[2022.03.19-04.24.16:762][  0]LogCook: Display: CookSettings for Memory: MemoryMaxUsedVirtual 0MiB, MemoryMaxUsedPhysical 16384MiB, MemoryMinFreeVirtual 0MiB, MemoryMinFreePhysical 1024MiB
[2022.03.19-04.24.16:762][  0]LogCook: Display: Mobile HDR setting 1
[2022.03.19-04.24.17:877][  0]LogInit: Display: Engine is initialized. Leaving FEngineLoop::Init()
[2022.03.19-04.24.17:890][  0]SourceControl: Source control is disabled
[2022.03.19-04.24.17:891][  0]LogUnrealEdMisc: Loading editor; pre map load, took 25.520
[2022.03.19-04.24.17:892][  0]Cmd: MAP LOAD FILE="../../../Engine/Content/Maps/Templates/Template_Default.umap" TEMPLATE=1 SHOWPROGRESS=1 FEATURELEVEL=3
[2022.03.19-04.24.17:895][  0]LightingResults: New page: Lighting Build
[2022.03.19-04.24.17:903][  0]LogWorld: UWorld::CleanupWorld for Untitled, bSessionEnded=true, bCleanupResources=true
[2022.03.19-04.24.17:904][  0]LogSlate: InvalidateAllWidgets triggered.  All widgets were invalidated
[2022.03.19-04.24.17:907][  0]MapCheck: New page: Map Check
[2022.03.19-04.24.17:907][  0]LightingResults: New page: Lighting Build
[2022.03.19-04.24.17:923][  0]LogAudio: Display: Audio Device unregistered from world 'None'.
[2022.03.19-04.24.17:936][  0]LogUObjectHash: Compacting FUObjectHashTables data took   2.42ms
[2022.03.19-04.24.18:098][  0]LogTexture: Display: Building textures: DeprecatedTextureEB9CBE3C423008B5E8E130901E171C89 (BGRA8, 128X128)
[2022.03.19-04.24.18:124][  0]LogAudio: Display: Audio Device (ID: 1) registered with world 'Untitled_1'.
[2022.03.19-04.24.18:127][  0]LogAIModule: Creating AISystem for world Untitled_1
[2022.03.19-04.24.18:152][  0]LogEditorServer: Finished looking for orphan Actors (0.000 secs)
[2022.03.19-04.24.18:170][  0]LogUObjectHash: Compacting FUObjectHashTables data took   2.37ms
[2022.03.19-04.24.18:172][  0]Cmd: MAP CHECKDEP NOCLEARLOG
[2022.03.19-04.24.18:173][  0]MapCheck: Map check complete: 0 Error(s), 0 Warning(s), took 0.799ms to complete.
[2022.03.19-04.24.18:173][  0]LogFileHelpers: Loading map 'Template_Default' took 0.282
[2022.03.19-04.24.18:191][  0]LogUnrealEdMisc: Total Editor Startup Time, took 25.821
[2022.03.19-04.24.18:490][  0]LogSlate: Updating window title bar state: overlay mode, drag disabled, window buttons hidden, title bar hidden
[2022.03.19-04.24.18:511][  0]LogSlate: Updating window title bar state: overlay mode, drag disabled, window buttons hidden, title bar hidden
[2022.03.19-04.24.18:531][  0]LogSlate: Updating window title bar state: overlay mode, drag disabled, window buttons hidden, title bar hidden
[2022.03.19-04.24.18:553][  0]LogSlate: Updating window title bar state: overlay mode, drag disabled, window buttons hidden, title bar hidden
[2022.03.19-04.24.18:610][  0]LogNativeClassHierarchy: Verbose: Native class hierarchy populated in 0.0434 seconds. Added 3825 classes and 931 folders.
[2022.03.19-04.24.18:618][  0]LogNativeClassHierarchy: Verbose: Native class hierarchy updated for 'WidgetCarousel' in 0.0007 seconds. Added 0 classes and 0 folders.
[2022.03.19-04.24.18:623][  0]LogPakFile: PakFile PrimaryIndexSize=187
[2022.03.19-04.24.18:623][  0]LogPakFile: PakFile PathHashIndexSize=101
[2022.03.19-04.24.18:623][  0]LogPakFile: PakFile FullDirectoryIndexSize=148
[2022.03.19-04.24.18:623][  0]LogShaderLibrary: Display: ShaderCodeLibraryPakFileMountedCallback: PakFile 'C:/Program Files/Epic Games/UE_4.27/FeaturePacks/FP_FirstPerson.upack' (chunk index -1, root 'root:/') mounted
[2022.03.19-04.24.18:624][  0]LogShaderLibrary: Display: ShaderCodeLibraryPakFileMountedCallback: pending pak file info (ChunkID:-1 Root:root:/ File:C:/Program Files/Epic Games/UE_4.27/FeaturePacks/FP_FirstPerson.upack)
[2022.03.19-04.24.18:624][  0]LogPakFile: OnPakFileMounted2Time == 0.000378
[2022.03.19-04.24.18:628][  0]LogPakFile: PakFile PrimaryIndexSize=189
[2022.03.19-04.24.18:628][  0]LogPakFile: PakFile PathHashIndexSize=101
[2022.03.19-04.24.18:628][  0]LogPakFile: PakFile FullDirectoryIndexSize=152
[2022.03.19-04.24.18:628][  0]LogShaderLibrary: Display: ShaderCodeLibraryPakFileMountedCallback: PakFile 'C:/Program Files/Epic Games/UE_4.27/FeaturePacks/FP_FirstPersonBP.upack' (chunk index -1, root 'root:/') mounted
[2022.03.19-04.24.18:628][  0]LogShaderLibrary: Display: ShaderCodeLibraryPakFileMountedCallback: pending pak file info (ChunkID:-1 Root:root:/ File:C:/Program Files/Epic Games/UE_4.27/FeaturePacks/FP_FirstPersonBP.upack)
[2022.03.19-04.24.18:628][  0]LogPakFile: OnPakFileMounted2Time == 0.000337
[2022.03.19-04.24.18:632][  0]LogPakFile: PakFile PrimaryIndexSize=191
[2022.03.19-04.24.18:632][  0]LogPakFile: PakFile PathHashIndexSize=101
[2022.03.19-04.24.18:632][  0]LogPakFile: PakFile FullDirectoryIndexSize=160
[2022.03.19-04.24.18:632][  0]LogShaderLibrary: Display: ShaderCodeLibraryPakFileMountedCallback: PakFile 'C:/Program Files/Epic Games/UE_4.27/FeaturePacks/MobileStarterContent.upack' (chunk index -1, root 'root:/') mounted
[2022.03.19-04.24.18:632][  0]LogShaderLibrary: Display: ShaderCodeLibraryPakFileMountedCallback: pending pak file info (ChunkID:-1 Root:root:/ File:C:/Program Files/Epic Games/UE_4.27/FeaturePacks/MobileStarterContent.upack)
[2022.03.19-04.24.18:632][  0]LogPakFile: OnPakFileMounted2Time == 0.000289
[2022.03.19-04.24.18:636][  0]LogPakFile: PakFile PrimaryIndexSize=185
[2022.03.19-04.24.18:636][  0]LogPakFile: PakFile PathHashIndexSize=101
[2022.03.19-04.24.18:636][  0]LogPakFile: PakFile FullDirectoryIndexSize=148
[2022.03.19-04.24.18:636][  0]LogShaderLibrary: Display: ShaderCodeLibraryPakFileMountedCallback: PakFile 'C:/Program Files/Epic Games/UE_4.27/FeaturePacks/StarterContent.upack' (chunk index -1, root 'root:/') mounted
[2022.03.19-04.24.18:636][  0]LogShaderLibrary: Display: ShaderCodeLibraryPakFileMountedCallback: pending pak file info (ChunkID:-1 Root:root:/ File:C:/Program Files/Epic Games/UE_4.27/FeaturePacks/StarterContent.upack)
[2022.03.19-04.24.18:636][  0]LogPakFile: OnPakFileMounted2Time == 0.000320
[2022.03.19-04.24.18:640][  0]LogPakFile: PakFile PrimaryIndexSize=190
[2022.03.19-04.24.18:640][  0]LogPakFile: PakFile PathHashIndexSize=101
[2022.03.19-04.24.18:640][  0]LogPakFile: PakFile FullDirectoryIndexSize=154
[2022.03.19-04.24.18:640][  0]LogShaderLibrary: Display: ShaderCodeLibraryPakFileMountedCallback: PakFile 'C:/Program Files/Epic Games/UE_4.27/FeaturePacks/TP_2DSideScroller.upack' (chunk index -1, root 'root:/') mounted
[2022.03.19-04.24.18:641][  0]LogShaderLibrary: Display: ShaderCodeLibraryPakFileMountedCallback: pending pak file info (ChunkID:-1 Root:root:/ File:C:/Program Files/Epic Games/UE_4.27/FeaturePacks/TP_2DSideScroller.upack)
[2022.03.19-04.24.18:641][  0]LogPakFile: OnPakFileMounted2Time == 0.000285
[2022.03.19-04.24.18:644][  0]LogPakFile: PakFile PrimaryIndexSize=192
[2022.03.19-04.24.18:644][  0]LogPakFile: PakFile PathHashIndexSize=101
[2022.03.19-04.24.18:644][  0]LogPakFile: PakFile FullDirectoryIndexSize=158
[2022.03.19-04.24.18:645][  0]LogShaderLibrary: Display: ShaderCodeLibraryPakFileMountedCallback: PakFile 'C:/Program Files/Epic Games/UE_4.27/FeaturePacks/TP_2DSideScrollerBP.upack' (chunk index -1, root 'root:/') mounted
[2022.03.19-04.24.18:645][  0]LogShaderLibrary: Display: ShaderCodeLibraryPakFileMountedCallback: pending pak file info (ChunkID:-1 Root:root:/ File:C:/Program Files/Epic Games/UE_4.27/FeaturePacks/TP_2DSideScrollerBP.upack)
[2022.03.19-04.24.18:645][  0]LogPakFile: OnPakFileMounted2Time == 0.000321
[2022.03.19-04.24.18:648][  0]LogPakFile: PakFile PrimaryIndexSize=182
[2022.03.19-04.24.18:648][  0]LogPakFile: PakFile PathHashIndexSize=101
[2022.03.19-04.24.18:648][  0]LogPakFile: PakFile FullDirectoryIndexSize=138
[2022.03.19-04.24.18:648][  0]LogShaderLibrary: Display: ShaderCodeLibraryPakFileMountedCallback: PakFile 'C:/Program Files/Epic Games/UE_4.27/FeaturePacks/TP_Flying.upack' (chunk index -1, root 'root:/') mounted
[2022.03.19-04.24.18:649][  0]LogShaderLibrary: Display: ShaderCodeLibraryPakFileMountedCallback: pending pak file info (ChunkID:-1 Root:root:/ File:C:/Program Files/Epic Games/UE_4.27/FeaturePacks/TP_Flying.upack)
[2022.03.19-04.24.18:649][  0]LogPakFile: OnPakFileMounted2Time == 0.000273
[2022.03.19-04.24.18:652][  0]LogPakFile: PakFile PrimaryIndexSize=184
[2022.03.19-04.24.18:652][  0]LogPakFile: PakFile PathHashIndexSize=101
[2022.03.19-04.24.18:652][  0]LogPakFile: PakFile FullDirectoryIndexSize=142
[2022.03.19-04.24.18:652][  0]LogShaderLibrary: Display: ShaderCodeLibraryPakFileMountedCallback: PakFile 'C:/Program Files/Epic Games/UE_4.27/FeaturePacks/TP_FlyingBP.upack' (chunk index -1, root 'root:/') mounted
[2022.03.19-04.24.18:652][  0]LogShaderLibrary: Display: ShaderCodeLibraryPakFileMountedCallback: pending pak file info (ChunkID:-1 Root:root:/ File:C:/Program Files/Epic Games/UE_4.27/FeaturePacks/TP_FlyingBP.upack)
[2022.03.19-04.24.18:652][  0]LogPakFile: OnPakFileMounted2Time == 0.000322
[2022.03.19-04.24.18:656][  0]LogPakFile: PakFile PrimaryIndexSize=188
[2022.03.19-04.24.18:656][  0]LogPakFile: PakFile PathHashIndexSize=101
[2022.03.19-04.24.18:656][  0]LogPakFile: PakFile FullDirectoryIndexSize=150
[2022.03.19-04.24.18:656][  0]LogShaderLibrary: Display: ShaderCodeLibraryPakFileMountedCallback: PakFile 'C:/Program Files/Epic Games/UE_4.27/FeaturePacks/TP_HandheldARBP.upack' (chunk index -1, root 'root:/') mounted
[2022.03.19-04.24.18:656][  0]LogShaderLibrary: Display: ShaderCodeLibraryPakFileMountedCallback: pending pak file info (ChunkID:-1 Root:root:/ File:C:/Program Files/Epic Games/UE_4.27/FeaturePacks/TP_HandheldARBP.upack)
[2022.03.19-04.24.18:657][  0]LogPakFile: OnPakFileMounted2Time == 0.000361
[2022.03.19-04.24.18:661][  0]LogPakFile: PakFile PrimaryIndexSize=182
[2022.03.19-04.24.18:662][  0]LogPakFile: PakFile PathHashIndexSize=101
[2022.03.19-04.24.18:662][  0]LogPakFile: PakFile FullDirectoryIndexSize=138
[2022.03.19-04.24.18:662][  0]LogShaderLibrary: Display: ShaderCodeLibraryPakFileMountedCallback: PakFile 'C:/Program Files/Epic Games/UE_4.27/FeaturePacks/TP_Puzzle.upack' (chunk index -1, root 'root:/') mounted
[2022.03.19-04.24.18:662][  0]LogShaderLibrary: Display: ShaderCodeLibraryPakFileMountedCallback: pending pak file info (ChunkID:-1 Root:root:/ File:C:/Program Files/Epic Games/UE_4.27/FeaturePacks/TP_Puzzle.upack)
[2022.03.19-04.24.18:662][  0]LogPakFile: OnPakFileMounted2Time == 0.000324
[2022.03.19-04.24.18:665][  0]LogPakFile: PakFile PrimaryIndexSize=184
[2022.03.19-04.24.18:665][  0]LogPakFile: PakFile PathHashIndexSize=101
[2022.03.19-04.24.18:665][  0]LogPakFile: PakFile FullDirectoryIndexSize=142
[2022.03.19-04.24.18:666][  0]LogShaderLibrary: Display: ShaderCodeLibraryPakFileMountedCallback: PakFile 'C:/Program Files/Epic Games/UE_4.27/FeaturePacks/TP_PuzzleBP.upack' (chunk index -1, root 'root:/') mounted
[2022.03.19-04.24.18:666][  0]LogShaderLibrary: Display: ShaderCodeLibraryPakFileMountedCallback: pending pak file info (ChunkID:-1 Root:root:/ File:C:/Program Files/Epic Games/UE_4.27/FeaturePacks/TP_PuzzleBP.upack)
[2022.03.19-04.24.18:666][  0]LogPakFile: OnPakFileMounted2Time == 0.000316
[2022.03.19-04.24.18:669][  0]LogPakFile: PakFile PrimaryIndexSize=183
[2022.03.19-04.24.18:669][  0]LogPakFile: PakFile PathHashIndexSize=101
[2022.03.19-04.24.18:669][  0]LogPakFile: PakFile FullDirectoryIndexSize=140
[2022.03.19-04.24.18:669][  0]LogShaderLibrary: Display: ShaderCodeLibraryPakFileMountedCallback: PakFile 'C:/Program Files/Epic Games/UE_4.27/FeaturePacks/TP_Rolling.upack' (chunk index -1, root 'root:/') mounted
[2022.03.19-04.24.18:669][  0]LogShaderLibrary: Display: ShaderCodeLibraryPakFileMountedCallback: pending pak file info (ChunkID:-1 Root:root:/ File:C:/Program Files/Epic Games/UE_4.27/FeaturePacks/TP_Rolling.upack)
[2022.03.19-04.24.18:669][  0]LogPakFile: OnPakFileMounted2Time == 0.000335
[2022.03.19-04.24.18:673][  0]LogPakFile: PakFile PrimaryIndexSize=185
[2022.03.19-04.24.18:673][  0]LogPakFile: PakFile PathHashIndexSize=101
[2022.03.19-04.24.18:673][  0]LogPakFile: PakFile FullDirectoryIndexSize=144
[2022.03.19-04.24.18:673][  0]LogShaderLibrary: Display: ShaderCodeLibraryPakFileMountedCallback: PakFile 'C:/Program Files/Epic Games/UE_4.27/FeaturePacks/TP_RollingBP.upack' (chunk index -1, root 'root:/') mounted
[2022.03.19-04.24.18:674][  0]LogShaderLibrary: Display: ShaderCodeLibraryPakFileMountedCallback: pending pak file info (ChunkID:-1 Root:root:/ File:C:/Program Files/Epic Games/UE_4.27/FeaturePacks/TP_RollingBP.upack)
[2022.03.19-04.24.18:674][  0]LogPakFile: OnPakFileMounted2Time == 0.000313
[2022.03.19-04.24.18:676][  0]LogPakFile: PakFile PrimaryIndexSize=188
[2022.03.19-04.24.18:676][  0]LogPakFile: PakFile PathHashIndexSize=101
[2022.03.19-04.24.18:677][  0]LogPakFile: PakFile FullDirectoryIndexSize=150
[2022.03.19-04.24.18:677][  0]LogShaderLibrary: Display: ShaderCodeLibraryPakFileMountedCallback: PakFile 'C:/Program Files/Epic Games/UE_4.27/FeaturePacks/TP_SideScroller.upack' (chunk index -1, root 'root:/') mounted
[2022.03.19-04.24.18:677][  0]LogShaderLibrary: Display: ShaderCodeLibraryPakFileMountedCallback: pending pak file info (ChunkID:-1 Root:root:/ File:C:/Program Files/Epic Games/UE_4.27/FeaturePacks/TP_SideScroller.upack)
[2022.03.19-04.24.18:677][  0]LogPakFile: OnPakFileMounted2Time == 0.000300
[2022.03.19-04.24.18:680][  0]LogPakFile: PakFile PrimaryIndexSize=190
[2022.03.19-04.24.18:680][  0]LogPakFile: PakFile PathHashIndexSize=101
[2022.03.19-04.24.18:680][  0]LogPakFile: PakFile FullDirectoryIndexSize=154
[2022.03.19-04.24.18:681][  0]LogShaderLibrary: Display: ShaderCodeLibraryPakFileMountedCallback: PakFile 'C:/Program Files/Epic Games/UE_4.27/FeaturePacks/TP_SideScrollerBP.upack' (chunk index -1, root 'root:/') mounted
[2022.03.19-04.24.18:681][  0]LogShaderLibrary: Display: ShaderCodeLibraryPakFileMountedCallback: pending pak file info (ChunkID:-1 Root:root:/ File:C:/Program Files/Epic Games/UE_4.27/FeaturePacks/TP_SideScrollerBP.upack)
[2022.03.19-04.24.18:681][  0]LogPakFile: OnPakFileMounted2Time == 0.000303
[2022.03.19-04.24.18:684][  0]LogPakFile: PakFile PrimaryIndexSize=187
[2022.03.19-04.24.18:684][  0]LogPakFile: PakFile PathHashIndexSize=101
[2022.03.19-04.24.18:684][  0]LogPakFile: PakFile FullDirectoryIndexSize=148
[2022.03.19-04.24.18:684][  0]LogShaderLibrary: Display: ShaderCodeLibraryPakFileMountedCallback: PakFile 'C:/Program Files/Epic Games/UE_4.27/FeaturePacks/TP_ThirdPerson.upack' (chunk index -1, root 'root:/') mounted
[2022.03.19-04.24.18:685][  0]LogShaderLibrary: Display: ShaderCodeLibraryPakFileMountedCallback: pending pak file info (ChunkID:-1 Root:root:/ File:C:/Program Files/Epic Games/UE_4.27/FeaturePacks/TP_ThirdPerson.upack)
[2022.03.19-04.24.18:685][  0]LogPakFile: OnPakFileMounted2Time == 0.000312
[2022.03.19-04.24.18:688][  0]LogPakFile: PakFile PrimaryIndexSize=189
[2022.03.19-04.24.18:688][  0]LogPakFile: PakFile PathHashIndexSize=101
[2022.03.19-04.24.18:689][  0]LogPakFile: PakFile FullDirectoryIndexSize=152
[2022.03.19-04.24.18:689][  0]LogShaderLibrary: Display: ShaderCodeLibraryPakFileMountedCallback: PakFile 'C:/Program Files/Epic Games/UE_4.27/FeaturePacks/TP_ThirdPersonBP.upack' (chunk index -1, root 'root:/') mounted
[2022.03.19-04.24.18:689][  0]LogShaderLibrary: Display: ShaderCodeLibraryPakFileMountedCallback: pending pak file info (ChunkID:-1 Root:root:/ File:C:/Program Files/Epic Games/UE_4.27/FeaturePacks/TP_ThirdPersonBP.upack)
[2022.03.19-04.24.18:689][  0]LogPakFile: OnPakFileMounted2Time == 0.000359
[2022.03.19-04.24.18:693][  0]LogPakFile: PakFile PrimaryIndexSize=183
[2022.03.19-04.24.18:693][  0]LogPakFile: PakFile PathHashIndexSize=101
[2022.03.19-04.24.18:693][  0]LogPakFile: PakFile FullDirectoryIndexSize=140
[2022.03.19-04.24.18:693][  0]LogShaderLibrary: Display: ShaderCodeLibraryPakFileMountedCallback: PakFile 'C:/Program Files/Epic Games/UE_4.27/FeaturePacks/TP_TopDown.upack' (chunk index -1, root 'root:/') mounted
[2022.03.19-04.24.18:693][  0]LogShaderLibrary: Display: ShaderCodeLibraryPakFileMountedCallback: pending pak file info (ChunkID:-1 Root:root:/ File:C:/Program Files/Epic Games/UE_4.27/FeaturePacks/TP_TopDown.upack)
[2022.03.19-04.24.18:693][  0]LogPakFile: OnPakFileMounted2Time == 0.000310
[2022.03.19-04.24.18:697][  0]LogPakFile: PakFile PrimaryIndexSize=185
[2022.03.19-04.24.18:697][  0]LogPakFile: PakFile PathHashIndexSize=101
[2022.03.19-04.24.18:697][  0]LogPakFile: PakFile FullDirectoryIndexSize=144
[2022.03.19-04.24.18:697][  0]LogShaderLibrary: Display: ShaderCodeLibraryPakFileMountedCallback: PakFile 'C:/Program Files/Epic Games/UE_4.27/FeaturePacks/TP_TopDownBP.upack' (chunk index -1, root 'root:/') mounted
[2022.03.19-04.24.18:697][  0]LogShaderLibrary: Display: ShaderCodeLibraryPakFileMountedCallback: pending pak file info (ChunkID:-1 Root:root:/ File:C:/Program Files/Epic Games/UE_4.27/FeaturePacks/TP_TopDownBP.upack)
[2022.03.19-04.24.18:697][  0]LogPakFile: OnPakFileMounted2Time == 0.000276
[2022.03.19-04.24.18:700][  0]LogPakFile: PakFile PrimaryIndexSize=185
[2022.03.19-04.24.18:700][  0]LogPakFile: PakFile PathHashIndexSize=101
[2022.03.19-04.24.18:700][  0]LogPakFile: PakFile FullDirectoryIndexSize=144
[2022.03.19-04.24.18:700][  0]LogShaderLibrary: Display: ShaderCodeLibraryPakFileMountedCallback: PakFile 'C:/Program Files/Epic Games/UE_4.27/FeaturePacks/TP_TwinStick.upack' (chunk index -1, root 'root:/') mounted
[2022.03.19-04.24.18:700][  0]LogShaderLibrary: Display: ShaderCodeLibraryPakFileMountedCallback: pending pak file info (ChunkID:-1 Root:root:/ File:C:/Program Files/Epic Games/UE_4.27/FeaturePacks/TP_TwinStick.upack)
[2022.03.19-04.24.18:701][  0]LogPakFile: OnPakFileMounted2Time == 0.000312
[2022.03.19-04.24.18:704][  0]LogPakFile: PakFile PrimaryIndexSize=187
[2022.03.19-04.24.18:704][  0]LogPakFile: PakFile PathHashIndexSize=101
[2022.03.19-04.24.18:704][  0]LogPakFile: PakFile FullDirectoryIndexSize=148
[2022.03.19-04.24.18:704][  0]LogShaderLibrary: Display: ShaderCodeLibraryPakFileMountedCallback: PakFile 'C:/Program Files/Epic Games/UE_4.27/FeaturePacks/TP_TwinStickBP.upack' (chunk index -1, root 'root:/') mounted
[2022.03.19-04.24.18:704][  0]LogShaderLibrary: Display: ShaderCodeLibraryPakFileMountedCallback: pending pak file info (ChunkID:-1 Root:root:/ File:C:/Program Files/Epic Games/UE_4.27/FeaturePacks/TP_TwinStickBP.upack)
[2022.03.19-04.24.18:704][  0]LogPakFile: OnPakFileMounted2Time == 0.000270
[2022.03.19-04.24.18:707][  0]LogPakFile: PakFile PrimaryIndexSize=183
[2022.03.19-04.24.18:707][  0]LogPakFile: PakFile PathHashIndexSize=101
[2022.03.19-04.24.18:708][  0]LogPakFile: PakFile FullDirectoryIndexSize=140
[2022.03.19-04.24.18:708][  0]LogShaderLibrary: Display: ShaderCodeLibraryPakFileMountedCallback: PakFile 'C:/Program Files/Epic Games/UE_4.27/FeaturePacks/TP_Vehicle.upack' (chunk index -1, root 'root:/') mounted
[2022.03.19-04.24.18:708][  0]LogShaderLibrary: Display: ShaderCodeLibraryPakFileMountedCallback: pending pak file info (ChunkID:-1 Root:root:/ File:C:/Program Files/Epic Games/UE_4.27/FeaturePacks/TP_Vehicle.upack)
[2022.03.19-04.24.18:708][  0]LogPakFile: OnPakFileMounted2Time == 0.000344
[2022.03.19-04.24.18:711][  0]LogPakFile: PakFile PrimaryIndexSize=186
[2022.03.19-04.24.18:711][  0]LogPakFile: PakFile PathHashIndexSize=101
[2022.03.19-04.24.18:711][  0]LogPakFile: PakFile FullDirectoryIndexSize=146
[2022.03.19-04.24.18:711][  0]LogShaderLibrary: Display: ShaderCodeLibraryPakFileMountedCallback: PakFile 'C:/Program Files/Epic Games/UE_4.27/FeaturePacks/TP_VehicleAdv.upack' (chunk index -1, root 'root:/') mounted
[2022.03.19-04.24.18:712][  0]LogShaderLibrary: Display: ShaderCodeLibraryPakFileMountedCallback: pending pak file info (ChunkID:-1 Root:root:/ File:C:/Program Files/Epic Games/UE_4.27/FeaturePacks/TP_VehicleAdv.upack)
[2022.03.19-04.24.18:712][  0]LogPakFile: OnPakFileMounted2Time == 0.000242
[2022.03.19-04.24.18:714][  0]LogPakFile: PakFile PrimaryIndexSize=188
[2022.03.19-04.24.18:715][  0]LogPakFile: PakFile PathHashIndexSize=101
[2022.03.19-04.24.18:715][  0]LogPakFile: PakFile FullDirectoryIndexSize=150
[2022.03.19-04.24.18:715][  0]LogShaderLibrary: Display: ShaderCodeLibraryPakFileMountedCallback: PakFile 'C:/Program Files/Epic Games/UE_4.27/FeaturePacks/TP_VehicleAdvBP.upack' (chunk index -1, root 'root:/') mounted
[2022.03.19-04.24.18:715][  0]LogShaderLibrary: Display: ShaderCodeLibraryPakFileMountedCallback: pending pak file info (ChunkID:-1 Root:root:/ File:C:/Program Files/Epic Games/UE_4.27/FeaturePacks/TP_VehicleAdvBP.upack)
[2022.03.19-04.24.18:715][  0]LogPakFile: OnPakFileMounted2Time == 0.000299
[2022.03.19-04.24.18:718][  0]LogPakFile: PakFile PrimaryIndexSize=185
[2022.03.19-04.24.18:719][  0]LogPakFile: PakFile PathHashIndexSize=101
[2022.03.19-04.24.18:719][  0]LogPakFile: PakFile FullDirectoryIndexSize=144
[2022.03.19-04.24.18:719][  0]LogShaderLibrary: Display: ShaderCodeLibraryPakFileMountedCallback: PakFile 'C:/Program Files/Epic Games/UE_4.27/FeaturePacks/TP_VehicleBP.upack' (chunk index -1, root 'root:/') mounted
[2022.03.19-04.24.18:719][  0]LogShaderLibrary: Display: ShaderCodeLibraryPakFileMountedCallback: pending pak file info (ChunkID:-1 Root:root:/ File:C:/Program Files/Epic Games/UE_4.27/FeaturePacks/TP_VehicleBP.upack)
[2022.03.19-04.24.18:719][  0]LogPakFile: OnPakFileMounted2Time == 0.000328
[2022.03.19-04.24.18:722][  0]LogPakFile: PakFile PrimaryIndexSize=192
[2022.03.19-04.24.18:723][  0]LogPakFile: PakFile PathHashIndexSize=101
[2022.03.19-04.24.18:723][  0]LogPakFile: PakFile FullDirectoryIndexSize=158
[2022.03.19-04.24.18:723][  0]LogShaderLibrary: Display: ShaderCodeLibraryPakFileMountedCallback: PakFile 'C:/Program Files/Epic Games/UE_4.27/FeaturePacks/TP_VirtualRealityBP.upack' (chunk index -1, root 'root:/') mounted
[2022.03.19-04.24.18:723][  0]LogShaderLibrary: Display: ShaderCodeLibraryPakFileMountedCallback: pending pak file info (ChunkID:-1 Root:root:/ File:C:/Program Files/Epic Games/UE_4.27/FeaturePacks/TP_VirtualRealityBP.upack)
[2022.03.19-04.24.18:723][  0]LogPakFile: OnPakFileMounted2Time == 0.000337
[2022.03.19-04.24.18:964][  0]LogNativeClassHierarchy: Verbose: Native class hierarchy updated for 'AddContentDialog' in 0.0008 seconds. Added 0 classes and 0 folders.
[2022.03.19-04.24.18:971][  0]LogNativeClassHierarchy: Verbose: Native class hierarchy updated for 'SceneOutliner' in 0.0007 seconds. Added 2 classes and 0 folders.
[2022.03.19-04.24.19:088][  0]LogSlate: Took 0.001255 seconds to synchronously load lazily loaded font '../../../Engine/Content/Slate/Fonts/Roboto-Regular.ttf' (155K)
[2022.03.19-04.24.19:092][  0]LogSlate: Took 0.000977 seconds to synchronously load lazily loaded font '../../../Engine/Content/Editor/Slate/Fonts/FontAwesome.ttf' (139K)
[2022.03.19-04.24.19:097][  0]LogSlate: Took 0.001061 seconds to synchronously load lazily loaded font '../../../Engine/Content/Slate/Fonts/Roboto-Bold.ttf' (160K)
[2022.03.19-04.24.19:399][  0]LogRenderer: Reallocating scene render targets to support 964x432 Format 10 NumSamples 1 (Frame:1).
[2022.03.19-04.24.19:645][  0]LogNativeClassHierarchy: Verbose: Native class hierarchy updated for 'HierarchicalLODOutliner' in 0.0007 seconds. Added 0 classes and 0 folders.
[2022.03.19-04.24.19:645][  0]LogLoad: (Engine Initialization) Total time: 27.28 seconds
[2022.03.19-04.24.19:645][  0]LogLoad: (Engine Initialization) Total Blueprint compile time: 0.00 seconds
[2022.03.19-04.24.19:779][  0]LogContentStreaming: Texture pool size now 1000 MB
[2022.03.19-04.24.19:850][  1]LogAssetRegistry: Asset discovery search completed in 18.9504 seconds
[2022.03.19-04.24.19:869][  1]LogCollectionManager: Fixed up redirectors for 0 collections in 0.000242 seconds (updated 0 objects)
[2022.03.19-04.24.27:775][430]LogEditor: Attempting to add actor of class 'ProcMesh' to level at -370.00,-480.00,450.00
[2022.03.19-04.24.32:186][484]LogEditor: Attempting to add actor of class 'ProcMesh' to level at -300.00,-310.00,320.00
