Log file open, 03/25/22 12:21:56
LogWindows: Failed to load 'aqProf.dll' (GetLastError=126)
LogWindows: File 'aqProf.dll' does not exist
LogWindows: Failed to load 'VtuneApi.dll' (GetLastError=126)
LogWindows: File 'VtuneApi.dll' does not exist
LogWindows: Failed to load 'VtuneApi32e.dll' (GetLastError=126)
LogWindows: File 'VtuneApi32e.dll' does not exist
LogConsoleResponse: Display: Failed to find resolution value strings in scalability ini. Falling back to default.
LogConsoleResponse: Display: Failed to find resolution value strings in scalability ini. Falling back to default.
LogInit: Display: Running engine for game: Aidan
LogPlatformFile: Not using cached read wrapper
LogTaskGraph: Started task graph with 5 named threads and 23 total threads with 3 sets of task threads.
LogStats: Stats thread started at 0.499859
LogICUInternationalization: ICU TimeZone Detection - Raw Offset: -6:00, Platform Override: ''
LogInit: Display: Loading text-based GConfig....
LogPluginManager: Mounting plugin MeshPainting
LogPluginManager: Mounting plugin XGEController
LogPluginManager: Mounting plugin Paper2D
LogPluginManager: Mounting plugin AISupport
LogPluginManager: Mounting plugin EnvironmentQueryEditor
LogPluginManager: Mounting plugin LiveLink
LogPluginManager: Mounting plugin LightPropagationVolume
LogPluginManager: Mounting plugin CameraShakePreviewer
LogPluginManager: Mounting plugin GameplayCameras
LogPluginManager: Mounting plugin OodleData
LogPluginManager: Mounting plugin AnimationSharing
LogPluginManager: Mounting plugin OodleNetwork
LogPluginManager: Mounting plugin CLionSourceCodeAccess
LogPluginManager: Mounting plugin CodeLiteSourceCodeAccess
LogPluginManager: Mounting plugin GitSourceControl
LogPluginManager: Mounting plugin KDevelopSourceCodeAccess
LogPluginManager: Mounting plugin NullSourceCodeAccess
LogPluginManager: Mounting plugin PixWinPlugin
LogPluginManager: Mounting plugin PerforceSourceControl
LogPluginManager: Mounting plugin PlasticSourceControl
LogPluginManager: Mounting plugin PropertyAccessNode
LogPluginManager: Mounting plugin RiderSourceCodeAccess
LogPluginManager: Mounting plugin SubversionSourceControl
LogPluginManager: Mounting plugin TextureFormatOodle
LogPluginManager: Mounting plugin UObjectPlugin
LogPluginManager: Mounting plugin VisualStudioCodeSourceCodeAccess
LogPluginManager: Mounting plugin PluginUtils
LogPluginManager: Mounting plugin XCodeSourceCodeAccess
LogPluginManager: Mounting plugin VisualStudioSourceCodeAccess
LogPluginManager: Mounting plugin AssetManagerEditor
LogPluginManager: Mounting plugin CryptoKeys
LogPluginManager: Mounting plugin CurveEditorTools
LogPluginManager: Mounting plugin DataValidation
LogPluginManager: Mounting plugin FacialAnimation
LogPluginManager: Mounting plugin GameplayTagsEditor
LogPluginManager: Mounting plugin GeometryMode
LogPluginManager: Mounting plugin MacGraphicsSwitching
LogPluginManager: Mounting plugin MaterialAnalyzer
LogPluginManager: Mounting plugin MobileLauncherProfileWizard
LogPluginManager: Mounting plugin SpeedTreeImporter
LogPluginManager: Mounting plugin DatasmithContent
LogPluginManager: Mounting plugin PluginBrowser
LogPluginManager: Mounting plugin VariantManagerContent
LogPluginManager: Mounting plugin AlembicImporter
LogPluginManager: Mounting plugin Niagara
LogPluginManager: Mounting plugin AutomationUtils
LogPluginManager: Mounting plugin BackChannel
LogPluginManager: Mounting plugin ChaosCloth
LogPluginManager: Mounting plugin ChaosClothEditor
LogPluginManager: Mounting plugin ChaosEditor
LogPluginManager: Mounting plugin ChaosNiagara
LogPluginManager: Mounting plugin CharacterAI
LogPluginManager: Mounting plugin ChaosSolverPlugin
LogPluginManager: Mounting plugin GeometryCache
LogPluginManager: Mounting plugin GeometryCollectionPlugin
LogPluginManager: Mounting plugin GeometryProcessing
LogPluginManager: Mounting plugin OpenImageDenoise
LogPluginManager: Mounting plugin PlatformCrypto
LogPluginManager: Mounting plugin ProxyLODPlugin
LogPluginManager: Mounting plugin PythonScriptPlugin
LogPluginManager: Mounting plugin PlanarCut
LogPluginManager: Mounting plugin SkeletalReduction
LogPluginManager: Mounting plugin LuminPlatformFeatures
LogPluginManager: Mounting plugin MagicLeap
LogPluginManager: Mounting plugin MotoSynth
LogPluginManager: Mounting plugin MagicLeapLightEstimation
LogPluginManager: Mounting plugin MagicLeapMedia
LogPluginManager: Mounting plugin MagicLeapPassableWorld
LogPluginManager: Mounting plugin MLSDK
LogPluginManager: Mounting plugin AndroidMedia
LogPluginManager: Mounting plugin AvfMedia
LogPluginManager: Mounting plugin ImgMedia
LogPluginManager: Mounting plugin MediaCompositing
LogPluginManager: Mounting plugin MediaPlayerEditor
LogPluginManager: Mounting plugin WmfMedia
LogPluginManager: Mounting plugin WebMMedia
LogPluginManager: Mounting plugin TcpMessaging
LogPluginManager: Mounting plugin UdpMessaging
LogPluginManager: Mounting plugin LevelSequenceEditor
LogPluginManager: Mounting plugin MatineeToLevelSequence
LogPluginManager: Mounting plugin ActorSequence
LogPluginManager: Mounting plugin TemplateSequence
LogPluginManager: Mounting plugin OnlineSubsystem
LogPluginManager: Mounting plugin OnlineSubsystemNull
LogPluginManager: Mounting plugin OnlineSubsystemUtils
LogPluginManager: Mounting plugin ActorLayerUtilities
LogPluginManager: Mounting plugin LauncherChunkInstaller
LogPluginManager: Mounting plugin AndroidMoviePlayer
LogPluginManager: Mounting plugin AndroidDeviceProfileSelector
LogPluginManager: Mounting plugin AndroidPermission
LogPluginManager: Mounting plugin AppleImageUtils
LogPluginManager: Mounting plugin AppleMoviePlayer
LogPluginManager: Mounting plugin ArchVisCharacter
LogPluginManager: Mounting plugin AssetTags
LogPluginManager: Mounting plugin AudioCapture
LogPluginManager: Mounting plugin AudioSynesthesia
LogPluginManager: Mounting plugin CableComponent
LogPluginManager: Mounting plugin ChunkDownloader
LogPluginManager: Mounting plugin CustomMeshComponent
LogPluginManager: Mounting plugin ExampleDeviceProfileSelector
LogPluginManager: Mounting plugin EditableMesh
LogPluginManager: Mounting plugin GoogleCloudMessaging
LogPluginManager: Mounting plugin GooglePAD
LogPluginManager: Mounting plugin LinuxDeviceProfileSelector
LogPluginManager: Mounting plugin LocationServicesBPLibrary
LogPluginManager: Mounting plugin MobilePatchingUtils
LogPluginManager: Mounting plugin IOSDeviceProfileSelector
LogPluginManager: Mounting plugin OpenXR
LogPluginManager: Mounting plugin OpenXREyeTracker
LogPluginManager: Mounting plugin OpenXRHandTracking
LogPluginManager: Mounting plugin PhysXVehicles
LogPluginManager: Mounting plugin ProceduralMeshComponent
LogPluginManager: Mounting plugin PropertyAccessEditor
LogPluginManager: Mounting plugin PostSplashScreen
LogPluginManager: Mounting plugin RuntimePhysXCooking
LogPluginManager: Mounting plugin SoundFields
LogPluginManager: Mounting plugin SignificanceManager
LogPluginManager: Mounting plugin Synthesis
LogPluginManager: Mounting plugin WebMMoviePlayer
LogPluginManager: Mounting plugin WindowsMoviePlayer
LogPluginManager: Mounting plugin ScreenshotTools
LogPluginManager: Mounting plugin Takes
LogPluginManager: Mounting plugin ContentBrowserAssetDataSource
LogPluginManager: Mounting plugin ContentBrowserClassDataSource
LogPluginManager: Mounting plugin ContentBrowserFileDataSource
LogPluginManager: Mounting plugin OnlineSubsystemGooglePlay
LogPluginManager: Mounting plugin OnlineSubsystemIOS
LogPluginManager: Mounting plugin OculusVR
LogPluginManager: Mounting plugin SteamVR
PixWinPlugin: PIX capture plugin failed to initialize! Check that the process is launched from PIX.
LogInit: Using libcurl 7.55.1-DEV
LogInit:  - built for x86_64-pc-win32
LogInit:  - supports SSL with OpenSSL/1.1.1
LogInit:  - supports HTTP deflate (compression) using libz 1.2.8
LogInit:  - other features:
LogInit:      CURL_VERSION_SSL
LogInit:      CURL_VERSION_LIBZ
LogInit:      CURL_VERSION_IPV6
LogInit:      CURL_VERSION_ASYNCHDNS
LogInit:      CURL_VERSION_LARGEFILE
LogInit:      CURL_VERSION_IDN
LogInit:  CurlRequestOptions (configurable via config and command line):
LogInit:  - bVerifyPeer = true  - Libcurl will verify peer certificate
LogInit:  - bUseHttpProxy = false  - Libcurl will NOT use HTTP proxy
LogInit:  - bDontReuseConnections = false  - Libcurl will reuse connections
LogInit:  - MaxHostConnections = 16  - Libcurl will limit the number of connections to a host
LogInit:  - LocalHostAddr = Default
LogInit:  - BufferSize = 65536
LogOnline: OSS: Creating online subsystem instance for: NULL
LogInit: WinSock: version 1.1 (2.2), MaxSocks=32767, MaxUdp=65467
LogOnline: OSS: TryLoadSubsystemAndSetDefault: Loaded subsystem for module [NULL]
LogOculusPluginWrapper: OculusPlugin initialized successfully
LogHMD: Failed initializing OVRPlugin 1.59.0
LogInit: Build: ++UE4+Release-4.27-CL-18319896
LogInit: Engine Version: 4.27.2-18319896+++UE4+Release-4.27
LogInit: Compatible Engine Version: 4.27.0-17155196+++UE4+Release-4.27
LogInit: Net CL: 17155196
LogInit: OS: Windows 10 (Release 2009) (), CPU: AMD Ryzen 7 3700U with Radeon Vega Mobile Gfx  , GPU: AMD Radeon(TM) RX Vega 10 Graphics
LogInit: Compiled (64-bit): Nov 30 2021 07:12:08
LogInit: Compiled with Visual C++: 19.24.28315.00
LogInit: Build Configuration: Development
LogInit: Branch Name: ++UE4+Release-4.27
LogInit: Command Line: 
LogInit: Base Directory: C:/Program Files/Epic Games/UE_4.27/Engine/Binaries/Win64/
LogInit: Allocator: TBB
LogInit: Installed Engine Build: 1
LogDevObjectVersion: Number of dev versions registered: 29
LogDevObjectVersion:   Dev-Blueprints (B0D832E4-1F89-4F0D-ACCF-7EB736FD4AA2): 10
LogDevObjectVersion:   Dev-Build (E1C64328-A22C-4D53-A36C-8E866417BD8C): 0
LogDevObjectVersion:   Dev-Core (375EC13C-06E4-48FB-B500-84F0262A717E): 4
LogDevObjectVersion:   Dev-Editor (E4B068ED-F494-42E9-A231-DA0B2E46BB41): 40
LogDevObjectVersion:   Dev-Framework (CFFC743F-43B0-4480-9391-14DF171D2073): 37
LogDevObjectVersion:   Dev-Mobile (B02B49B5-BB20-44E9-A304-32B752E40360): 3
LogDevObjectVersion:   Dev-Networking (A4E4105C-59A1-49B5-A7C5-40C4547EDFEE): 0
LogDevObjectVersion:   Dev-Online (39C831C9-5AE6-47DC-9A44-9C173E1C8E7C): 0
LogDevObjectVersion:   Dev-Physics (78F01B33-EBEA-4F98-B9B4-84EACCB95AA2): 14
LogDevObjectVersion:   Dev-Platform (6631380F-2D4D-43E0-8009-CF276956A95A): 0
LogDevObjectVersion:   Dev-Rendering (12F88B9F-8875-4AFC-A67C-D90C383ABD29): 45
LogDevObjectVersion:   Dev-Sequencer (7B5AE74C-D270-4C10-A958-57980B212A5A): 13
LogDevObjectVersion:   Dev-VR (D7296918-1DD6-4BDD-9DE2-64A83CC13884): 3
LogDevObjectVersion:   Dev-LoadTimes (C2A15278-BFE7-4AFE-6C17-90FF531DF755): 1
LogDevObjectVersion:   Private-Geometry (6EACA3D4-40EC-4CC1-B786-8BED09428FC5): 3
LogDevObjectVersion:   Dev-AnimPhys (29E575DD-E0A3-4627-9D10-D276232CDCEA): 17
LogDevObjectVersion:   Dev-Anim (AF43A65D-7FD3-4947-9873-3E8ED9C1BB05): 15
LogDevObjectVersion:   Dev-ReflectionCapture (6B266CEC-1EC7-4B8F-A30B-E4D90942FC07): 1
LogDevObjectVersion:   Dev-Automation (0DF73D61-A23F-47EA-B727-89E90C41499A): 1
LogDevObjectVersion:   FortniteMain (601D1886-AC64-4F84-AA16-D3DE0DEAC7D6): 47
LogDevObjectVersion:   FortniteRelease (E7086368-6B23-4C58-8439-1B7016265E91): 1
LogDevObjectVersion:   Dev-Enterprise (9DFFBCD6-494F-0158-E221-12823C92A888): 10
LogDevObjectVersion:   Dev-Niagara (F2AED0AC-9AFE-416F-8664-AA7FFA26D6FC): 1
LogDevObjectVersion:   Dev-Destruction (174F1F0B-B4C6-45A5-B13F-2EE8D0FB917D): 10
LogDevObjectVersion:   Dev-Physics-Ext (35F94A83-E258-406C-A318-09F59610247C): 41
LogDevObjectVersion:   Dev-PhysicsMaterial-Chaos (B68FC16E-8B1B-42E2-B453-215C058844FE): 1
LogDevObjectVersion:   Dev-CineCamera (B2E18506-4273-CFC2-A54E-F4BB758BBA07): 1
LogDevObjectVersion:   Dev-VirtualProduction (64F58936-FD1B-42BA-BA96-7289D5D0FA4E): 1
LogDevObjectVersion:   Dev-MediaFramework (6F0ED827-A609-4895-9C91-998D90180EA4): 2
LogInit: Presizing for max 25165824 objects, including 0 objects not considered by GC, pre-allocating 0 bytes for permanent pool.
LogConfig: Applying CVar settings from Section [/Script/Engine.StreamingSettings] File [C:/Users/malik/OneDrive/Desktop/Software Engineering Capstone/Capstone/Aidan/Aidan/Saved/Config/Windows/Engine.ini]
LogConfig: Setting CVar [[s.MinBulkDataSizeForAsyncLoading:131072]]
LogConfig: Setting CVar [[s.AsyncLoadingThreadEnabled:0]]
LogConfig: Setting CVar [[s.EventDrivenLoaderEnabled:1]]
LogConfig: Setting CVar [[s.WarnIfTimeLimitExceeded:0]]
LogConfig: Setting CVar [[s.TimeLimitExceededMultiplier:1.5]]
LogConfig: Setting CVar [[s.TimeLimitExceededMinTime:0.005]]
LogConfig: Setting CVar [[s.UseBackgroundLevelStreaming:1]]
LogConfig: Setting CVar [[s.PriorityAsyncLoadingExtraTime:15.0]]
LogConfig: Setting CVar [[s.LevelStreamingActorsUpdateTimeLimit:5.0]]
LogConfig: Setting CVar [[s.PriorityLevelStreamingActorsUpdateExtraTime:5.0]]
LogConfig: Setting CVar [[s.LevelStreamingComponentsRegistrationGranularity:10]]
LogConfig: Setting CVar [[s.UnregisterComponentsTimeLimit:1.0]]
LogConfig: Setting CVar [[s.LevelStreamingComponentsUnregistrationGranularity:5]]
LogConfig: Setting CVar [[s.FlushStreamingOnExit:1]]
LogInit: Object subsystem initialized
LogConfig: Setting CVar [[con.DebugEarlyDefault:1]]
LogConfig: Setting CVar [[r.setres:1280x720]]
[2022.03.25-17.21.58:065][  0]LogConfig: Setting CVar [[r.VSync:0]]
[2022.03.25-17.21.58:065][  0]LogConfig: Setting CVar [[r.RHICmdBypass:0]]
[2022.03.25-17.21.58:065][  0]LogConfig: Applying CVar settings from Section [/Script/Engine.RendererSettings] File [C:/Users/malik/OneDrive/Desktop/Software Engineering Capstone/Capstone/Aidan/Aidan/Saved/Config/Windows/Engine.ini]
[2022.03.25-17.21.58:065][  0]LogConfig: Setting CVar [[r.GPUCrashDebugging:0]]
[2022.03.25-17.21.58:065][  0]LogConfig: Applying CVar settings from Section [/Script/Engine.RendererOverrideSettings] File [C:/Users/malik/OneDrive/Desktop/Software Engineering Capstone/Capstone/Aidan/Aidan/Saved/Config/Windows/Engine.ini]
[2022.03.25-17.21.58:065][  0]LogConfig: Applying CVar settings from Section [/Script/Engine.StreamingSettings] File [C:/Users/malik/OneDrive/Desktop/Software Engineering Capstone/Capstone/Aidan/Aidan/Saved/Config/Windows/Engine.ini]
[2022.03.25-17.21.58:065][  0]LogConfig: Setting CVar [[s.MinBulkDataSizeForAsyncLoading:131072]]
[2022.03.25-17.21.58:065][  0]LogConfig: Setting CVar [[s.AsyncLoadingThreadEnabled:0]]
[2022.03.25-17.21.58:065][  0]LogConfig: Setting CVar [[s.EventDrivenLoaderEnabled:1]]
[2022.03.25-17.21.58:065][  0]LogConfig: Setting CVar [[s.WarnIfTimeLimitExceeded:0]]
[2022.03.25-17.21.58:065][  0]LogConfig: Setting CVar [[s.TimeLimitExceededMultiplier:1.5]]
[2022.03.25-17.21.58:065][  0]LogConfig: Setting CVar [[s.TimeLimitExceededMinTime:0.005]]
[2022.03.25-17.21.58:065][  0]LogConfig: Setting CVar [[s.UseBackgroundLevelStreaming:1]]
[2022.03.25-17.21.58:065][  0]LogConfig: Setting CVar [[s.PriorityAsyncLoadingExtraTime:15.0]]
[2022.03.25-17.21.58:065][  0]LogConfig: Setting CVar [[s.LevelStreamingActorsUpdateTimeLimit:5.0]]
[2022.03.25-17.21.58:065][  0]LogConfig: Setting CVar [[s.PriorityLevelStreamingActorsUpdateExtraTime:5.0]]
[2022.03.25-17.21.58:065][  0]LogConfig: Setting CVar [[s.LevelStreamingComponentsRegistrationGranularity:10]]
[2022.03.25-17.21.58:065][  0]LogConfig: Setting CVar [[s.UnregisterComponentsTimeLimit:1.0]]
[2022.03.25-17.21.58:065][  0]LogConfig: Setting CVar [[s.LevelStreamingComponentsUnregistrationGranularity:5]]
[2022.03.25-17.21.58:065][  0]LogConfig: Setting CVar [[s.FlushStreamingOnExit:1]]
[2022.03.25-17.21.58:065][  0]LogConfig: Applying CVar settings from Section [/Script/Engine.GarbageCollectionSettings] File [C:/Users/malik/OneDrive/Desktop/Software Engineering Capstone/Capstone/Aidan/Aidan/Saved/Config/Windows/Engine.ini]
[2022.03.25-17.21.58:065][  0]LogConfig: Setting CVar [[gc.MaxObjectsNotConsideredByGC:1]]
[2022.03.25-17.21.58:065][  0]LogConfig: Setting CVar [[gc.SizeOfPermanentObjectPool:0]]
[2022.03.25-17.21.58:065][  0]LogConfig: Setting CVar [[gc.FlushStreamingOnGC:0]]
[2022.03.25-17.21.58:065][  0]LogConfig: Setting CVar [[gc.NumRetriesBeforeForcingGC:10]]
[2022.03.25-17.21.58:065][  0]LogConfig: Setting CVar [[gc.AllowParallelGC:1]]
[2022.03.25-17.21.58:066][  0]LogConfig: Setting CVar [[gc.TimeBetweenPurgingPendingKillObjects:61.1]]
[2022.03.25-17.21.58:066][  0]LogConfig: Setting CVar [[gc.MaxObjectsInEditor:25165824]]
[2022.03.25-17.21.58:066][  0]LogConfig: Setting CVar [[gc.IncrementalBeginDestroyEnabled:1]]
[2022.03.25-17.21.58:066][  0]LogConfig: Setting CVar [[gc.CreateGCClusters:1]]
[2022.03.25-17.21.58:066][  0]LogConfig: Setting CVar [[gc.MinGCClusterSize:5]]
[2022.03.25-17.21.58:066][  0]LogConfig: Setting CVar [[gc.ActorClusteringEnabled:0]]
[2022.03.25-17.21.58:066][  0]LogConfig: Setting CVar [[gc.BlueprintClusteringEnabled:0]]
[2022.03.25-17.21.58:066][  0]LogConfig: Setting CVar [[gc.UseDisregardForGCOnDedicatedServers:0]]
[2022.03.25-17.21.58:066][  0]LogConfig: Setting CVar [[gc.MultithreadedDestructionEnabled:1]]
[2022.03.25-17.21.58:066][  0]LogConfig: Applying CVar settings from Section [/Script/Engine.NetworkSettings] File [C:/Users/malik/OneDrive/Desktop/Software Engineering Capstone/Capstone/Aidan/Aidan/Saved/Config/Windows/Engine.ini]
[2022.03.25-17.21.58:066][  0]LogConfig: Applying CVar settings from Section [/Script/UnrealEd.CookerSettings] File [C:/Users/malik/OneDrive/Desktop/Software Engineering Capstone/Capstone/Aidan/Aidan/Saved/Config/Windows/Engine.ini]
[2022.03.25-17.21.58:078][  0]LogConfig: Applying CVar settings from Section [ViewDistanceQuality@3] File [C:/Users/malik/OneDrive/Desktop/Software Engineering Capstone/Capstone/Aidan/Aidan/Saved/Config/Windows/Scalability.ini]
[2022.03.25-17.21.58:078][  0]LogConfig: Setting CVar [[r.SkeletalMeshLODBias:0]]
[2022.03.25-17.21.58:079][  0]LogConfig: Setting CVar [[r.ViewDistanceScale:1.0]]
[2022.03.25-17.21.58:079][  0]LogConfig: Applying CVar settings from Section [AntiAliasingQuality@3] File [C:/Users/malik/OneDrive/Desktop/Software Engineering Capstone/Capstone/Aidan/Aidan/Saved/Config/Windows/Scalability.ini]
[2022.03.25-17.21.58:079][  0]LogConfig: Setting CVar [[r.PostProcessAAQuality:4]]
[2022.03.25-17.21.58:079][  0]LogConfig: Applying CVar settings from Section [ShadowQuality@3] File [C:/Users/malik/OneDrive/Desktop/Software Engineering Capstone/Capstone/Aidan/Aidan/Saved/Config/Windows/Scalability.ini]
[2022.03.25-17.21.58:079][  0]LogConfig: Setting CVar [[r.LightFunctionQuality:1]]
[2022.03.25-17.21.58:079][  0]LogConfig: Setting CVar [[r.ShadowQuality:5]]
[2022.03.25-17.21.58:079][  0]LogConfig: Setting CVar [[r.Shadow.CSM.MaxCascades:10]]
[2022.03.25-17.21.58:079][  0]LogConfig: Setting CVar [[r.Shadow.MaxResolution:2048]]
[2022.03.25-17.21.58:079][  0]LogConfig: Setting CVar [[r.Shadow.MaxCSMResolution:2048]]
[2022.03.25-17.21.58:079][  0]LogConfig: Setting CVar [[r.Shadow.RadiusThreshold:0.01]]
[2022.03.25-17.21.58:079][  0]LogConfig: Setting CVar [[r.Shadow.DistanceScale:1.0]]
[2022.03.25-17.21.58:079][  0]LogConfig: Setting CVar [[r.Shadow.CSM.TransitionScale:1.0]]
[2022.03.25-17.21.58:079][  0]LogConfig: Setting CVar [[r.Shadow.PreShadowResolutionFactor:1.0]]
[2022.03.25-17.21.58:079][  0]LogConfig: Setting CVar [[r.DistanceFieldShadowing:1]]
[2022.03.25-17.21.58:079][  0]LogConfig: Setting CVar [[r.DistanceFieldAO:1]]
[2022.03.25-17.21.58:079][  0]LogConfig: Setting CVar [[r.AOQuality:2]]
[2022.03.25-17.21.58:079][  0]LogConfig: Setting CVar [[r.VolumetricFog:1]]
[2022.03.25-17.21.58:079][  0]LogConfig: Setting CVar [[r.VolumetricFog.GridPixelSize:8]]
[2022.03.25-17.21.58:079][  0]LogConfig: Setting CVar [[r.VolumetricFog.GridSizeZ:128]]
[2022.03.25-17.21.58:079][  0]LogConfig: Setting CVar [[r.VolumetricFog.HistoryMissSupersampleCount:4]]
[2022.03.25-17.21.58:079][  0]LogConfig: Setting CVar [[r.LightMaxDrawDistanceScale:1]]
[2022.03.25-17.21.58:079][  0]LogConfig: Setting CVar [[r.CapsuleShadows:1]]
[2022.03.25-17.21.58:079][  0]LogConfig: Applying CVar settings from Section [PostProcessQuality@3] File [C:/Users/malik/OneDrive/Desktop/Software Engineering Capstone/Capstone/Aidan/Aidan/Saved/Config/Windows/Scalability.ini]
[2022.03.25-17.21.58:079][  0]LogConfig: Setting CVar [[r.MotionBlurQuality:4]]
[2022.03.25-17.21.58:079][  0]LogConfig: Setting CVar [[r.AmbientOcclusionMipLevelFactor:0.4]]
[2022.03.25-17.21.58:079][  0]LogConfig: Setting CVar [[r.AmbientOcclusionMaxQuality:100]]
[2022.03.25-17.21.58:079][  0]LogConfig: Setting CVar [[r.AmbientOcclusionLevels:-1]]
[2022.03.25-17.21.58:079][  0]LogConfig: Setting CVar [[r.AmbientOcclusionRadiusScale:1.0]]
[2022.03.25-17.21.58:079][  0]LogConfig: Setting CVar [[r.DepthOfFieldQuality:2]]
[2022.03.25-17.21.58:079][  0]LogConfig: Setting CVar [[r.RenderTargetPoolMin:400]]
[2022.03.25-17.21.58:079][  0]LogConfig: Setting CVar [[r.LensFlareQuality:2]]
[2022.03.25-17.21.58:079][  0]LogConfig: Setting CVar [[r.SceneColorFringeQuality:1]]
[2022.03.25-17.21.58:079][  0]LogConfig: Setting CVar [[r.EyeAdaptationQuality:2]]
[2022.03.25-17.21.58:079][  0]LogConfig: Setting CVar [[r.BloomQuality:5]]
[2022.03.25-17.21.58:079][  0]LogConfig: Setting CVar [[r.FastBlurThreshold:100]]
[2022.03.25-17.21.58:079][  0]LogConfig: Setting CVar [[r.Upscale.Quality:3]]
[2022.03.25-17.21.58:079][  0]LogConfig: Setting CVar [[r.Tonemapper.GrainQuantization:1]]
[2022.03.25-17.21.58:079][  0]LogConfig: Setting CVar [[r.LightShaftQuality:1]]
[2022.03.25-17.21.58:079][  0]LogConfig: Setting CVar [[r.Filter.SizeScale:1]]
[2022.03.25-17.21.58:080][  0]LogConfig: Setting CVar [[r.Tonemapper.Quality:5]]
[2022.03.25-17.21.58:080][  0]LogConfig: Setting CVar [[r.DOF.Gather.AccumulatorQuality:1        ; higher gathering accumulator quality]]
[2022.03.25-17.21.58:080][  0]LogConfig: Setting CVar [[r.DOF.Gather.PostfilterMethod:1          ; Median3x3 postfilering method]]
[2022.03.25-17.21.58:080][  0]LogConfig: Setting CVar [[r.DOF.Gather.EnableBokehSettings:0       ; no bokeh simulation when gathering]]
[2022.03.25-17.21.58:080][  0]LogConfig: Setting CVar [[r.DOF.Gather.RingCount:4                 ; medium number of samples when gathering]]
[2022.03.25-17.21.58:080][  0]LogConfig: Setting CVar [[r.DOF.Scatter.ForegroundCompositing:1    ; additive foreground scattering]]
[2022.03.25-17.21.58:080][  0]LogConfig: Setting CVar [[r.DOF.Scatter.BackgroundCompositing:2    ; additive background scattering]]
[2022.03.25-17.21.58:080][  0]LogConfig: Setting CVar [[r.DOF.Scatter.EnableBokehSettings:1      ; bokeh simulation when scattering]]
[2022.03.25-17.21.58:080][  0]LogConfig: Setting CVar [[r.DOF.Scatter.MaxSpriteRatio:0.1         ; only a maximum of 10% of scattered bokeh]]
[2022.03.25-17.21.58:080][  0]LogConfig: Setting CVar [[r.DOF.Recombine.Quality:1                ; cheap slight out of focus]]
[2022.03.25-17.21.58:080][  0]LogConfig: Setting CVar [[r.DOF.Recombine.EnableBokehSettings:0    ; no bokeh simulation on slight out of focus]]
[2022.03.25-17.21.58:080][  0]LogConfig: Setting CVar [[r.DOF.TemporalAAQuality:1                ; more stable temporal accumulation]]
[2022.03.25-17.21.58:080][  0]LogConfig: Setting CVar [[r.DOF.Kernel.MaxForegroundRadius:0.025]]
[2022.03.25-17.21.58:080][  0]LogConfig: Setting CVar [[r.DOF.Kernel.MaxBackgroundRadius:0.025]]
[2022.03.25-17.21.58:080][  0]LogConfig: Applying CVar settings from Section [TextureQuality@3] File [C:/Users/malik/OneDrive/Desktop/Software Engineering Capstone/Capstone/Aidan/Aidan/Saved/Config/Windows/Scalability.ini]
[2022.03.25-17.21.58:080][  0]LogConfig: Setting CVar [[r.Streaming.MipBias:0]]
[2022.03.25-17.21.58:080][  0]LogConfig: Setting CVar [[r.Streaming.AmortizeCPUToGPUCopy:0]]
[2022.03.25-17.21.58:080][  0]LogConfig: Setting CVar [[r.Streaming.MaxNumTexturesToStreamPerFrame:0]]
[2022.03.25-17.21.58:080][  0]LogConfig: Setting CVar [[r.Streaming.Boost:1]]
[2022.03.25-17.21.58:080][  0]LogConfig: Setting CVar [[r.MaxAnisotropy:8]]
[2022.03.25-17.21.58:080][  0]LogConfig: Setting CVar [[r.VT.MaxAnisotropy:8]]
[2022.03.25-17.21.58:080][  0]LogConfig: Setting CVar [[r.Streaming.LimitPoolSizeToVRAM:0]]
[2022.03.25-17.21.58:080][  0]LogConfig: Setting CVar [[r.Streaming.PoolSize:1000]]
[2022.03.25-17.21.58:080][  0]LogConfig: Setting CVar [[r.Streaming.MaxEffectiveScreenSize:0]]
[2022.03.25-17.21.58:080][  0]LogConfig: Applying CVar settings from Section [EffectsQuality@3] File [C:/Users/malik/OneDrive/Desktop/Software Engineering Capstone/Capstone/Aidan/Aidan/Saved/Config/Windows/Scalability.ini]
[2022.03.25-17.21.58:080][  0]LogConfig: Setting CVar [[r.TranslucencyLightingVolumeDim:64]]
[2022.03.25-17.21.58:080][  0]LogConfig: Setting CVar [[r.RefractionQuality:2]]
[2022.03.25-17.21.58:080][  0]LogConfig: Setting CVar [[r.SSR.Quality:3]]
[2022.03.25-17.21.58:080][  0]LogConfig: Setting CVar [[r.SSR.HalfResSceneColor:0]]
[2022.03.25-17.21.58:080][  0]LogConfig: Setting CVar [[r.SceneColorFormat:4]]
[2022.03.25-17.21.58:080][  0]LogConfig: Setting CVar [[r.DetailMode:2]]
[2022.03.25-17.21.58:080][  0]LogConfig: Setting CVar [[r.TranslucencyVolumeBlur:1]]
[2022.03.25-17.21.58:080][  0]LogConfig: Setting CVar [[r.MaterialQualityLevel:1 ; High quality]]
[2022.03.25-17.21.58:080][  0]LogConfig: Setting CVar [[r.AnisotropicMaterials:1]]
[2022.03.25-17.21.58:080][  0]LogConfig: Setting CVar [[r.SSS.Scale:1]]
[2022.03.25-17.21.58:080][  0]LogConfig: Setting CVar [[r.SSS.SampleSet:2]]
[2022.03.25-17.21.58:080][  0]LogConfig: Setting CVar [[r.SSS.Quality:1]]
[2022.03.25-17.21.58:080][  0]LogConfig: Setting CVar [[r.SSS.HalfRes:0]]
[2022.03.25-17.21.58:080][  0]LogConfig: Setting CVar [[r.SSGI.Quality:3]]
[2022.03.25-17.21.58:080][  0]LogConfig: Setting CVar [[r.EmitterSpawnRateScale:1.0]]
[2022.03.25-17.21.58:080][  0]LogConfig: Setting CVar [[r.ParticleLightQuality:2]]
[2022.03.25-17.21.58:081][  0]LogConfig: Setting CVar [[r.SkyAtmosphere.AerialPerspectiveLUT.FastApplyOnOpaque:1 ; Always have FastSkyLUT 1 in this case to avoid wrong sky]]
[2022.03.25-17.21.58:081][  0]LogConfig: Setting CVar [[r.SkyAtmosphere.AerialPerspectiveLUT.SampleCountMaxPerSlice:4]]
[2022.03.25-17.21.58:081][  0]LogConfig: Setting CVar [[r.SkyAtmosphere.AerialPerspectiveLUT.DepthResolution:16.0]]
[2022.03.25-17.21.58:081][  0]LogConfig: Setting CVar [[r.SkyAtmosphere.FastSkyLUT:1]]
[2022.03.25-17.21.58:081][  0]LogConfig: Setting CVar [[r.SkyAtmosphere.FastSkyLUT.SampleCountMin:4.0]]
[2022.03.25-17.21.58:081][  0]LogConfig: Setting CVar [[r.SkyAtmosphere.FastSkyLUT.SampleCountMax:128.0]]
[2022.03.25-17.21.58:081][  0]LogConfig: Setting CVar [[r.SkyAtmosphere.SampleCountMin:4.0]]
[2022.03.25-17.21.58:081][  0]LogConfig: Setting CVar [[r.SkyAtmosphere.SampleCountMax:128.0]]
[2022.03.25-17.21.58:081][  0]LogConfig: Setting CVar [[r.SkyAtmosphere.TransmittanceLUT.UseSmallFormat:0]]
[2022.03.25-17.21.58:081][  0]LogConfig: Setting CVar [[r.SkyAtmosphere.TransmittanceLUT.SampleCount:10.0]]
[2022.03.25-17.21.58:081][  0]LogConfig: Setting CVar [[r.SkyAtmosphere.MultiScatteringLUT.SampleCount:15.0]]
[2022.03.25-17.21.58:081][  0]LogConfig: Setting CVar [[r.SkyLight.RealTimeReflectionCapture:1]]
[2022.03.25-17.21.58:081][  0]LogConfig: Applying CVar settings from Section [FoliageQuality@3] File [C:/Users/malik/OneDrive/Desktop/Software Engineering Capstone/Capstone/Aidan/Aidan/Saved/Config/Windows/Scalability.ini]
[2022.03.25-17.21.58:081][  0]LogConfig: Setting CVar [[foliage.DensityScale:1.0]]
[2022.03.25-17.21.58:081][  0]LogConfig: Setting CVar [[grass.DensityScale:1.0]]
[2022.03.25-17.21.58:081][  0]LogConfig: Applying CVar settings from Section [ShadingQuality@3] File [C:/Users/malik/OneDrive/Desktop/Software Engineering Capstone/Capstone/Aidan/Aidan/Saved/Config/Windows/Scalability.ini]
[2022.03.25-17.21.58:081][  0]LogConfig: Setting CVar [[r.HairStrands.SkyLighting.IntegrationType:2]]
[2022.03.25-17.21.58:081][  0]LogConfig: Setting CVar [[r.HairStrands.SkyAO.SampleCount:4]]
[2022.03.25-17.21.58:081][  0]LogConfig: Setting CVar [[r.HairStrands.Visibility.MSAA.SamplePerPixel:4]]
[2022.03.25-17.21.58:081][  0]LogInit: Selected Device Profile: [Windows]
[2022.03.25-17.21.58:081][  0]LogInit: Applying CVar settings loaded from the selected device profile: [Windows]
[2022.03.25-17.21.58:081][  0]LogHAL: Display: Platform has ~ 10 GB [10672975872 / 17179869184 / 10], which maps to Default [LargestMinGB=32, LargerMinGB=12, DefaultMinGB=8, SmallerMinGB=6, SmallestMinGB=0)
[2022.03.25-17.21.58:081][  0]LogInit: Going up to parent DeviceProfile []
[2022.03.25-17.21.58:081][  0]LogConfig: Applying CVar settings from Section [ViewDistanceQuality@3] File [C:/Users/malik/OneDrive/Desktop/Software Engineering Capstone/Capstone/Aidan/Aidan/Saved/Config/Windows/Scalability.ini]
[2022.03.25-17.21.58:081][  0]LogConfig: Setting CVar [[r.SkeletalMeshLODBias:0]]
[2022.03.25-17.21.58:081][  0]LogConfig: Setting CVar [[r.ViewDistanceScale:1.0]]
[2022.03.25-17.21.58:081][  0]LogConfig: Applying CVar settings from Section [AntiAliasingQuality@3] File [C:/Users/malik/OneDrive/Desktop/Software Engineering Capstone/Capstone/Aidan/Aidan/Saved/Config/Windows/Scalability.ini]
[2022.03.25-17.21.58:081][  0]LogConfig: Setting CVar [[r.PostProcessAAQuality:4]]
[2022.03.25-17.21.58:081][  0]LogConfig: Applying CVar settings from Section [ShadowQuality@3] File [C:/Users/malik/OneDrive/Desktop/Software Engineering Capstone/Capstone/Aidan/Aidan/Saved/Config/Windows/Scalability.ini]
[2022.03.25-17.21.58:082][  0]LogConfig: Setting CVar [[r.LightFunctionQuality:1]]
[2022.03.25-17.21.58:082][  0]LogConfig: Setting CVar [[r.ShadowQuality:5]]
[2022.03.25-17.21.58:082][  0]LogConfig: Setting CVar [[r.Shadow.CSM.MaxCascades:10]]
[2022.03.25-17.21.58:082][  0]LogConfig: Setting CVar [[r.Shadow.MaxResolution:2048]]
[2022.03.25-17.21.58:082][  0]LogConfig: Setting CVar [[r.Shadow.MaxCSMResolution:2048]]
[2022.03.25-17.21.58:082][  0]LogConfig: Setting CVar [[r.Shadow.RadiusThreshold:0.01]]
[2022.03.25-17.21.58:082][  0]LogConfig: Setting CVar [[r.Shadow.DistanceScale:1.0]]
[2022.03.25-17.21.58:082][  0]LogConfig: Setting CVar [[r.Shadow.CSM.TransitionScale:1.0]]
[2022.03.25-17.21.58:082][  0]LogConfig: Setting CVar [[r.Shadow.PreShadowResolutionFactor:1.0]]
[2022.03.25-17.21.58:082][  0]LogConfig: Setting CVar [[r.DistanceFieldShadowing:1]]
[2022.03.25-17.21.58:082][  0]LogConfig: Setting CVar [[r.DistanceFieldAO:1]]
[2022.03.25-17.21.58:082][  0]LogConfig: Setting CVar [[r.AOQuality:2]]
[2022.03.25-17.21.58:082][  0]LogConfig: Setting CVar [[r.VolumetricFog:1]]
[2022.03.25-17.21.58:082][  0]LogConfig: Setting CVar [[r.VolumetricFog.GridPixelSize:8]]
[2022.03.25-17.21.58:082][  0]LogConfig: Setting CVar [[r.VolumetricFog.GridSizeZ:128]]
[2022.03.25-17.21.58:082][  0]LogConfig: Setting CVar [[r.VolumetricFog.HistoryMissSupersampleCount:4]]
[2022.03.25-17.21.58:082][  0]LogConfig: Setting CVar [[r.LightMaxDrawDistanceScale:1]]
[2022.03.25-17.21.58:082][  0]LogConfig: Setting CVar [[r.CapsuleShadows:1]]
[2022.03.25-17.21.58:082][  0]LogConfig: Applying CVar settings from Section [PostProcessQuality@3] File [C:/Users/malik/OneDrive/Desktop/Software Engineering Capstone/Capstone/Aidan/Aidan/Saved/Config/Windows/Scalability.ini]
[2022.03.25-17.21.58:082][  0]LogConfig: Setting CVar [[r.MotionBlurQuality:4]]
[2022.03.25-17.21.58:082][  0]LogConfig: Setting CVar [[r.AmbientOcclusionMipLevelFactor:0.4]]
[2022.03.25-17.21.58:082][  0]LogConfig: Setting CVar [[r.AmbientOcclusionMaxQuality:100]]
[2022.03.25-17.21.58:082][  0]LogConfig: Setting CVar [[r.AmbientOcclusionLevels:-1]]
[2022.03.25-17.21.58:082][  0]LogConfig: Setting CVar [[r.AmbientOcclusionRadiusScale:1.0]]
[2022.03.25-17.21.58:082][  0]LogConfig: Setting CVar [[r.DepthOfFieldQuality:2]]
[2022.03.25-17.21.58:082][  0]LogConfig: Setting CVar [[r.RenderTargetPoolMin:400]]
[2022.03.25-17.21.58:082][  0]LogConfig: Setting CVar [[r.LensFlareQuality:2]]
[2022.03.25-17.21.58:082][  0]LogConfig: Setting CVar [[r.SceneColorFringeQuality:1]]
[2022.03.25-17.21.58:082][  0]LogConfig: Setting CVar [[r.EyeAdaptationQuality:2]]
[2022.03.25-17.21.58:082][  0]LogConfig: Setting CVar [[r.BloomQuality:5]]
[2022.03.25-17.21.58:082][  0]LogConfig: Setting CVar [[r.FastBlurThreshold:100]]
[2022.03.25-17.21.58:082][  0]LogConfig: Setting CVar [[r.Upscale.Quality:3]]
[2022.03.25-17.21.58:082][  0]LogConfig: Setting CVar [[r.Tonemapper.GrainQuantization:1]]
[2022.03.25-17.21.58:082][  0]LogConfig: Setting CVar [[r.LightShaftQuality:1]]
[2022.03.25-17.21.58:082][  0]LogConfig: Setting CVar [[r.Filter.SizeScale:1]]
[2022.03.25-17.21.58:082][  0]LogConfig: Setting CVar [[r.Tonemapper.Quality:5]]
[2022.03.25-17.21.58:082][  0]LogConfig: Setting CVar [[r.DOF.Gather.AccumulatorQuality:1        ; higher gathering accumulator quality]]
[2022.03.25-17.21.58:082][  0]LogConfig: Setting CVar [[r.DOF.Gather.PostfilterMethod:1          ; Median3x3 postfilering method]]
[2022.03.25-17.21.58:082][  0]LogConfig: Setting CVar [[r.DOF.Gather.EnableBokehSettings:0       ; no bokeh simulation when gathering]]
[2022.03.25-17.21.58:082][  0]LogConfig: Setting CVar [[r.DOF.Gather.RingCount:4                 ; medium number of samples when gathering]]
[2022.03.25-17.21.58:082][  0]LogConfig: Setting CVar [[r.DOF.Scatter.ForegroundCompositing:1    ; additive foreground scattering]]
[2022.03.25-17.21.58:083][  0]LogConfig: Setting CVar [[r.DOF.Scatter.BackgroundCompositing:2    ; additive background scattering]]
[2022.03.25-17.21.58:083][  0]LogConfig: Setting CVar [[r.DOF.Scatter.EnableBokehSettings:1      ; bokeh simulation when scattering]]
[2022.03.25-17.21.58:083][  0]LogConfig: Setting CVar [[r.DOF.Scatter.MaxSpriteRatio:0.1         ; only a maximum of 10% of scattered bokeh]]
[2022.03.25-17.21.58:083][  0]LogConfig: Setting CVar [[r.DOF.Recombine.Quality:1                ; cheap slight out of focus]]
[2022.03.25-17.21.58:083][  0]LogConfig: Setting CVar [[r.DOF.Recombine.EnableBokehSettings:0    ; no bokeh simulation on slight out of focus]]
[2022.03.25-17.21.58:083][  0]LogConfig: Setting CVar [[r.DOF.TemporalAAQuality:1                ; more stable temporal accumulation]]
[2022.03.25-17.21.58:083][  0]LogConfig: Setting CVar [[r.DOF.Kernel.MaxForegroundRadius:0.025]]
[2022.03.25-17.21.58:083][  0]LogConfig: Setting CVar [[r.DOF.Kernel.MaxBackgroundRadius:0.025]]
[2022.03.25-17.21.58:083][  0]LogConfig: Applying CVar settings from Section [TextureQuality@3] File [C:/Users/malik/OneDrive/Desktop/Software Engineering Capstone/Capstone/Aidan/Aidan/Saved/Config/Windows/Scalability.ini]
[2022.03.25-17.21.58:083][  0]LogConfig: Setting CVar [[r.Streaming.MipBias:0]]
[2022.03.25-17.21.58:083][  0]LogConfig: Setting CVar [[r.Streaming.AmortizeCPUToGPUCopy:0]]
[2022.03.25-17.21.58:083][  0]LogConfig: Setting CVar [[r.Streaming.MaxNumTexturesToStreamPerFrame:0]]
[2022.03.25-17.21.58:083][  0]LogConfig: Setting CVar [[r.Streaming.Boost:1]]
[2022.03.25-17.21.58:083][  0]LogConfig: Setting CVar [[r.MaxAnisotropy:8]]
[2022.03.25-17.21.58:083][  0]LogConfig: Setting CVar [[r.VT.MaxAnisotropy:8]]
[2022.03.25-17.21.58:083][  0]LogConfig: Setting CVar [[r.Streaming.LimitPoolSizeToVRAM:0]]
[2022.03.25-17.21.58:083][  0]LogConfig: Setting CVar [[r.Streaming.PoolSize:1000]]
[2022.03.25-17.21.58:083][  0]LogConfig: Setting CVar [[r.Streaming.MaxEffectiveScreenSize:0]]
[2022.03.25-17.21.58:083][  0]LogConfig: Applying CVar settings from Section [EffectsQuality@3] File [C:/Users/malik/OneDrive/Desktop/Software Engineering Capstone/Capstone/Aidan/Aidan/Saved/Config/Windows/Scalability.ini]
[2022.03.25-17.21.58:083][  0]LogConfig: Setting CVar [[r.TranslucencyLightingVolumeDim:64]]
[2022.03.25-17.21.58:083][  0]LogConfig: Setting CVar [[r.RefractionQuality:2]]
[2022.03.25-17.21.58:083][  0]LogConfig: Setting CVar [[r.SSR.Quality:3]]
[2022.03.25-17.21.58:083][  0]LogConfig: Setting CVar [[r.SSR.HalfResSceneColor:0]]
[2022.03.25-17.21.58:083][  0]LogConfig: Setting CVar [[r.SceneColorFormat:4]]
[2022.03.25-17.21.58:083][  0]LogConfig: Setting CVar [[r.DetailMode:2]]
[2022.03.25-17.21.58:083][  0]LogConfig: Setting CVar [[r.TranslucencyVolumeBlur:1]]
[2022.03.25-17.21.58:083][  0]LogConfig: Setting CVar [[r.MaterialQualityLevel:1 ; High quality]]
[2022.03.25-17.21.58:083][  0]LogConfig: Setting CVar [[r.AnisotropicMaterials:1]]
[2022.03.25-17.21.58:083][  0]LogConfig: Setting CVar [[r.SSS.Scale:1]]
[2022.03.25-17.21.58:083][  0]LogConfig: Setting CVar [[r.SSS.SampleSet:2]]
[2022.03.25-17.21.58:083][  0]LogConfig: Setting CVar [[r.SSS.Quality:1]]
[2022.03.25-17.21.58:083][  0]LogConfig: Setting CVar [[r.SSS.HalfRes:0]]
[2022.03.25-17.21.58:083][  0]LogConfig: Setting CVar [[r.SSGI.Quality:3]]
[2022.03.25-17.21.58:083][  0]LogConfig: Setting CVar [[r.EmitterSpawnRateScale:1.0]]
[2022.03.25-17.21.58:083][  0]LogConfig: Setting CVar [[r.ParticleLightQuality:2]]
[2022.03.25-17.21.58:083][  0]LogConfig: Setting CVar [[r.SkyAtmosphere.AerialPerspectiveLUT.FastApplyOnOpaque:1 ; Always have FastSkyLUT 1 in this case to avoid wrong sky]]
[2022.03.25-17.21.58:083][  0]LogConfig: Setting CVar [[r.SkyAtmosphere.AerialPerspectiveLUT.SampleCountMaxPerSlice:4]]
[2022.03.25-17.21.58:083][  0]LogConfig: Setting CVar [[r.SkyAtmosphere.AerialPerspectiveLUT.DepthResolution:16.0]]
[2022.03.25-17.21.58:083][  0]LogConfig: Setting CVar [[r.SkyAtmosphere.FastSkyLUT:1]]
[2022.03.25-17.21.58:084][  0]LogConfig: Setting CVar [[r.SkyAtmosphere.FastSkyLUT.SampleCountMin:4.0]]
[2022.03.25-17.21.58:084][  0]LogConfig: Setting CVar [[r.SkyAtmosphere.FastSkyLUT.SampleCountMax:128.0]]
[2022.03.25-17.21.58:084][  0]LogConfig: Setting CVar [[r.SkyAtmosphere.SampleCountMin:4.0]]
[2022.03.25-17.21.58:084][  0]LogConfig: Setting CVar [[r.SkyAtmosphere.SampleCountMax:128.0]]
[2022.03.25-17.21.58:084][  0]LogConfig: Setting CVar [[r.SkyAtmosphere.TransmittanceLUT.UseSmallFormat:0]]
[2022.03.25-17.21.58:084][  0]LogConfig: Setting CVar [[r.SkyAtmosphere.TransmittanceLUT.SampleCount:10.0]]
[2022.03.25-17.21.58:084][  0]LogConfig: Setting CVar [[r.SkyAtmosphere.MultiScatteringLUT.SampleCount:15.0]]
[2022.03.25-17.21.58:084][  0]LogConfig: Setting CVar [[r.SkyLight.RealTimeReflectionCapture:1]]
[2022.03.25-17.21.58:084][  0]LogConfig: Applying CVar settings from Section [FoliageQuality@3] File [C:/Users/malik/OneDrive/Desktop/Software Engineering Capstone/Capstone/Aidan/Aidan/Saved/Config/Windows/Scalability.ini]
[2022.03.25-17.21.58:084][  0]LogConfig: Setting CVar [[foliage.DensityScale:1.0]]
[2022.03.25-17.21.58:084][  0]LogConfig: Setting CVar [[grass.DensityScale:1.0]]
[2022.03.25-17.21.58:084][  0]LogConfig: Applying CVar settings from Section [ShadingQuality@3] File [C:/Users/malik/OneDrive/Desktop/Software Engineering Capstone/Capstone/Aidan/Aidan/Saved/Config/Windows/Scalability.ini]
[2022.03.25-17.21.58:084][  0]LogConfig: Setting CVar [[r.HairStrands.SkyLighting.IntegrationType:2]]
[2022.03.25-17.21.58:084][  0]LogConfig: Setting CVar [[r.HairStrands.SkyAO.SampleCount:4]]
[2022.03.25-17.21.58:084][  0]LogConfig: Setting CVar [[r.HairStrands.Visibility.MSAA.SamplePerPixel:4]]
[2022.03.25-17.21.58:084][  0]LogConfig: Applying CVar settings from Section [Startup] File [../../../Engine/Config/ConsoleVariables.ini]
[2022.03.25-17.21.58:085][  0]LogConfig: Setting CVar [[net.UseAdaptiveNetUpdateFrequency:0]]
[2022.03.25-17.21.58:085][  0]LogConfig: Setting CVar [[p.chaos.AllowCreatePhysxBodies:1]]
[2022.03.25-17.21.58:085][  0]LogConfig: Setting CVar [[fx.SkipVectorVMBackendOptimizations:1]]
[2022.03.25-17.21.58:085][  0]LogConfig: Applying CVar settings from Section [ConsoleVariables] File [C:/Users/malik/OneDrive/Desktop/Software Engineering Capstone/Capstone/Aidan/Aidan/Saved/Config/Windows/Engine.ini]
[2022.03.25-17.21.58:085][  0]LogConfig: Applying CVar settings from Section [ConsoleVariables] File [C:/Users/malik/OneDrive/Desktop/Software Engineering Capstone/Capstone/Aidan/Aidan/Saved/Config/Windows/Editor.ini]
[2022.03.25-17.21.58:085][  0]LogInit: Computer: LAPTOP-LV1RKO7P
[2022.03.25-17.21.58:085][  0]LogInit: User: malik
[2022.03.25-17.21.58:085][  0]LogInit: CPU Page size=4096, Cores=4
[2022.03.25-17.21.58:086][  0]LogInit: High frequency timer resolution =10.000000 MHz
[2022.03.25-17.21.58:086][  0]LogMemory: Memory total: Physical=9.9GB (10GB approx)
[2022.03.25-17.21.58:086][  0]LogMemory: Platform Memory Stats for Windows
[2022.03.25-17.21.58:086][  0]LogMemory: Process Physical Memory: 140.30 MB used, 140.30 MB peak
[2022.03.25-17.21.58:086][  0]LogMemory: Process Virtual Memory: 114.52 MB used, 114.52 MB peak
[2022.03.25-17.21.58:086][  0]LogMemory: Physical Memory: 7356.94 MB used,  2821.60 MB free, 10178.54 MB total
[2022.03.25-17.21.58:086][  0]LogMemory: Virtual Memory: 134213672.00 MB used,  4059.45 MB free, 134217728.00 MB total
[2022.03.25-17.21.58:095][  0]LogWindows: WindowsPlatformFeatures enabled
[2022.03.25-17.21.58:153][  0]LogInit: Physics initialised using underlying interface: PhysX
[2022.03.25-17.21.58:158][  0]LogInit: Using OS detected language (en-US).
[2022.03.25-17.21.58:158][  0]LogInit: Using OS detected locale (en-US).
[2022.03.25-17.21.58:185][  0]LogTextLocalizationManager: No specific localization for 'en-US' exists, so the 'en' localization will be used.
[2022.03.25-17.21.58:749][  0]LogInit: Setting process to per monitor DPI aware
[2022.03.25-17.21.58:798][  0]LogWindowsTextInputMethodSystem: Display: IME system deactivated.
[2022.03.25-17.21.58:829][  0]LogSlate: New Slate User Created.  User Index 0, Is Virtual User: 0
[2022.03.25-17.21.58:829][  0]LogSlate: Slate User Registered.  User Index 0, Is Virtual User: 0
[2022.03.25-17.21.59:351][  0]LogD3D11RHI: Loaded GFSDK_Aftermath_Lib.x64.dll
[2022.03.25-17.21.59:355][  0]LogHMD: Failed to initialize OpenVR with code 110
[2022.03.25-17.21.59:355][  0]LogD3D11RHI: D3D11 min allowed feature level: 11_0
[2022.03.25-17.21.59:355][  0]LogD3D11RHI: D3D11 max allowed feature level: 11_0
[2022.03.25-17.21.59:355][  0]LogD3D11RHI: D3D11 adapters:
[2022.03.25-17.21.59:409][  0]LogD3D11RHI:    0. 'AMD Radeon(TM) RX Vega 10 Graphics' (Feature Level 11_0)
[2022.03.25-17.21.59:410][  0]LogD3D11RHI:       2034/0/5089 MB DedicatedVideo/DedicatedSystem/SharedSystem, Outputs:2, VendorId:0x1002
[2022.03.25-17.21.59:414][  0]LogD3D11RHI:    1. 'Microsoft Basic Render Driver' (Feature Level 11_0)
[2022.03.25-17.21.59:414][  0]LogD3D11RHI:       0/0/5089 MB DedicatedVideo/DedicatedSystem/SharedSystem, Outputs:0, VendorId:0x1414
[2022.03.25-17.21.59:414][  0]LogD3D11RHI: Chosen D3D11 Adapter:
[2022.03.25-17.21.59:414][  0]LogD3D11RHI:     Description : AMD Radeon(TM) RX Vega 10 Graphics
[2022.03.25-17.21.59:414][  0]LogD3D11RHI:     VendorId    : 1002
[2022.03.25-17.21.59:414][  0]LogD3D11RHI:     DeviceId    : 15d8
[2022.03.25-17.21.59:414][  0]LogD3D11RHI:     SubSysId    : 380217aa
[2022.03.25-17.21.59:414][  0]LogD3D11RHI:     Revision    : 00c1
[2022.03.25-17.21.59:414][  0]LogD3D11RHI:     DedicatedVideoMemory : 2133184512 bytes
[2022.03.25-17.21.59:414][  0]LogD3D11RHI:     DedicatedSystemMemory : 0 bytes
[2022.03.25-17.21.59:414][  0]LogD3D11RHI:     SharedSystemMemory : 5336487936 bytes
[2022.03.25-17.21.59:414][  0]LogD3D11RHI:     AdapterLuid : 0 47849
[2022.03.25-17.21.59:430][  0]LogD3D11RHI: Creating new Direct3DDevice
[2022.03.25-17.21.59:430][  0]LogD3D11RHI:     GPU DeviceId: 0x15d8 (for the marketing name, search the web for "GPU Device Id")
[2022.03.25-17.21.59:430][  0]LogWindows: EnumDisplayDevices:
[2022.03.25-17.21.59:431][  0]LogWindows:    0. 'AMD Radeon(TM) RX Vega 10 Graphics' (P:1 D:1)
[2022.03.25-17.21.59:431][  0]LogWindows:    1. 'AMD Radeon(TM) RX Vega 10 Graphics' (P:0 D:1)
[2022.03.25-17.21.59:432][  0]LogWindows:    2. 'AMD Radeon(TM) RX Vega 10 Graphics' (P:0 D:0)
[2022.03.25-17.21.59:433][  0]LogWindows:    3. 'AMD Radeon(TM) RX Vega 10 Graphics' (P:0 D:0)
[2022.03.25-17.21.59:433][  0]LogWindows: DebugString: FoundDriverCount:4 
[2022.03.25-17.21.59:434][  0]LogD3D11RHI:     Adapter Name: AMD Radeon(TM) RX Vega 10 Graphics
[2022.03.25-17.21.59:434][  0]LogD3D11RHI:   Driver Version: Adrenalin 20.10.36 (internal:27.20.11036.3, unified:27.20.11036.3)
[2022.03.25-17.21.59:434][  0]LogD3D11RHI:      Driver Date: 8-25-2020
[2022.03.25-17.21.59:434][  0]LogRHI: Texture pool is 4558 MB (70% of 6511 MB)
[2022.03.25-17.21.59:460][  0]LogD3D11RHI: Creating D3DDevice with AMD AGS, using adapter:
[2022.03.25-17.21.59:460][  0]LogD3D11RHI:     Description : AMD Radeon(TM) RX Vega 10 Graphics
[2022.03.25-17.21.59:460][  0]LogD3D11RHI:     VendorId    : 1002
[2022.03.25-17.21.59:460][  0]LogD3D11RHI:     DeviceId    : 15d8
[2022.03.25-17.21.59:460][  0]LogD3D11RHI:     SubSysId    : 380217aa
[2022.03.25-17.21.59:460][  0]LogD3D11RHI:     Revision    : 00c1
[2022.03.25-17.21.59:460][  0]LogD3D11RHI:     DedicatedVideoMemory : 2133184512 bytes
[2022.03.25-17.21.59:460][  0]LogD3D11RHI:     DedicatedSystemMemory : 0 bytes
[2022.03.25-17.21.59:460][  0]LogD3D11RHI:     SharedSystemMemory : 5336487936 bytes
[2022.03.25-17.21.59:460][  0]LogD3D11RHI:     AdapterLuid : 0 47849
[2022.03.25-17.21.59:495][  0]LogD3D11RHI: Created device via AGS, feature level 11_0, supported extensions 1fffffbf.
[2022.03.25-17.21.59:495][  0]LogD3D11RHI: RHI has support for 64 bit atomics
[2022.03.25-17.21.59:496][  0]LogD3D11RHI: Async texture creation enabled
[2022.03.25-17.21.59:496][  0]LogD3D11RHI: Array index from any shader is supported
[2022.03.25-17.21.59:514][  0]LogD3D11RHI: GPU Timing Frequency: 25.000000 (Debug: 2 1)
[2022.03.25-17.21.59:972][  0]LogTargetPlatformManager: Display: Loaded TargetPlatform 'AllDesktop'
[2022.03.25-17.22.00:024][  0]LogTargetPlatformManager: Display: Loaded TargetPlatform 'Android'
[2022.03.25-17.22.00:024][  0]LogTargetPlatformManager: Display: Loaded TargetPlatform 'Android_ASTC'
[2022.03.25-17.22.00:024][  0]LogTargetPlatformManager: Display: Loaded TargetPlatform 'Android_DXT'
[2022.03.25-17.22.00:024][  0]LogTargetPlatformManager: Display: Loaded TargetPlatform 'Android_ETC2'
[2022.03.25-17.22.00:024][  0]LogTargetPlatformManager: Display: Loaded TargetPlatform 'AndroidClient'
[2022.03.25-17.22.00:024][  0]LogTargetPlatformManager: Display: Loaded TargetPlatform 'Android_ASTCClient'
[2022.03.25-17.22.00:024][  0]LogTargetPlatformManager: Display: Loaded TargetPlatform 'Android_DXTClient'
[2022.03.25-17.22.00:024][  0]LogTargetPlatformManager: Display: Loaded TargetPlatform 'Android_ETC2Client'
[2022.03.25-17.22.00:024][  0]LogTargetPlatformManager: Display: Loaded TargetPlatform 'Android_Multi'
[2022.03.25-17.22.00:024][  0]LogTargetPlatformManager: Display: Loaded TargetPlatform 'Android_MultiClient'
[2022.03.25-17.22.00:066][  0]LogTargetPlatformManager: Display: Loaded TargetPlatform 'IOSClient'
[2022.03.25-17.22.00:066][  0]LogTargetPlatformManager: Display: Loaded TargetPlatform 'IOS'
[2022.03.25-17.22.00:088][  0]LogTargetPlatformManager: Display: Loaded TargetPlatform 'Linux'
[2022.03.25-17.22.00:096][  0]LogTargetPlatformManager: Display: Loaded TargetPlatform 'LinuxNoEditor'
[2022.03.25-17.22.00:105][  0]LogTargetPlatformManager: Display: Loaded TargetPlatform 'LinuxClient'
[2022.03.25-17.22.00:114][  0]LogTargetPlatformManager: Display: Loaded TargetPlatform 'LinuxServer'
[2022.03.25-17.22.00:139][  0]LogTargetPlatformManager: Display: Loaded TargetPlatform 'LinuxAArch64NoEditor'
[2022.03.25-17.22.00:148][  0]LogTargetPlatformManager: Display: Loaded TargetPlatform 'LinuxAArch64Client'
[2022.03.25-17.22.00:158][  0]LogTargetPlatformManager: Display: Loaded TargetPlatform 'LinuxAArch64Server'
[2022.03.25-17.22.00:233][  0]LogTargetPlatformManager: Display: Loaded TargetPlatform 'Lumin'
[2022.03.25-17.22.00:233][  0]LogTargetPlatformManager: Display: Loaded TargetPlatform 'LuminClient'
[2022.03.25-17.22.00:259][  0]LogTargetPlatformManager: Display: Loaded TargetPlatform 'MacNoEditor'
[2022.03.25-17.22.00:269][  0]LogTargetPlatformManager: Display: Loaded TargetPlatform 'Mac'
[2022.03.25-17.22.00:278][  0]LogTargetPlatformManager: Display: Loaded TargetPlatform 'MacClient'
[2022.03.25-17.22.00:287][  0]LogTargetPlatformManager: Display: Loaded TargetPlatform 'MacServer'
[2022.03.25-17.22.00:315][  0]LogTargetPlatformManager: Display: Loaded TargetPlatform 'TVOSClient'
[2022.03.25-17.22.00:315][  0]LogTargetPlatformManager: Display: Loaded TargetPlatform 'TVOS'
[2022.03.25-17.22.00:338][  0]LogTargetPlatformManager: Display: Loaded TargetPlatform 'WindowsNoEditor'
[2022.03.25-17.22.00:349][  0]LogTargetPlatformManager: Display: Loaded TargetPlatform 'Windows'
[2022.03.25-17.22.00:361][  0]LogTargetPlatformManager: Display: Loaded TargetPlatform 'WindowsClient'
[2022.03.25-17.22.00:375][  0]LogTargetPlatformManager: Display: Loaded TargetPlatform 'WindowsServer'
[2022.03.25-17.22.00:376][  0]LogTargetPlatformManager: Display: Building Assets For Windows
[2022.03.25-17.22.00:395][  0]LogAudioDebug: Display: Lib vorbis DLL was dynamically loaded.
[2022.03.25-17.22.00:472][  0]LogTextureFormatOodle: Display: Oodle Texture 2.9.0 init RDO Off
[2022.03.25-17.22.00:544][  0]LogRendererCore: Ray tracing is disabled. Reason: r.RayTracing=0.
[2022.03.25-17.22.00:544][  0]LogShaderCompilers: Guid format shader working directory is -52 characters bigger than the processId version (../../../../../../Users/malik/OneDrive/Desktop/Software Engineering Capstone/Capstone/Aidan/Aidan/Intermediate/Shaders/WorkingDirectory/32928/).
[2022.03.25-17.22.00:545][  0]LogShaderCompilers: Cleaned the shader compiler working directory 'C:/Users/malik/AppData/Local/Temp/UnrealShaderWorkingDir/2293FB6347CA4DB6988D3B8C31F97F0D/'.
[2022.03.25-17.22.00:545][  0]LogXGEController: Cannot use XGE Controller as Incredibuild is not installed on this machine.
[2022.03.25-17.22.00:545][  0]LogShaderCompilers: Cannot use XGE Shader Compiler as Incredibuild is not installed on this machine.
[2022.03.25-17.22.00:545][  0]LogShaderCompilers: Display: Using Local Shader Compiler.
[2022.03.25-17.22.02:423][  0]LogDerivedDataCache: Display: Max Cache Size: 512 MB
[2022.03.25-17.22.02:573][  0]LogDerivedDataCache: Loaded boot cache 0.15s 94MB C:/Users/malik/AppData/Local/UnrealEngine/4.27/DerivedDataCache/Boot.ddc.
[2022.03.25-17.22.02:573][  0]LogDerivedDataCache: Display: Loaded Boot cache: C:/Users/malik/AppData/Local/UnrealEngine/4.27/DerivedDataCache/Boot.ddc
[2022.03.25-17.22.02:573][  0]LogDerivedDataCache: FDerivedDataBackendGraph:  Pak pak cache file ../../../../../../Users/malik/OneDrive/Desktop/Software Engineering Capstone/Capstone/Aidan/Aidan/DerivedDataCache/DDC.ddp not found, will not use a pak cache.
[2022.03.25-17.22.02:573][  0]LogDerivedDataCache: Unable to find inner node Pak for hierarchical cache Hierarchy.
[2022.03.25-17.22.02:573][  0]LogDerivedDataCache: FDerivedDataBackendGraph:  CompressedPak pak cache file ../../../../../../Users/malik/OneDrive/Desktop/Software Engineering Capstone/Capstone/Aidan/Aidan/DerivedDataCache/Compressed.ddp not found, will not use a pak cache.
[2022.03.25-17.22.02:573][  0]LogDerivedDataCache: Unable to find inner node CompressedPak for hierarchical cache Hierarchy.
[2022.03.25-17.22.02:612][  0]LogDerivedDataCache: Display: Pak cache opened for reading ../../../Engine/DerivedDataCache/Compressed.ddp.
[2022.03.25-17.22.02:612][  0]LogDerivedDataCache: FDerivedDataBackendGraph:  EnterprisePak pak cache file ../../../Enterprise/DerivedDataCache/Compressed.ddp not found, will not use a pak cache.
[2022.03.25-17.22.02:612][  0]LogDerivedDataCache: Unable to find inner node EnterprisePak for hierarchical cache Hierarchy.
[2022.03.25-17.22.02:640][  0]LogDerivedDataCache: Speed tests for C:/Users/malik/AppData/Local/UnrealEngine/Common/DerivedDataCache took 0.03 seconds
[2022.03.25-17.22.02:640][  0]LogDerivedDataCache: Display: Performance to C:/Users/malik/AppData/Local/UnrealEngine/Common/DerivedDataCache: Latency=0.23ms. RandomReadSpeed=78.98MBs, RandomWriteSpeed=68.90MBs. Assigned SpeedClass 'Local'
[2022.03.25-17.22.02:646][  0]LogDerivedDataCache: Using Local data cache path C:/Users/malik/AppData/Local/UnrealEngine/Common/DerivedDataCache: Writable
[2022.03.25-17.22.02:646][  0]LogDerivedDataCache: Shared data cache path not found in *engine.ini, will not use an Shared cache.
[2022.03.25-17.22.02:646][  0]LogDerivedDataCache: Unable to find inner node Shared for hierarchical cache Hierarchy.
[2022.03.25-17.22.02:763][  0]LogSlate: Using FreeType 2.10.0
[2022.03.25-17.22.02:765][  0]LogSlate: SlateFontServices - WITH_FREETYPE: 1, WITH_HARFBUZZ: 1
[2022.03.25-17.22.02:825][  0]LogAssetRegistry: FAssetRegistry took 0.0048 seconds to start up
[2022.03.25-17.22.03:409][  0]LogInit: Selected Device Profile: [Windows]
[2022.03.25-17.22.03:410][  0]LogInit: Active device profile: [000001B2D3CB7E00][000001B2CE6B0EC0 49] Windows
[2022.03.25-17.22.03:410][  0]LogInit: Profiles: [000001B2D3CB7E00][000001B2CE6B0EC0 49] Windows, [000001B2D3CD3E00][000001B2D429F180 49] WindowsNoEditor, [000001B2D3CB4300][000001B2D42A3440 49] WindowsServer, [000001B2D3CD1A00][000001B2D42A7700 49] WindowsClient, [000001B2D3CB6600][000001B2D42AB9C0 49] IOS, [000001B2D3CD3B00][000001B2D42AE100 49] iPadAir, [000001B2D3CB4600][000001B2D42B23C0 49] iPadAir2, [000001B2D3C80E00][000001B2D42C6900 49] IPadPro, [000001B2D3C80F00][000001B2D42B6940 49] iPadAir3, [000001B2D3CB7A00][000001B2D42BEC00 49] iPadAir4, [000001B2D3C80700][000001B2CE6B4E80 49] iPadMini2, [000001B2D3CB4700][000001B2D42BB100 49] iPadMini3, [000001B2D3C81600][000001B2D42CB3C0 49] iPadMini4, [000001B2D3CB7600][000001B2D42CF680 49] iPadMini5, [000001B2D3CD1200][000001B2D42E3BC0 49] iPhone6, [000001B2D3CD1300][000001B2D42D3C00 49] iPodTouch6, [000001B2D3C83B00][000001B2D42EA5C0 49] iPhone7, [000001B2D3C83700][000001B2D42DA600 49] iPodTouch7, [000001B2D3CD0F00][000001B2D42DE8C0 49] iPhone5S, [000001B2D3C80900][000001B2D42D6B80 49] iPhone6Plus, [000001B2D3CD0300][000001B2D42E6E40 49] iPhone6S, [000001B2D3C80600][000001B2D42C30C0 49] iPhone6SPlus, [000001B2D3CD3D00][000001B2D42EF340 49] iPhone7Plus, [000001B2D3C81100][000001B2D42F7600 49] iPhoneSE, [000001B2D3CD1C00][000001B2D42FB8C0 49] iPhone8, [000001B2D3C82F00][000001B2D42FFB80 49] iPhone8Plus, [000001B2D3CD3000][000001B2D43022C0 49] iPhoneX, [000001B2D3C81C00][000001B2D4306580 49] iPhoneXS, [000001B2D3CD1F00][000001B2D430A840 49] iPhoneXSMax, [000001B2D3C80C00][000001B2D430EB00 49] iPhoneXR, [000001B2D3CD2B00][000001B2D4312DC0 49] iPhone11, [000001B2D3C81E00][000001B2D4317080 49] iPhone11Pro, [000001B2D3CD2400][000001B2D42F3300 49] iPhone11ProMax, [000001B2D3C83600][000001B2D431B580 49] iPhoneSE2, [000001B2D3CD0D00][000001B2D4323840 49] iPhone12Mini, [000001B2D3C81B00][000001B2D4327B00 49] iPhone12, [000001B2D3CD1900][000001B2D432A240 49] iPhone12Pro, [000001B2D3C80400][000001B2D432E500 49] iPhone12ProMax, [000001B2D3CD3100][000001B2D43327C0 49] iPadPro105, [000001B2D3C80200][000001B2D4336A80 49] iPadPro129, [000001B2D3CD2C00][000001B2D433AD40 49] iPadPro97, [000001B2D3C81000][000001B2D433F000 49] iPadPro2_129, [000001B2D3CD3400][000001B2D43432C0 49] iPad5, [000001B2D3C83A00][000001B2D431F540 49] iPad6, [000001B2D3CD0A00][000001B2D43477C0 49] iPad7, [000001B2D3C82800][000001B2D434FA80 49] iPad8, [000001B2D3CD0100][000001B2D43521C0 49] iPadPro11, [000001B2D3C82700][000001B2D4356480 49] iPadPro2_11, [000001B2D3CD3800][000001B2D435A740 49] iPadPro3_129, [000001B2D3C83D00][000001B2D435EA00 49] iPadPro4_129, [000001B2D3CD1800][000001B2D4362CC0 49] AppleTV, [000001B2D3C82100][000001B2D4366F80 49] AppleTV4K, [000001B2D3CD1500][000001B2D436B240 49] TVOS, [000001B2D3C80100][000001B2D436F500 49] Mac, [000001B2D3CD2200][000001B2D434B780 49] MacClient, [000001B2D3C80D00][000001B2D4377A40 49] MacNoEditor, [000001B2D3CD0B00][000001B2D437A180 49] MacServer, [000001B2D3C82200][000001B2D437E440 49] Linux, [000001B2D3CD3C00][000001B2D4382700 49] LinuxAArch64, [000001B2D3C82A00][000001B2D43869C0 49] LinuxNoEditor, [000001B2D3CD0E00][000001B2D438AC80 49] LinuxAArch64NoEditor, [000001B2D3C81300][000001B2D438EF40 49] LinuxClient, [000001B2D3CD1600][000001B2D4393200 49] LinuxAArch64Client, [000001B2D3C82B00][000001B2D43974C0 49] LinuxServer, [000001B2D3CD3300][000001B2D4373740 49] LinuxAArch64Server, [000001B2D3C80B00][000001B2D439B9C0 49] Android, [000001B2D3CD1400][000001B2D43A2100 49] Android_Low, [000001B2D3D3A800][000001B2D43A63C0 49] Android_Mid, [000001B2D3CB4A00][000001B2D43AA680 49] Android_High, [000001B2D3D39700][000001B2D43AE940 49] Android_Default, [000001B2D3CB4200][000001B2D43B2C00 49] Android_Adreno4xx, [000001B2D3D38800][000001B2D43B6EC0 49] Android_Adreno5xx_Low, [000001B2D3CB6800][000001B2D43BB180 49] Android_Adreno5xx, [000001B2D3D38500][000001B2D43BF440 49] Android_Adreno6xx, [000001B2D3CB7100][000001B2D43C3700 49] Android_Adreno6xx_Vulkan, [000001B2D3D3A400][000001B2D439F980 49] Android_Mali_T6xx, [000001B2D3CB7800][000001B2D43C7C00 49] Android_Mali_T7xx, [000001B2D3D38E00][000001B2D43CE340 49] Android_Mali_T8xx, [000001B2D3CB5200][000001B2D43D2600 49] Android_Mali_G71, [000001B2D3D3A500][000001B2D43D68C0 49] Android_Mali_G72, [000001B2D3CB6700][000001B2D43DAB80 49] Android_Mali_G72_Vulkan, [000001B2D3D38F00][000001B2D43DEE40 49] Android_Mali_G76, [000001B2D3CB5A00][000001B2D43E3100 49] Android_Mali_G76_Vulkan, [000001B2D3D39000][000001B2D43E73C0 49] Android_Mali_G77, [000001B2D3CB6100][000001B2D43EB680 49] Android_Mali_G77_Vulkan, [000001B2D3D3A700][000001B2D43EF940 49] Android_Mali_G78, [000001B2D3CB4C00][000001B2D43CBBC0 49] Android_Mali_G78_Vulkan, [000001B2D3CD2D00][000001B2D43F22C0 49] Android_Mali_G710, [000001B2D3C83E00][000001B2D43FA580 49] Android_Mali_G710_Vulkan, [000001B2D3CD1B00][000001B2D43FE840 49] Android_Vulkan_SM5, [000001B2D3C81D00][000001B2D4402B00 49] Android_PowerVR_G6xxx, [000001B2D3D3A000][000001B2D4406DC0 49] Android_PowerVR_GT7xxx, [000001B2D3C83500][000001B2D440B080 49] Android_PowerVR_GE8xxx, [000001B2D3D39300][000001B2D440F340 49] Android_PowerVR_GM9xxx, [000001B2D3C81500][000001B2D4413600 49] Android_PowerVR_GM9xxx_Vulkan, [000001B2D3D38600][000001B2D44178C0 49] Android_TegraK1, [000001B2D3C83100][000001B2D441BB80 49] Android_Unknown_Vulkan, [000001B2D3D38900][000001B2D43F6280 49] Lumin, [000001B2D3C81800][000001B2D441E500 49] Lumin_Desktop, [000001B2D3D38100][000001B2D44267C0 49] HoloLens, 
[2022.03.25-17.22.03:701][  0]LogMeshReduction: Using QuadricMeshReduction for automatic static mesh reduction
[2022.03.25-17.22.03:701][  0]LogMeshReduction: Using SimplygonMeshReduction for automatic skeletal mesh reduction
[2022.03.25-17.22.03:702][  0]LogMeshReduction: Using ProxyLODMeshReduction for automatic mesh merging
[2022.03.25-17.22.03:702][  0]LogMeshReduction: No distributed automatic mesh merging module available
[2022.03.25-17.22.03:702][  0]LogMeshMerging: No distributed automatic mesh merging module available
[2022.03.25-17.22.03:738][  0]LogNetVersion: Aidan 1.0.0, NetCL: 17155196, EngineNetVer: 17, GameNetVer: 0 (Checksum: 273725539)
[2022.03.25-17.22.04:758][  0]LogTexture: Default maximum texture size for cubemaps generated from long-lat sources has been changed from 512 to unlimited. In order to preserve old behaiour for '/Engine/MapTemplates/Sky/DaylightAmbientCubemap.DaylightAmbientCubemap', its maximum texture size has been explicitly set to 512.
[2022.03.25-17.22.04:882][  0]LogHMD: PokeAHoleMaterial loaded successfully
[2022.03.25-17.22.04:896][  0]LogUObjectArray: 17178 objects as part of root set at end of initial load.
[2022.03.25-17.22.04:896][  0]LogUObjectAllocator: 4302048 out of 0 bytes used by permanent object pool.
[2022.03.25-17.22.04:896][  0]LogUObjectArray: CloseDisregardForGC: 0/0 objects in disregard for GC pool
[2022.03.25-17.22.05:610][  0]LogNiagaraDebuggerClient: Niagara Debugger Client Initialized | Session: F45E167C4D1369958290B8AC1149EE9C | Instance: AADD5ACD4725E254EA1DE7AF90225296 (LAPTOP-LV1RKO7P-32928).
[2022.03.25-17.22.05:707][  0]LogPython: Using Python 3.7.7
[2022.03.25-17.22.07:285][  0]LogTcpMessaging: Initializing TcpMessaging bridge
[2022.03.25-17.22.07:296][  0]LogUdpMessaging: Initializing bridge on interface 0.0.0.0:0 to multicast group 230.0.0.1:6666.
[2022.03.25-17.22.07:425][  0]LogModuleManager: Warning: ModuleManager: Unable to load module 'Aidan' because the file 'C:/Users/malik/OneDrive/Desktop/Software Engineering Capstone/Capstone/Aidan/Aidan/Binaries/Win64/UE4Editor-Aidan-2066.dll' was not found.
[2022.03.25-17.22.09:210][  0]Message dialog closed, result: Ok, title: Message, text: The game module 'Aidan' could not be found. Please ensure that this module exists and that it is compiled.
[2022.03.25-17.22.09:210][  0]LogCore: Engine exit requested (reason: EngineExit() was called)
[2022.03.25-17.22.09:221][  0]LogSlate: Slate User Destroyed.  User Index 0, Is Virtual User: 0
[2022.03.25-17.22.09:222][  0]LogExit: Preparing to exit.
[2022.03.25-17.22.09:321][  0]LogUObjectHash: Compacting FUObjectHashTables data took   1.38ms
[2022.03.25-17.22.09:554][  0]LogDemo: Cleaned up 0 splitscreen connections with owner deletion
[2022.03.25-17.22.09:952][  0]LogExit: Object subsystem successfully closed.
[2022.03.25-17.22.09:969][  0]LogShaderCompilers: Display: === FShaderJobCache stats ===
[2022.03.25-17.22.09:969][  0]LogShaderCompilers: Display: Total job queries 0, among them cache hits 0 (0.00%)
[2022.03.25-17.22.09:969][  0]LogShaderCompilers: Display: Tracking 0 distinct input hashes that result in 0 distinct outputs (0.00%)
[2022.03.25-17.22.09:969][  0]LogShaderCompilers: Display: RAM used: 0.00 MB (0.00 GB) of 512.00 MB (0.50 GB) budget. Usage: 0.00%
[2022.03.25-17.22.09:969][  0]LogShaderCompilers: Display: ================================================
[2022.03.25-17.22.09:988][  0]LogShaderCompilers: Display: Shaders left to compile 0
[2022.03.25-17.22.10:044][  0]LogModuleManager: Shutting down and abandoning module SignificanceManager (410)
[2022.03.25-17.22.10:044][  0]LogModuleManager: Shutting down and abandoning module SoundFields (408)
[2022.03.25-17.22.10:044][  0]LogModuleManager: Shutting down and abandoning module RuntimePhysXCooking (406)
[2022.03.25-17.22.10:044][  0]LogModuleManager: Shutting down and abandoning module PropertyAccessEditor (404)
[2022.03.25-17.22.10:044][  0]LogModuleManager: Shutting down and abandoning module PhysXVehiclesEditor (402)
[2022.03.25-17.22.10:045][  0]LogModuleManager: Shutting down and abandoning module LocationServicesBPLibrary (398)
[2022.03.25-17.22.10:045][  0]LogModuleManager: Shutting down and abandoning module AudioSynesthesia (396)
[2022.03.25-17.22.10:045][  0]LogModuleManager: Shutting down and abandoning module AudioSynesthesiaCore (394)
[2022.03.25-17.22.10:045][  0]LogModuleManager: Shutting down and abandoning module ActorSequence (392)
[2022.03.25-17.22.10:045][  0]LogModuleManager: Shutting down and abandoning module UdpMessaging (390)
[2022.03.25-17.22.10:146][  0]LogModuleManager: Shutting down and abandoning module TcpMessaging (388)
[2022.03.25-17.22.10:290][  0]LogModuleManager: Shutting down and abandoning module ImgMediaEngine (386)
[2022.03.25-17.22.10:290][  0]LogModuleManager: Shutting down and abandoning module MagicLeapARPin (384)
[2022.03.25-17.22.10:290][  0]LogModuleManager: Shutting down and abandoning module MagicLeapHandMeshing (382)
[2022.03.25-17.22.10:290][  0]LogModuleManager: Shutting down and abandoning module MagicLeapSecureStorage (380)
[2022.03.25-17.22.10:290][  0]LogModuleManager: Shutting down and abandoning module MagicLeapPrivileges (378)
[2022.03.25-17.22.10:290][  0]LogModuleManager: Shutting down and abandoning module MagicLeapPlanes (376)
[2022.03.25-17.22.10:291][  0]LogMagicLeapPlanes: Planes tracker already destroyed.
[2022.03.25-17.22.10:291][  0]LogModuleManager: Shutting down and abandoning module MagicLeapImageTracker (374)
[2022.03.25-17.22.10:291][  0]LogModuleManager: Shutting down and abandoning module MagicLeapIdentity (372)
[2022.03.25-17.22.10:291][  0]LogModuleManager: Shutting down and abandoning module MagicLeapHandTracking (370)
[2022.03.25-17.22.10:291][  0]LogModuleManager: Shutting down and abandoning module MagicLeapEyeTracker (368)
[2022.03.25-17.22.10:291][  0]LogModuleManager: Shutting down and abandoning module MagicLeapController (366)
[2022.03.25-17.22.10:291][  0]LogModuleManager: Shutting down and abandoning module MagicLeapARPinImpl (364)
[2022.03.25-17.22.10:291][  0]LogModuleManager: Shutting down and abandoning module MagicLeapAR (362)
[2022.03.25-17.22.10:291][  0]LogModuleManager: Shutting down and abandoning module PythonScriptPlugin (360)
[2022.03.25-17.22.10:291][  0]LogModuleManager: Shutting down and abandoning module NiagaraAnimNotifies (358)
[2022.03.25-17.22.10:291][  0]LogModuleManager: Shutting down and abandoning module Niagara (356)
[2022.03.25-17.22.10:292][  0]LogModuleManager: Shutting down and abandoning module SignalProcessing (355)
[2022.03.25-17.22.10:292][  0]LogModuleManager: Shutting down and abandoning module NiagaraEditor (353)
[2022.03.25-17.22.10:294][  0]LogModuleManager: Shutting down and abandoning module NiagaraCore (350)
[2022.03.25-17.22.10:294][  0]LogModuleManager: Shutting down and abandoning module GameplayTagsEditor (348)
[2022.03.25-17.22.10:294][  0]LogModuleManager: Shutting down and abandoning module FacialAnimationEditor (346)
[2022.03.25-17.22.10:294][  0]LogModuleManager: Shutting down and abandoning module FacialAnimation (344)
[2022.03.25-17.22.10:294][  0]LogModuleManager: Shutting down and abandoning module DataValidation (342)
[2022.03.25-17.22.10:295][  0]LogModuleManager: Shutting down and abandoning module AssetManagerEditor (340)
[2022.03.25-17.22.10:295][  0]LogModuleManager: Shutting down and abandoning module LevelEditor (339)
[2022.03.25-17.22.10:297][  0]LogModuleManager: Shutting down and abandoning module PixelInspectorModule (338)
[2022.03.25-17.22.10:297][  0]LogModuleManager: Shutting down and abandoning module CommonMenuExtensions (336)
[2022.03.25-17.22.10:297][  0]LogModuleManager: Shutting down and abandoning module MainFrame (334)
[2022.03.25-17.22.10:298][  0]LogModuleManager: Shutting down and abandoning module HotReload (333)
[2022.03.25-17.22.10:299][  0]LogModuleManager: Shutting down and abandoning module ToolMenus (329)
[2022.03.25-17.22.10:299][  0]LogModuleManager: Shutting down and abandoning module ContentBrowser (327)
[2022.03.25-17.22.10:300][  0]LogModuleManager: Shutting down and abandoning module ContentBrowserData (326)
[2022.03.25-17.22.10:300][  0]LogModuleManager: Shutting down and abandoning module TreeMap (323)
[2022.03.25-17.22.10:300][  0]LogModuleManager: Shutting down and abandoning module PropertyAccessNode (320)
[2022.03.25-17.22.10:300][  0]LogModuleManager: Shutting down and abandoning module AnimationSharing (318)
[2022.03.25-17.22.10:300][  0]LogModuleManager: Shutting down and abandoning module GameplayCameras (316)
[2022.03.25-17.22.10:300][  0]LogModuleManager: Shutting down and abandoning module LightPropagationVolumeRuntime (314)
[2022.03.25-17.22.10:300][  0]LogModuleManager: Shutting down and abandoning module EnvironmentQueryEditor (312)
[2022.03.25-17.22.10:301][  0]LogModuleManager: Shutting down and abandoning module Paper2D (310)
[2022.03.25-17.22.10:301][  0]LogModuleManager: Shutting down and abandoning module WindowsMoviePlayer (308)
[2022.03.25-17.22.10:304][  0]LogModuleManager: Shutting down and abandoning module WebMMoviePlayer (306)
[2022.03.25-17.22.10:305][  0]LogModuleManager: Shutting down and abandoning module NetworkReplayStreaming (304)
[2022.03.25-17.22.10:305][  0]LogModuleManager: Shutting down and abandoning module PacketHandler (302)
[2022.03.25-17.22.10:305][  0]LogModuleManager: Shutting down and abandoning module ClothingSystemEditor (300)
[2022.03.25-17.22.10:305][  0]LogModuleManager: Shutting down and abandoning module ClothingSystemRuntimeNv (298)
[2022.03.25-17.22.10:305][  0]LogModuleManager: Shutting down and abandoning module MediaAssets (296)
[2022.03.25-17.22.10:305][  0]LogModuleManager: Shutting down and abandoning module Overlay (294)
[2022.03.25-17.22.10:305][  0]LogModuleManager: Shutting down and abandoning module OverlayEditor (293)
[2022.03.25-17.22.10:305][  0]LogModuleManager: Shutting down and abandoning module VREditor (290)
[2022.03.25-17.22.10:306][  0]LogModuleManager: Shutting down and abandoning module StringTableEditor (288)
[2022.03.25-17.22.10:306][  0]LogModuleManager: Shutting down and abandoning module GameplayTasksEditor (286)
[2022.03.25-17.22.10:306][  0]LogModuleManager: Shutting down and abandoning module BehaviorTreeEditor (284)
[2022.03.25-17.22.10:307][  0]LogModuleManager: Shutting down and abandoning module FunctionalTesting (282)
[2022.03.25-17.22.10:307][  0]LogModuleManager: Shutting down and abandoning module CollisionAnalyzer (280)
[2022.03.25-17.22.10:308][  0]LogModuleManager: Shutting down and abandoning module WorkspaceMenuStructure (279)
[2022.03.25-17.22.10:308][  0]LogModuleManager: Shutting down and abandoning module UMG (276)
[2022.03.25-17.22.10:308][  0]LogModuleManager: Shutting down and abandoning module UMGEditor (275)
[2022.03.25-17.22.10:309][  0]LogModuleManager: Shutting down and abandoning module MessageLog (273)
[2022.03.25-17.22.10:309][  0]LogModuleManager: Shutting down and abandoning module SlateReflector (268)
[2022.03.25-17.22.10:311][  0]LogModuleManager: Shutting down and abandoning module Slate (266)
[2022.03.25-17.22.10:311][  0]LogModuleManager: Shutting down and abandoning module SlateCore (264)
[2022.03.25-17.22.10:313][  0]LogModuleManager: Shutting down and abandoning module LandscapeEditorUtilities (262)
[2022.03.25-17.22.10:313][  0]LogModuleManager: Shutting down and abandoning module UnrealEd (260)
[2022.03.25-17.22.10:313][  0]LogModuleManager: Shutting down and abandoning module MRMesh (258)
[2022.03.25-17.22.10:313][  0]LogModuleManager: Shutting down and abandoning module SourceCodeAccess (256)
[2022.03.25-17.22.10:314][  0]LogModuleManager: Shutting down and abandoning module HeadMountedDisplay (254)
[2022.03.25-17.22.10:314][  0]LogModuleManager: Shutting down and abandoning module XAudio2 (252)
[2022.03.25-17.22.10:314][  0]LogModuleManager: Shutting down and abandoning module Networking (250)
[2022.03.25-17.22.10:314][  0]LogModuleManager: Shutting down and abandoning module Core (248)
[2022.03.25-17.22.10:314][  0]LogModuleManager: Shutting down and abandoning module MaterialEditor (246)
[2022.03.25-17.22.10:314][  0]LogModuleManager: Shutting down and abandoning module MovieSceneTools (244)
[2022.03.25-17.22.10:315][  0]LogModuleManager: Shutting down and abandoning module CurveEditor (243)
[2022.03.25-17.22.10:316][  0]LogModuleManager: Shutting down and abandoning module Sequencer (241)
[2022.03.25-17.22.10:318][  0]LogModuleManager: Shutting down and abandoning module EditorStyle (240)
[2022.03.25-17.22.10:319][  0]LogModuleManager: Shutting down and abandoning module KismetCompiler (236)
[2022.03.25-17.22.10:319][  0]LogModuleManager: Shutting down and abandoning module MeshBuilder (234)
[2022.03.25-17.22.10:320][  0]LogModuleManager: Shutting down and abandoning module MeshUtilities (232)
[2022.03.25-17.22.10:320][  0]LogModuleManager: Shutting down and abandoning module MeshMergeUtilities (231)
[2022.03.25-17.22.10:320][  0]LogModuleManager: Shutting down and abandoning module MeshReductionInterface (230)
[2022.03.25-17.22.10:320][  0]LogModuleManager: Shutting down and abandoning module MeshBoneReduction (229)
[2022.03.25-17.22.10:320][  0]LogModuleManager: Shutting down and abandoning module SkeletalMeshReduction (227)
[2022.03.25-17.22.10:320][  0]LogModuleManager: Shutting down and abandoning module ProxyLODMeshReduction (225)
[2022.03.25-17.22.10:321][  0]LogModuleManager: Shutting down and abandoning module QuadricMeshReduction (223)
[2022.03.25-17.22.10:321][  0]LogModuleManager: Shutting down and abandoning module MaterialBaking (219)
[2022.03.25-17.22.10:322][  0]LogModuleManager: Shutting down and abandoning module NullInstallBundleManager (214)
[2022.03.25-17.22.10:322][  0]LogModuleManager: Shutting down and abandoning module DerivedDataCache (212)
[2022.03.25-17.22.10:322][  0]LogModuleManager: Shutting down and abandoning module TargetPlatform (210)
[2022.03.25-17.22.10:322][  0]LogModuleManager: Shutting down and abandoning module VulkanShaderFormat (209)
[2022.03.25-17.22.10:323][  0]LogModuleManager: Shutting down and abandoning module ShaderFormatVectorVM (207)
[2022.03.25-17.22.10:323][  0]LogModuleManager: Shutting down and abandoning module ShaderFormatOpenGL (205)
[2022.03.25-17.22.10:323][  0]LogModuleManager: Shutting down and abandoning module ShaderFormatD3D (203)
[2022.03.25-17.22.10:324][  0]LogModuleManager: Shutting down and abandoning module MetalShaderFormat (201)
[2022.03.25-17.22.10:324][  0]LogModuleManager: Shutting down and abandoning module TextureFormatOodle (199)
[2022.03.25-17.22.10:324][  0]LogModuleManager: Shutting down and abandoning module TextureFormatUncompressed (197)
[2022.03.25-17.22.10:324][  0]LogModuleManager: Shutting down and abandoning module TextureFormatPVR (195)
[2022.03.25-17.22.10:324][  0]LogModuleManager: Shutting down and abandoning module TextureFormatETC2 (193)
[2022.03.25-17.22.10:324][  0]LogModuleManager: Shutting down and abandoning module TextureFormatDXT (191)
[2022.03.25-17.22.10:324][  0]LogModuleManager: Shutting down and abandoning module TextureFormatIntelISPCTexComp (189)
[2022.03.25-17.22.10:325][  0]LogModuleManager: Shutting down and abandoning module TextureFormatASTC (187)
[2022.03.25-17.22.10:325][  0]LogModuleManager: Shutting down and abandoning module ImageWrapper (186)
[2022.03.25-17.22.10:325][  0]LogModuleManager: Shutting down and abandoning module AudioFormatOpus (183)
[2022.03.25-17.22.10:325][  0]LogModuleManager: Shutting down and abandoning module AudioFormatOgg (181)
[2022.03.25-17.22.10:325][  0]LogModuleManager: Shutting down and abandoning module AudioFormatADPCM (179)
[2022.03.25-17.22.10:325][  0]LogModuleManager: Shutting down and abandoning module WindowsServerTargetPlatform (177)
[2022.03.25-17.22.10:325][  0]LogModuleManager: Shutting down and abandoning module WindowsClientTargetPlatform (175)
[2022.03.25-17.22.10:325][  0]LogModuleManager: Shutting down and abandoning module WindowsTargetPlatform (173)
[2022.03.25-17.22.10:325][  0]LogModuleManager: Shutting down and abandoning module WindowsNoEditorTargetPlatform (171)
[2022.03.25-17.22.10:325][  0]LogModuleManager: Shutting down and abandoning module TVOSTargetPlatform (169)
[2022.03.25-17.22.10:326][  0]LogModuleManager: Shutting down and abandoning module MacServerTargetPlatform (167)
[2022.03.25-17.22.10:326][  0]LogModuleManager: Shutting down and abandoning module MacClientTargetPlatform (165)
[2022.03.25-17.22.10:326][  0]LogModuleManager: Shutting down and abandoning module MacTargetPlatform (163)
[2022.03.25-17.22.10:326][  0]LogModuleManager: Shutting down and abandoning module MacNoEditorTargetPlatform (161)
[2022.03.25-17.22.10:326][  0]LogModuleManager: Shutting down and abandoning module LuminTargetPlatform (159)
[2022.03.25-17.22.10:327][  0]LogModuleManager: Shutting down and abandoning module LinuxAArch64ServerTargetPlatform (157)
[2022.03.25-17.22.10:327][  0]LogModuleManager: Shutting down and abandoning module LinuxAArch64ClientTargetPlatform (155)
[2022.03.25-17.22.10:327][  0]LogModuleManager: Shutting down and abandoning module LinuxAArch64NoEditorTargetPlatform (153)
[2022.03.25-17.22.10:327][  0]LogModuleManager: Shutting down and abandoning module LinuxServerTargetPlatform (151)
[2022.03.25-17.22.10:327][  0]LogModuleManager: Shutting down and abandoning module LinuxClientTargetPlatform (149)
[2022.03.25-17.22.10:327][  0]LogModuleManager: Shutting down and abandoning module LinuxNoEditorTargetPlatform (147)
[2022.03.25-17.22.10:327][  0]LogModuleManager: Shutting down and abandoning module LinuxTargetPlatform (145)
[2022.03.25-17.22.10:327][  0]LogModuleManager: Shutting down and abandoning module Messaging (143)
[2022.03.25-17.22.10:327][  0]LogModuleManager: Shutting down and abandoning module IOSTargetPlatform (141)
[2022.03.25-17.22.10:328][  0]LogModuleManager: Shutting down and abandoning module AndroidTargetPlatform (139)
[2022.03.25-17.22.10:333][  0]LogModuleManager: Shutting down and abandoning module AllDesktopTargetPlatform (137)
[2022.03.25-17.22.10:334][  0]LogModuleManager: Shutting down and abandoning module D3D11RHI (134)
[2022.03.25-17.22.10:334][  0]LogModuleManager: Shutting down and abandoning module InputCore (132)
[2022.03.25-17.22.10:334][  0]LogModuleManager: Shutting down and abandoning module Settings (130)
[2022.03.25-17.22.10:334][  0]LogModuleManager: Shutting down and abandoning module DirectoryWatcher (128)
[2022.03.25-17.22.10:334][  0]LogModuleManager: Shutting down and abandoning module PhysXCooking (126)
[2022.03.25-17.22.10:334][  0]LogModuleManager: Shutting down and abandoning module Chaos (124)
[2022.03.25-17.22.10:334][  0]LogModuleManager: Shutting down and abandoning module WindowsPlatformFeatures (122)
[2022.03.25-17.22.10:334][  0]LogModuleManager: Shutting down and abandoning module GameplayMediaEncoder (121)
[2022.03.25-17.22.10:335][  0]LogModuleManager: Shutting down and abandoning module AVEncoder (120)
[2022.03.25-17.22.10:335][  0]LogModuleManager: Shutting down and abandoning module SteamVRInputDevice (116)
[2022.03.25-17.22.10:335][  0]LogModuleManager: Shutting down and abandoning module SteamVRInput (114)
[2022.03.25-17.22.10:335][  0]LogModuleManager: Shutting down and abandoning module SteamVR (112)
[2022.03.25-17.22.10:335][  0]LogHMD: Freeing OpenVRDLLHandle.
[2022.03.25-17.22.10:335][  0]LogModuleManager: Shutting down and abandoning module OculusHMD (110)
[2022.03.25-17.22.10:335][  0]LogModuleManager: Shutting down and abandoning module OpenXRHandTracking (108)
[2022.03.25-17.22.10:336][  0]LogModuleManager: Shutting down and abandoning module OpenXREyeTracker (106)
[2022.03.25-17.22.10:336][  0]LogModuleManager: Shutting down and abandoning module OpenXRAR (104)
[2022.03.25-17.22.10:336][  0]LogModuleManager: Shutting down and abandoning module AugmentedReality (103)
[2022.03.25-17.22.10:336][  0]LogModuleManager: Shutting down and abandoning module OpenXRHMD (100)
[2022.03.25-17.22.10:336][  0]LogModuleManager: Shutting down and abandoning module ExampleDeviceProfileSelector (98)
[2022.03.25-17.22.10:336][  0]LogModuleManager: Shutting down and abandoning module ChunkDownloader (96)
[2022.03.25-17.22.10:336][  0]LogModuleManager: Shutting down and abandoning module LauncherChunkInstaller (94)
[2022.03.25-17.22.10:336][  0]LogModuleManager: Shutting down and abandoning module OnlineBlueprintSupport (92)
[2022.03.25-17.22.10:336][  0]LogModuleManager: Shutting down and abandoning module OnlineSubsystem (88)
[2022.03.25-17.22.10:338][  0]LogModuleManager: Shutting down and abandoning module XMPP (83)
[2022.03.25-17.22.10:339][  0]LogModuleManager: Shutting down and abandoning module WebSockets (82)
[2022.03.25-17.22.10:371][  0]LogModuleManager: Shutting down and abandoning module HTTP (79)
[2022.03.25-17.22.10:371][  0]LogHttp: Display: cleaning up 0 outstanding Http requests.
[2022.03.25-17.22.10:378][  0]LogModuleManager: Shutting down and abandoning module SSL (78)
[2022.03.25-17.22.10:380][  0]LogModuleManager: Shutting down and abandoning module WmfMedia (74)
[2022.03.25-17.22.10:388][  0]LogModuleManager: Shutting down and abandoning module Media (73)
[2022.03.25-17.22.10:389][  0]LogModuleManager: Shutting down and abandoning module MediaInfo (72)
[2022.03.25-17.22.10:389][  0]LogModuleManager: Shutting down and abandoning module ExrReaderGpu (68)
[2022.03.25-17.22.10:389][  0]LogModuleManager: Shutting down and abandoning module MLSDK (66)
[2022.03.25-17.22.10:389][  0]LogModuleManager: Shutting down and abandoning module MagicLeap (64)
[2022.03.25-17.22.10:389][  0]LogModuleManager: Shutting down and abandoning module ChaosCloth (62)
[2022.03.25-17.22.10:389][  0]LogModuleManager: Shutting down and abandoning module NiagaraVertexFactories (60)
[2022.03.25-17.22.10:389][  0]LogModuleManager: Shutting down and abandoning module NiagaraShader (58)
[2022.03.25-17.22.10:389][  0]LogModuleManager: Shutting down and abandoning module VariantManagerContent (56)
[2022.03.25-17.22.10:389][  0]LogModuleManager: Shutting down and abandoning module DatasmithContent (54)
[2022.03.25-17.22.10:390][  0]LogModuleManager: Shutting down and abandoning module PixWinPlugin (52)
[2022.03.25-17.22.10:390][  0]LogModuleManager: Shutting down and abandoning module AISupportModule (50)
[2022.03.25-17.22.10:390][  0]LogModuleManager: Shutting down and abandoning module DesktopPlatform (48)
[2022.03.25-17.22.10:390][  0]LogModuleManager: Shutting down and abandoning module PythonScriptPluginPreload (46)
[2022.03.25-17.22.10:391][  0]LogModuleManager: Shutting down and abandoning module PlatformCryptoOpenSSL (44)
[2022.03.25-17.22.10:391][  0]LogModuleManager: Shutting down and abandoning module PlatformCryptoTypes (42)
[2022.03.25-17.22.10:391][  0]LogModuleManager: Shutting down and abandoning module PlatformCrypto (40)
[2022.03.25-17.22.10:391][  0]LogModuleManager: Shutting down and abandoning module OodleDataCompressionFormat (38)
[2022.03.25-17.22.10:391][  0]LogModuleManager: Shutting down and abandoning module XGEController (36)
[2022.03.25-17.22.10:391][  0]LogXGEController: Cleaning working directory: C:/Users/malik/AppData/Local/Temp/UnrealXGEWorkingDir/
[2022.03.25-17.22.10:392][  0]LogModuleManager: Shutting down and abandoning module AnimationModifiers (34)
[2022.03.25-17.22.10:392][  0]LogModuleManager: Shutting down and abandoning module AudioEditor (32)
[2022.03.25-17.22.10:393][  0]LogModuleManager: Shutting down and abandoning module PropertyEditor (31)
[2022.03.25-17.22.10:393][  0]LogModuleManager: Shutting down and abandoning module TextureCompressor (28)
[2022.03.25-17.22.10:393][  0]LogModuleManager: Shutting down and abandoning module RenderCore (26)
[2022.03.25-17.22.10:393][  0]LogModuleManager: Shutting down and abandoning module Landscape (24)
[2022.03.25-17.22.10:393][  0]LogModuleManager: Shutting down and abandoning module SlateRHIRenderer (22)
[2022.03.25-17.22.10:394][  0]LogModuleManager: Shutting down and abandoning module AnimGraphRuntime (20)
[2022.03.25-17.22.10:394][  0]LogModuleManager: Shutting down and abandoning module Renderer (18)
[2022.03.25-17.22.10:395][  0]LogModuleManager: Shutting down and abandoning module Engine (16)
[2022.03.25-17.22.10:395][  0]LogModuleManager: Shutting down and abandoning module CoreUObject (14)
[2022.03.25-17.22.10:395][  0]LogModuleManager: Shutting down and abandoning module NetworkFile (12)
[2022.03.25-17.22.10:395][  0]LogModuleManager: Shutting down and abandoning module CookedIterativeFile (10)
[2022.03.25-17.22.10:395][  0]LogModuleManager: Shutting down and abandoning module StreamingFile (8)
[2022.03.25-17.22.10:395][  0]LogModuleManager: Shutting down and abandoning module SandboxFile (6)
[2022.03.25-17.22.10:395][  0]LogModuleManager: Shutting down and abandoning module PakFile (4)
[2022.03.25-17.22.10:395][  0]LogModuleManager: Shutting down and abandoning module RSA (3)
[2022.03.25-17.22.10:535][  0]LogD3D11RHI: Shutdown
[2022.03.25-17.22.10:536][  0]LogD3D11RHI: CleanupD3DDevice
[2022.03.25-17.22.10:549][  0]LogExit: Exiting.
[2022.03.25-17.22.10:582][  0]Log file closed, 03/25/22 12:22:10
