Log file open, 03/25/22 11:58:19
LogWindows: Failed to load 'aqProf.dll' (GetLastError=126)
LogWindows: File 'aqProf.dll' does not exist
LogWindows: Failed to load 'VtuneApi.dll' (GetLastError=126)
LogWindows: File 'VtuneApi.dll' does not exist
LogWindows: Failed to load 'VtuneApi32e.dll' (GetLastError=126)
LogWindows: File 'VtuneApi32e.dll' does not exist
LogConsoleResponse: Display: Failed to find resolution value strings in scalability ini. Falling back to default.
LogConsoleResponse: Display: Failed to find resolution value strings in scalability ini. Falling back to default.
LogInit: Display: Running engine for game: Aidan
LogPlatformFile: Not using cached read wrapper
LogTaskGraph: Started task graph with 5 named threads and 23 total threads with 3 sets of task threads.
LogStats: Stats thread started at 0.695960
LogICUInternationalization: ICU TimeZone Detection - Raw Offset: -6:00, Platform Override: ''
LogInit: Display: Loading text-based GConfig....
LogPluginManager: Mounting plugin MeshPainting
LogPluginManager: Mounting plugin XGEController
LogPluginManager: Mounting plugin EnvironmentQueryEditor
LogPluginManager: Mounting plugin Paper2D
LogPluginManager: Mounting plugin AISupport
LogPluginManager: Mounting plugin LightPropagationVolume
LogPluginManager: Mounting plugin CameraShakePreviewer
LogPluginManager: Mounting plugin GameplayCameras
LogPluginManager: Mounting plugin AnimationSharing
LogPluginManager: Mounting plugin CLionSourceCodeAccess
LogPluginManager: Mounting plugin CodeLiteSourceCodeAccess
LogPluginManager: Mounting plugin GitSourceControl
LogPluginManager: Mounting plugin PixWinPlugin
LogPluginManager: Mounting plugin PerforceSourceControl
LogPluginManager: Mounting plugin KDevelopSourceCodeAccess
LogPluginManager: Mounting plugin NullSourceCodeAccess
LogPluginManager: Mounting plugin PluginUtils
LogPluginManager: Mounting plugin PlasticSourceControl
LogPluginManager: Mounting plugin RiderSourceCodeAccess
LogPluginManager: Mounting plugin PropertyAccessNode
LogPluginManager: Mounting plugin TextureFormatOodle
LogPluginManager: Mounting plugin SubversionSourceControl
LogPluginManager: Mounting plugin VisualStudioCodeSourceCodeAccess
LogPluginManager: Mounting plugin UObjectPlugin
LogPluginManager: Mounting plugin XCodeSourceCodeAccess
LogPluginManager: Mounting plugin VisualStudioSourceCodeAccess
LogPluginManager: Mounting plugin OodleData
LogPluginManager: Mounting plugin DatasmithContent
LogPluginManager: Mounting plugin VariantManagerContent
LogPluginManager: Mounting plugin OodleNetwork
LogPluginManager: Mounting plugin AssetManagerEditor
LogPluginManager: Mounting plugin DataValidation
LogPluginManager: Mounting plugin CryptoKeys
LogPluginManager: Mounting plugin CurveEditorTools
LogPluginManager: Mounting plugin FacialAnimation
LogPluginManager: Mounting plugin GameplayTagsEditor
LogPluginManager: Mounting plugin GeometryMode
LogPluginManager: Mounting plugin MobileLauncherProfileWizard
LogPluginManager: Mounting plugin SpeedTreeImporter
LogPluginManager: Mounting plugin MaterialAnalyzer
LogPluginManager: Mounting plugin PluginBrowser
LogPluginManager: Mounting plugin MacGraphicsSwitching
LogPluginManager: Mounting plugin Niagara
LogPluginManager: Mounting plugin MagicLeap
LogPluginManager: Mounting plugin LuminPlatformFeatures
LogPluginManager: Mounting plugin MagicLeapLightEstimation
LogPluginManager: Mounting plugin MagicLeapMedia
LogPluginManager: Mounting plugin MagicLeapPassableWorld
LogPluginManager: Mounting plugin MLSDK
LogPluginManager: Mounting plugin AlembicImporter
LogPluginManager: Mounting plugin AutomationUtils
LogPluginManager: Mounting plugin BackChannel
LogPluginManager: Mounting plugin ChaosClothEditor
LogPluginManager: Mounting plugin ChaosCloth
LogPluginManager: Mounting plugin ChaosNiagara
LogPluginManager: Mounting plugin ChaosEditor
LogPluginManager: Mounting plugin ChaosSolverPlugin
LogPluginManager: Mounting plugin CharacterAI
LogPluginManager: Mounting plugin GeometryCache
LogPluginManager: Mounting plugin GeometryCollectionPlugin
LogPluginManager: Mounting plugin AndroidMedia
LogPluginManager: Mounting plugin AvfMedia
LogPluginManager: Mounting plugin ImgMedia
LogPluginManager: Mounting plugin MediaCompositing
LogPluginManager: Mounting plugin MediaPlayerEditor
LogPluginManager: Mounting plugin WebMMedia
LogPluginManager: Mounting plugin WmfMedia
LogPluginManager: Mounting plugin GeometryProcessing
LogPluginManager: Mounting plugin MotoSynth
LogPluginManager: Mounting plugin OpenImageDenoise
LogPluginManager: Mounting plugin PlatformCrypto
LogPluginManager: Mounting plugin ProxyLODPlugin
LogPluginManager: Mounting plugin PythonScriptPlugin
LogPluginManager: Mounting plugin PlanarCut
LogPluginManager: Mounting plugin SkeletalReduction
LogPluginManager: Mounting plugin ActorSequence
LogPluginManager: Mounting plugin LevelSequenceEditor
LogPluginManager: Mounting plugin MatineeToLevelSequence
LogPluginManager: Mounting plugin TemplateSequence
LogPluginManager: Mounting plugin TcpMessaging
LogPluginManager: Mounting plugin UdpMessaging
LogPluginManager: Mounting plugin OnlineSubsystem
LogPluginManager: Mounting plugin OnlineSubsystemNull
LogPluginManager: Mounting plugin OnlineSubsystemUtils
LogPluginManager: Mounting plugin LauncherChunkInstaller
LogPluginManager: Mounting plugin ActorLayerUtilities
LogPluginManager: Mounting plugin AndroidDeviceProfileSelector
LogPluginManager: Mounting plugin AndroidPermission
LogPluginManager: Mounting plugin AndroidMoviePlayer
LogPluginManager: Mounting plugin AppleImageUtils
LogPluginManager: Mounting plugin AppleMoviePlayer
LogPluginManager: Mounting plugin ArchVisCharacter
LogPluginManager: Mounting plugin AssetTags
LogPluginManager: Mounting plugin AudioCapture
LogPluginManager: Mounting plugin ChunkDownloader
LogPluginManager: Mounting plugin CustomMeshComponent
LogPluginManager: Mounting plugin CableComponent
LogPluginManager: Mounting plugin AudioSynesthesia
LogPluginManager: Mounting plugin ExampleDeviceProfileSelector
LogPluginManager: Mounting plugin EditableMesh
LogPluginManager: Mounting plugin GoogleCloudMessaging
LogPluginManager: Mounting plugin GooglePAD
LogPluginManager: Mounting plugin ScreenshotTools
LogPluginManager: Mounting plugin Takes
LogPluginManager: Mounting plugin LocationServicesBPLibrary
LogPluginManager: Mounting plugin MobilePatchingUtils
LogPluginManager: Mounting plugin LinuxDeviceProfileSelector
LogPluginManager: Mounting plugin IOSDeviceProfileSelector
LogPluginManager: Mounting plugin OpenXREyeTracker
LogPluginManager: Mounting plugin OpenXRHandTracking
LogPluginManager: Mounting plugin OpenXR
LogPluginManager: Mounting plugin PhysXVehicles
LogPluginManager: Mounting plugin PostSplashScreen
LogPluginManager: Mounting plugin PropertyAccessEditor
LogPluginManager: Mounting plugin ProceduralMeshComponent
LogPluginManager: Mounting plugin SoundFields
LogPluginManager: Mounting plugin SignificanceManager
LogPluginManager: Mounting plugin RuntimePhysXCooking
LogPluginManager: Mounting plugin Synthesis
LogPluginManager: Mounting plugin WebMMoviePlayer
LogPluginManager: Mounting plugin WindowsMoviePlayer
LogPluginManager: Mounting plugin LiveLink
LogPluginManager: Mounting plugin ContentBrowserClassDataSource
LogPluginManager: Mounting plugin ContentBrowserAssetDataSource
LogPluginManager: Mounting plugin ContentBrowserFileDataSource
LogPluginManager: Mounting plugin OnlineSubsystemGooglePlay
LogPluginManager: Mounting plugin OnlineSubsystemIOS
LogPluginManager: Mounting plugin OculusVR
LogPluginManager: Mounting plugin SteamVR
PixWinPlugin: PIX capture plugin failed to initialize! Check that the process is launched from PIX.
LogInit: Using libcurl 7.55.1-DEV
LogInit:  - built for x86_64-pc-win32
LogInit:  - supports SSL with OpenSSL/1.1.1
LogInit:  - supports HTTP deflate (compression) using libz 1.2.8
LogInit:  - other features:
LogInit:      CURL_VERSION_SSL
LogInit:      CURL_VERSION_LIBZ
LogInit:      CURL_VERSION_IPV6
LogInit:      CURL_VERSION_ASYNCHDNS
LogInit:      CURL_VERSION_LARGEFILE
LogInit:      CURL_VERSION_IDN
LogInit:  CurlRequestOptions (configurable via config and command line):
LogInit:  - bVerifyPeer = true  - Libcurl will verify peer certificate
LogInit:  - bUseHttpProxy = false  - Libcurl will NOT use HTTP proxy
LogInit:  - bDontReuseConnections = false  - Libcurl will reuse connections
LogInit:  - MaxHostConnections = 16  - Libcurl will limit the number of connections to a host
LogInit:  - LocalHostAddr = Default
LogInit:  - BufferSize = 65536
LogOnline: OSS: Creating online subsystem instance for: NULL
LogInit: WinSock: version 1.1 (2.2), MaxSocks=32767, MaxUdp=65467
LogOnline: OSS: TryLoadSubsystemAndSetDefault: Loaded subsystem for module [NULL]
LogOculusPluginWrapper: OculusPlugin initialized successfully
LogHMD: Failed initializing OVRPlugin 1.59.0
LogInit: Build: ++UE4+Release-4.27-CL-18319896
LogInit: Engine Version: 4.27.2-18319896+++UE4+Release-4.27
LogInit: Compatible Engine Version: 4.27.0-17155196+++UE4+Release-4.27
LogInit: Net CL: 17155196
LogInit: OS: Windows 10 (Release 2009) (), CPU: AMD Ryzen 7 3700U with Radeon Vega Mobile Gfx  , GPU: AMD Radeon(TM) RX Vega 10 Graphics
LogInit: Compiled (64-bit): Nov 30 2021 07:12:08
LogInit: Compiled with Visual C++: 19.24.28315.00
LogInit: Build Configuration: Development
LogInit: Branch Name: ++UE4+Release-4.27
LogInit: Command Line: 
LogInit: Base Directory: C:/Program Files/Epic Games/UE_4.27/Engine/Binaries/Win64/
LogInit: Allocator: TBB
LogInit: Installed Engine Build: 1
LogDevObjectVersion: Number of dev versions registered: 29
LogDevObjectVersion:   Dev-Blueprints (B0D832E4-1F89-4F0D-ACCF-7EB736FD4AA2): 10
LogDevObjectVersion:   Dev-Build (E1C64328-A22C-4D53-A36C-8E866417BD8C): 0
LogDevObjectVersion:   Dev-Core (375EC13C-06E4-48FB-B500-84F0262A717E): 4
LogDevObjectVersion:   Dev-Editor (E4B068ED-F494-42E9-A231-DA0B2E46BB41): 40
LogDevObjectVersion:   Dev-Framework (CFFC743F-43B0-4480-9391-14DF171D2073): 37
LogDevObjectVersion:   Dev-Mobile (B02B49B5-BB20-44E9-A304-32B752E40360): 3
LogDevObjectVersion:   Dev-Networking (A4E4105C-59A1-49B5-A7C5-40C4547EDFEE): 0
LogDevObjectVersion:   Dev-Online (39C831C9-5AE6-47DC-9A44-9C173E1C8E7C): 0
LogDevObjectVersion:   Dev-Physics (78F01B33-EBEA-4F98-B9B4-84EACCB95AA2): 14
LogDevObjectVersion:   Dev-Platform (6631380F-2D4D-43E0-8009-CF276956A95A): 0
LogDevObjectVersion:   Dev-Rendering (12F88B9F-8875-4AFC-A67C-D90C383ABD29): 45
LogDevObjectVersion:   Dev-Sequencer (7B5AE74C-D270-4C10-A958-57980B212A5A): 13
LogDevObjectVersion:   Dev-VR (D7296918-1DD6-4BDD-9DE2-64A83CC13884): 3
LogDevObjectVersion:   Dev-LoadTimes (C2A15278-BFE7-4AFE-6C17-90FF531DF755): 1
LogDevObjectVersion:   Private-Geometry (6EACA3D4-40EC-4CC1-B786-8BED09428FC5): 3
LogDevObjectVersion:   Dev-AnimPhys (29E575DD-E0A3-4627-9D10-D276232CDCEA): 17
LogDevObjectVersion:   Dev-Anim (AF43A65D-7FD3-4947-9873-3E8ED9C1BB05): 15
LogDevObjectVersion:   Dev-ReflectionCapture (6B266CEC-1EC7-4B8F-A30B-E4D90942FC07): 1
LogDevObjectVersion:   Dev-Automation (0DF73D61-A23F-47EA-B727-89E90C41499A): 1
LogDevObjectVersion:   FortniteMain (601D1886-AC64-4F84-AA16-D3DE0DEAC7D6): 47
LogDevObjectVersion:   FortniteRelease (E7086368-6B23-4C58-8439-1B7016265E91): 1
LogDevObjectVersion:   Dev-Enterprise (9DFFBCD6-494F-0158-E221-12823C92A888): 10
LogDevObjectVersion:   Dev-Niagara (F2AED0AC-9AFE-416F-8664-AA7FFA26D6FC): 1
LogDevObjectVersion:   Dev-Destruction (174F1F0B-B4C6-45A5-B13F-2EE8D0FB917D): 10
LogDevObjectVersion:   Dev-Physics-Ext (35F94A83-E258-406C-A318-09F59610247C): 41
LogDevObjectVersion:   Dev-PhysicsMaterial-Chaos (B68FC16E-8B1B-42E2-B453-215C058844FE): 1
LogDevObjectVersion:   Dev-CineCamera (B2E18506-4273-CFC2-A54E-F4BB758BBA07): 1
LogDevObjectVersion:   Dev-VirtualProduction (64F58936-FD1B-42BA-BA96-7289D5D0FA4E): 1
LogDevObjectVersion:   Dev-MediaFramework (6F0ED827-A609-4895-9C91-998D90180EA4): 2
LogInit: Presizing for max 25165824 objects, including 0 objects not considered by GC, pre-allocating 0 bytes for permanent pool.
LogConfig: Applying CVar settings from Section [/Script/Engine.StreamingSettings] File [C:/Users/malik/OneDrive/Desktop/Software Engineering Capstone/Cstone/Aidan/Aidan/Saved/Config/Windows/Engine.ini]
LogConfig: Setting CVar [[s.MinBulkDataSizeForAsyncLoading:131072]]
LogConfig: Setting CVar [[s.AsyncLoadingThreadEnabled:0]]
LogConfig: Setting CVar [[s.EventDrivenLoaderEnabled:1]]
LogConfig: Setting CVar [[s.WarnIfTimeLimitExceeded:0]]
LogConfig: Setting CVar [[s.TimeLimitExceededMultiplier:1.5]]
LogConfig: Setting CVar [[s.TimeLimitExceededMinTime:0.005]]
LogConfig: Setting CVar [[s.UseBackgroundLevelStreaming:1]]
LogConfig: Setting CVar [[s.PriorityAsyncLoadingExtraTime:15.0]]
LogConfig: Setting CVar [[s.LevelStreamingActorsUpdateTimeLimit:5.0]]
LogConfig: Setting CVar [[s.PriorityLevelStreamingActorsUpdateExtraTime:5.0]]
LogConfig: Setting CVar [[s.LevelStreamingComponentsRegistrationGranularity:10]]
LogConfig: Setting CVar [[s.UnregisterComponentsTimeLimit:1.0]]
LogConfig: Setting CVar [[s.LevelStreamingComponentsUnregistrationGranularity:5]]
LogConfig: Setting CVar [[s.FlushStreamingOnExit:1]]
LogInit: Object subsystem initialized
LogConfig: Setting CVar [[con.DebugEarlyDefault:1]]
LogConfig: Setting CVar [[r.setres:1280x720]]
[2022.03.25-16.58.22:454][  0]LogConfig: Setting CVar [[r.VSync:0]]
[2022.03.25-16.58.22:454][  0]LogConfig: Setting CVar [[r.RHICmdBypass:0]]
[2022.03.25-16.58.22:454][  0]LogConfig: Applying CVar settings from Section [/Script/Engine.RendererSettings] File [C:/Users/malik/OneDrive/Desktop/Software Engineering Capstone/Cstone/Aidan/Aidan/Saved/Config/Windows/Engine.ini]
[2022.03.25-16.58.22:454][  0]LogConfig: Setting CVar [[r.GPUCrashDebugging:0]]
[2022.03.25-16.58.22:454][  0]LogConfig: Applying CVar settings from Section [/Script/Engine.RendererOverrideSettings] File [C:/Users/malik/OneDrive/Desktop/Software Engineering Capstone/Cstone/Aidan/Aidan/Saved/Config/Windows/Engine.ini]
[2022.03.25-16.58.22:454][  0]LogConfig: Applying CVar settings from Section [/Script/Engine.StreamingSettings] File [C:/Users/malik/OneDrive/Desktop/Software Engineering Capstone/Cstone/Aidan/Aidan/Saved/Config/Windows/Engine.ini]
[2022.03.25-16.58.22:454][  0]LogConfig: Setting CVar [[s.MinBulkDataSizeForAsyncLoading:131072]]
[2022.03.25-16.58.22:454][  0]LogConfig: Setting CVar [[s.AsyncLoadingThreadEnabled:0]]
[2022.03.25-16.58.22:454][  0]LogConfig: Setting CVar [[s.EventDrivenLoaderEnabled:1]]
[2022.03.25-16.58.22:454][  0]LogConfig: Setting CVar [[s.WarnIfTimeLimitExceeded:0]]
[2022.03.25-16.58.22:454][  0]LogConfig: Setting CVar [[s.TimeLimitExceededMultiplier:1.5]]
[2022.03.25-16.58.22:454][  0]LogConfig: Setting CVar [[s.TimeLimitExceededMinTime:0.005]]
[2022.03.25-16.58.22:454][  0]LogConfig: Setting CVar [[s.UseBackgroundLevelStreaming:1]]
[2022.03.25-16.58.22:454][  0]LogConfig: Setting CVar [[s.PriorityAsyncLoadingExtraTime:15.0]]
[2022.03.25-16.58.22:454][  0]LogConfig: Setting CVar [[s.LevelStreamingActorsUpdateTimeLimit:5.0]]
[2022.03.25-16.58.22:454][  0]LogConfig: Setting CVar [[s.PriorityLevelStreamingActorsUpdateExtraTime:5.0]]
[2022.03.25-16.58.22:454][  0]LogConfig: Setting CVar [[s.LevelStreamingComponentsRegistrationGranularity:10]]
[2022.03.25-16.58.22:454][  0]LogConfig: Setting CVar [[s.UnregisterComponentsTimeLimit:1.0]]
[2022.03.25-16.58.22:454][  0]LogConfig: Setting CVar [[s.LevelStreamingComponentsUnregistrationGranularity:5]]
[2022.03.25-16.58.22:454][  0]LogConfig: Setting CVar [[s.FlushStreamingOnExit:1]]
[2022.03.25-16.58.22:454][  0]LogConfig: Applying CVar settings from Section [/Script/Engine.GarbageCollectionSettings] File [C:/Users/malik/OneDrive/Desktop/Software Engineering Capstone/Cstone/Aidan/Aidan/Saved/Config/Windows/Engine.ini]
[2022.03.25-16.58.22:454][  0]LogConfig: Setting CVar [[gc.MaxObjectsNotConsideredByGC:1]]
[2022.03.25-16.58.22:454][  0]LogConfig: Setting CVar [[gc.SizeOfPermanentObjectPool:0]]
[2022.03.25-16.58.22:454][  0]LogConfig: Setting CVar [[gc.FlushStreamingOnGC:0]]
[2022.03.25-16.58.22:454][  0]LogConfig: Setting CVar [[gc.NumRetriesBeforeForcingGC:10]]
[2022.03.25-16.58.22:454][  0]LogConfig: Setting CVar [[gc.AllowParallelGC:1]]
[2022.03.25-16.58.22:454][  0]LogConfig: Setting CVar [[gc.TimeBetweenPurgingPendingKillObjects:61.1]]
[2022.03.25-16.58.22:454][  0]LogConfig: Setting CVar [[gc.MaxObjectsInEditor:25165824]]
[2022.03.25-16.58.22:454][  0]LogConfig: Setting CVar [[gc.IncrementalBeginDestroyEnabled:1]]
[2022.03.25-16.58.22:454][  0]LogConfig: Setting CVar [[gc.CreateGCClusters:1]]
[2022.03.25-16.58.22:454][  0]LogConfig: Setting CVar [[gc.MinGCClusterSize:5]]
[2022.03.25-16.58.22:454][  0]LogConfig: Setting CVar [[gc.ActorClusteringEnabled:0]]
[2022.03.25-16.58.22:454][  0]LogConfig: Setting CVar [[gc.BlueprintClusteringEnabled:0]]
[2022.03.25-16.58.22:454][  0]LogConfig: Setting CVar [[gc.UseDisregardForGCOnDedicatedServers:0]]
[2022.03.25-16.58.22:454][  0]LogConfig: Setting CVar [[gc.MultithreadedDestructionEnabled:1]]
[2022.03.25-16.58.22:454][  0]LogConfig: Applying CVar settings from Section [/Script/Engine.NetworkSettings] File [C:/Users/malik/OneDrive/Desktop/Software Engineering Capstone/Cstone/Aidan/Aidan/Saved/Config/Windows/Engine.ini]
[2022.03.25-16.58.22:454][  0]LogConfig: Applying CVar settings from Section [/Script/UnrealEd.CookerSettings] File [C:/Users/malik/OneDrive/Desktop/Software Engineering Capstone/Cstone/Aidan/Aidan/Saved/Config/Windows/Engine.ini]
[2022.03.25-16.58.22:468][  0]LogConfig: Applying CVar settings from Section [ViewDistanceQuality@3] File [C:/Users/malik/OneDrive/Desktop/Software Engineering Capstone/Cstone/Aidan/Aidan/Saved/Config/Windows/Scalability.ini]
[2022.03.25-16.58.22:468][  0]LogConfig: Setting CVar [[r.SkeletalMeshLODBias:0]]
[2022.03.25-16.58.22:468][  0]LogConfig: Setting CVar [[r.ViewDistanceScale:1.0]]
[2022.03.25-16.58.22:468][  0]LogConfig: Applying CVar settings from Section [AntiAliasingQuality@3] File [C:/Users/malik/OneDrive/Desktop/Software Engineering Capstone/Cstone/Aidan/Aidan/Saved/Config/Windows/Scalability.ini]
[2022.03.25-16.58.22:468][  0]LogConfig: Setting CVar [[r.PostProcessAAQuality:4]]
[2022.03.25-16.58.22:468][  0]LogConfig: Applying CVar settings from Section [ShadowQuality@3] File [C:/Users/malik/OneDrive/Desktop/Software Engineering Capstone/Cstone/Aidan/Aidan/Saved/Config/Windows/Scalability.ini]
[2022.03.25-16.58.22:468][  0]LogConfig: Setting CVar [[r.LightFunctionQuality:1]]
[2022.03.25-16.58.22:468][  0]LogConfig: Setting CVar [[r.ShadowQuality:5]]
[2022.03.25-16.58.22:468][  0]LogConfig: Setting CVar [[r.Shadow.CSM.MaxCascades:10]]
[2022.03.25-16.58.22:468][  0]LogConfig: Setting CVar [[r.Shadow.MaxResolution:2048]]
[2022.03.25-16.58.22:468][  0]LogConfig: Setting CVar [[r.Shadow.MaxCSMResolution:2048]]
[2022.03.25-16.58.22:468][  0]LogConfig: Setting CVar [[r.Shadow.RadiusThreshold:0.01]]
[2022.03.25-16.58.22:468][  0]LogConfig: Setting CVar [[r.Shadow.DistanceScale:1.0]]
[2022.03.25-16.58.22:468][  0]LogConfig: Setting CVar [[r.Shadow.CSM.TransitionScale:1.0]]
[2022.03.25-16.58.22:468][  0]LogConfig: Setting CVar [[r.Shadow.PreShadowResolutionFactor:1.0]]
[2022.03.25-16.58.22:468][  0]LogConfig: Setting CVar [[r.DistanceFieldShadowing:1]]
[2022.03.25-16.58.22:468][  0]LogConfig: Setting CVar [[r.DistanceFieldAO:1]]
[2022.03.25-16.58.22:468][  0]LogConfig: Setting CVar [[r.AOQuality:2]]
[2022.03.25-16.58.22:468][  0]LogConfig: Setting CVar [[r.VolumetricFog:1]]
[2022.03.25-16.58.22:468][  0]LogConfig: Setting CVar [[r.VolumetricFog.GridPixelSize:8]]
[2022.03.25-16.58.22:468][  0]LogConfig: Setting CVar [[r.VolumetricFog.GridSizeZ:128]]
[2022.03.25-16.58.22:468][  0]LogConfig: Setting CVar [[r.VolumetricFog.HistoryMissSupersampleCount:4]]
[2022.03.25-16.58.22:468][  0]LogConfig: Setting CVar [[r.LightMaxDrawDistanceScale:1]]
[2022.03.25-16.58.22:468][  0]LogConfig: Setting CVar [[r.CapsuleShadows:1]]
[2022.03.25-16.58.22:468][  0]LogConfig: Applying CVar settings from Section [PostProcessQuality@3] File [C:/Users/malik/OneDrive/Desktop/Software Engineering Capstone/Cstone/Aidan/Aidan/Saved/Config/Windows/Scalability.ini]
[2022.03.25-16.58.22:468][  0]LogConfig: Setting CVar [[r.MotionBlurQuality:4]]
[2022.03.25-16.58.22:468][  0]LogConfig: Setting CVar [[r.AmbientOcclusionMipLevelFactor:0.4]]
[2022.03.25-16.58.22:468][  0]LogConfig: Setting CVar [[r.AmbientOcclusionMaxQuality:100]]
[2022.03.25-16.58.22:468][  0]LogConfig: Setting CVar [[r.AmbientOcclusionLevels:-1]]
[2022.03.25-16.58.22:468][  0]LogConfig: Setting CVar [[r.AmbientOcclusionRadiusScale:1.0]]
[2022.03.25-16.58.22:468][  0]LogConfig: Setting CVar [[r.DepthOfFieldQuality:2]]
[2022.03.25-16.58.22:468][  0]LogConfig: Setting CVar [[r.RenderTargetPoolMin:400]]
[2022.03.25-16.58.22:468][  0]LogConfig: Setting CVar [[r.LensFlareQuality:2]]
[2022.03.25-16.58.22:468][  0]LogConfig: Setting CVar [[r.SceneColorFringeQuality:1]]
[2022.03.25-16.58.22:468][  0]LogConfig: Setting CVar [[r.EyeAdaptationQuality:2]]
[2022.03.25-16.58.22:468][  0]LogConfig: Setting CVar [[r.BloomQuality:5]]
[2022.03.25-16.58.22:468][  0]LogConfig: Setting CVar [[r.FastBlurThreshold:100]]
[2022.03.25-16.58.22:468][  0]LogConfig: Setting CVar [[r.Upscale.Quality:3]]
[2022.03.25-16.58.22:468][  0]LogConfig: Setting CVar [[r.Tonemapper.GrainQuantization:1]]
[2022.03.25-16.58.22:468][  0]LogConfig: Setting CVar [[r.LightShaftQuality:1]]
[2022.03.25-16.58.22:468][  0]LogConfig: Setting CVar [[r.Filter.SizeScale:1]]
[2022.03.25-16.58.22:468][  0]LogConfig: Setting CVar [[r.Tonemapper.Quality:5]]
[2022.03.25-16.58.22:468][  0]LogConfig: Setting CVar [[r.DOF.Gather.AccumulatorQuality:1        ; higher gathering accumulator quality]]
[2022.03.25-16.58.22:468][  0]LogConfig: Setting CVar [[r.DOF.Gather.PostfilterMethod:1          ; Median3x3 postfilering method]]
[2022.03.25-16.58.22:468][  0]LogConfig: Setting CVar [[r.DOF.Gather.EnableBokehSettings:0       ; no bokeh simulation when gathering]]
[2022.03.25-16.58.22:468][  0]LogConfig: Setting CVar [[r.DOF.Gather.RingCount:4                 ; medium number of samples when gathering]]
[2022.03.25-16.58.22:468][  0]LogConfig: Setting CVar [[r.DOF.Scatter.ForegroundCompositing:1    ; additive foreground scattering]]
[2022.03.25-16.58.22:468][  0]LogConfig: Setting CVar [[r.DOF.Scatter.BackgroundCompositing:2    ; additive background scattering]]
[2022.03.25-16.58.22:468][  0]LogConfig: Setting CVar [[r.DOF.Scatter.EnableBokehSettings:1      ; bokeh simulation when scattering]]
[2022.03.25-16.58.22:468][  0]LogConfig: Setting CVar [[r.DOF.Scatter.MaxSpriteRatio:0.1         ; only a maximum of 10% of scattered bokeh]]
[2022.03.25-16.58.22:468][  0]LogConfig: Setting CVar [[r.DOF.Recombine.Quality:1                ; cheap slight out of focus]]
[2022.03.25-16.58.22:468][  0]LogConfig: Setting CVar [[r.DOF.Recombine.EnableBokehSettings:0    ; no bokeh simulation on slight out of focus]]
[2022.03.25-16.58.22:468][  0]LogConfig: Setting CVar [[r.DOF.TemporalAAQuality:1                ; more stable temporal accumulation]]
[2022.03.25-16.58.22:468][  0]LogConfig: Setting CVar [[r.DOF.Kernel.MaxForegroundRadius:0.025]]
[2022.03.25-16.58.22:468][  0]LogConfig: Setting CVar [[r.DOF.Kernel.MaxBackgroundRadius:0.025]]
[2022.03.25-16.58.22:468][  0]LogConfig: Applying CVar settings from Section [TextureQuality@3] File [C:/Users/malik/OneDrive/Desktop/Software Engineering Capstone/Cstone/Aidan/Aidan/Saved/Config/Windows/Scalability.ini]
[2022.03.25-16.58.22:468][  0]LogConfig: Setting CVar [[r.Streaming.MipBias:0]]
[2022.03.25-16.58.22:469][  0]LogConfig: Setting CVar [[r.Streaming.AmortizeCPUToGPUCopy:0]]
[2022.03.25-16.58.22:469][  0]LogConfig: Setting CVar [[r.Streaming.MaxNumTexturesToStreamPerFrame:0]]
[2022.03.25-16.58.22:469][  0]LogConfig: Setting CVar [[r.Streaming.Boost:1]]
[2022.03.25-16.58.22:469][  0]LogConfig: Setting CVar [[r.MaxAnisotropy:8]]
[2022.03.25-16.58.22:469][  0]LogConfig: Setting CVar [[r.VT.MaxAnisotropy:8]]
[2022.03.25-16.58.22:469][  0]LogConfig: Setting CVar [[r.Streaming.LimitPoolSizeToVRAM:0]]
[2022.03.25-16.58.22:469][  0]LogConfig: Setting CVar [[r.Streaming.PoolSize:1000]]
[2022.03.25-16.58.22:469][  0]LogConfig: Setting CVar [[r.Streaming.MaxEffectiveScreenSize:0]]
[2022.03.25-16.58.22:469][  0]LogConfig: Applying CVar settings from Section [EffectsQuality@3] File [C:/Users/malik/OneDrive/Desktop/Software Engineering Capstone/Cstone/Aidan/Aidan/Saved/Config/Windows/Scalability.ini]
[2022.03.25-16.58.22:469][  0]LogConfig: Setting CVar [[r.TranslucencyLightingVolumeDim:64]]
[2022.03.25-16.58.22:469][  0]LogConfig: Setting CVar [[r.RefractionQuality:2]]
[2022.03.25-16.58.22:469][  0]LogConfig: Setting CVar [[r.SSR.Quality:3]]
[2022.03.25-16.58.22:469][  0]LogConfig: Setting CVar [[r.SSR.HalfResSceneColor:0]]
[2022.03.25-16.58.22:469][  0]LogConfig: Setting CVar [[r.SceneColorFormat:4]]
[2022.03.25-16.58.22:469][  0]LogConfig: Setting CVar [[r.DetailMode:2]]
[2022.03.25-16.58.22:469][  0]LogConfig: Setting CVar [[r.TranslucencyVolumeBlur:1]]
[2022.03.25-16.58.22:469][  0]LogConfig: Setting CVar [[r.MaterialQualityLevel:1 ; High quality]]
[2022.03.25-16.58.22:469][  0]LogConfig: Setting CVar [[r.AnisotropicMaterials:1]]
[2022.03.25-16.58.22:469][  0]LogConfig: Setting CVar [[r.SSS.Scale:1]]
[2022.03.25-16.58.22:469][  0]LogConfig: Setting CVar [[r.SSS.SampleSet:2]]
[2022.03.25-16.58.22:469][  0]LogConfig: Setting CVar [[r.SSS.Quality:1]]
[2022.03.25-16.58.22:469][  0]LogConfig: Setting CVar [[r.SSS.HalfRes:0]]
[2022.03.25-16.58.22:469][  0]LogConfig: Setting CVar [[r.SSGI.Quality:3]]
[2022.03.25-16.58.22:469][  0]LogConfig: Setting CVar [[r.EmitterSpawnRateScale:1.0]]
[2022.03.25-16.58.22:469][  0]LogConfig: Setting CVar [[r.ParticleLightQuality:2]]
[2022.03.25-16.58.22:469][  0]LogConfig: Setting CVar [[r.SkyAtmosphere.AerialPerspectiveLUT.FastApplyOnOpaque:1 ; Always have FastSkyLUT 1 in this case to avoid wrong sky]]
[2022.03.25-16.58.22:469][  0]LogConfig: Setting CVar [[r.SkyAtmosphere.AerialPerspectiveLUT.SampleCountMaxPerSlice:4]]
[2022.03.25-16.58.22:469][  0]LogConfig: Setting CVar [[r.SkyAtmosphere.AerialPerspectiveLUT.DepthResolution:16.0]]
[2022.03.25-16.58.22:469][  0]LogConfig: Setting CVar [[r.SkyAtmosphere.FastSkyLUT:1]]
[2022.03.25-16.58.22:469][  0]LogConfig: Setting CVar [[r.SkyAtmosphere.FastSkyLUT.SampleCountMin:4.0]]
[2022.03.25-16.58.22:469][  0]LogConfig: Setting CVar [[r.SkyAtmosphere.FastSkyLUT.SampleCountMax:128.0]]
[2022.03.25-16.58.22:469][  0]LogConfig: Setting CVar [[r.SkyAtmosphere.SampleCountMin:4.0]]
[2022.03.25-16.58.22:469][  0]LogConfig: Setting CVar [[r.SkyAtmosphere.SampleCountMax:128.0]]
[2022.03.25-16.58.22:469][  0]LogConfig: Setting CVar [[r.SkyAtmosphere.TransmittanceLUT.UseSmallFormat:0]]
[2022.03.25-16.58.22:469][  0]LogConfig: Setting CVar [[r.SkyAtmosphere.TransmittanceLUT.SampleCount:10.0]]
[2022.03.25-16.58.22:469][  0]LogConfig: Setting CVar [[r.SkyAtmosphere.MultiScatteringLUT.SampleCount:15.0]]
[2022.03.25-16.58.22:469][  0]LogConfig: Setting CVar [[r.SkyLight.RealTimeReflectionCapture:1]]
[2022.03.25-16.58.22:469][  0]LogConfig: Applying CVar settings from Section [FoliageQuality@3] File [C:/Users/malik/OneDrive/Desktop/Software Engineering Capstone/Cstone/Aidan/Aidan/Saved/Config/Windows/Scalability.ini]
[2022.03.25-16.58.22:469][  0]LogConfig: Setting CVar [[foliage.DensityScale:1.0]]
[2022.03.25-16.58.22:469][  0]LogConfig: Setting CVar [[grass.DensityScale:1.0]]
[2022.03.25-16.58.22:469][  0]LogConfig: Applying CVar settings from Section [ShadingQuality@3] File [C:/Users/malik/OneDrive/Desktop/Software Engineering Capstone/Cstone/Aidan/Aidan/Saved/Config/Windows/Scalability.ini]
[2022.03.25-16.58.22:469][  0]LogConfig: Setting CVar [[r.HairStrands.SkyLighting.IntegrationType:2]]
[2022.03.25-16.58.22:469][  0]LogConfig: Setting CVar [[r.HairStrands.SkyAO.SampleCount:4]]
[2022.03.25-16.58.22:469][  0]LogConfig: Setting CVar [[r.HairStrands.Visibility.MSAA.SamplePerPixel:4]]
[2022.03.25-16.58.22:469][  0]LogInit: Selected Device Profile: [Windows]
[2022.03.25-16.58.22:469][  0]LogInit: Applying CVar settings loaded from the selected device profile: [Windows]
[2022.03.25-16.58.22:469][  0]LogHAL: Display: Platform has ~ 10 GB [10672975872 / 17179869184 / 10], which maps to Default [LargestMinGB=32, LargerMinGB=12, DefaultMinGB=8, SmallerMinGB=6, SmallestMinGB=0)
[2022.03.25-16.58.22:470][  0]LogInit: Going up to parent DeviceProfile []
[2022.03.25-16.58.22:470][  0]LogConfig: Applying CVar settings from Section [ViewDistanceQuality@3] File [C:/Users/malik/OneDrive/Desktop/Software Engineering Capstone/Cstone/Aidan/Aidan/Saved/Config/Windows/Scalability.ini]
[2022.03.25-16.58.22:470][  0]LogConfig: Setting CVar [[r.SkeletalMeshLODBias:0]]
[2022.03.25-16.58.22:470][  0]LogConfig: Setting CVar [[r.ViewDistanceScale:1.0]]
[2022.03.25-16.58.22:470][  0]LogConfig: Applying CVar settings from Section [AntiAliasingQuality@3] File [C:/Users/malik/OneDrive/Desktop/Software Engineering Capstone/Cstone/Aidan/Aidan/Saved/Config/Windows/Scalability.ini]
[2022.03.25-16.58.22:470][  0]LogConfig: Setting CVar [[r.PostProcessAAQuality:4]]
[2022.03.25-16.58.22:470][  0]LogConfig: Applying CVar settings from Section [ShadowQuality@3] File [C:/Users/malik/OneDrive/Desktop/Software Engineering Capstone/Cstone/Aidan/Aidan/Saved/Config/Windows/Scalability.ini]
[2022.03.25-16.58.22:470][  0]LogConfig: Setting CVar [[r.LightFunctionQuality:1]]
[2022.03.25-16.58.22:470][  0]LogConfig: Setting CVar [[r.ShadowQuality:5]]
[2022.03.25-16.58.22:470][  0]LogConfig: Setting CVar [[r.Shadow.CSM.MaxCascades:10]]
[2022.03.25-16.58.22:470][  0]LogConfig: Setting CVar [[r.Shadow.MaxResolution:2048]]
[2022.03.25-16.58.22:470][  0]LogConfig: Setting CVar [[r.Shadow.MaxCSMResolution:2048]]
[2022.03.25-16.58.22:470][  0]LogConfig: Setting CVar [[r.Shadow.RadiusThreshold:0.01]]
[2022.03.25-16.58.22:470][  0]LogConfig: Setting CVar [[r.Shadow.DistanceScale:1.0]]
[2022.03.25-16.58.22:470][  0]LogConfig: Setting CVar [[r.Shadow.CSM.TransitionScale:1.0]]
[2022.03.25-16.58.22:470][  0]LogConfig: Setting CVar [[r.Shadow.PreShadowResolutionFactor:1.0]]
[2022.03.25-16.58.22:470][  0]LogConfig: Setting CVar [[r.DistanceFieldShadowing:1]]
[2022.03.25-16.58.22:470][  0]LogConfig: Setting CVar [[r.DistanceFieldAO:1]]
[2022.03.25-16.58.22:470][  0]LogConfig: Setting CVar [[r.AOQuality:2]]
[2022.03.25-16.58.22:470][  0]LogConfig: Setting CVar [[r.VolumetricFog:1]]
[2022.03.25-16.58.22:470][  0]LogConfig: Setting CVar [[r.VolumetricFog.GridPixelSize:8]]
[2022.03.25-16.58.22:470][  0]LogConfig: Setting CVar [[r.VolumetricFog.GridSizeZ:128]]
[2022.03.25-16.58.22:470][  0]LogConfig: Setting CVar [[r.VolumetricFog.HistoryMissSupersampleCount:4]]
[2022.03.25-16.58.22:470][  0]LogConfig: Setting CVar [[r.LightMaxDrawDistanceScale:1]]
[2022.03.25-16.58.22:470][  0]LogConfig: Setting CVar [[r.CapsuleShadows:1]]
[2022.03.25-16.58.22:470][  0]LogConfig: Applying CVar settings from Section [PostProcessQuality@3] File [C:/Users/malik/OneDrive/Desktop/Software Engineering Capstone/Cstone/Aidan/Aidan/Saved/Config/Windows/Scalability.ini]
[2022.03.25-16.58.22:470][  0]LogConfig: Setting CVar [[r.MotionBlurQuality:4]]
[2022.03.25-16.58.22:470][  0]LogConfig: Setting CVar [[r.AmbientOcclusionMipLevelFactor:0.4]]
[2022.03.25-16.58.22:470][  0]LogConfig: Setting CVar [[r.AmbientOcclusionMaxQuality:100]]
[2022.03.25-16.58.22:470][  0]LogConfig: Setting CVar [[r.AmbientOcclusionLevels:-1]]
[2022.03.25-16.58.22:470][  0]LogConfig: Setting CVar [[r.AmbientOcclusionRadiusScale:1.0]]
[2022.03.25-16.58.22:470][  0]LogConfig: Setting CVar [[r.DepthOfFieldQuality:2]]
[2022.03.25-16.58.22:470][  0]LogConfig: Setting CVar [[r.RenderTargetPoolMin:400]]
[2022.03.25-16.58.22:470][  0]LogConfig: Setting CVar [[r.LensFlareQuality:2]]
[2022.03.25-16.58.22:470][  0]LogConfig: Setting CVar [[r.SceneColorFringeQuality:1]]
[2022.03.25-16.58.22:470][  0]LogConfig: Setting CVar [[r.EyeAdaptationQuality:2]]
[2022.03.25-16.58.22:470][  0]LogConfig: Setting CVar [[r.BloomQuality:5]]
[2022.03.25-16.58.22:470][  0]LogConfig: Setting CVar [[r.FastBlurThreshold:100]]
[2022.03.25-16.58.22:470][  0]LogConfig: Setting CVar [[r.Upscale.Quality:3]]
[2022.03.25-16.58.22:470][  0]LogConfig: Setting CVar [[r.Tonemapper.GrainQuantization:1]]
[2022.03.25-16.58.22:470][  0]LogConfig: Setting CVar [[r.LightShaftQuality:1]]
[2022.03.25-16.58.22:470][  0]LogConfig: Setting CVar [[r.Filter.SizeScale:1]]
[2022.03.25-16.58.22:470][  0]LogConfig: Setting CVar [[r.Tonemapper.Quality:5]]
[2022.03.25-16.58.22:470][  0]LogConfig: Setting CVar [[r.DOF.Gather.AccumulatorQuality:1        ; higher gathering accumulator quality]]
[2022.03.25-16.58.22:470][  0]LogConfig: Setting CVar [[r.DOF.Gather.PostfilterMethod:1          ; Median3x3 postfilering method]]
[2022.03.25-16.58.22:470][  0]LogConfig: Setting CVar [[r.DOF.Gather.EnableBokehSettings:0       ; no bokeh simulation when gathering]]
[2022.03.25-16.58.22:470][  0]LogConfig: Setting CVar [[r.DOF.Gather.RingCount:4                 ; medium number of samples when gathering]]
[2022.03.25-16.58.22:470][  0]LogConfig: Setting CVar [[r.DOF.Scatter.ForegroundCompositing:1    ; additive foreground scattering]]
[2022.03.25-16.58.22:470][  0]LogConfig: Setting CVar [[r.DOF.Scatter.BackgroundCompositing:2    ; additive background scattering]]
[2022.03.25-16.58.22:470][  0]LogConfig: Setting CVar [[r.DOF.Scatter.EnableBokehSettings:1      ; bokeh simulation when scattering]]
[2022.03.25-16.58.22:470][  0]LogConfig: Setting CVar [[r.DOF.Scatter.MaxSpriteRatio:0.1         ; only a maximum of 10% of scattered bokeh]]
[2022.03.25-16.58.22:470][  0]LogConfig: Setting CVar [[r.DOF.Recombine.Quality:1                ; cheap slight out of focus]]
[2022.03.25-16.58.22:470][  0]LogConfig: Setting CVar [[r.DOF.Recombine.EnableBokehSettings:0    ; no bokeh simulation on slight out of focus]]
[2022.03.25-16.58.22:470][  0]LogConfig: Setting CVar [[r.DOF.TemporalAAQuality:1                ; more stable temporal accumulation]]
[2022.03.25-16.58.22:470][  0]LogConfig: Setting CVar [[r.DOF.Kernel.MaxForegroundRadius:0.025]]
[2022.03.25-16.58.22:470][  0]LogConfig: Setting CVar [[r.DOF.Kernel.MaxBackgroundRadius:0.025]]
[2022.03.25-16.58.22:470][  0]LogConfig: Applying CVar settings from Section [TextureQuality@3] File [C:/Users/malik/OneDrive/Desktop/Software Engineering Capstone/Cstone/Aidan/Aidan/Saved/Config/Windows/Scalability.ini]
[2022.03.25-16.58.22:470][  0]LogConfig: Setting CVar [[r.Streaming.MipBias:0]]
[2022.03.25-16.58.22:470][  0]LogConfig: Setting CVar [[r.Streaming.AmortizeCPUToGPUCopy:0]]
[2022.03.25-16.58.22:470][  0]LogConfig: Setting CVar [[r.Streaming.MaxNumTexturesToStreamPerFrame:0]]
[2022.03.25-16.58.22:470][  0]LogConfig: Setting CVar [[r.Streaming.Boost:1]]
[2022.03.25-16.58.22:470][  0]LogConfig: Setting CVar [[r.MaxAnisotropy:8]]
[2022.03.25-16.58.22:470][  0]LogConfig: Setting CVar [[r.VT.MaxAnisotropy:8]]
[2022.03.25-16.58.22:471][  0]LogConfig: Setting CVar [[r.Streaming.LimitPoolSizeToVRAM:0]]
[2022.03.25-16.58.22:471][  0]LogConfig: Setting CVar [[r.Streaming.PoolSize:1000]]
[2022.03.25-16.58.22:471][  0]LogConfig: Setting CVar [[r.Streaming.MaxEffectiveScreenSize:0]]
[2022.03.25-16.58.22:471][  0]LogConfig: Applying CVar settings from Section [EffectsQuality@3] File [C:/Users/malik/OneDrive/Desktop/Software Engineering Capstone/Cstone/Aidan/Aidan/Saved/Config/Windows/Scalability.ini]
[2022.03.25-16.58.22:471][  0]LogConfig: Setting CVar [[r.TranslucencyLightingVolumeDim:64]]
[2022.03.25-16.58.22:471][  0]LogConfig: Setting CVar [[r.RefractionQuality:2]]
[2022.03.25-16.58.22:471][  0]LogConfig: Setting CVar [[r.SSR.Quality:3]]
[2022.03.25-16.58.22:471][  0]LogConfig: Setting CVar [[r.SSR.HalfResSceneColor:0]]
[2022.03.25-16.58.22:471][  0]LogConfig: Setting CVar [[r.SceneColorFormat:4]]
[2022.03.25-16.58.22:471][  0]LogConfig: Setting CVar [[r.DetailMode:2]]
[2022.03.25-16.58.22:471][  0]LogConfig: Setting CVar [[r.TranslucencyVolumeBlur:1]]
[2022.03.25-16.58.22:471][  0]LogConfig: Setting CVar [[r.MaterialQualityLevel:1 ; High quality]]
[2022.03.25-16.58.22:471][  0]LogConfig: Setting CVar [[r.AnisotropicMaterials:1]]
[2022.03.25-16.58.22:471][  0]LogConfig: Setting CVar [[r.SSS.Scale:1]]
[2022.03.25-16.58.22:471][  0]LogConfig: Setting CVar [[r.SSS.SampleSet:2]]
[2022.03.25-16.58.22:471][  0]LogConfig: Setting CVar [[r.SSS.Quality:1]]
[2022.03.25-16.58.22:471][  0]LogConfig: Setting CVar [[r.SSS.HalfRes:0]]
[2022.03.25-16.58.22:471][  0]LogConfig: Setting CVar [[r.SSGI.Quality:3]]
[2022.03.25-16.58.22:471][  0]LogConfig: Setting CVar [[r.EmitterSpawnRateScale:1.0]]
[2022.03.25-16.58.22:471][  0]LogConfig: Setting CVar [[r.ParticleLightQuality:2]]
[2022.03.25-16.58.22:471][  0]LogConfig: Setting CVar [[r.SkyAtmosphere.AerialPerspectiveLUT.FastApplyOnOpaque:1 ; Always have FastSkyLUT 1 in this case to avoid wrong sky]]
[2022.03.25-16.58.22:471][  0]LogConfig: Setting CVar [[r.SkyAtmosphere.AerialPerspectiveLUT.SampleCountMaxPerSlice:4]]
[2022.03.25-16.58.22:471][  0]LogConfig: Setting CVar [[r.SkyAtmosphere.AerialPerspectiveLUT.DepthResolution:16.0]]
[2022.03.25-16.58.22:471][  0]LogConfig: Setting CVar [[r.SkyAtmosphere.FastSkyLUT:1]]
[2022.03.25-16.58.22:471][  0]LogConfig: Setting CVar [[r.SkyAtmosphere.FastSkyLUT.SampleCountMin:4.0]]
[2022.03.25-16.58.22:471][  0]LogConfig: Setting CVar [[r.SkyAtmosphere.FastSkyLUT.SampleCountMax:128.0]]
[2022.03.25-16.58.22:471][  0]LogConfig: Setting CVar [[r.SkyAtmosphere.SampleCountMin:4.0]]
[2022.03.25-16.58.22:471][  0]LogConfig: Setting CVar [[r.SkyAtmosphere.SampleCountMax:128.0]]
[2022.03.25-16.58.22:471][  0]LogConfig: Setting CVar [[r.SkyAtmosphere.TransmittanceLUT.UseSmallFormat:0]]
[2022.03.25-16.58.22:471][  0]LogConfig: Setting CVar [[r.SkyAtmosphere.TransmittanceLUT.SampleCount:10.0]]
[2022.03.25-16.58.22:471][  0]LogConfig: Setting CVar [[r.SkyAtmosphere.MultiScatteringLUT.SampleCount:15.0]]
[2022.03.25-16.58.22:471][  0]LogConfig: Setting CVar [[r.SkyLight.RealTimeReflectionCapture:1]]
[2022.03.25-16.58.22:471][  0]LogConfig: Applying CVar settings from Section [FoliageQuality@3] File [C:/Users/malik/OneDrive/Desktop/Software Engineering Capstone/Cstone/Aidan/Aidan/Saved/Config/Windows/Scalability.ini]
[2022.03.25-16.58.22:471][  0]LogConfig: Setting CVar [[foliage.DensityScale:1.0]]
[2022.03.25-16.58.22:471][  0]LogConfig: Setting CVar [[grass.DensityScale:1.0]]
[2022.03.25-16.58.22:471][  0]LogConfig: Applying CVar settings from Section [ShadingQuality@3] File [C:/Users/malik/OneDrive/Desktop/Software Engineering Capstone/Cstone/Aidan/Aidan/Saved/Config/Windows/Scalability.ini]
[2022.03.25-16.58.22:471][  0]LogConfig: Setting CVar [[r.HairStrands.SkyLighting.IntegrationType:2]]
[2022.03.25-16.58.22:471][  0]LogConfig: Setting CVar [[r.HairStrands.SkyAO.SampleCount:4]]
[2022.03.25-16.58.22:471][  0]LogConfig: Setting CVar [[r.HairStrands.Visibility.MSAA.SamplePerPixel:4]]
[2022.03.25-16.58.22:471][  0]LogConfig: Applying CVar settings from Section [Startup] File [../../../Engine/Config/ConsoleVariables.ini]
[2022.03.25-16.58.22:473][  0]LogConfig: Setting CVar [[net.UseAdaptiveNetUpdateFrequency:0]]
[2022.03.25-16.58.22:473][  0]LogConfig: Setting CVar [[p.chaos.AllowCreatePhysxBodies:1]]
[2022.03.25-16.58.22:473][  0]LogConfig: Setting CVar [[fx.SkipVectorVMBackendOptimizations:1]]
[2022.03.25-16.58.22:473][  0]LogConfig: Applying CVar settings from Section [ConsoleVariables] File [C:/Users/malik/OneDrive/Desktop/Software Engineering Capstone/Cstone/Aidan/Aidan/Saved/Config/Windows/Engine.ini]
[2022.03.25-16.58.22:473][  0]LogConfig: Applying CVar settings from Section [ConsoleVariables] File [C:/Users/malik/OneDrive/Desktop/Software Engineering Capstone/Cstone/Aidan/Aidan/Saved/Config/Windows/Editor.ini]
[2022.03.25-16.58.22:473][  0]LogInit: Computer: LAPTOP-LV1RKO7P
[2022.03.25-16.58.22:473][  0]LogInit: User: malik
[2022.03.25-16.58.22:473][  0]LogInit: CPU Page size=4096, Cores=4
[2022.03.25-16.58.22:473][  0]LogInit: High frequency timer resolution =10.000000 MHz
[2022.03.25-16.58.22:473][  0]LogMemory: Memory total: Physical=9.9GB (10GB approx)
[2022.03.25-16.58.22:473][  0]LogMemory: Platform Memory Stats for Windows
[2022.03.25-16.58.22:473][  0]LogMemory: Process Physical Memory: 140.22 MB used, 140.22 MB peak
[2022.03.25-16.58.22:473][  0]LogMemory: Process Virtual Memory: 118.45 MB used, 118.45 MB peak
[2022.03.25-16.58.22:473][  0]LogMemory: Physical Memory: 7431.93 MB used,  2746.61 MB free, 10178.54 MB total
[2022.03.25-16.58.22:473][  0]LogMemory: Virtual Memory: 134213880.00 MB used,  3845.34 MB free, 134217728.00 MB total
[2022.03.25-16.58.22:480][  0]LogWindows: WindowsPlatformFeatures enabled
[2022.03.25-16.58.22:779][  0]LogInit: Physics initialised using underlying interface: PhysX
[2022.03.25-16.58.22:785][  0]LogInit: Using OS detected language (en-US).
[2022.03.25-16.58.22:785][  0]LogInit: Using OS detected locale (en-US).
[2022.03.25-16.58.22:803][  0]LogTextLocalizationManager: No specific localization for 'en-US' exists, so the 'en' localization will be used.
[2022.03.25-16.58.23:198][  0]LogInit: Setting process to per monitor DPI aware
[2022.03.25-16.58.23:248][  0]LogWindowsTextInputMethodSystem: Display: IME system deactivated.
[2022.03.25-16.58.23:346][  0]LogSlate: New Slate User Created.  User Index 0, Is Virtual User: 0
[2022.03.25-16.58.23:346][  0]LogSlate: Slate User Registered.  User Index 0, Is Virtual User: 0
[2022.03.25-16.58.27:586][  0]LogD3D11RHI: Loaded GFSDK_Aftermath_Lib.x64.dll
[2022.03.25-16.58.27:590][  0]LogHMD: Failed to initialize OpenVR with code 110
[2022.03.25-16.58.27:590][  0]LogD3D11RHI: D3D11 min allowed feature level: 11_0
[2022.03.25-16.58.27:590][  0]LogD3D11RHI: D3D11 max allowed feature level: 11_0
[2022.03.25-16.58.27:590][  0]LogD3D11RHI: D3D11 adapters:
[2022.03.25-16.58.27:651][  0]LogD3D11RHI:    0. 'AMD Radeon(TM) RX Vega 10 Graphics' (Feature Level 11_0)
[2022.03.25-16.58.27:652][  0]LogD3D11RHI:       2034/0/5089 MB DedicatedVideo/DedicatedSystem/SharedSystem, Outputs:2, VendorId:0x1002
[2022.03.25-16.58.27:654][  0]LogD3D11RHI:    1. 'Microsoft Basic Render Driver' (Feature Level 11_0)
[2022.03.25-16.58.27:654][  0]LogD3D11RHI:       0/0/5089 MB DedicatedVideo/DedicatedSystem/SharedSystem, Outputs:0, VendorId:0x1414
[2022.03.25-16.58.27:654][  0]LogD3D11RHI: Chosen D3D11 Adapter:
[2022.03.25-16.58.27:654][  0]LogD3D11RHI:     Description : AMD Radeon(TM) RX Vega 10 Graphics
[2022.03.25-16.58.27:654][  0]LogD3D11RHI:     VendorId    : 1002
[2022.03.25-16.58.27:654][  0]LogD3D11RHI:     DeviceId    : 15d8
[2022.03.25-16.58.27:654][  0]LogD3D11RHI:     SubSysId    : 380217aa
[2022.03.25-16.58.27:654][  0]LogD3D11RHI:     Revision    : 00c1
[2022.03.25-16.58.27:654][  0]LogD3D11RHI:     DedicatedVideoMemory : 2133184512 bytes
[2022.03.25-16.58.27:654][  0]LogD3D11RHI:     DedicatedSystemMemory : 0 bytes
[2022.03.25-16.58.27:654][  0]LogD3D11RHI:     SharedSystemMemory : 5336487936 bytes
[2022.03.25-16.58.27:654][  0]LogD3D11RHI:     AdapterLuid : 0 47849
[2022.03.25-16.58.27:665][  0]LogD3D11RHI: Creating new Direct3DDevice
[2022.03.25-16.58.27:665][  0]LogD3D11RHI:     GPU DeviceId: 0x15d8 (for the marketing name, search the web for "GPU Device Id")
[2022.03.25-16.58.27:665][  0]LogWindows: EnumDisplayDevices:
[2022.03.25-16.58.27:665][  0]LogWindows:    0. 'AMD Radeon(TM) RX Vega 10 Graphics' (P:1 D:1)
[2022.03.25-16.58.27:666][  0]LogWindows:    1. 'AMD Radeon(TM) RX Vega 10 Graphics' (P:0 D:1)
[2022.03.25-16.58.27:666][  0]LogWindows:    2. 'AMD Radeon(TM) RX Vega 10 Graphics' (P:0 D:0)
[2022.03.25-16.58.27:666][  0]LogWindows:    3. 'AMD Radeon(TM) RX Vega 10 Graphics' (P:0 D:0)
[2022.03.25-16.58.27:667][  0]LogWindows: DebugString: FoundDriverCount:4 
[2022.03.25-16.58.27:667][  0]LogD3D11RHI:     Adapter Name: AMD Radeon(TM) RX Vega 10 Graphics
[2022.03.25-16.58.27:667][  0]LogD3D11RHI:   Driver Version: Adrenalin 20.10.36 (internal:27.20.11036.3, unified:27.20.11036.3)
[2022.03.25-16.58.27:667][  0]LogD3D11RHI:      Driver Date: 8-25-2020
[2022.03.25-16.58.27:667][  0]LogRHI: Texture pool is 4558 MB (70% of 6511 MB)
[2022.03.25-16.58.27:689][  0]LogD3D11RHI: Creating D3DDevice with AMD AGS, using adapter:
[2022.03.25-16.58.27:689][  0]LogD3D11RHI:     Description : AMD Radeon(TM) RX Vega 10 Graphics
[2022.03.25-16.58.27:689][  0]LogD3D11RHI:     VendorId    : 1002
[2022.03.25-16.58.27:689][  0]LogD3D11RHI:     DeviceId    : 15d8
[2022.03.25-16.58.27:689][  0]LogD3D11RHI:     SubSysId    : 380217aa
[2022.03.25-16.58.27:689][  0]LogD3D11RHI:     Revision    : 00c1
[2022.03.25-16.58.27:689][  0]LogD3D11RHI:     DedicatedVideoMemory : 2133184512 bytes
[2022.03.25-16.58.27:689][  0]LogD3D11RHI:     DedicatedSystemMemory : 0 bytes
[2022.03.25-16.58.27:689][  0]LogD3D11RHI:     SharedSystemMemory : 5336487936 bytes
[2022.03.25-16.58.27:689][  0]LogD3D11RHI:     AdapterLuid : 0 47849
[2022.03.25-16.58.27:720][  0]LogD3D11RHI: Created device via AGS, feature level 11_0, supported extensions 1fffffbf.
[2022.03.25-16.58.27:720][  0]LogD3D11RHI: RHI has support for 64 bit atomics
[2022.03.25-16.58.27:720][  0]LogD3D11RHI: Async texture creation enabled
[2022.03.25-16.58.27:720][  0]LogD3D11RHI: Array index from any shader is supported
[2022.03.25-16.58.27:740][  0]LogD3D11RHI: GPU Timing Frequency: 25.000000 (Debug: 2 1)
[2022.03.25-16.58.28:450][  0]LogTargetPlatformManager: Display: Loaded TargetPlatform 'AllDesktop'
[2022.03.25-16.58.28:506][  0]LogTargetPlatformManager: Display: Loaded TargetPlatform 'Android'
[2022.03.25-16.58.28:506][  0]LogTargetPlatformManager: Display: Loaded TargetPlatform 'Android_ASTC'
[2022.03.25-16.58.28:506][  0]LogTargetPlatformManager: Display: Loaded TargetPlatform 'Android_DXT'
[2022.03.25-16.58.28:506][  0]LogTargetPlatformManager: Display: Loaded TargetPlatform 'Android_ETC2'
[2022.03.25-16.58.28:506][  0]LogTargetPlatformManager: Display: Loaded TargetPlatform 'AndroidClient'
[2022.03.25-16.58.28:506][  0]LogTargetPlatformManager: Display: Loaded TargetPlatform 'Android_ASTCClient'
[2022.03.25-16.58.28:506][  0]LogTargetPlatformManager: Display: Loaded TargetPlatform 'Android_DXTClient'
[2022.03.25-16.58.28:506][  0]LogTargetPlatformManager: Display: Loaded TargetPlatform 'Android_ETC2Client'
[2022.03.25-16.58.28:506][  0]LogTargetPlatformManager: Display: Loaded TargetPlatform 'Android_Multi'
[2022.03.25-16.58.28:506][  0]LogTargetPlatformManager: Display: Loaded TargetPlatform 'Android_MultiClient'
[2022.03.25-16.58.28:599][  0]LogTargetPlatformManager: Display: Loaded TargetPlatform 'IOSClient'
[2022.03.25-16.58.28:599][  0]LogTargetPlatformManager: Display: Loaded TargetPlatform 'IOS'
[2022.03.25-16.58.28:642][  0]LogTargetPlatformManager: Display: Loaded TargetPlatform 'Linux'
[2022.03.25-16.58.28:672][  0]LogTargetPlatformManager: Display: Loaded TargetPlatform 'LinuxNoEditor'
[2022.03.25-16.58.28:699][  0]LogTargetPlatformManager: Display: Loaded TargetPlatform 'LinuxClient'
[2022.03.25-16.58.28:728][  0]LogTargetPlatformManager: Display: Loaded TargetPlatform 'LinuxServer'
[2022.03.25-16.58.28:767][  0]LogTargetPlatformManager: Display: Loaded TargetPlatform 'LinuxAArch64NoEditor'
[2022.03.25-16.58.28:795][  0]LogTargetPlatformManager: Display: Loaded TargetPlatform 'LinuxAArch64Client'
[2022.03.25-16.58.28:823][  0]LogTargetPlatformManager: Display: Loaded TargetPlatform 'LinuxAArch64Server'
[2022.03.25-16.58.28:889][  0]LogTargetPlatformManager: Display: Loaded TargetPlatform 'Lumin'
[2022.03.25-16.58.28:889][  0]LogTargetPlatformManager: Display: Loaded TargetPlatform 'LuminClient'
[2022.03.25-16.58.28:928][  0]LogTargetPlatformManager: Display: Loaded TargetPlatform 'MacNoEditor'
[2022.03.25-16.58.28:956][  0]LogTargetPlatformManager: Display: Loaded TargetPlatform 'Mac'
[2022.03.25-16.58.28:984][  0]LogTargetPlatformManager: Display: Loaded TargetPlatform 'MacClient'
[2022.03.25-16.58.29:012][  0]LogTargetPlatformManager: Display: Loaded TargetPlatform 'MacServer'
[2022.03.25-16.58.29:048][  0]LogTargetPlatformManager: Display: Loaded TargetPlatform 'TVOSClient'
[2022.03.25-16.58.29:048][  0]LogTargetPlatformManager: Display: Loaded TargetPlatform 'TVOS'
[2022.03.25-16.58.29:086][  0]LogTargetPlatformManager: Display: Loaded TargetPlatform 'WindowsNoEditor'
[2022.03.25-16.58.29:118][  0]LogTargetPlatformManager: Display: Loaded TargetPlatform 'Windows'
[2022.03.25-16.58.29:147][  0]LogTargetPlatformManager: Display: Loaded TargetPlatform 'WindowsClient'
[2022.03.25-16.58.29:177][  0]LogTargetPlatformManager: Display: Loaded TargetPlatform 'WindowsServer'
[2022.03.25-16.58.29:177][  0]LogTargetPlatformManager: Display: Building Assets For Windows
[2022.03.25-16.58.29:282][  0]LogAudioDebug: Display: Lib vorbis DLL was dynamically loaded.
[2022.03.25-16.58.29:583][  0]LogTextureFormatOodle: Display: Oodle Texture 2.9.0 init RDO Off
[2022.03.25-16.58.29:928][  0]LogRendererCore: Ray tracing is disabled. Reason: r.RayTracing=0.
[2022.03.25-16.58.29:928][  0]LogShaderCompilers: Guid format shader working directory is -50 characters bigger than the processId version (../../../../../../Users/malik/OneDrive/Desktop/Software Engineering Capstone/Cstone/Aidan/Aidan/Intermediate/Shaders/WorkingDirectory/28120/).
[2022.03.25-16.58.29:928][  0]LogShaderCompilers: Cleaned the shader compiler working directory 'C:/Users/malik/AppData/Local/Temp/UnrealShaderWorkingDir/053526AB48E078E0D069E68A06385991/'.
[2022.03.25-16.58.29:929][  0]LogXGEController: Cannot use XGE Controller as Incredibuild is not installed on this machine.
[2022.03.25-16.58.29:929][  0]LogShaderCompilers: Cannot use XGE Shader Compiler as Incredibuild is not installed on this machine.
[2022.03.25-16.58.29:929][  0]LogShaderCompilers: Display: Using Local Shader Compiler.
[2022.03.25-16.58.34:537][  0]LogDerivedDataCache: Display: Max Cache Size: 512 MB
[2022.03.25-16.58.34:677][  0]LogDerivedDataCache: Loaded boot cache 0.14s 94MB C:/Users/malik/AppData/Local/UnrealEngine/4.27/DerivedDataCache/Boot.ddc.
[2022.03.25-16.58.34:677][  0]LogDerivedDataCache: Display: Loaded Boot cache: C:/Users/malik/AppData/Local/UnrealEngine/4.27/DerivedDataCache/Boot.ddc
[2022.03.25-16.58.34:677][  0]LogDerivedDataCache: FDerivedDataBackendGraph:  Pak pak cache file ../../../../../../Users/malik/OneDrive/Desktop/Software Engineering Capstone/Cstone/Aidan/Aidan/DerivedDataCache/DDC.ddp not found, will not use a pak cache.
[2022.03.25-16.58.34:677][  0]LogDerivedDataCache: Unable to find inner node Pak for hierarchical cache Hierarchy.
[2022.03.25-16.58.34:677][  0]LogDerivedDataCache: FDerivedDataBackendGraph:  CompressedPak pak cache file ../../../../../../Users/malik/OneDrive/Desktop/Software Engineering Capstone/Cstone/Aidan/Aidan/DerivedDataCache/Compressed.ddp not found, will not use a pak cache.
[2022.03.25-16.58.34:677][  0]LogDerivedDataCache: Unable to find inner node CompressedPak for hierarchical cache Hierarchy.
[2022.03.25-16.58.34:713][  0]LogDerivedDataCache: Display: Pak cache opened for reading ../../../Engine/DerivedDataCache/Compressed.ddp.
[2022.03.25-16.58.34:713][  0]LogDerivedDataCache: FDerivedDataBackendGraph:  EnterprisePak pak cache file ../../../Enterprise/DerivedDataCache/Compressed.ddp not found, will not use a pak cache.
[2022.03.25-16.58.34:713][  0]LogDerivedDataCache: Unable to find inner node EnterprisePak for hierarchical cache Hierarchy.
[2022.03.25-16.58.34:739][  0]LogDerivedDataCache: Speed tests for C:/Users/malik/AppData/Local/UnrealEngine/Common/DerivedDataCache took 0.02 seconds
[2022.03.25-16.58.34:739][  0]LogDerivedDataCache: Display: Performance to C:/Users/malik/AppData/Local/UnrealEngine/Common/DerivedDataCache: Latency=0.26ms. RandomReadSpeed=98.62MBs, RandomWriteSpeed=75.44MBs. Assigned SpeedClass 'Local'
[2022.03.25-16.58.34:740][  0]LogDerivedDataCache: Using Local data cache path C:/Users/malik/AppData/Local/UnrealEngine/Common/DerivedDataCache: Writable
[2022.03.25-16.58.34:740][  0]LogDerivedDataCache: Shared data cache path not found in *engine.ini, will not use an Shared cache.
[2022.03.25-16.58.34:740][  0]LogDerivedDataCache: Unable to find inner node Shared for hierarchical cache Hierarchy.
[2022.03.25-16.58.34:819][  0]LogSlate: Using FreeType 2.10.0
[2022.03.25-16.58.34:844][  0]LogSlate: SlateFontServices - WITH_FREETYPE: 1, WITH_HARFBUZZ: 1
[2022.03.25-16.58.34:914][  0]LogAssetRegistry: FAssetRegistry took 0.0057 seconds to start up
[2022.03.25-16.58.35:385][  0]LogInit: Selected Device Profile: [Windows]
[2022.03.25-16.58.35:385][  0]LogInit: Active device profile: [000001BADFA55300][000001BADE847600 49] Windows
[2022.03.25-16.58.35:385][  0]LogInit: Profiles: [000001BADFA55300][000001BADE847600 49] Windows, [000001BADFA1B000][000001BADE84F8C0 49] WindowsNoEditor, [000001BADFA56400][000001BADE853B80 49] WindowsServer, [000001BADFA1BF00][000001BADE8562C0 49] WindowsClient, [000001BADFA57300][000001BADE85A580 49] IOS, [000001BADFA19200][000001BADE85E840 49] iPadAir, [000001BADFA57E00][000001BADE862B00 49] iPadAir2, [000001BADF9CA100][000001BADE872FC0 49] IPadPro, [000001BADF9CA200][000001BADE84B000 49] iPadAir3, [000001BADFA19B00][000001BADE86F2C0 49] iPadAir4, [000001BADF9CB100][000001BADE86B580 49] iPadMini2, [000001BADFA1B300][000001BADE877840 49] iPadMini3, [000001BADF9CBE00][000001BADE87BB00 49] iPadMini4, [000001BADFA1A400][000001BADE87E240 49] iPadMini5, [000001BADFA11A00][000001BADE892780 49] iPhone6, [000001BADFA11B00][000001BADE8827C0 49] iPodTouch6, [000001BADFA56E00][000001BADE89AD00 49] iPhone7, [000001BADFA57100][000001BADE88AD40 49] iPodTouch7, [000001BADF9C9C00][000001BADE866FC0 49] iPhone5S, [000001BADFA55200][000001BADE887280 49] iPhone6Plus, [000001BADF9C9800][000001BADE897540 49] iPhone6S, [000001BADFA54400][000001BAE08B1800 49] iPhone6SPlus, [000001BADF9C8E00][000001BAE08B5AC0 49] iPhone7Plus, [000001BADFA57000][000001BAE08B8200 49] iPhoneSE, [000001BADF9C8A00][000001BAE08BC4C0 49] iPhone8, [000001BADFA54800][000001BAE08C0780 49] iPhone8Plus, [000001BADFA55D00][000001BAE08C4A40 49] iPhoneX, [000001BADFA10800][000001BAE08C8D00 49] iPhoneXS, [000001BADFA56D00][000001BADE88EF80 49] iPhoneXSMax, [000001BADFA10F00][000001BAE08CD200 49] iPhoneXR, [000001BADFA55A00][000001BAE08D54C0 49] iPhone11, [000001BADFA11300][000001BAE08D9780 49] iPhone11Pro, [000001BADFA10400][000001BAE08DDA40 49] iPhone11ProMax, [000001BADF9CB200][000001BAE08E0180 49] iPhoneSE2, [000001BADFA12300][000001BAE08E4440 49] iPhone12Mini, [000001BADF9C9400][000001BAE08E8700 49] iPhone12, [000001BADFA12D00][000001BAE08EC9C0 49] iPhone12Pro, [000001BADF9CB700][000001BAE08F0C80 49] iPhone12ProMax, [000001BADFA12E00][000001BAE08F4F40 49] iPadPro105, [000001BADF9CA400][000001BAE08D11C0 49] iPadPro129, [000001BADFA12F00][000001BAE08F9440 49] iPadPro97, [000001BADF9CB800][000001BAE0901700 49] iPadPro2_129, [000001BADFA55600][000001BAE09059C0 49] iPad5, [000001BADF9C9B00][000001BAE0908100 49] iPad6, [000001BADFA57700][000001BAE090C3C0 49] iPad7, [000001BADF9C8100][000001BAE0910680 49] iPad8, [000001BADFA55E00][000001BAE0914940 49] iPadPro11, [000001BADF9CAF00][000001BAE0918C00 49] iPadPro2_11, [000001BADFA57A00][000001BAE091CEC0 49] iPadPro3_129, [000001BADF9CAB00][000001BAE0921180 49] iPadPro4_129, [000001BADFA56900][000001BAE08FD400 49] AppleTV, [000001BADF9C8200][000001BAE0925680 49] AppleTV4K, [000001BADFA56500][000001BAE092D940 49] TVOS, [000001BADF9C9900][000001BAE0931C00 49] Mac, [000001BADFA54E00][000001BAE0934340 49] MacClient, [000001BADF9C8800][000001BAE0938600 49] MacNoEditor, [000001BADFA55800][000001BAE093C8C0 49] MacServer, [000001BADF9C9E00][000001BAE0940B80 49] Linux, [000001BADFA55000][000001BAE0944E40 49] LinuxAArch64, [000001BADF9C8300][000001BAE0949100 49] LinuxNoEditor, [000001BADFA54600][000001BAE094D3C0 49] LinuxAArch64NoEditor, [000001BADF9CBF00][000001BAE0929640 49] LinuxClient, [000001BADFA54100][000001BAE09518C0 49] LinuxAArch64Client, [000001BADF9C8600][000001BAE0959B80 49] LinuxServer, [000001BADFA55500][000001BAE095C2C0 49] LinuxAArch64Server, [000001BADF9CAD00][000001BAE0960580 49] Android, [000001BADFA54D00][000001BAE0964840 49] Android_Low, [000001BADF9C9600][000001BAE0968B00 49] Android_Mid, [000001BADFA57400][000001BAE096CDC0 49] Android_High, [000001BADF9C8B00][000001BAE0971080 49] Android_Default, [000001BADFA55F00][000001BAE0975340 49] Android_Adreno4xx, [000001BADF9C9500][000001BAE0979600 49] Android_Adreno5xx_Low, [000001BADFA57500][000001BAE0955880 49] Android_Adreno5xx, [000001BADF9C8700][000001BAE097DB00 49] Android_Adreno6xx, [000001BADFA55C00][000001BAE0984240 49] Android_Adreno6xx_Vulkan, [000001BADF9CA800][000001BAE0988500 49] Android_Mali_T6xx, [000001BADFA56300][000001BAE098C7C0 49] Android_Mali_T7xx, [000001BADF9C9700][000001BAE0990A80 49] Android_Mali_T8xx, [000001BADFA56800][000001BAE0994D40 49] Android_Mali_G71, [000001BADF9CB400][000001BAE0999000 49] Android_Mali_G72, [000001BADFA54700][000001BAE099D2C0 49] Android_Mali_G72_Vulkan, [000001BADF9CA700][000001BAE09A1580 49] Android_Mali_G76, [000001BADFA13900][000001BAE0A15840 49] Android_Mali_G76_Vulkan, [000001BADFA18900][000001BAE0981AC0 49] Android_Mali_G77, [000001BADFA13200][000001BAD74F61C0 49] Android_Mali_G77_Vulkan, [000001BADFA18D00][000001BAD7512480 49] Android_Mali_G78, [000001BADFA10C00][000001BAD752E740 49] Android_Mali_G78_Vulkan, [000001BADFA18B00][000001BAD7532A00 49] Android_Mali_G710, [000001BADFA10500][000001BAD7536CC0 49] Android_Mali_G710_Vulkan, [000001BADFA19D00][000001BAD753AF80 49] Android_Vulkan_SM5, [000001BADFA10200][000001BAE0C7B240 49] Android_PowerVR_G6xxx, [000001BADFA1BB00][000001BAE0C7F500 49] Android_PowerVR_GT7xxx, [000001BADFA13700][000001BAE0C837C0 49] Android_PowerVR_GE8xxx, [000001BADFA18200][000001BAD7449A80 49] Android_PowerVR_GM9xxx, [000001BADFA12200][000001BAD750E180 49] Android_PowerVR_GM9xxx_Vulkan, [000001BADFA1A900][000001BAD74CA400 49] Android_TegraK1, [000001BADFA10E00][000001BADE5866C0 49] Android_Unknown_Vulkan, [000001BADFA19600][000001BADE58A980 49] Lumin, [000001BADFA11100][000001BADE58EC40 49] Lumin_Desktop, [000001BADFA1AC00][000001BADE592F00 49] HoloLens, 
[2022.03.25-16.58.35:993][  0]LogMeshReduction: Using QuadricMeshReduction for automatic static mesh reduction
[2022.03.25-16.58.35:993][  0]LogMeshReduction: Using SimplygonMeshReduction for automatic skeletal mesh reduction
[2022.03.25-16.58.35:993][  0]LogMeshReduction: Using ProxyLODMeshReduction for automatic mesh merging
[2022.03.25-16.58.35:993][  0]LogMeshReduction: No distributed automatic mesh merging module available
[2022.03.25-16.58.35:993][  0]LogMeshMerging: No distributed automatic mesh merging module available
[2022.03.25-16.58.36:090][  0]LogNetVersion: Aidan 1.0.0, NetCL: 17155196, EngineNetVer: 17, GameNetVer: 0 (Checksum: 273725539)
[2022.03.25-16.58.37:969][  0]LogTexture: Default maximum texture size for cubemaps generated from long-lat sources has been changed from 512 to unlimited. In order to preserve old behaiour for '/Engine/MapTemplates/Sky/DaylightAmbientCubemap.DaylightAmbientCubemap', its maximum texture size has been explicitly set to 512.
[2022.03.25-16.58.38:148][  0]LogHMD: PokeAHoleMaterial loaded successfully
[2022.03.25-16.58.38:158][  0]LogUObjectArray: 17178 objects as part of root set at end of initial load.
[2022.03.25-16.58.38:158][  0]LogUObjectAllocator: 4302048 out of 0 bytes used by permanent object pool.
[2022.03.25-16.58.38:158][  0]LogUObjectArray: CloseDisregardForGC: 0/0 objects in disregard for GC pool
[2022.03.25-16.58.40:293][  0]LogNiagaraDebuggerClient: Niagara Debugger Client Initialized | Session: EB3E73FB4C7BBC5498497CA5B6135222 | Instance: 8C77DD9E493379BB78DDBD86BD9D5E67 (LAPTOP-LV1RKO7P-28120).
[2022.03.25-16.58.41:056][  0]LogPython: Using Python 3.7.7
[2022.03.25-16.58.42:304][  0]LogTcpMessaging: Initializing TcpMessaging bridge
[2022.03.25-16.58.42:344][  0]LogUdpMessaging: Initializing bridge on interface 0.0.0.0:0 to multicast group 230.0.0.1:6666.
[2022.03.25-16.58.43:065][  0]SourceControl: Source control is disabled
[2022.03.25-16.58.43:066][  0]SourceControl: Source control is disabled
[2022.03.25-16.58.43:110][  0]SourceControl: Source control is disabled
[2022.03.25-16.58.43:175][  0]SourceControl: Source control is disabled
[2022.03.25-16.58.43:248][  0]SourceControl: Source control is disabled
[2022.03.25-16.58.43:274][  0]LogUProjectInfo: Found projects:
[2022.03.25-16.58.45:150][  0]LogOpenImageDenoise: OIDN starting up
[2022.03.25-16.58.45:261][  0]LogAndroidPermission: UAndroidPermissionCallbackProxy::GetInstance
[2022.03.25-16.58.45:426][  0]LogAudioCaptureCore: Display: No Audio Capture implementations found. Audio input will be silent.
[2022.03.25-16.58.45:426][  0]LogAudioCaptureCore: Display: No Audio Capture implementations found. Audio input will be silent.
[2022.03.25-16.58.46:687][  0]LogCollectionManager: Loaded 0 collections in 0.003570 seconds
[2022.03.25-16.58.46:692][  0]LogFileCache: Scanning file cache for directory 'C:/Users/malik/OneDrive/Desktop/Software Engineering Capstone/Cstone/Aidan/Aidan/Saved/Collections/' took 0.00s
[2022.03.25-16.58.46:692][  0]LogFileCache: Scanning file cache for directory 'C:/Users/malik/OneDrive/Desktop/Software Engineering Capstone/Cstone/Aidan/Aidan/Content/Developers/malik/Collections/' took 0.00s
[2022.03.25-16.58.46:692][  0]LogFileCache: Scanning file cache for directory 'C:/Users/malik/OneDrive/Desktop/Software Engineering Capstone/Cstone/Aidan/Aidan/Content/Collections/' took 0.00s
[2022.03.25-16.58.46:855][  0]LogOcInput: OculusInput pre-init called
[2022.03.25-16.58.47:485][  0]LogEngine: Initializing Engine...
[2022.03.25-16.58.47:545][  0]LogHMD: Failed to enumerate extensions. Please check that you have a valid OpenXR runtime installed.
[2022.03.25-16.58.47:546][  0]LogHMD: Failed to initialize OpenVR with code 110
[2022.03.25-16.58.47:546][  0]LogMagicLeap: Warning: VR disabled because ZI is not enabled.  To enable, in the editor, Edit -> Project Settings -> Plugins -> Magic Leap Plugin -> Enable Zero Iteration
[2022.03.25-16.58.47:549][  0]LogStats: UGameplayTagsManager::InitializeManager -  0.001 s
[2022.03.25-16.58.48:040][  0]LogInit: Initializing FReadOnlyCVARCache
[2022.03.25-16.58.48:085][  0]LogAIModule: Creating AISystem for world Untitled
[2022.03.25-16.58.48:086][  0]LogAudio: Display: Initializing Audio Device Manager...
[2022.03.25-16.58.48:114][  0]LogAudio: Display: Loading Default Audio Settings Objects...
[2022.03.25-16.58.48:121][  0]LogAudio: Display: No default SoundConcurrencyObject specified (or failed to load).
[2022.03.25-16.58.48:123][  0]LogAudio: Display: Audio Device Manager Initialized
[2022.03.25-16.58.48:123][  0]LogAudio: Display: Creating Audio Device:                 Id: 1, Scope: Shared, Realtime: True
[2022.03.25-16.58.48:123][  0]LogAudioMixer: Display: Audio Mixer Platform Settings:
[2022.03.25-16.58.48:123][  0]LogAudioMixer: Display: 	Sample Rate:						  48000
[2022.03.25-16.58.48:123][  0]LogAudioMixer: Display: 	Callback Buffer Frame Size Requested: 1024
[2022.03.25-16.58.48:123][  0]LogAudioMixer: Display: 	Callback Buffer Frame Size To Use:	  1024
[2022.03.25-16.58.48:123][  0]LogAudioMixer: Display: 	Number of buffers to queue:			  2
[2022.03.25-16.58.48:123][  0]LogAudioMixer: Display: 	Max Channels (voices):				  32
[2022.03.25-16.58.48:123][  0]LogAudioMixer: Display: 	Number of Async Source Workers:		  0
[2022.03.25-16.58.48:123][  0]LogAudio: Display: AudioDevice MaxSources: 32
[2022.03.25-16.58.48:123][  0]LogAudio: Display: Audio Spatialization Plugin: None (built-in).
[2022.03.25-16.58.48:124][  0]LogAudio: Display: Audio Reverb Plugin: None (built-in).
[2022.03.25-16.58.48:124][  0]LogAudio: Display: Audio Occlusion Plugin: None (built-in).
[2022.03.25-16.58.48:124][  0]LogAudioMixer: Display: Initializing audio mixer.
[2022.03.25-16.58.48:180][  0]LogAudioMixer: Display: 0: FrontLeft
[2022.03.25-16.58.48:180][  0]LogAudioMixer: Display: 1: FrontRight
[2022.03.25-16.58.48:406][  0]LogAudioMixer: Display: Using Audio Device Speakers (Realtek(R) Audio)
[2022.03.25-16.58.48:407][  0]LogAudioMixer: Display: Initializing Sound Submixes...
[2022.03.25-16.58.48:441][  0]LogAudioMixer: Display: Creating Master Submix 'MasterSubmixDefault'
[2022.03.25-16.58.48:441][  0]LogAudioMixer: Display: Creating Master Submix 'MasterReverbSubmixDefault'
[2022.03.25-16.58.48:443][  0]LogAudioMixer: Display: Creating Master Submix 'MasterEQSubmixDefault'
[2022.03.25-16.58.48:443][  0]LogAudioMixer: FMixerPlatformXAudio2::StartAudioStream() called
[2022.03.25-16.58.48:443][  0]LogAudioMixer: Display: Output buffers initialized: Frames=1024, Channels=2, Samples=2048
[2022.03.25-16.58.48:445][  0]LogAudioMixer: Display: Starting AudioMixerPlatformInterface::RunInternal()
[2022.03.25-16.58.48:445][  0]LogAudioMixer: Display: FMixerPlatformXAudio2::SubmitBuffer() called for the first time
[2022.03.25-16.58.48:445][  0]LogInit: FAudioDevice initialized.
[2022.03.25-16.58.48:445][  0]LogAudio: Display: Audio Device (ID: 1) registered with world 'Untitled'.
[2022.03.25-16.58.48:445][  0]LogNetVersion: Set ProjectVersion to 1.0.0.0. Version Checksum will be recalculated on next use.
[2022.03.25-16.58.48:534][  0]LogDerivedDataCache: Saved boot cache 0.09s 94MB C:/Users/malik/AppData/Local/UnrealEngine/4.27/DerivedDataCache/Boot.ddc.
[2022.03.25-16.58.48:539][  0]LogInit: Texture streaming: Enabled
[2022.03.25-16.58.48:629][  0]LogAnalytics: Display: [UEEditor.Rocket.Release] APIServer = https://datarouter.ol.epicgames.com/. AppVersion = 4.27.2-18319896+++UE4+Release-4.27
[2022.03.25-16.58.48:655][  0]LogEngineSessionManager: EngineSessionManager initialized
[2022.03.25-16.58.48:655][  0]LogEngineSessionManager: EngineSessionManager sent abnormal shutdown report. Type=Debugger, SessionId={A5C7B97A-49C2-A1F9-C48C-74AA845D8FD8}
[2022.03.25-16.58.48:655][  0]LogEditorSessionSummary: Verbose: Initializing EditorSessionSummaryWriter for editor session tracking
[2022.03.25-16.58.48:657][  0]LogEditorSessionSummary: EditorSessionSummaryWriter initialized
[2022.03.25-16.58.48:762][  0]LogInit: Transaction tracking system initialized
[2022.03.25-16.58.48:951][  0]BlueprintLog: New page: Editor Load
[2022.03.25-16.58.49:458][  0]LocalizationService: Localization service is disabled
[2022.03.25-16.58.49:660][  0]TimingProfiler: Initialize
[2022.03.25-16.58.49:661][  0]TimingProfiler: OnSessionChanged
[2022.03.25-16.58.49:661][  0]LoadingProfiler: Initialize
[2022.03.25-16.58.49:661][  0]LoadingProfiler: OnSessionChanged
[2022.03.25-16.58.49:661][  0]NetworkingProfiler: Initialize
[2022.03.25-16.58.49:662][  0]NetworkingProfiler: OnSessionChanged
[2022.03.25-16.58.49:662][  0]MemoryProfiler: Initialize
[2022.03.25-16.58.49:662][  0]MemoryProfiler: OnSessionChanged
[2022.03.25-16.58.50:591][  0]LogFileCache: Scanning file cache for directory 'C:/Users/malik/OneDrive/Desktop/Software Engineering Capstone/Cstone/Aidan/Aidan/Content/' took 0.00s
[2022.03.25-16.58.50:591][  0]LogCook: Display: CookSettings for Memory: MemoryMaxUsedVirtual 0MiB, MemoryMaxUsedPhysical 16384MiB, MemoryMinFreeVirtual 0MiB, MemoryMinFreePhysical 1024MiB
[2022.03.25-16.58.50:591][  0]LogCook: Display: Mobile HDR setting 1
[2022.03.25-16.58.53:078][  0]LogInit: Display: Engine is initialized. Leaving FEngineLoop::Init()
[2022.03.25-16.58.53:112][  0]SourceControl: Source control is disabled
[2022.03.25-16.58.53:113][  0]LogUnrealEdMisc: Loading editor; pre map load, took 36.637
[2022.03.25-16.58.53:120][  0]Cmd: MAP LOAD FILE="../../../Engine/Content/Maps/Templates/Template_Default.umap" TEMPLATE=1 SHOWPROGRESS=1 FEATURELEVEL=3
[2022.03.25-16.58.53:144][  0]LightingResults: New page: Lighting Build
[2022.03.25-16.58.53:168][  0]LogWorld: UWorld::CleanupWorld for Untitled, bSessionEnded=true, bCleanupResources=true
[2022.03.25-16.58.53:168][  0]LogSlate: InvalidateAllWidgets triggered.  All widgets were invalidated
[2022.03.25-16.58.53:169][  0]MapCheck: New page: Map Check
[2022.03.25-16.58.53:169][  0]LightingResults: New page: Lighting Build
[2022.03.25-16.58.53:177][  0]LogAudio: Display: Audio Device unregistered from world 'None'.
[2022.03.25-16.58.53:182][  0]LogUObjectHash: Compacting FUObjectHashTables data took   1.47ms
[2022.03.25-16.58.53:556][  0]LogTexture: Display: Building textures: DeprecatedTextureEB9CBE3C423008B5E8E130901E171C89 (BGRA8, 128X128)
[2022.03.25-16.58.53:607][  0]LogAudio: Display: Audio Device (ID: 1) registered with world 'Untitled_1'.
[2022.03.25-16.58.53:609][  0]LogAIModule: Creating AISystem for world Untitled_1
[2022.03.25-16.58.53:698][  0]LogEditorServer: Finished looking for orphan Actors (0.000 secs)
[2022.03.25-16.58.53:720][  0]LogUObjectHash: Compacting FUObjectHashTables data took   1.97ms
[2022.03.25-16.58.53:730][  0]Cmd: MAP CHECKDEP NOCLEARLOG
[2022.03.25-16.58.53:732][  0]MapCheck: Map check complete: 0 Error(s), 0 Warning(s), took 1.059ms to complete.
[2022.03.25-16.58.53:732][  0]LogFileHelpers: Loading map 'Template_Default' took 0.613
[2022.03.25-16.58.53:747][  0]LogUnrealEdMisc: Total Editor Startup Time, took 37.270
[2022.03.25-16.58.54:125][  0]LogSlate: Updating window title bar state: overlay mode, drag disabled, window buttons hidden, title bar hidden
[2022.03.25-16.58.54:140][  0]LogSlate: Updating window title bar state: overlay mode, drag disabled, window buttons hidden, title bar hidden
[2022.03.25-16.58.54:152][  0]LogSlate: Updating window title bar state: overlay mode, drag disabled, window buttons hidden, title bar hidden
[2022.03.25-16.58.54:165][  0]LogSlate: Updating window title bar state: overlay mode, drag disabled, window buttons hidden, title bar hidden
[2022.03.25-16.58.54:302][  0]LogNativeClassHierarchy: Verbose: Native class hierarchy populated in 0.0191 seconds. Added 3827 classes and 931 folders.
[2022.03.25-16.58.54:342][  0]LogNativeClassHierarchy: Verbose: Native class hierarchy updated for 'WidgetCarousel' in 0.0007 seconds. Added 0 classes and 0 folders.
[2022.03.25-16.58.54:401][  0]LogPakFile: PakFile PrimaryIndexSize=187
[2022.03.25-16.58.54:401][  0]LogPakFile: PakFile PathHashIndexSize=101
[2022.03.25-16.58.54:401][  0]LogPakFile: PakFile FullDirectoryIndexSize=148
[2022.03.25-16.58.54:403][  0]LogShaderLibrary: Display: ShaderCodeLibraryPakFileMountedCallback: PakFile 'C:/Program Files/Epic Games/UE_4.27/FeaturePacks/FP_FirstPerson.upack' (chunk index -1, root 'root:/') mounted
[2022.03.25-16.58.54:403][  0]LogShaderLibrary: Display: ShaderCodeLibraryPakFileMountedCallback: pending pak file info (ChunkID:-1 Root:root:/ File:C:/Program Files/Epic Games/UE_4.27/FeaturePacks/FP_FirstPerson.upack)
[2022.03.25-16.58.54:403][  0]LogPakFile: OnPakFileMounted2Time == 0.002241
[2022.03.25-16.58.54:442][  0]LogPakFile: PakFile PrimaryIndexSize=189
[2022.03.25-16.58.54:442][  0]LogPakFile: PakFile PathHashIndexSize=101
[2022.03.25-16.58.54:442][  0]LogPakFile: PakFile FullDirectoryIndexSize=152
[2022.03.25-16.58.54:442][  0]LogShaderLibrary: Display: ShaderCodeLibraryPakFileMountedCallback: PakFile 'C:/Program Files/Epic Games/UE_4.27/FeaturePacks/FP_FirstPersonBP.upack' (chunk index -1, root 'root:/') mounted
[2022.03.25-16.58.54:442][  0]LogShaderLibrary: Display: ShaderCodeLibraryPakFileMountedCallback: pending pak file info (ChunkID:-1 Root:root:/ File:C:/Program Files/Epic Games/UE_4.27/FeaturePacks/FP_FirstPersonBP.upack)
[2022.03.25-16.58.54:442][  0]LogPakFile: OnPakFileMounted2Time == 0.000105
[2022.03.25-16.58.54:460][  0]LogPakFile: PakFile PrimaryIndexSize=191
[2022.03.25-16.58.54:460][  0]LogPakFile: PakFile PathHashIndexSize=101
[2022.03.25-16.58.54:460][  0]LogPakFile: PakFile FullDirectoryIndexSize=160
[2022.03.25-16.58.54:460][  0]LogShaderLibrary: Display: ShaderCodeLibraryPakFileMountedCallback: PakFile 'C:/Program Files/Epic Games/UE_4.27/FeaturePacks/MobileStarterContent.upack' (chunk index -1, root 'root:/') mounted
[2022.03.25-16.58.54:460][  0]LogShaderLibrary: Display: ShaderCodeLibraryPakFileMountedCallback: pending pak file info (ChunkID:-1 Root:root:/ File:C:/Program Files/Epic Games/UE_4.27/FeaturePacks/MobileStarterContent.upack)
[2022.03.25-16.58.54:460][  0]LogPakFile: OnPakFileMounted2Time == 0.000068
[2022.03.25-16.58.54:479][  0]LogPakFile: PakFile PrimaryIndexSize=185
[2022.03.25-16.58.54:479][  0]LogPakFile: PakFile PathHashIndexSize=101
[2022.03.25-16.58.54:479][  0]LogPakFile: PakFile FullDirectoryIndexSize=148
[2022.03.25-16.58.54:479][  0]LogShaderLibrary: Display: ShaderCodeLibraryPakFileMountedCallback: PakFile 'C:/Program Files/Epic Games/UE_4.27/FeaturePacks/StarterContent.upack' (chunk index -1, root 'root:/') mounted
[2022.03.25-16.58.54:479][  0]LogShaderLibrary: Display: ShaderCodeLibraryPakFileMountedCallback: pending pak file info (ChunkID:-1 Root:root:/ File:C:/Program Files/Epic Games/UE_4.27/FeaturePacks/StarterContent.upack)
[2022.03.25-16.58.54:479][  0]LogPakFile: OnPakFileMounted2Time == 0.000080
[2022.03.25-16.58.54:497][  0]LogPakFile: PakFile PrimaryIndexSize=190
[2022.03.25-16.58.54:497][  0]LogPakFile: PakFile PathHashIndexSize=101
[2022.03.25-16.58.54:497][  0]LogPakFile: PakFile FullDirectoryIndexSize=154
[2022.03.25-16.58.54:497][  0]LogShaderLibrary: Display: ShaderCodeLibraryPakFileMountedCallback: PakFile 'C:/Program Files/Epic Games/UE_4.27/FeaturePacks/TP_2DSideScroller.upack' (chunk index -1, root 'root:/') mounted
[2022.03.25-16.58.54:497][  0]LogShaderLibrary: Display: ShaderCodeLibraryPakFileMountedCallback: pending pak file info (ChunkID:-1 Root:root:/ File:C:/Program Files/Epic Games/UE_4.27/FeaturePacks/TP_2DSideScroller.upack)
[2022.03.25-16.58.54:497][  0]LogPakFile: OnPakFileMounted2Time == 0.000066
[2022.03.25-16.58.54:507][  0]LogPakFile: PakFile PrimaryIndexSize=192
[2022.03.25-16.58.54:507][  0]LogPakFile: PakFile PathHashIndexSize=101
[2022.03.25-16.58.54:507][  0]LogPakFile: PakFile FullDirectoryIndexSize=158
[2022.03.25-16.58.54:507][  0]LogShaderLibrary: Display: ShaderCodeLibraryPakFileMountedCallback: PakFile 'C:/Program Files/Epic Games/UE_4.27/FeaturePacks/TP_2DSideScrollerBP.upack' (chunk index -1, root 'root:/') mounted
[2022.03.25-16.58.54:507][  0]LogShaderLibrary: Display: ShaderCodeLibraryPakFileMountedCallback: pending pak file info (ChunkID:-1 Root:root:/ File:C:/Program Files/Epic Games/UE_4.27/FeaturePacks/TP_2DSideScrollerBP.upack)
[2022.03.25-16.58.54:507][  0]LogPakFile: OnPakFileMounted2Time == 0.000092
[2022.03.25-16.58.54:526][  0]LogPakFile: PakFile PrimaryIndexSize=182
[2022.03.25-16.58.54:526][  0]LogPakFile: PakFile PathHashIndexSize=101
[2022.03.25-16.58.54:526][  0]LogPakFile: PakFile FullDirectoryIndexSize=138
[2022.03.25-16.58.54:526][  0]LogShaderLibrary: Display: ShaderCodeLibraryPakFileMountedCallback: PakFile 'C:/Program Files/Epic Games/UE_4.27/FeaturePacks/TP_Flying.upack' (chunk index -1, root 'root:/') mounted
[2022.03.25-16.58.54:526][  0]LogShaderLibrary: Display: ShaderCodeLibraryPakFileMountedCallback: pending pak file info (ChunkID:-1 Root:root:/ File:C:/Program Files/Epic Games/UE_4.27/FeaturePacks/TP_Flying.upack)
[2022.03.25-16.58.54:526][  0]LogPakFile: OnPakFileMounted2Time == 0.000084
[2022.03.25-16.58.54:549][  0]LogPakFile: PakFile PrimaryIndexSize=184
[2022.03.25-16.58.54:549][  0]LogPakFile: PakFile PathHashIndexSize=101
[2022.03.25-16.58.54:549][  0]LogPakFile: PakFile FullDirectoryIndexSize=142
[2022.03.25-16.58.54:549][  0]LogShaderLibrary: Display: ShaderCodeLibraryPakFileMountedCallback: PakFile 'C:/Program Files/Epic Games/UE_4.27/FeaturePacks/TP_FlyingBP.upack' (chunk index -1, root 'root:/') mounted
[2022.03.25-16.58.54:549][  0]LogShaderLibrary: Display: ShaderCodeLibraryPakFileMountedCallback: pending pak file info (ChunkID:-1 Root:root:/ File:C:/Program Files/Epic Games/UE_4.27/FeaturePacks/TP_FlyingBP.upack)
[2022.03.25-16.58.54:549][  0]LogPakFile: OnPakFileMounted2Time == 0.000088
[2022.03.25-16.58.54:563][  0]LogPakFile: PakFile PrimaryIndexSize=188
[2022.03.25-16.58.54:563][  0]LogPakFile: PakFile PathHashIndexSize=101
[2022.03.25-16.58.54:563][  0]LogPakFile: PakFile FullDirectoryIndexSize=150
[2022.03.25-16.58.54:563][  0]LogShaderLibrary: Display: ShaderCodeLibraryPakFileMountedCallback: PakFile 'C:/Program Files/Epic Games/UE_4.27/FeaturePacks/TP_HandheldARBP.upack' (chunk index -1, root 'root:/') mounted
[2022.03.25-16.58.54:563][  0]LogShaderLibrary: Display: ShaderCodeLibraryPakFileMountedCallback: pending pak file info (ChunkID:-1 Root:root:/ File:C:/Program Files/Epic Games/UE_4.27/FeaturePacks/TP_HandheldARBP.upack)
[2022.03.25-16.58.54:563][  0]LogPakFile: OnPakFileMounted2Time == 0.000064
[2022.03.25-16.58.54:582][  0]LogPakFile: PakFile PrimaryIndexSize=182
[2022.03.25-16.58.54:582][  0]LogPakFile: PakFile PathHashIndexSize=101
[2022.03.25-16.58.54:582][  0]LogPakFile: PakFile FullDirectoryIndexSize=138
[2022.03.25-16.58.54:582][  0]LogShaderLibrary: Display: ShaderCodeLibraryPakFileMountedCallback: PakFile 'C:/Program Files/Epic Games/UE_4.27/FeaturePacks/TP_Puzzle.upack' (chunk index -1, root 'root:/') mounted
[2022.03.25-16.58.54:582][  0]LogShaderLibrary: Display: ShaderCodeLibraryPakFileMountedCallback: pending pak file info (ChunkID:-1 Root:root:/ File:C:/Program Files/Epic Games/UE_4.27/FeaturePacks/TP_Puzzle.upack)
[2022.03.25-16.58.54:582][  0]LogPakFile: OnPakFileMounted2Time == 0.000077
[2022.03.25-16.58.54:597][  0]LogPakFile: PakFile PrimaryIndexSize=184
[2022.03.25-16.58.54:597][  0]LogPakFile: PakFile PathHashIndexSize=101
[2022.03.25-16.58.54:597][  0]LogPakFile: PakFile FullDirectoryIndexSize=142
[2022.03.25-16.58.54:597][  0]LogShaderLibrary: Display: ShaderCodeLibraryPakFileMountedCallback: PakFile 'C:/Program Files/Epic Games/UE_4.27/FeaturePacks/TP_PuzzleBP.upack' (chunk index -1, root 'root:/') mounted
[2022.03.25-16.58.54:597][  0]LogShaderLibrary: Display: ShaderCodeLibraryPakFileMountedCallback: pending pak file info (ChunkID:-1 Root:root:/ File:C:/Program Files/Epic Games/UE_4.27/FeaturePacks/TP_PuzzleBP.upack)
[2022.03.25-16.58.54:597][  0]LogPakFile: OnPakFileMounted2Time == 0.000075
[2022.03.25-16.58.54:607][  0]LogPakFile: PakFile PrimaryIndexSize=183
[2022.03.25-16.58.54:607][  0]LogPakFile: PakFile PathHashIndexSize=101
[2022.03.25-16.58.54:608][  0]LogPakFile: PakFile FullDirectoryIndexSize=140
[2022.03.25-16.58.54:608][  0]LogShaderLibrary: Display: ShaderCodeLibraryPakFileMountedCallback: PakFile 'C:/Program Files/Epic Games/UE_4.27/FeaturePacks/TP_Rolling.upack' (chunk index -1, root 'root:/') mounted
[2022.03.25-16.58.54:608][  0]LogShaderLibrary: Display: ShaderCodeLibraryPakFileMountedCallback: pending pak file info (ChunkID:-1 Root:root:/ File:C:/Program Files/Epic Games/UE_4.27/FeaturePacks/TP_Rolling.upack)
[2022.03.25-16.58.54:608][  0]LogPakFile: OnPakFileMounted2Time == 0.000139
[2022.03.25-16.58.54:621][  0]LogPakFile: PakFile PrimaryIndexSize=185
[2022.03.25-16.58.54:621][  0]LogPakFile: PakFile PathHashIndexSize=101
[2022.03.25-16.58.54:621][  0]LogPakFile: PakFile FullDirectoryIndexSize=144
[2022.03.25-16.58.54:621][  0]LogShaderLibrary: Display: ShaderCodeLibraryPakFileMountedCallback: PakFile 'C:/Program Files/Epic Games/UE_4.27/FeaturePacks/TP_RollingBP.upack' (chunk index -1, root 'root:/') mounted
[2022.03.25-16.58.54:621][  0]LogShaderLibrary: Display: ShaderCodeLibraryPakFileMountedCallback: pending pak file info (ChunkID:-1 Root:root:/ File:C:/Program Files/Epic Games/UE_4.27/FeaturePacks/TP_RollingBP.upack)
[2022.03.25-16.58.54:621][  0]LogPakFile: OnPakFileMounted2Time == 0.000096
[2022.03.25-16.58.54:635][  0]LogPakFile: PakFile PrimaryIndexSize=188
[2022.03.25-16.58.54:635][  0]LogPakFile: PakFile PathHashIndexSize=101
[2022.03.25-16.58.54:635][  0]LogPakFile: PakFile FullDirectoryIndexSize=150
[2022.03.25-16.58.54:635][  0]LogShaderLibrary: Display: ShaderCodeLibraryPakFileMountedCallback: PakFile 'C:/Program Files/Epic Games/UE_4.27/FeaturePacks/TP_SideScroller.upack' (chunk index -1, root 'root:/') mounted
[2022.03.25-16.58.54:635][  0]LogShaderLibrary: Display: ShaderCodeLibraryPakFileMountedCallback: pending pak file info (ChunkID:-1 Root:root:/ File:C:/Program Files/Epic Games/UE_4.27/FeaturePacks/TP_SideScroller.upack)
[2022.03.25-16.58.54:635][  0]LogPakFile: OnPakFileMounted2Time == 0.000072
[2022.03.25-16.58.54:650][  0]LogPakFile: PakFile PrimaryIndexSize=190
[2022.03.25-16.58.54:650][  0]LogPakFile: PakFile PathHashIndexSize=101
[2022.03.25-16.58.54:650][  0]LogPakFile: PakFile FullDirectoryIndexSize=154
[2022.03.25-16.58.54:650][  0]LogShaderLibrary: Display: ShaderCodeLibraryPakFileMountedCallback: PakFile 'C:/Program Files/Epic Games/UE_4.27/FeaturePacks/TP_SideScrollerBP.upack' (chunk index -1, root 'root:/') mounted
[2022.03.25-16.58.54:650][  0]LogShaderLibrary: Display: ShaderCodeLibraryPakFileMountedCallback: pending pak file info (ChunkID:-1 Root:root:/ File:C:/Program Files/Epic Games/UE_4.27/FeaturePacks/TP_SideScrollerBP.upack)
[2022.03.25-16.58.54:650][  0]LogPakFile: OnPakFileMounted2Time == 0.000072
[2022.03.25-16.58.54:677][  0]LogPakFile: PakFile PrimaryIndexSize=187
[2022.03.25-16.58.54:677][  0]LogPakFile: PakFile PathHashIndexSize=101
[2022.03.25-16.58.54:677][  0]LogPakFile: PakFile FullDirectoryIndexSize=148
[2022.03.25-16.58.54:677][  0]LogShaderLibrary: Display: ShaderCodeLibraryPakFileMountedCallback: PakFile 'C:/Program Files/Epic Games/UE_4.27/FeaturePacks/TP_ThirdPerson.upack' (chunk index -1, root 'root:/') mounted
[2022.03.25-16.58.54:678][  0]LogShaderLibrary: Display: ShaderCodeLibraryPakFileMountedCallback: pending pak file info (ChunkID:-1 Root:root:/ File:C:/Program Files/Epic Games/UE_4.27/FeaturePacks/TP_ThirdPerson.upack)
[2022.03.25-16.58.54:678][  0]LogPakFile: OnPakFileMounted2Time == 0.000087
[2022.03.25-16.58.54:689][  0]LogPakFile: PakFile PrimaryIndexSize=189
[2022.03.25-16.58.54:689][  0]LogPakFile: PakFile PathHashIndexSize=101
[2022.03.25-16.58.54:689][  0]LogPakFile: PakFile FullDirectoryIndexSize=152
[2022.03.25-16.58.54:689][  0]LogShaderLibrary: Display: ShaderCodeLibraryPakFileMountedCallback: PakFile 'C:/Program Files/Epic Games/UE_4.27/FeaturePacks/TP_ThirdPersonBP.upack' (chunk index -1, root 'root:/') mounted
[2022.03.25-16.58.54:689][  0]LogShaderLibrary: Display: ShaderCodeLibraryPakFileMountedCallback: pending pak file info (ChunkID:-1 Root:root:/ File:C:/Program Files/Epic Games/UE_4.27/FeaturePacks/TP_ThirdPersonBP.upack)
[2022.03.25-16.58.54:689][  0]LogPakFile: OnPakFileMounted2Time == 0.000082
[2022.03.25-16.58.54:710][  0]LogPakFile: PakFile PrimaryIndexSize=183
[2022.03.25-16.58.54:710][  0]LogPakFile: PakFile PathHashIndexSize=101
[2022.03.25-16.58.54:710][  0]LogPakFile: PakFile FullDirectoryIndexSize=140
[2022.03.25-16.58.54:710][  0]LogShaderLibrary: Display: ShaderCodeLibraryPakFileMountedCallback: PakFile 'C:/Program Files/Epic Games/UE_4.27/FeaturePacks/TP_TopDown.upack' (chunk index -1, root 'root:/') mounted
[2022.03.25-16.58.54:710][  0]LogShaderLibrary: Display: ShaderCodeLibraryPakFileMountedCallback: pending pak file info (ChunkID:-1 Root:root:/ File:C:/Program Files/Epic Games/UE_4.27/FeaturePacks/TP_TopDown.upack)
[2022.03.25-16.58.54:710][  0]LogPakFile: OnPakFileMounted2Time == 0.000104
[2022.03.25-16.58.54:732][  0]LogPakFile: PakFile PrimaryIndexSize=185
[2022.03.25-16.58.54:732][  0]LogPakFile: PakFile PathHashIndexSize=101
[2022.03.25-16.58.54:732][  0]LogPakFile: PakFile FullDirectoryIndexSize=144
[2022.03.25-16.58.54:732][  0]LogShaderLibrary: Display: ShaderCodeLibraryPakFileMountedCallback: PakFile 'C:/Program Files/Epic Games/UE_4.27/FeaturePacks/TP_TopDownBP.upack' (chunk index -1, root 'root:/') mounted
[2022.03.25-16.58.54:732][  0]LogShaderLibrary: Display: ShaderCodeLibraryPakFileMountedCallback: pending pak file info (ChunkID:-1 Root:root:/ File:C:/Program Files/Epic Games/UE_4.27/FeaturePacks/TP_TopDownBP.upack)
[2022.03.25-16.58.54:732][  0]LogPakFile: OnPakFileMounted2Time == 0.000070
[2022.03.25-16.58.54:751][  0]LogPakFile: PakFile PrimaryIndexSize=185
[2022.03.25-16.58.54:751][  0]LogPakFile: PakFile PathHashIndexSize=101
[2022.03.25-16.58.54:751][  0]LogPakFile: PakFile FullDirectoryIndexSize=144
[2022.03.25-16.58.54:751][  0]LogShaderLibrary: Display: ShaderCodeLibraryPakFileMountedCallback: PakFile 'C:/Program Files/Epic Games/UE_4.27/FeaturePacks/TP_TwinStick.upack' (chunk index -1, root 'root:/') mounted
[2022.03.25-16.58.54:751][  0]LogShaderLibrary: Display: ShaderCodeLibraryPakFileMountedCallback: pending pak file info (ChunkID:-1 Root:root:/ File:C:/Program Files/Epic Games/UE_4.27/FeaturePacks/TP_TwinStick.upack)
[2022.03.25-16.58.54:751][  0]LogPakFile: OnPakFileMounted2Time == 0.000069
[2022.03.25-16.58.54:762][  0]LogPakFile: PakFile PrimaryIndexSize=187
[2022.03.25-16.58.54:762][  0]LogPakFile: PakFile PathHashIndexSize=101
[2022.03.25-16.58.54:762][  0]LogPakFile: PakFile FullDirectoryIndexSize=148
[2022.03.25-16.58.54:762][  0]LogShaderLibrary: Display: ShaderCodeLibraryPakFileMountedCallback: PakFile 'C:/Program Files/Epic Games/UE_4.27/FeaturePacks/TP_TwinStickBP.upack' (chunk index -1, root 'root:/') mounted
[2022.03.25-16.58.54:762][  0]LogShaderLibrary: Display: ShaderCodeLibraryPakFileMountedCallback: pending pak file info (ChunkID:-1 Root:root:/ File:C:/Program Files/Epic Games/UE_4.27/FeaturePacks/TP_TwinStickBP.upack)
[2022.03.25-16.58.54:762][  0]LogPakFile: OnPakFileMounted2Time == 0.000119
[2022.03.25-16.58.54:775][  0]LogPakFile: PakFile PrimaryIndexSize=183
[2022.03.25-16.58.54:775][  0]LogPakFile: PakFile PathHashIndexSize=101
[2022.03.25-16.58.54:775][  0]LogPakFile: PakFile FullDirectoryIndexSize=140
[2022.03.25-16.58.54:775][  0]LogShaderLibrary: Display: ShaderCodeLibraryPakFileMountedCallback: PakFile 'C:/Program Files/Epic Games/UE_4.27/FeaturePacks/TP_Vehicle.upack' (chunk index -1, root 'root:/') mounted
[2022.03.25-16.58.54:775][  0]LogShaderLibrary: Display: ShaderCodeLibraryPakFileMountedCallback: pending pak file info (ChunkID:-1 Root:root:/ File:C:/Program Files/Epic Games/UE_4.27/FeaturePacks/TP_Vehicle.upack)
[2022.03.25-16.58.54:775][  0]LogPakFile: OnPakFileMounted2Time == 0.000092
[2022.03.25-16.58.54:788][  0]LogPakFile: PakFile PrimaryIndexSize=186
[2022.03.25-16.58.54:788][  0]LogPakFile: PakFile PathHashIndexSize=101
[2022.03.25-16.58.54:788][  0]LogPakFile: PakFile FullDirectoryIndexSize=146
[2022.03.25-16.58.54:788][  0]LogShaderLibrary: Display: ShaderCodeLibraryPakFileMountedCallback: PakFile 'C:/Program Files/Epic Games/UE_4.27/FeaturePacks/TP_VehicleAdv.upack' (chunk index -1, root 'root:/') mounted
[2022.03.25-16.58.54:788][  0]LogShaderLibrary: Display: ShaderCodeLibraryPakFileMountedCallback: pending pak file info (ChunkID:-1 Root:root:/ File:C:/Program Files/Epic Games/UE_4.27/FeaturePacks/TP_VehicleAdv.upack)
[2022.03.25-16.58.54:788][  0]LogPakFile: OnPakFileMounted2Time == 0.000112
[2022.03.25-16.58.54:802][  0]LogPakFile: PakFile PrimaryIndexSize=188
[2022.03.25-16.58.54:802][  0]LogPakFile: PakFile PathHashIndexSize=101
[2022.03.25-16.58.54:802][  0]LogPakFile: PakFile FullDirectoryIndexSize=150
[2022.03.25-16.58.54:802][  0]LogShaderLibrary: Display: ShaderCodeLibraryPakFileMountedCallback: PakFile 'C:/Program Files/Epic Games/UE_4.27/FeaturePacks/TP_VehicleAdvBP.upack' (chunk index -1, root 'root:/') mounted
[2022.03.25-16.58.54:802][  0]LogShaderLibrary: Display: ShaderCodeLibraryPakFileMountedCallback: pending pak file info (ChunkID:-1 Root:root:/ File:C:/Program Files/Epic Games/UE_4.27/FeaturePacks/TP_VehicleAdvBP.upack)
[2022.03.25-16.58.54:802][  0]LogPakFile: OnPakFileMounted2Time == 0.000075
[2022.03.25-16.58.54:814][  0]LogPakFile: PakFile PrimaryIndexSize=185
[2022.03.25-16.58.54:814][  0]LogPakFile: PakFile PathHashIndexSize=101
[2022.03.25-16.58.54:814][  0]LogPakFile: PakFile FullDirectoryIndexSize=144
[2022.03.25-16.58.54:814][  0]LogShaderLibrary: Display: ShaderCodeLibraryPakFileMountedCallback: PakFile 'C:/Program Files/Epic Games/UE_4.27/FeaturePacks/TP_VehicleBP.upack' (chunk index -1, root 'root:/') mounted
[2022.03.25-16.58.54:814][  0]LogShaderLibrary: Display: ShaderCodeLibraryPakFileMountedCallback: pending pak file info (ChunkID:-1 Root:root:/ File:C:/Program Files/Epic Games/UE_4.27/FeaturePacks/TP_VehicleBP.upack)
[2022.03.25-16.58.54:814][  0]LogPakFile: OnPakFileMounted2Time == 0.000071
[2022.03.25-16.58.54:829][  0]LogPakFile: PakFile PrimaryIndexSize=192
[2022.03.25-16.58.54:829][  0]LogPakFile: PakFile PathHashIndexSize=101
[2022.03.25-16.58.54:829][  0]LogPakFile: PakFile FullDirectoryIndexSize=158
[2022.03.25-16.58.54:829][  0]LogShaderLibrary: Display: ShaderCodeLibraryPakFileMountedCallback: PakFile 'C:/Program Files/Epic Games/UE_4.27/FeaturePacks/TP_VirtualRealityBP.upack' (chunk index -1, root 'root:/') mounted
[2022.03.25-16.58.54:829][  0]LogShaderLibrary: Display: ShaderCodeLibraryPakFileMountedCallback: pending pak file info (ChunkID:-1 Root:root:/ File:C:/Program Files/Epic Games/UE_4.27/FeaturePacks/TP_VirtualRealityBP.upack)
[2022.03.25-16.58.54:829][  0]LogPakFile: OnPakFileMounted2Time == 0.000070
[2022.03.25-16.58.55:484][  0]LogNativeClassHierarchy: Verbose: Native class hierarchy updated for 'AddContentDialog' in 0.0004 seconds. Added 0 classes and 0 folders.
[2022.03.25-16.58.55:487][  0]LogNativeClassHierarchy: Verbose: Native class hierarchy updated for 'SceneOutliner' in 0.0004 seconds. Added 2 classes and 0 folders.
[2022.03.25-16.58.55:582][  0]LogSlate: Took 0.011029 seconds to synchronously load lazily loaded font '../../../Engine/Content/Slate/Fonts/Roboto-Regular.ttf' (155K)
[2022.03.25-16.58.55:594][  0]LogSlate: Took 0.010498 seconds to synchronously load lazily loaded font '../../../Engine/Content/Editor/Slate/Fonts/FontAwesome.ttf' (139K)
[2022.03.25-16.58.55:606][  0]LogSlate: Took 0.009022 seconds to synchronously load lazily loaded font '../../../Engine/Content/Slate/Fonts/Roboto-Bold.ttf' (160K)
[2022.03.25-16.58.55:880][  0]LogRenderer: Reallocating scene render targets to support 964x432 Format 10 NumSamples 1 (Frame:1).
[2022.03.25-16.58.56:160][  0]LogNativeClassHierarchy: Verbose: Native class hierarchy updated for 'HierarchicalLODOutliner' in 0.0005 seconds. Added 0 classes and 0 folders.
[2022.03.25-16.58.56:161][  0]LogLoad: (Engine Initialization) Total time: 39.68 seconds
[2022.03.25-16.58.56:161][  0]LogLoad: (Engine Initialization) Total Blueprint compile time: 0.00 seconds
[2022.03.25-16.58.56:245][  0]LogAssetRegistry: Asset discovery search completed in 21.3319 seconds
[2022.03.25-16.58.56:332][  0]LogCollectionManager: Fixed up redirectors for 0 collections in 0.000012 seconds (updated 0 objects)
[2022.03.25-16.58.56:348][  0]LogContentStreaming: Texture pool size now 1000 MB
[2022.03.25-16.58.56:502][  2]LogSlate: Took 0.014287 seconds to synchronously load lazily loaded font '../../../Engine/Content/Slate/Fonts/Roboto-Light.ttf' (167K)
