Log file open, 03/18/22 23:19:13
LogWindows: Failed to load 'aqProf.dll' (GetLastError=126)
LogWindows: File 'aqProf.dll' does not exist
LogWindows: Failed to load 'VtuneApi.dll' (GetLastError=126)
LogWindows: File 'VtuneApi.dll' does not exist
LogWindows: Failed to load 'VtuneApi32e.dll' (GetLastError=126)
LogWindows: File 'VtuneApi32e.dll' does not exist
LogConsoleResponse: Display: Failed to find resolution value strings in scalability ini. Falling back to default.
LogConsoleResponse: Display: Failed to find resolution value strings in scalability ini. Falling back to default.
LogInit: Display: Running engine for game: Aidan
LogPlatformFile: Not using cached read wrapper
LogTaskGraph: Started task graph with 5 named threads and 23 total threads with 3 sets of task threads.
LogStats: Stats thread started at 0.474006
LogICUInternationalization: ICU TimeZone Detection - Raw Offset: -6:00, Platform Override: ''
LogInit: Display: Loading text-based GConfig....
LogPluginManager: Mounting plugin MeshPainting
LogPluginManager: Mounting plugin XGEController
LogPluginManager: Mounting plugin Paper2D
LogPluginManager: Mounting plugin AISupport
LogPluginManager: Mounting plugin LightPropagationVolume
LogPluginManager: Mounting plugin CameraShakePreviewer
LogPluginManager: Mounting plugin EnvironmentQueryEditor
LogPluginManager: Mounting plugin LiveLink
LogPluginManager: Mounting plugin GameplayCameras
LogPluginManager: Mounting plugin OodleData
LogPluginManager: Mounting plugin OodleNetwork
LogPluginManager: Mounting plugin DatasmithContent
LogPluginManager: Mounting plugin AnimationSharing
LogPluginManager: Mounting plugin VariantManagerContent
LogPluginManager: Mounting plugin CLionSourceCodeAccess
LogPluginManager: Mounting plugin KDevelopSourceCodeAccess
LogPluginManager: Mounting plugin NullSourceCodeAccess
LogPluginManager: Mounting plugin CodeLiteSourceCodeAccess
LogPluginManager: Mounting plugin PerforceSourceControl
LogPluginManager: Mounting plugin PixWinPlugin
LogPluginManager: Mounting plugin PlasticSourceControl
LogPluginManager: Mounting plugin PluginUtils
LogPluginManager: Mounting plugin RiderSourceCodeAccess
LogPluginManager: Mounting plugin PropertyAccessNode
LogPluginManager: Mounting plugin TextureFormatOodle
LogPluginManager: Mounting plugin SubversionSourceControl
LogPluginManager: Mounting plugin VisualStudioCodeSourceCodeAccess
LogPluginManager: Mounting plugin UObjectPlugin
LogPluginManager: Mounting plugin XCodeSourceCodeAccess
LogPluginManager: Mounting plugin VisualStudioSourceCodeAccess
LogPluginManager: Mounting plugin AssetManagerEditor
LogPluginManager: Mounting plugin GitSourceControl
LogPluginManager: Mounting plugin DataValidation
LogPluginManager: Mounting plugin CurveEditorTools
LogPluginManager: Mounting plugin CryptoKeys
LogPluginManager: Mounting plugin GeometryMode
LogPluginManager: Mounting plugin FacialAnimation
LogPluginManager: Mounting plugin MacGraphicsSwitching
LogPluginManager: Mounting plugin MobileLauncherProfileWizard
LogPluginManager: Mounting plugin MaterialAnalyzer
LogPluginManager: Mounting plugin SpeedTreeImporter
LogPluginManager: Mounting plugin PluginBrowser
LogPluginManager: Mounting plugin GameplayTagsEditor
LogPluginManager: Mounting plugin Niagara
LogPluginManager: Mounting plugin LuminPlatformFeatures
LogPluginManager: Mounting plugin MagicLeap
LogPluginManager: Mounting plugin MagicLeapLightEstimation
LogPluginManager: Mounting plugin MagicLeapMedia
LogPluginManager: Mounting plugin MagicLeapPassableWorld
LogPluginManager: Mounting plugin MLSDK
LogPluginManager: Mounting plugin AlembicImporter
LogPluginManager: Mounting plugin BackChannel
LogPluginManager: Mounting plugin AutomationUtils
LogPluginManager: Mounting plugin ChaosCloth
LogPluginManager: Mounting plugin ChaosClothEditor
LogPluginManager: Mounting plugin ChaosNiagara
LogPluginManager: Mounting plugin ChaosEditor
LogPluginManager: Mounting plugin ChaosSolverPlugin
LogPluginManager: Mounting plugin CharacterAI
LogPluginManager: Mounting plugin GeometryCache
LogPluginManager: Mounting plugin AndroidMedia
LogPluginManager: Mounting plugin AvfMedia
LogPluginManager: Mounting plugin GeometryCollectionPlugin
LogPluginManager: Mounting plugin ImgMedia
LogPluginManager: Mounting plugin MediaCompositing
LogPluginManager: Mounting plugin MediaPlayerEditor
LogPluginManager: Mounting plugin WebMMedia
LogPluginManager: Mounting plugin WmfMedia
LogPluginManager: Mounting plugin TcpMessaging
LogPluginManager: Mounting plugin UdpMessaging
LogPluginManager: Mounting plugin GeometryProcessing
LogPluginManager: Mounting plugin MotoSynth
LogPluginManager: Mounting plugin ActorSequence
LogPluginManager: Mounting plugin PlanarCut
LogPluginManager: Mounting plugin MatineeToLevelSequence
LogPluginManager: Mounting plugin LevelSequenceEditor
LogPluginManager: Mounting plugin OpenImageDenoise
LogPluginManager: Mounting plugin PlatformCrypto
LogPluginManager: Mounting plugin TemplateSequence
LogPluginManager: Mounting plugin PythonScriptPlugin
LogPluginManager: Mounting plugin ProxyLODPlugin
LogPluginManager: Mounting plugin SkeletalReduction
LogPluginManager: Mounting plugin OnlineSubsystem
LogPluginManager: Mounting plugin OnlineSubsystemNull
LogPluginManager: Mounting plugin OnlineSubsystemUtils
LogPluginManager: Mounting plugin LauncherChunkInstaller
LogPluginManager: Mounting plugin ScreenshotTools
LogPluginManager: Mounting plugin ActorLayerUtilities
LogPluginManager: Mounting plugin AndroidMoviePlayer
LogPluginManager: Mounting plugin AndroidDeviceProfileSelector
LogPluginManager: Mounting plugin AndroidPermission
LogPluginManager: Mounting plugin AppleImageUtils
LogPluginManager: Mounting plugin AudioCapture
LogPluginManager: Mounting plugin AppleMoviePlayer
LogPluginManager: Mounting plugin ArchVisCharacter
LogPluginManager: Mounting plugin AssetTags
LogPluginManager: Mounting plugin AudioSynesthesia
LogPluginManager: Mounting plugin CableComponent
LogPluginManager: Mounting plugin ChunkDownloader
LogPluginManager: Mounting plugin CustomMeshComponent
LogPluginManager: Mounting plugin ExampleDeviceProfileSelector
LogPluginManager: Mounting plugin EditableMesh
LogPluginManager: Mounting plugin GoogleCloudMessaging
LogPluginManager: Mounting plugin GooglePAD
LogPluginManager: Mounting plugin Takes
LogPluginManager: Mounting plugin IOSDeviceProfileSelector
LogPluginManager: Mounting plugin LocationServicesBPLibrary
LogPluginManager: Mounting plugin LinuxDeviceProfileSelector
LogPluginManager: Mounting plugin MobilePatchingUtils
LogPluginManager: Mounting plugin OpenXR
LogPluginManager: Mounting plugin OpenXREyeTracker
LogPluginManager: Mounting plugin OpenXRHandTracking
LogPluginManager: Mounting plugin PhysXVehicles
LogPluginManager: Mounting plugin ProceduralMeshComponent
LogPluginManager: Mounting plugin PostSplashScreen
LogPluginManager: Mounting plugin SignificanceManager
LogPluginManager: Mounting plugin PropertyAccessEditor
LogPluginManager: Mounting plugin RuntimePhysXCooking
LogPluginManager: Mounting plugin SoundFields
LogPluginManager: Mounting plugin Synthesis
LogPluginManager: Mounting plugin WebMMoviePlayer
LogPluginManager: Mounting plugin WindowsMoviePlayer
LogPluginManager: Mounting plugin ContentBrowserAssetDataSource
LogPluginManager: Mounting plugin ContentBrowserClassDataSource
LogPluginManager: Mounting plugin ContentBrowserFileDataSource
LogPluginManager: Mounting plugin OnlineSubsystemGooglePlay
LogPluginManager: Mounting plugin OnlineSubsystemIOS
LogPluginManager: Mounting plugin OculusVR
LogPluginManager: Mounting plugin SteamVR
PixWinPlugin: PIX capture plugin failed to initialize! Check that the process is launched from PIX.
LogInit: Using libcurl 7.55.1-DEV
LogInit:  - built for x86_64-pc-win32
LogInit:  - supports SSL with OpenSSL/1.1.1
LogInit:  - supports HTTP deflate (compression) using libz 1.2.8
LogInit:  - other features:
LogInit:      CURL_VERSION_SSL
LogInit:      CURL_VERSION_LIBZ
LogInit:      CURL_VERSION_IPV6
LogInit:      CURL_VERSION_ASYNCHDNS
LogInit:      CURL_VERSION_LARGEFILE
LogInit:      CURL_VERSION_IDN
LogInit:  CurlRequestOptions (configurable via config and command line):
LogInit:  - bVerifyPeer = true  - Libcurl will verify peer certificate
LogInit:  - bUseHttpProxy = false  - Libcurl will NOT use HTTP proxy
LogInit:  - bDontReuseConnections = false  - Libcurl will reuse connections
LogInit:  - MaxHostConnections = 16  - Libcurl will limit the number of connections to a host
LogInit:  - LocalHostAddr = Default
LogInit:  - BufferSize = 65536
LogOnline: OSS: Creating online subsystem instance for: NULL
LogInit: WinSock: version 1.1 (2.2), MaxSocks=32767, MaxUdp=65467
LogOnline: OSS: TryLoadSubsystemAndSetDefault: Loaded subsystem for module [NULL]
LogOculusPluginWrapper: OculusPlugin initialized successfully
LogHMD: Failed initializing OVRPlugin 1.59.0
LogInit: Build: ++UE4+Release-4.27-CL-18319896
LogInit: Engine Version: 4.27.2-18319896+++UE4+Release-4.27
LogInit: Compatible Engine Version: 4.27.0-17155196+++UE4+Release-4.27
LogInit: Net CL: 17155196
LogInit: OS: Windows 10 (Release 2009) (), CPU: AMD Ryzen 7 3700U with Radeon Vega Mobile Gfx  , GPU: AMD Radeon(TM) RX Vega 10 Graphics
LogInit: Compiled (64-bit): Nov 30 2021 07:12:08
LogInit: Compiled with Visual C++: 19.24.28315.00
LogInit: Build Configuration: Development
LogInit: Branch Name: ++UE4+Release-4.27
LogInit: Command Line: 
LogInit: Base Directory: C:/Program Files/Epic Games/UE_4.27/Engine/Binaries/Win64/
LogInit: Allocator: TBB
LogInit: Installed Engine Build: 1
LogDevObjectVersion: Number of dev versions registered: 29
LogDevObjectVersion:   Dev-Blueprints (B0D832E4-1F89-4F0D-ACCF-7EB736FD4AA2): 10
LogDevObjectVersion:   Dev-Build (E1C64328-A22C-4D53-A36C-8E866417BD8C): 0
LogDevObjectVersion:   Dev-Core (375EC13C-06E4-48FB-B500-84F0262A717E): 4
LogDevObjectVersion:   Dev-Editor (E4B068ED-F494-42E9-A231-DA0B2E46BB41): 40
LogDevObjectVersion:   Dev-Framework (CFFC743F-43B0-4480-9391-14DF171D2073): 37
LogDevObjectVersion:   Dev-Mobile (B02B49B5-BB20-44E9-A304-32B752E40360): 3
LogDevObjectVersion:   Dev-Networking (A4E4105C-59A1-49B5-A7C5-40C4547EDFEE): 0
LogDevObjectVersion:   Dev-Online (39C831C9-5AE6-47DC-9A44-9C173E1C8E7C): 0
LogDevObjectVersion:   Dev-Physics (78F01B33-EBEA-4F98-B9B4-84EACCB95AA2): 14
LogDevObjectVersion:   Dev-Platform (6631380F-2D4D-43E0-8009-CF276956A95A): 0
LogDevObjectVersion:   Dev-Rendering (12F88B9F-8875-4AFC-A67C-D90C383ABD29): 45
LogDevObjectVersion:   Dev-Sequencer (7B5AE74C-D270-4C10-A958-57980B212A5A): 13
LogDevObjectVersion:   Dev-VR (D7296918-1DD6-4BDD-9DE2-64A83CC13884): 3
LogDevObjectVersion:   Dev-LoadTimes (C2A15278-BFE7-4AFE-6C17-90FF531DF755): 1
LogDevObjectVersion:   Private-Geometry (6EACA3D4-40EC-4CC1-B786-8BED09428FC5): 3
LogDevObjectVersion:   Dev-AnimPhys (29E575DD-E0A3-4627-9D10-D276232CDCEA): 17
LogDevObjectVersion:   Dev-Anim (AF43A65D-7FD3-4947-9873-3E8ED9C1BB05): 15
LogDevObjectVersion:   Dev-ReflectionCapture (6B266CEC-1EC7-4B8F-A30B-E4D90942FC07): 1
LogDevObjectVersion:   Dev-Automation (0DF73D61-A23F-47EA-B727-89E90C41499A): 1
LogDevObjectVersion:   FortniteMain (601D1886-AC64-4F84-AA16-D3DE0DEAC7D6): 47
LogDevObjectVersion:   FortniteRelease (E7086368-6B23-4C58-8439-1B7016265E91): 1
LogDevObjectVersion:   Dev-Enterprise (9DFFBCD6-494F-0158-E221-12823C92A888): 10
LogDevObjectVersion:   Dev-Niagara (F2AED0AC-9AFE-416F-8664-AA7FFA26D6FC): 1
LogDevObjectVersion:   Dev-Destruction (174F1F0B-B4C6-45A5-B13F-2EE8D0FB917D): 10
LogDevObjectVersion:   Dev-Physics-Ext (35F94A83-E258-406C-A318-09F59610247C): 41
LogDevObjectVersion:   Dev-PhysicsMaterial-Chaos (B68FC16E-8B1B-42E2-B453-215C058844FE): 1
LogDevObjectVersion:   Dev-CineCamera (B2E18506-4273-CFC2-A54E-F4BB758BBA07): 1
LogDevObjectVersion:   Dev-VirtualProduction (64F58936-FD1B-42BA-BA96-7289D5D0FA4E): 1
LogDevObjectVersion:   Dev-MediaFramework (6F0ED827-A609-4895-9C91-998D90180EA4): 2
LogInit: Presizing for max 25165824 objects, including 0 objects not considered by GC, pre-allocating 0 bytes for permanent pool.
LogConfig: Applying CVar settings from Section [/Script/Engine.StreamingSettings] File [C:/Users/malik/OneDrive/Desktop/Software Engineering Capstone/Cstone/Aidan/Aidan/Saved/Config/Windows/Engine.ini]
LogConfig: Setting CVar [[s.MinBulkDataSizeForAsyncLoading:131072]]
LogConfig: Setting CVar [[s.AsyncLoadingThreadEnabled:0]]
LogConfig: Setting CVar [[s.EventDrivenLoaderEnabled:1]]
LogConfig: Setting CVar [[s.WarnIfTimeLimitExceeded:0]]
LogConfig: Setting CVar [[s.TimeLimitExceededMultiplier:1.5]]
LogConfig: Setting CVar [[s.TimeLimitExceededMinTime:0.005]]
LogConfig: Setting CVar [[s.UseBackgroundLevelStreaming:1]]
LogConfig: Setting CVar [[s.PriorityAsyncLoadingExtraTime:15.0]]
LogConfig: Setting CVar [[s.LevelStreamingActorsUpdateTimeLimit:5.0]]
LogConfig: Setting CVar [[s.PriorityLevelStreamingActorsUpdateExtraTime:5.0]]
LogConfig: Setting CVar [[s.LevelStreamingComponentsRegistrationGranularity:10]]
LogConfig: Setting CVar [[s.UnregisterComponentsTimeLimit:1.0]]
LogConfig: Setting CVar [[s.LevelStreamingComponentsUnregistrationGranularity:5]]
LogConfig: Setting CVar [[s.FlushStreamingOnExit:1]]
LogInit: Object subsystem initialized
LogConfig: Setting CVar [[con.DebugEarlyDefault:1]]
LogConfig: Setting CVar [[r.setres:1280x720]]
[2022.03.19-04.19.14:857][  0]LogConfig: Setting CVar [[r.VSync:0]]
[2022.03.19-04.19.14:857][  0]LogConfig: Setting CVar [[r.RHICmdBypass:0]]
[2022.03.19-04.19.14:857][  0]LogConfig: Applying CVar settings from Section [/Script/Engine.RendererSettings] File [C:/Users/malik/OneDrive/Desktop/Software Engineering Capstone/Cstone/Aidan/Aidan/Saved/Config/Windows/Engine.ini]
[2022.03.19-04.19.14:857][  0]LogConfig: Setting CVar [[r.GPUCrashDebugging:0]]
[2022.03.19-04.19.14:857][  0]LogConfig: Applying CVar settings from Section [/Script/Engine.RendererOverrideSettings] File [C:/Users/malik/OneDrive/Desktop/Software Engineering Capstone/Cstone/Aidan/Aidan/Saved/Config/Windows/Engine.ini]
[2022.03.19-04.19.14:857][  0]LogConfig: Applying CVar settings from Section [/Script/Engine.StreamingSettings] File [C:/Users/malik/OneDrive/Desktop/Software Engineering Capstone/Cstone/Aidan/Aidan/Saved/Config/Windows/Engine.ini]
[2022.03.19-04.19.14:858][  0]LogConfig: Setting CVar [[s.MinBulkDataSizeForAsyncLoading:131072]]
[2022.03.19-04.19.14:858][  0]LogConfig: Setting CVar [[s.AsyncLoadingThreadEnabled:0]]
[2022.03.19-04.19.14:858][  0]LogConfig: Setting CVar [[s.EventDrivenLoaderEnabled:1]]
[2022.03.19-04.19.14:858][  0]LogConfig: Setting CVar [[s.WarnIfTimeLimitExceeded:0]]
[2022.03.19-04.19.14:858][  0]LogConfig: Setting CVar [[s.TimeLimitExceededMultiplier:1.5]]
[2022.03.19-04.19.14:858][  0]LogConfig: Setting CVar [[s.TimeLimitExceededMinTime:0.005]]
[2022.03.19-04.19.14:858][  0]LogConfig: Setting CVar [[s.UseBackgroundLevelStreaming:1]]
[2022.03.19-04.19.14:858][  0]LogConfig: Setting CVar [[s.PriorityAsyncLoadingExtraTime:15.0]]
[2022.03.19-04.19.14:858][  0]LogConfig: Setting CVar [[s.LevelStreamingActorsUpdateTimeLimit:5.0]]
[2022.03.19-04.19.14:858][  0]LogConfig: Setting CVar [[s.PriorityLevelStreamingActorsUpdateExtraTime:5.0]]
[2022.03.19-04.19.14:858][  0]LogConfig: Setting CVar [[s.LevelStreamingComponentsRegistrationGranularity:10]]
[2022.03.19-04.19.14:858][  0]LogConfig: Setting CVar [[s.UnregisterComponentsTimeLimit:1.0]]
[2022.03.19-04.19.14:858][  0]LogConfig: Setting CVar [[s.LevelStreamingComponentsUnregistrationGranularity:5]]
[2022.03.19-04.19.14:858][  0]LogConfig: Setting CVar [[s.FlushStreamingOnExit:1]]
[2022.03.19-04.19.14:858][  0]LogConfig: Applying CVar settings from Section [/Script/Engine.GarbageCollectionSettings] File [C:/Users/malik/OneDrive/Desktop/Software Engineering Capstone/Cstone/Aidan/Aidan/Saved/Config/Windows/Engine.ini]
[2022.03.19-04.19.14:858][  0]LogConfig: Setting CVar [[gc.MaxObjectsNotConsideredByGC:1]]
[2022.03.19-04.19.14:858][  0]LogConfig: Setting CVar [[gc.SizeOfPermanentObjectPool:0]]
[2022.03.19-04.19.14:858][  0]LogConfig: Setting CVar [[gc.FlushStreamingOnGC:0]]
[2022.03.19-04.19.14:858][  0]LogConfig: Setting CVar [[gc.NumRetriesBeforeForcingGC:10]]
[2022.03.19-04.19.14:858][  0]LogConfig: Setting CVar [[gc.AllowParallelGC:1]]
[2022.03.19-04.19.14:858][  0]LogConfig: Setting CVar [[gc.TimeBetweenPurgingPendingKillObjects:61.1]]
[2022.03.19-04.19.14:858][  0]LogConfig: Setting CVar [[gc.MaxObjectsInEditor:25165824]]
[2022.03.19-04.19.14:858][  0]LogConfig: Setting CVar [[gc.IncrementalBeginDestroyEnabled:1]]
[2022.03.19-04.19.14:858][  0]LogConfig: Setting CVar [[gc.CreateGCClusters:1]]
[2022.03.19-04.19.14:858][  0]LogConfig: Setting CVar [[gc.MinGCClusterSize:5]]
[2022.03.19-04.19.14:858][  0]LogConfig: Setting CVar [[gc.ActorClusteringEnabled:0]]
[2022.03.19-04.19.14:858][  0]LogConfig: Setting CVar [[gc.BlueprintClusteringEnabled:0]]
[2022.03.19-04.19.14:858][  0]LogConfig: Setting CVar [[gc.UseDisregardForGCOnDedicatedServers:0]]
[2022.03.19-04.19.14:858][  0]LogConfig: Setting CVar [[gc.MultithreadedDestructionEnabled:1]]
[2022.03.19-04.19.14:858][  0]LogConfig: Applying CVar settings from Section [/Script/Engine.NetworkSettings] File [C:/Users/malik/OneDrive/Desktop/Software Engineering Capstone/Cstone/Aidan/Aidan/Saved/Config/Windows/Engine.ini]
[2022.03.19-04.19.14:859][  0]LogConfig: Applying CVar settings from Section [/Script/UnrealEd.CookerSettings] File [C:/Users/malik/OneDrive/Desktop/Software Engineering Capstone/Cstone/Aidan/Aidan/Saved/Config/Windows/Engine.ini]
[2022.03.19-04.19.14:877][  0]LogConfig: Applying CVar settings from Section [ViewDistanceQuality@3] File [C:/Users/malik/OneDrive/Desktop/Software Engineering Capstone/Cstone/Aidan/Aidan/Saved/Config/Windows/Scalability.ini]
[2022.03.19-04.19.14:878][  0]LogConfig: Setting CVar [[r.SkeletalMeshLODBias:0]]
[2022.03.19-04.19.14:878][  0]LogConfig: Setting CVar [[r.ViewDistanceScale:1.0]]
[2022.03.19-04.19.14:878][  0]LogConfig: Applying CVar settings from Section [AntiAliasingQuality@3] File [C:/Users/malik/OneDrive/Desktop/Software Engineering Capstone/Cstone/Aidan/Aidan/Saved/Config/Windows/Scalability.ini]
[2022.03.19-04.19.14:878][  0]LogConfig: Setting CVar [[r.PostProcessAAQuality:4]]
[2022.03.19-04.19.14:878][  0]LogConfig: Applying CVar settings from Section [ShadowQuality@3] File [C:/Users/malik/OneDrive/Desktop/Software Engineering Capstone/Cstone/Aidan/Aidan/Saved/Config/Windows/Scalability.ini]
[2022.03.19-04.19.14:878][  0]LogConfig: Setting CVar [[r.LightFunctionQuality:1]]
[2022.03.19-04.19.14:878][  0]LogConfig: Setting CVar [[r.ShadowQuality:5]]
[2022.03.19-04.19.14:878][  0]LogConfig: Setting CVar [[r.Shadow.CSM.MaxCascades:10]]
[2022.03.19-04.19.14:878][  0]LogConfig: Setting CVar [[r.Shadow.MaxResolution:2048]]
[2022.03.19-04.19.14:878][  0]LogConfig: Setting CVar [[r.Shadow.MaxCSMResolution:2048]]
[2022.03.19-04.19.14:878][  0]LogConfig: Setting CVar [[r.Shadow.RadiusThreshold:0.01]]
[2022.03.19-04.19.14:878][  0]LogConfig: Setting CVar [[r.Shadow.DistanceScale:1.0]]
[2022.03.19-04.19.14:878][  0]LogConfig: Setting CVar [[r.Shadow.CSM.TransitionScale:1.0]]
[2022.03.19-04.19.14:878][  0]LogConfig: Setting CVar [[r.Shadow.PreShadowResolutionFactor:1.0]]
[2022.03.19-04.19.14:878][  0]LogConfig: Setting CVar [[r.DistanceFieldShadowing:1]]
[2022.03.19-04.19.14:878][  0]LogConfig: Setting CVar [[r.DistanceFieldAO:1]]
[2022.03.19-04.19.14:878][  0]LogConfig: Setting CVar [[r.AOQuality:2]]
[2022.03.19-04.19.14:878][  0]LogConfig: Setting CVar [[r.VolumetricFog:1]]
[2022.03.19-04.19.14:878][  0]LogConfig: Setting CVar [[r.VolumetricFog.GridPixelSize:8]]
[2022.03.19-04.19.14:878][  0]LogConfig: Setting CVar [[r.VolumetricFog.GridSizeZ:128]]
[2022.03.19-04.19.14:878][  0]LogConfig: Setting CVar [[r.VolumetricFog.HistoryMissSupersampleCount:4]]
[2022.03.19-04.19.14:878][  0]LogConfig: Setting CVar [[r.LightMaxDrawDistanceScale:1]]
[2022.03.19-04.19.14:878][  0]LogConfig: Setting CVar [[r.CapsuleShadows:1]]
[2022.03.19-04.19.14:878][  0]LogConfig: Applying CVar settings from Section [PostProcessQuality@3] File [C:/Users/malik/OneDrive/Desktop/Software Engineering Capstone/Cstone/Aidan/Aidan/Saved/Config/Windows/Scalability.ini]
[2022.03.19-04.19.14:878][  0]LogConfig: Setting CVar [[r.MotionBlurQuality:4]]
[2022.03.19-04.19.14:878][  0]LogConfig: Setting CVar [[r.AmbientOcclusionMipLevelFactor:0.4]]
[2022.03.19-04.19.14:879][  0]LogConfig: Setting CVar [[r.AmbientOcclusionMaxQuality:100]]
[2022.03.19-04.19.14:879][  0]LogConfig: Setting CVar [[r.AmbientOcclusionLevels:-1]]
[2022.03.19-04.19.14:879][  0]LogConfig: Setting CVar [[r.AmbientOcclusionRadiusScale:1.0]]
[2022.03.19-04.19.14:879][  0]LogConfig: Setting CVar [[r.DepthOfFieldQuality:2]]
[2022.03.19-04.19.14:879][  0]LogConfig: Setting CVar [[r.RenderTargetPoolMin:400]]
[2022.03.19-04.19.14:879][  0]LogConfig: Setting CVar [[r.LensFlareQuality:2]]
[2022.03.19-04.19.14:879][  0]LogConfig: Setting CVar [[r.SceneColorFringeQuality:1]]
[2022.03.19-04.19.14:879][  0]LogConfig: Setting CVar [[r.EyeAdaptationQuality:2]]
[2022.03.19-04.19.14:879][  0]LogConfig: Setting CVar [[r.BloomQuality:5]]
[2022.03.19-04.19.14:879][  0]LogConfig: Setting CVar [[r.FastBlurThreshold:100]]
[2022.03.19-04.19.14:879][  0]LogConfig: Setting CVar [[r.Upscale.Quality:3]]
[2022.03.19-04.19.14:879][  0]LogConfig: Setting CVar [[r.Tonemapper.GrainQuantization:1]]
[2022.03.19-04.19.14:879][  0]LogConfig: Setting CVar [[r.LightShaftQuality:1]]
[2022.03.19-04.19.14:879][  0]LogConfig: Setting CVar [[r.Filter.SizeScale:1]]
[2022.03.19-04.19.14:879][  0]LogConfig: Setting CVar [[r.Tonemapper.Quality:5]]
[2022.03.19-04.19.14:879][  0]LogConfig: Setting CVar [[r.DOF.Gather.AccumulatorQuality:1        ; higher gathering accumulator quality]]
[2022.03.19-04.19.14:879][  0]LogConfig: Setting CVar [[r.DOF.Gather.PostfilterMethod:1          ; Median3x3 postfilering method]]
[2022.03.19-04.19.14:879][  0]LogConfig: Setting CVar [[r.DOF.Gather.EnableBokehSettings:0       ; no bokeh simulation when gathering]]
[2022.03.19-04.19.14:879][  0]LogConfig: Setting CVar [[r.DOF.Gather.RingCount:4                 ; medium number of samples when gathering]]
[2022.03.19-04.19.14:879][  0]LogConfig: Setting CVar [[r.DOF.Scatter.ForegroundCompositing:1    ; additive foreground scattering]]
[2022.03.19-04.19.14:879][  0]LogConfig: Setting CVar [[r.DOF.Scatter.BackgroundCompositing:2    ; additive background scattering]]
[2022.03.19-04.19.14:879][  0]LogConfig: Setting CVar [[r.DOF.Scatter.EnableBokehSettings:1      ; bokeh simulation when scattering]]
[2022.03.19-04.19.14:879][  0]LogConfig: Setting CVar [[r.DOF.Scatter.MaxSpriteRatio:0.1         ; only a maximum of 10% of scattered bokeh]]
[2022.03.19-04.19.14:879][  0]LogConfig: Setting CVar [[r.DOF.Recombine.Quality:1                ; cheap slight out of focus]]
[2022.03.19-04.19.14:879][  0]LogConfig: Setting CVar [[r.DOF.Recombine.EnableBokehSettings:0    ; no bokeh simulation on slight out of focus]]
[2022.03.19-04.19.14:879][  0]LogConfig: Setting CVar [[r.DOF.TemporalAAQuality:1                ; more stable temporal accumulation]]
[2022.03.19-04.19.14:879][  0]LogConfig: Setting CVar [[r.DOF.Kernel.MaxForegroundRadius:0.025]]
[2022.03.19-04.19.14:879][  0]LogConfig: Setting CVar [[r.DOF.Kernel.MaxBackgroundRadius:0.025]]
[2022.03.19-04.19.14:879][  0]LogConfig: Applying CVar settings from Section [TextureQuality@3] File [C:/Users/malik/OneDrive/Desktop/Software Engineering Capstone/Cstone/Aidan/Aidan/Saved/Config/Windows/Scalability.ini]
[2022.03.19-04.19.14:880][  0]LogConfig: Setting CVar [[r.Streaming.MipBias:0]]
[2022.03.19-04.19.14:880][  0]LogConfig: Setting CVar [[r.Streaming.AmortizeCPUToGPUCopy:0]]
[2022.03.19-04.19.14:880][  0]LogConfig: Setting CVar [[r.Streaming.MaxNumTexturesToStreamPerFrame:0]]
[2022.03.19-04.19.14:880][  0]LogConfig: Setting CVar [[r.Streaming.Boost:1]]
[2022.03.19-04.19.14:880][  0]LogConfig: Setting CVar [[r.MaxAnisotropy:8]]
[2022.03.19-04.19.14:880][  0]LogConfig: Setting CVar [[r.VT.MaxAnisotropy:8]]
[2022.03.19-04.19.14:880][  0]LogConfig: Setting CVar [[r.Streaming.LimitPoolSizeToVRAM:0]]
[2022.03.19-04.19.14:880][  0]LogConfig: Setting CVar [[r.Streaming.PoolSize:1000]]
[2022.03.19-04.19.14:880][  0]LogConfig: Setting CVar [[r.Streaming.MaxEffectiveScreenSize:0]]
[2022.03.19-04.19.14:880][  0]LogConfig: Applying CVar settings from Section [EffectsQuality@3] File [C:/Users/malik/OneDrive/Desktop/Software Engineering Capstone/Cstone/Aidan/Aidan/Saved/Config/Windows/Scalability.ini]
[2022.03.19-04.19.14:880][  0]LogConfig: Setting CVar [[r.TranslucencyLightingVolumeDim:64]]
[2022.03.19-04.19.14:880][  0]LogConfig: Setting CVar [[r.RefractionQuality:2]]
[2022.03.19-04.19.14:880][  0]LogConfig: Setting CVar [[r.SSR.Quality:3]]
[2022.03.19-04.19.14:880][  0]LogConfig: Setting CVar [[r.SSR.HalfResSceneColor:0]]
[2022.03.19-04.19.14:880][  0]LogConfig: Setting CVar [[r.SceneColorFormat:4]]
[2022.03.19-04.19.14:880][  0]LogConfig: Setting CVar [[r.DetailMode:2]]
[2022.03.19-04.19.14:880][  0]LogConfig: Setting CVar [[r.TranslucencyVolumeBlur:1]]
[2022.03.19-04.19.14:880][  0]LogConfig: Setting CVar [[r.MaterialQualityLevel:1 ; High quality]]
[2022.03.19-04.19.14:880][  0]LogConfig: Setting CVar [[r.AnisotropicMaterials:1]]
[2022.03.19-04.19.14:880][  0]LogConfig: Setting CVar [[r.SSS.Scale:1]]
[2022.03.19-04.19.14:880][  0]LogConfig: Setting CVar [[r.SSS.SampleSet:2]]
[2022.03.19-04.19.14:880][  0]LogConfig: Setting CVar [[r.SSS.Quality:1]]
[2022.03.19-04.19.14:880][  0]LogConfig: Setting CVar [[r.SSS.HalfRes:0]]
[2022.03.19-04.19.14:880][  0]LogConfig: Setting CVar [[r.SSGI.Quality:3]]
[2022.03.19-04.19.14:880][  0]LogConfig: Setting CVar [[r.EmitterSpawnRateScale:1.0]]
[2022.03.19-04.19.14:880][  0]LogConfig: Setting CVar [[r.ParticleLightQuality:2]]
[2022.03.19-04.19.14:880][  0]LogConfig: Setting CVar [[r.SkyAtmosphere.AerialPerspectiveLUT.FastApplyOnOpaque:1 ; Always have FastSkyLUT 1 in this case to avoid wrong sky]]
[2022.03.19-04.19.14:880][  0]LogConfig: Setting CVar [[r.SkyAtmosphere.AerialPerspectiveLUT.SampleCountMaxPerSlice:4]]
[2022.03.19-04.19.14:880][  0]LogConfig: Setting CVar [[r.SkyAtmosphere.AerialPerspectiveLUT.DepthResolution:16.0]]
[2022.03.19-04.19.14:880][  0]LogConfig: Setting CVar [[r.SkyAtmosphere.FastSkyLUT:1]]
[2022.03.19-04.19.14:880][  0]LogConfig: Setting CVar [[r.SkyAtmosphere.FastSkyLUT.SampleCountMin:4.0]]
[2022.03.19-04.19.14:881][  0]LogConfig: Setting CVar [[r.SkyAtmosphere.FastSkyLUT.SampleCountMax:128.0]]
[2022.03.19-04.19.14:881][  0]LogConfig: Setting CVar [[r.SkyAtmosphere.SampleCountMin:4.0]]
[2022.03.19-04.19.14:881][  0]LogConfig: Setting CVar [[r.SkyAtmosphere.SampleCountMax:128.0]]
[2022.03.19-04.19.14:881][  0]LogConfig: Setting CVar [[r.SkyAtmosphere.TransmittanceLUT.UseSmallFormat:0]]
[2022.03.19-04.19.14:881][  0]LogConfig: Setting CVar [[r.SkyAtmosphere.TransmittanceLUT.SampleCount:10.0]]
[2022.03.19-04.19.14:881][  0]LogConfig: Setting CVar [[r.SkyAtmosphere.MultiScatteringLUT.SampleCount:15.0]]
[2022.03.19-04.19.14:881][  0]LogConfig: Setting CVar [[r.SkyLight.RealTimeReflectionCapture:1]]
[2022.03.19-04.19.14:881][  0]LogConfig: Applying CVar settings from Section [FoliageQuality@3] File [C:/Users/malik/OneDrive/Desktop/Software Engineering Capstone/Cstone/Aidan/Aidan/Saved/Config/Windows/Scalability.ini]
[2022.03.19-04.19.14:881][  0]LogConfig: Setting CVar [[foliage.DensityScale:1.0]]
[2022.03.19-04.19.14:881][  0]LogConfig: Setting CVar [[grass.DensityScale:1.0]]
[2022.03.19-04.19.14:881][  0]LogConfig: Applying CVar settings from Section [ShadingQuality@3] File [C:/Users/malik/OneDrive/Desktop/Software Engineering Capstone/Cstone/Aidan/Aidan/Saved/Config/Windows/Scalability.ini]
[2022.03.19-04.19.14:881][  0]LogConfig: Setting CVar [[r.HairStrands.SkyLighting.IntegrationType:2]]
[2022.03.19-04.19.14:881][  0]LogConfig: Setting CVar [[r.HairStrands.SkyAO.SampleCount:4]]
[2022.03.19-04.19.14:881][  0]LogConfig: Setting CVar [[r.HairStrands.Visibility.MSAA.SamplePerPixel:4]]
[2022.03.19-04.19.14:881][  0]LogInit: Selected Device Profile: [Windows]
[2022.03.19-04.19.14:881][  0]LogInit: Applying CVar settings loaded from the selected device profile: [Windows]
[2022.03.19-04.19.14:881][  0]LogHAL: Display: Platform has ~ 10 GB [10672975872 / 17179869184 / 10], which maps to Default [LargestMinGB=32, LargerMinGB=12, DefaultMinGB=8, SmallerMinGB=6, SmallestMinGB=0)
[2022.03.19-04.19.14:881][  0]LogInit: Going up to parent DeviceProfile []
[2022.03.19-04.19.14:881][  0]LogConfig: Applying CVar settings from Section [ViewDistanceQuality@3] File [C:/Users/malik/OneDrive/Desktop/Software Engineering Capstone/Cstone/Aidan/Aidan/Saved/Config/Windows/Scalability.ini]
[2022.03.19-04.19.14:881][  0]LogConfig: Setting CVar [[r.SkeletalMeshLODBias:0]]
[2022.03.19-04.19.14:882][  0]LogConfig: Setting CVar [[r.ViewDistanceScale:1.0]]
[2022.03.19-04.19.14:882][  0]LogConfig: Applying CVar settings from Section [AntiAliasingQuality@3] File [C:/Users/malik/OneDrive/Desktop/Software Engineering Capstone/Cstone/Aidan/Aidan/Saved/Config/Windows/Scalability.ini]
[2022.03.19-04.19.14:882][  0]LogConfig: Setting CVar [[r.PostProcessAAQuality:4]]
[2022.03.19-04.19.14:882][  0]LogConfig: Applying CVar settings from Section [ShadowQuality@3] File [C:/Users/malik/OneDrive/Desktop/Software Engineering Capstone/Cstone/Aidan/Aidan/Saved/Config/Windows/Scalability.ini]
[2022.03.19-04.19.14:882][  0]LogConfig: Setting CVar [[r.LightFunctionQuality:1]]
[2022.03.19-04.19.14:882][  0]LogConfig: Setting CVar [[r.ShadowQuality:5]]
[2022.03.19-04.19.14:882][  0]LogConfig: Setting CVar [[r.Shadow.CSM.MaxCascades:10]]
[2022.03.19-04.19.14:882][  0]LogConfig: Setting CVar [[r.Shadow.MaxResolution:2048]]
[2022.03.19-04.19.14:882][  0]LogConfig: Setting CVar [[r.Shadow.MaxCSMResolution:2048]]
[2022.03.19-04.19.14:882][  0]LogConfig: Setting CVar [[r.Shadow.RadiusThreshold:0.01]]
[2022.03.19-04.19.14:882][  0]LogConfig: Setting CVar [[r.Shadow.DistanceScale:1.0]]
[2022.03.19-04.19.14:882][  0]LogConfig: Setting CVar [[r.Shadow.CSM.TransitionScale:1.0]]
[2022.03.19-04.19.14:882][  0]LogConfig: Setting CVar [[r.Shadow.PreShadowResolutionFactor:1.0]]
[2022.03.19-04.19.14:882][  0]LogConfig: Setting CVar [[r.DistanceFieldShadowing:1]]
[2022.03.19-04.19.14:882][  0]LogConfig: Setting CVar [[r.DistanceFieldAO:1]]
[2022.03.19-04.19.14:882][  0]LogConfig: Setting CVar [[r.AOQuality:2]]
[2022.03.19-04.19.14:882][  0]LogConfig: Setting CVar [[r.VolumetricFog:1]]
[2022.03.19-04.19.14:882][  0]LogConfig: Setting CVar [[r.VolumetricFog.GridPixelSize:8]]
[2022.03.19-04.19.14:882][  0]LogConfig: Setting CVar [[r.VolumetricFog.GridSizeZ:128]]
[2022.03.19-04.19.14:882][  0]LogConfig: Setting CVar [[r.VolumetricFog.HistoryMissSupersampleCount:4]]
[2022.03.19-04.19.14:882][  0]LogConfig: Setting CVar [[r.LightMaxDrawDistanceScale:1]]
[2022.03.19-04.19.14:882][  0]LogConfig: Setting CVar [[r.CapsuleShadows:1]]
[2022.03.19-04.19.14:882][  0]LogConfig: Applying CVar settings from Section [PostProcessQuality@3] File [C:/Users/malik/OneDrive/Desktop/Software Engineering Capstone/Cstone/Aidan/Aidan/Saved/Config/Windows/Scalability.ini]
[2022.03.19-04.19.14:882][  0]LogConfig: Setting CVar [[r.MotionBlurQuality:4]]
[2022.03.19-04.19.14:882][  0]LogConfig: Setting CVar [[r.AmbientOcclusionMipLevelFactor:0.4]]
[2022.03.19-04.19.14:882][  0]LogConfig: Setting CVar [[r.AmbientOcclusionMaxQuality:100]]
[2022.03.19-04.19.14:882][  0]LogConfig: Setting CVar [[r.AmbientOcclusionLevels:-1]]
[2022.03.19-04.19.14:882][  0]LogConfig: Setting CVar [[r.AmbientOcclusionRadiusScale:1.0]]
[2022.03.19-04.19.14:883][  0]LogConfig: Setting CVar [[r.DepthOfFieldQuality:2]]
[2022.03.19-04.19.14:883][  0]LogConfig: Setting CVar [[r.RenderTargetPoolMin:400]]
[2022.03.19-04.19.14:883][  0]LogConfig: Setting CVar [[r.LensFlareQuality:2]]
[2022.03.19-04.19.14:883][  0]LogConfig: Setting CVar [[r.SceneColorFringeQuality:1]]
[2022.03.19-04.19.14:883][  0]LogConfig: Setting CVar [[r.EyeAdaptationQuality:2]]
[2022.03.19-04.19.14:883][  0]LogConfig: Setting CVar [[r.BloomQuality:5]]
[2022.03.19-04.19.14:883][  0]LogConfig: Setting CVar [[r.FastBlurThreshold:100]]
[2022.03.19-04.19.14:883][  0]LogConfig: Setting CVar [[r.Upscale.Quality:3]]
[2022.03.19-04.19.14:883][  0]LogConfig: Setting CVar [[r.Tonemapper.GrainQuantization:1]]
[2022.03.19-04.19.14:883][  0]LogConfig: Setting CVar [[r.LightShaftQuality:1]]
[2022.03.19-04.19.14:883][  0]LogConfig: Setting CVar [[r.Filter.SizeScale:1]]
[2022.03.19-04.19.14:883][  0]LogConfig: Setting CVar [[r.Tonemapper.Quality:5]]
[2022.03.19-04.19.14:883][  0]LogConfig: Setting CVar [[r.DOF.Gather.AccumulatorQuality:1        ; higher gathering accumulator quality]]
[2022.03.19-04.19.14:883][  0]LogConfig: Setting CVar [[r.DOF.Gather.PostfilterMethod:1          ; Median3x3 postfilering method]]
[2022.03.19-04.19.14:883][  0]LogConfig: Setting CVar [[r.DOF.Gather.EnableBokehSettings:0       ; no bokeh simulation when gathering]]
[2022.03.19-04.19.14:883][  0]LogConfig: Setting CVar [[r.DOF.Gather.RingCount:4                 ; medium number of samples when gathering]]
[2022.03.19-04.19.14:883][  0]LogConfig: Setting CVar [[r.DOF.Scatter.ForegroundCompositing:1    ; additive foreground scattering]]
[2022.03.19-04.19.14:883][  0]LogConfig: Setting CVar [[r.DOF.Scatter.BackgroundCompositing:2    ; additive background scattering]]
[2022.03.19-04.19.14:883][  0]LogConfig: Setting CVar [[r.DOF.Scatter.EnableBokehSettings:1      ; bokeh simulation when scattering]]
[2022.03.19-04.19.14:883][  0]LogConfig: Setting CVar [[r.DOF.Scatter.MaxSpriteRatio:0.1         ; only a maximum of 10% of scattered bokeh]]
[2022.03.19-04.19.14:883][  0]LogConfig: Setting CVar [[r.DOF.Recombine.Quality:1                ; cheap slight out of focus]]
[2022.03.19-04.19.14:883][  0]LogConfig: Setting CVar [[r.DOF.Recombine.EnableBokehSettings:0    ; no bokeh simulation on slight out of focus]]
[2022.03.19-04.19.14:883][  0]LogConfig: Setting CVar [[r.DOF.TemporalAAQuality:1                ; more stable temporal accumulation]]
[2022.03.19-04.19.14:883][  0]LogConfig: Setting CVar [[r.DOF.Kernel.MaxForegroundRadius:0.025]]
[2022.03.19-04.19.14:883][  0]LogConfig: Setting CVar [[r.DOF.Kernel.MaxBackgroundRadius:0.025]]
[2022.03.19-04.19.14:883][  0]LogConfig: Applying CVar settings from Section [TextureQuality@3] File [C:/Users/malik/OneDrive/Desktop/Software Engineering Capstone/Cstone/Aidan/Aidan/Saved/Config/Windows/Scalability.ini]
[2022.03.19-04.19.14:883][  0]LogConfig: Setting CVar [[r.Streaming.MipBias:0]]
[2022.03.19-04.19.14:883][  0]LogConfig: Setting CVar [[r.Streaming.AmortizeCPUToGPUCopy:0]]
[2022.03.19-04.19.14:883][  0]LogConfig: Setting CVar [[r.Streaming.MaxNumTexturesToStreamPerFrame:0]]
[2022.03.19-04.19.14:884][  0]LogConfig: Setting CVar [[r.Streaming.Boost:1]]
[2022.03.19-04.19.14:884][  0]LogConfig: Setting CVar [[r.MaxAnisotropy:8]]
[2022.03.19-04.19.14:884][  0]LogConfig: Setting CVar [[r.VT.MaxAnisotropy:8]]
[2022.03.19-04.19.14:884][  0]LogConfig: Setting CVar [[r.Streaming.LimitPoolSizeToVRAM:0]]
[2022.03.19-04.19.14:884][  0]LogConfig: Setting CVar [[r.Streaming.PoolSize:1000]]
[2022.03.19-04.19.14:884][  0]LogConfig: Setting CVar [[r.Streaming.MaxEffectiveScreenSize:0]]
[2022.03.19-04.19.14:884][  0]LogConfig: Applying CVar settings from Section [EffectsQuality@3] File [C:/Users/malik/OneDrive/Desktop/Software Engineering Capstone/Cstone/Aidan/Aidan/Saved/Config/Windows/Scalability.ini]
[2022.03.19-04.19.14:884][  0]LogConfig: Setting CVar [[r.TranslucencyLightingVolumeDim:64]]
[2022.03.19-04.19.14:884][  0]LogConfig: Setting CVar [[r.RefractionQuality:2]]
[2022.03.19-04.19.14:884][  0]LogConfig: Setting CVar [[r.SSR.Quality:3]]
[2022.03.19-04.19.14:884][  0]LogConfig: Setting CVar [[r.SSR.HalfResSceneColor:0]]
[2022.03.19-04.19.14:884][  0]LogConfig: Setting CVar [[r.SceneColorFormat:4]]
[2022.03.19-04.19.14:884][  0]LogConfig: Setting CVar [[r.DetailMode:2]]
[2022.03.19-04.19.14:884][  0]LogConfig: Setting CVar [[r.TranslucencyVolumeBlur:1]]
[2022.03.19-04.19.14:884][  0]LogConfig: Setting CVar [[r.MaterialQualityLevel:1 ; High quality]]
[2022.03.19-04.19.14:884][  0]LogConfig: Setting CVar [[r.AnisotropicMaterials:1]]
[2022.03.19-04.19.14:884][  0]LogConfig: Setting CVar [[r.SSS.Scale:1]]
[2022.03.19-04.19.14:884][  0]LogConfig: Setting CVar [[r.SSS.SampleSet:2]]
[2022.03.19-04.19.14:884][  0]LogConfig: Setting CVar [[r.SSS.Quality:1]]
[2022.03.19-04.19.14:884][  0]LogConfig: Setting CVar [[r.SSS.HalfRes:0]]
[2022.03.19-04.19.14:884][  0]LogConfig: Setting CVar [[r.SSGI.Quality:3]]
[2022.03.19-04.19.14:884][  0]LogConfig: Setting CVar [[r.EmitterSpawnRateScale:1.0]]
[2022.03.19-04.19.14:884][  0]LogConfig: Setting CVar [[r.ParticleLightQuality:2]]
[2022.03.19-04.19.14:884][  0]LogConfig: Setting CVar [[r.SkyAtmosphere.AerialPerspectiveLUT.FastApplyOnOpaque:1 ; Always have FastSkyLUT 1 in this case to avoid wrong sky]]
[2022.03.19-04.19.14:884][  0]LogConfig: Setting CVar [[r.SkyAtmosphere.AerialPerspectiveLUT.SampleCountMaxPerSlice:4]]
[2022.03.19-04.19.14:884][  0]LogConfig: Setting CVar [[r.SkyAtmosphere.AerialPerspectiveLUT.DepthResolution:16.0]]
[2022.03.19-04.19.14:884][  0]LogConfig: Setting CVar [[r.SkyAtmosphere.FastSkyLUT:1]]
[2022.03.19-04.19.14:884][  0]LogConfig: Setting CVar [[r.SkyAtmosphere.FastSkyLUT.SampleCountMin:4.0]]
[2022.03.19-04.19.14:884][  0]LogConfig: Setting CVar [[r.SkyAtmosphere.FastSkyLUT.SampleCountMax:128.0]]
[2022.03.19-04.19.14:884][  0]LogConfig: Setting CVar [[r.SkyAtmosphere.SampleCountMin:4.0]]
[2022.03.19-04.19.14:885][  0]LogConfig: Setting CVar [[r.SkyAtmosphere.SampleCountMax:128.0]]
[2022.03.19-04.19.14:885][  0]LogConfig: Setting CVar [[r.SkyAtmosphere.TransmittanceLUT.UseSmallFormat:0]]
[2022.03.19-04.19.14:885][  0]LogConfig: Setting CVar [[r.SkyAtmosphere.TransmittanceLUT.SampleCount:10.0]]
[2022.03.19-04.19.14:885][  0]LogConfig: Setting CVar [[r.SkyAtmosphere.MultiScatteringLUT.SampleCount:15.0]]
[2022.03.19-04.19.14:885][  0]LogConfig: Setting CVar [[r.SkyLight.RealTimeReflectionCapture:1]]
[2022.03.19-04.19.14:885][  0]LogConfig: Applying CVar settings from Section [FoliageQuality@3] File [C:/Users/malik/OneDrive/Desktop/Software Engineering Capstone/Cstone/Aidan/Aidan/Saved/Config/Windows/Scalability.ini]
[2022.03.19-04.19.14:885][  0]LogConfig: Setting CVar [[foliage.DensityScale:1.0]]
[2022.03.19-04.19.14:885][  0]LogConfig: Setting CVar [[grass.DensityScale:1.0]]
[2022.03.19-04.19.14:885][  0]LogConfig: Applying CVar settings from Section [ShadingQuality@3] File [C:/Users/malik/OneDrive/Desktop/Software Engineering Capstone/Cstone/Aidan/Aidan/Saved/Config/Windows/Scalability.ini]
[2022.03.19-04.19.14:885][  0]LogConfig: Setting CVar [[r.HairStrands.SkyLighting.IntegrationType:2]]
[2022.03.19-04.19.14:885][  0]LogConfig: Setting CVar [[r.HairStrands.SkyAO.SampleCount:4]]
[2022.03.19-04.19.14:885][  0]LogConfig: Setting CVar [[r.HairStrands.Visibility.MSAA.SamplePerPixel:4]]
[2022.03.19-04.19.14:885][  0]LogConfig: Applying CVar settings from Section [Startup] File [../../../Engine/Config/ConsoleVariables.ini]
[2022.03.19-04.19.14:886][  0]LogConfig: Setting CVar [[net.UseAdaptiveNetUpdateFrequency:0]]
[2022.03.19-04.19.14:886][  0]LogConfig: Setting CVar [[p.chaos.AllowCreatePhysxBodies:1]]
[2022.03.19-04.19.14:886][  0]LogConfig: Setting CVar [[fx.SkipVectorVMBackendOptimizations:1]]
[2022.03.19-04.19.14:886][  0]LogConfig: Applying CVar settings from Section [ConsoleVariables] File [C:/Users/malik/OneDrive/Desktop/Software Engineering Capstone/Cstone/Aidan/Aidan/Saved/Config/Windows/Engine.ini]
[2022.03.19-04.19.14:886][  0]LogConfig: Applying CVar settings from Section [ConsoleVariables] File [C:/Users/malik/OneDrive/Desktop/Software Engineering Capstone/Cstone/Aidan/Aidan/Saved/Config/Windows/Editor.ini]
[2022.03.19-04.19.14:886][  0]LogInit: Computer: LAPTOP-LV1RKO7P
[2022.03.19-04.19.14:886][  0]LogInit: User: malik
[2022.03.19-04.19.14:886][  0]LogInit: CPU Page size=4096, Cores=4
[2022.03.19-04.19.14:886][  0]LogInit: High frequency timer resolution =10.000000 MHz
[2022.03.19-04.19.14:886][  0]LogMemory: Memory total: Physical=9.9GB (10GB approx)
[2022.03.19-04.19.14:886][  0]LogMemory: Platform Memory Stats for Windows
[2022.03.19-04.19.14:886][  0]LogMemory: Process Physical Memory: 142.32 MB used, 142.32 MB peak
[2022.03.19-04.19.14:886][  0]LogMemory: Process Virtual Memory: 114.61 MB used, 114.61 MB peak
[2022.03.19-04.19.14:886][  0]LogMemory: Physical Memory: 7883.28 MB used,  2295.26 MB free, 10178.54 MB total
[2022.03.19-04.19.14:887][  0]LogMemory: Virtual Memory: 134203256.00 MB used,  14474.01 MB free, 134217728.00 MB total
[2022.03.19-04.19.14:898][  0]LogWindows: WindowsPlatformFeatures enabled
[2022.03.19-04.19.14:959][  0]LogInit: Physics initialised using underlying interface: PhysX
[2022.03.19-04.19.14:962][  0]LogInit: Using OS detected language (en-US).
[2022.03.19-04.19.14:962][  0]LogInit: Using OS detected locale (en-US).
[2022.03.19-04.19.14:970][  0]LogTextLocalizationManager: No specific localization for 'en-US' exists, so the 'en' localization will be used.
[2022.03.19-04.19.15:441][  0]LogInit: Setting process to per monitor DPI aware
[2022.03.19-04.19.15:467][  0]LogWindowsTextInputMethodSystem: Display: IME system deactivated.
[2022.03.19-04.19.15:500][  0]LogSlate: New Slate User Created.  User Index 0, Is Virtual User: 0
[2022.03.19-04.19.15:500][  0]LogSlate: Slate User Registered.  User Index 0, Is Virtual User: 0
[2022.03.19-04.19.15:829][  0]LogD3D11RHI: Loaded GFSDK_Aftermath_Lib.x64.dll
[2022.03.19-04.19.15:836][  0]LogHMD: Failed to initialize OpenVR with code 110
[2022.03.19-04.19.15:836][  0]LogD3D11RHI: D3D11 min allowed feature level: 11_0
[2022.03.19-04.19.15:836][  0]LogD3D11RHI: D3D11 max allowed feature level: 11_0
[2022.03.19-04.19.15:836][  0]LogD3D11RHI: D3D11 adapters:
[2022.03.19-04.19.15:908][  0]LogD3D11RHI:    0. 'AMD Radeon(TM) RX Vega 10 Graphics' (Feature Level 11_0)
[2022.03.19-04.19.15:908][  0]LogD3D11RHI:       2034/0/5089 MB DedicatedVideo/DedicatedSystem/SharedSystem, Outputs:2, VendorId:0x1002
[2022.03.19-04.19.15:913][  0]LogD3D11RHI:    1. 'Microsoft Basic Render Driver' (Feature Level 11_0)
[2022.03.19-04.19.15:913][  0]LogD3D11RHI:       0/0/5089 MB DedicatedVideo/DedicatedSystem/SharedSystem, Outputs:0, VendorId:0x1414
[2022.03.19-04.19.15:913][  0]LogD3D11RHI: Chosen D3D11 Adapter:
[2022.03.19-04.19.15:913][  0]LogD3D11RHI:     Description : AMD Radeon(TM) RX Vega 10 Graphics
[2022.03.19-04.19.15:913][  0]LogD3D11RHI:     VendorId    : 1002
[2022.03.19-04.19.15:913][  0]LogD3D11RHI:     DeviceId    : 15d8
[2022.03.19-04.19.15:913][  0]LogD3D11RHI:     SubSysId    : 380217aa
[2022.03.19-04.19.15:913][  0]LogD3D11RHI:     Revision    : 00c1
[2022.03.19-04.19.15:913][  0]LogD3D11RHI:     DedicatedVideoMemory : 2133184512 bytes
[2022.03.19-04.19.15:913][  0]LogD3D11RHI:     DedicatedSystemMemory : 0 bytes
[2022.03.19-04.19.15:913][  0]LogD3D11RHI:     SharedSystemMemory : 5336487936 bytes
[2022.03.19-04.19.15:913][  0]LogD3D11RHI:     AdapterLuid : 0 48546
[2022.03.19-04.19.15:932][  0]LogD3D11RHI: Creating new Direct3DDevice
[2022.03.19-04.19.15:932][  0]LogD3D11RHI:     GPU DeviceId: 0x15d8 (for the marketing name, search the web for "GPU Device Id")
[2022.03.19-04.19.15:932][  0]LogWindows: EnumDisplayDevices:
[2022.03.19-04.19.15:933][  0]LogWindows:    0. 'AMD Radeon(TM) RX Vega 10 Graphics' (P:1 D:1)
[2022.03.19-04.19.15:934][  0]LogWindows:    1. 'AMD Radeon(TM) RX Vega 10 Graphics' (P:0 D:1)
[2022.03.19-04.19.15:934][  0]LogWindows:    2. 'AMD Radeon(TM) RX Vega 10 Graphics' (P:0 D:0)
[2022.03.19-04.19.15:935][  0]LogWindows:    3. 'AMD Radeon(TM) RX Vega 10 Graphics' (P:0 D:0)
[2022.03.19-04.19.15:936][  0]LogWindows: DebugString: FoundDriverCount:4 
[2022.03.19-04.19.15:936][  0]LogD3D11RHI:     Adapter Name: AMD Radeon(TM) RX Vega 10 Graphics
[2022.03.19-04.19.15:936][  0]LogD3D11RHI:   Driver Version: Adrenalin 20.10.36 (internal:27.20.11036.3, unified:27.20.11036.3)
[2022.03.19-04.19.15:936][  0]LogD3D11RHI:      Driver Date: 8-25-2020
[2022.03.19-04.19.15:936][  0]LogRHI: Texture pool is 4558 MB (70% of 6511 MB)
[2022.03.19-04.19.15:965][  0]LogD3D11RHI: Creating D3DDevice with AMD AGS, using adapter:
[2022.03.19-04.19.15:965][  0]LogD3D11RHI:     Description : AMD Radeon(TM) RX Vega 10 Graphics
[2022.03.19-04.19.15:965][  0]LogD3D11RHI:     VendorId    : 1002
[2022.03.19-04.19.15:965][  0]LogD3D11RHI:     DeviceId    : 15d8
[2022.03.19-04.19.15:965][  0]LogD3D11RHI:     SubSysId    : 380217aa
[2022.03.19-04.19.15:965][  0]LogD3D11RHI:     Revision    : 00c1
[2022.03.19-04.19.15:965][  0]LogD3D11RHI:     DedicatedVideoMemory : 2133184512 bytes
[2022.03.19-04.19.15:965][  0]LogD3D11RHI:     DedicatedSystemMemory : 0 bytes
[2022.03.19-04.19.15:965][  0]LogD3D11RHI:     SharedSystemMemory : 5336487936 bytes
[2022.03.19-04.19.15:965][  0]LogD3D11RHI:     AdapterLuid : 0 48546
[2022.03.19-04.19.16:017][  0]LogD3D11RHI: Created device via AGS, feature level 11_0, supported extensions 1fffffbf.
[2022.03.19-04.19.16:017][  0]LogD3D11RHI: RHI has support for 64 bit atomics
[2022.03.19-04.19.16:017][  0]LogD3D11RHI: Async texture creation enabled
[2022.03.19-04.19.16:017][  0]LogD3D11RHI: Array index from any shader is supported
[2022.03.19-04.19.16:037][  0]LogD3D11RHI: GPU Timing Frequency: 25.000000 (Debug: 2 1)
[2022.03.19-04.19.16:790][  0]LogTargetPlatformManager: Display: Loaded TargetPlatform 'AllDesktop'
[2022.03.19-04.19.16:849][  0]LogTargetPlatformManager: Display: Loaded TargetPlatform 'Android'
[2022.03.19-04.19.16:849][  0]LogTargetPlatformManager: Display: Loaded TargetPlatform 'Android_ASTC'
[2022.03.19-04.19.16:849][  0]LogTargetPlatformManager: Display: Loaded TargetPlatform 'Android_DXT'
[2022.03.19-04.19.16:849][  0]LogTargetPlatformManager: Display: Loaded TargetPlatform 'Android_ETC2'
[2022.03.19-04.19.16:849][  0]LogTargetPlatformManager: Display: Loaded TargetPlatform 'AndroidClient'
[2022.03.19-04.19.16:849][  0]LogTargetPlatformManager: Display: Loaded TargetPlatform 'Android_ASTCClient'
[2022.03.19-04.19.16:849][  0]LogTargetPlatformManager: Display: Loaded TargetPlatform 'Android_DXTClient'
[2022.03.19-04.19.16:849][  0]LogTargetPlatformManager: Display: Loaded TargetPlatform 'Android_ETC2Client'
[2022.03.19-04.19.16:849][  0]LogTargetPlatformManager: Display: Loaded TargetPlatform 'Android_Multi'
[2022.03.19-04.19.16:849][  0]LogTargetPlatformManager: Display: Loaded TargetPlatform 'Android_MultiClient'
[2022.03.19-04.19.16:898][  0]LogTargetPlatformManager: Display: Loaded TargetPlatform 'IOSClient'
[2022.03.19-04.19.16:898][  0]LogTargetPlatformManager: Display: Loaded TargetPlatform 'IOS'
[2022.03.19-04.19.16:925][  0]LogTargetPlatformManager: Display: Loaded TargetPlatform 'Linux'
[2022.03.19-04.19.16:935][  0]LogTargetPlatformManager: Display: Loaded TargetPlatform 'LinuxNoEditor'
[2022.03.19-04.19.16:945][  0]LogTargetPlatformManager: Display: Loaded TargetPlatform 'LinuxClient'
[2022.03.19-04.19.16:954][  0]LogTargetPlatformManager: Display: Loaded TargetPlatform 'LinuxServer'
[2022.03.19-04.19.16:981][  0]LogTargetPlatformManager: Display: Loaded TargetPlatform 'LinuxAArch64NoEditor'
[2022.03.19-04.19.16:998][  0]LogTargetPlatformManager: Display: Loaded TargetPlatform 'LinuxAArch64Client'
[2022.03.19-04.19.17:010][  0]LogTargetPlatformManager: Display: Loaded TargetPlatform 'LinuxAArch64Server'
[2022.03.19-04.19.17:073][  0]LogTargetPlatformManager: Display: Loaded TargetPlatform 'Lumin'
[2022.03.19-04.19.17:074][  0]LogTargetPlatformManager: Display: Loaded TargetPlatform 'LuminClient'
[2022.03.19-04.19.17:098][  0]LogTargetPlatformManager: Display: Loaded TargetPlatform 'MacNoEditor'
[2022.03.19-04.19.17:110][  0]LogTargetPlatformManager: Display: Loaded TargetPlatform 'Mac'
[2022.03.19-04.19.17:121][  0]LogTargetPlatformManager: Display: Loaded TargetPlatform 'MacClient'
[2022.03.19-04.19.17:132][  0]LogTargetPlatformManager: Display: Loaded TargetPlatform 'MacServer'
[2022.03.19-04.19.17:157][  0]LogTargetPlatformManager: Display: Loaded TargetPlatform 'TVOSClient'
[2022.03.19-04.19.17:158][  0]LogTargetPlatformManager: Display: Loaded TargetPlatform 'TVOS'
[2022.03.19-04.19.17:185][  0]LogTargetPlatformManager: Display: Loaded TargetPlatform 'WindowsNoEditor'
[2022.03.19-04.19.17:197][  0]LogTargetPlatformManager: Display: Loaded TargetPlatform 'Windows'
[2022.03.19-04.19.17:209][  0]LogTargetPlatformManager: Display: Loaded TargetPlatform 'WindowsClient'
[2022.03.19-04.19.17:220][  0]LogTargetPlatformManager: Display: Loaded TargetPlatform 'WindowsServer'
[2022.03.19-04.19.17:220][  0]LogTargetPlatformManager: Display: Building Assets For Windows
[2022.03.19-04.19.17:239][  0]LogAudioDebug: Display: Lib vorbis DLL was dynamically loaded.
[2022.03.19-04.19.17:324][  0]LogTextureFormatOodle: Display: Oodle Texture 2.9.0 init RDO Off
[2022.03.19-04.19.17:389][  0]LogRendererCore: Ray tracing is disabled. Reason: r.RayTracing=0.
[2022.03.19-04.19.17:389][  0]LogShaderCompilers: Guid format shader working directory is -50 characters bigger than the processId version (../../../../../../Users/malik/OneDrive/Desktop/Software Engineering Capstone/Cstone/Aidan/Aidan/Intermediate/Shaders/WorkingDirectory/23320/).
[2022.03.19-04.19.17:390][  0]LogShaderCompilers: Cleaned the shader compiler working directory 'C:/Users/malik/AppData/Local/Temp/UnrealShaderWorkingDir/62FE08E44646FB05E8FF6388106AD231/'.
[2022.03.19-04.19.17:390][  0]LogXGEController: Cannot use XGE Controller as Incredibuild is not installed on this machine.
[2022.03.19-04.19.17:390][  0]LogShaderCompilers: Cannot use XGE Shader Compiler as Incredibuild is not installed on this machine.
[2022.03.19-04.19.17:390][  0]LogShaderCompilers: Display: Using Local Shader Compiler.
[2022.03.19-04.19.18:551][  0]LogDerivedDataCache: Display: Max Cache Size: 512 MB
[2022.03.19-04.19.18:646][  0]LogDerivedDataCache: Loaded boot cache 0.09s 94MB C:/Users/malik/AppData/Local/UnrealEngine/4.27/DerivedDataCache/Boot.ddc.
[2022.03.19-04.19.18:646][  0]LogDerivedDataCache: Display: Loaded Boot cache: C:/Users/malik/AppData/Local/UnrealEngine/4.27/DerivedDataCache/Boot.ddc
[2022.03.19-04.19.18:646][  0]LogDerivedDataCache: FDerivedDataBackendGraph:  Pak pak cache file ../../../../../../Users/malik/OneDrive/Desktop/Software Engineering Capstone/Cstone/Aidan/Aidan/DerivedDataCache/DDC.ddp not found, will not use a pak cache.
[2022.03.19-04.19.18:646][  0]LogDerivedDataCache: Unable to find inner node Pak for hierarchical cache Hierarchy.
[2022.03.19-04.19.18:646][  0]LogDerivedDataCache: FDerivedDataBackendGraph:  CompressedPak pak cache file ../../../../../../Users/malik/OneDrive/Desktop/Software Engineering Capstone/Cstone/Aidan/Aidan/DerivedDataCache/Compressed.ddp not found, will not use a pak cache.
[2022.03.19-04.19.18:647][  0]LogDerivedDataCache: Unable to find inner node CompressedPak for hierarchical cache Hierarchy.
[2022.03.19-04.19.18:697][  0]LogDerivedDataCache: Display: Pak cache opened for reading ../../../Engine/DerivedDataCache/Compressed.ddp.
[2022.03.19-04.19.18:698][  0]LogDerivedDataCache: FDerivedDataBackendGraph:  EnterprisePak pak cache file ../../../Enterprise/DerivedDataCache/Compressed.ddp not found, will not use a pak cache.
[2022.03.19-04.19.18:698][  0]LogDerivedDataCache: Unable to find inner node EnterprisePak for hierarchical cache Hierarchy.
[2022.03.19-04.19.18:724][  0]LogDerivedDataCache: Speed tests for C:/Users/malik/AppData/Local/UnrealEngine/Common/DerivedDataCache took 0.03 seconds
[2022.03.19-04.19.18:724][  0]LogDerivedDataCache: Display: Performance to C:/Users/malik/AppData/Local/UnrealEngine/Common/DerivedDataCache: Latency=0.09ms. RandomReadSpeed=429.46MBs, RandomWriteSpeed=40.24MBs. Assigned SpeedClass 'Local'
[2022.03.19-04.19.18:729][  0]LogDerivedDataCache: Using Local data cache path C:/Users/malik/AppData/Local/UnrealEngine/Common/DerivedDataCache: Writable
[2022.03.19-04.19.18:730][  0]LogDerivedDataCache: Shared data cache path not found in *engine.ini, will not use an Shared cache.
[2022.03.19-04.19.18:730][  0]LogDerivedDataCache: Unable to find inner node Shared for hierarchical cache Hierarchy.
[2022.03.19-04.19.18:833][  0]LogSlate: Using FreeType 2.10.0
[2022.03.19-04.19.18:834][  0]LogSlate: SlateFontServices - WITH_FREETYPE: 1, WITH_HARFBUZZ: 1
[2022.03.19-04.19.18:882][  0]LogAssetRegistry: FAssetRegistry took 0.0072 seconds to start up
[2022.03.19-04.19.19:588][  0]LogInit: Selected Device Profile: [Windows]
[2022.03.19-04.19.19:588][  0]LogInit: Active device profile: [00000242E0E09300][00000242E1D99800 49] Windows
[2022.03.19-04.19.19:588][  0]LogInit: Profiles: [00000242E0E09300][00000242E1D99800 49] Windows, [00000242E0DBB000][00000242E1DA1AC0 49] WindowsNoEditor, [00000242E0E0A400][00000242E1DB8200 49] WindowsServer, [00000242E0DBBF00][00000242E1DC44C0 49] WindowsClient, [00000242E0E0B300][00000242E1DCC780 49] IOS, [00000242E0DB9200][00000242E1952A40 49] iPadAir, [00000242E0E0BE00][00000242E1D9CCC0 49] iPadAir2, [00000242E0D26100][00000242D64C51C0 49] IPadPro, [00000242E0D26200][00000242E1999200 49] iPadAir3, [00000242E0DB9B00][00000242D64BD4C0 49] iPadAir4, [00000242E0D27100][00000242D64B9780 49] iPadMini2, [00000242E0DBB300][00000242D64C1A40 49] iPadMini3, [00000242E0D27E00][00000242E1994180 49] iPadMini4, [00000242E0DBA400][00000242E1956440 49] iPadMini5, [00000242E0D6DA00][00000242E195E980 49] iPhone6, [00000242E0D6DB00][00000242D60289C0 49] iPodTouch6, [00000242E0E0AE00][00000242E1962EC0 49] iPhone7, [00000242E0E0B100][00000242D602CF00 49] iPodTouch7, [00000242E0D25C00][00000242E199D180 49] iPhone5S, [00000242E0E09200][00000242E1DC9440 49] iPhone6Plus, [00000242E0D25800][00000242E1967700 49] iPhone6S, [00000242E0E08400][00000242E196B9C0 49] iPhone6SPlus, [00000242E0D24E00][00000242E196E100 49] iPhone7Plus, [00000242E0E0B000][00000242E19723C0 49] iPhoneSE, [00000242E0D24A00][00000242E1976680 49] iPhone8, [00000242E0E08800][00000242E197A940 49] iPhone8Plus, [00000242E0E09D00][00000242E197EC00 49] iPhoneX, [00000242E0D6C800][00000242E1982EC0 49] iPhoneXS, [00000242E0E0AD00][00000242E195B140 49] iPhoneXSMax, [00000242E0D6CF00][00000242E19873C0 49] iPhoneXR, [00000242E0E09A00][00000242E198F680 49] iPhone11, [00000242E0D6D300][00000242D64E7940 49] iPhone11Pro, [00000242E0D6C400][00000242D64EBC00 49] iPhone11ProMax, [00000242E0D27200][00000242D64EE340 49] iPhoneSE2, [00000242E0D6E300][00000242D64F2600 49] iPhone12Mini, [00000242E0D25400][00000242D64F68C0 49] iPhone12, [00000242E0D6ED00][00000242D64FAB80 49] iPhone12Pro, [00000242E0D27700][00000242D64FEE40 49] iPhone12ProMax, [00000242E0D6EE00][00000242D6503100 49] iPadPro105, [00000242E0D26400][00000242E198B380 49] iPadPro129, [00000242E0D6EF00][00000242D650B640 49] iPadPro97, [00000242E0D27800][00000242D650F900 49] iPadPro2_129, [00000242E0E09600][00000242D6513BC0 49] iPad5, [00000242E0D25B00][00000242D6516300 49] iPad6, [00000242E0E0B700][00000242D651A5C0 49] iPad7, [00000242E0D24100][00000242D651E880 49] iPad8, [00000242E0E09E00][00000242D6522B40 49] iPadPro11, [00000242E0D26F00][00000242E1B84E00 49] iPadPro2_11, [00000242E0E0BA00][00000242E1B890C0 49] iPadPro3_129, [00000242E0D26B00][00000242D6507340 49] iPadPro4_129, [00000242E0E0A900][00000242E1B8D5C0 49] AppleTV, [00000242E0D24200][00000242E1B95880 49] AppleTV4K, [00000242E0E0A500][00000242E1B99B40 49] TVOS, [00000242E0D25900][00000242E1B9C280 49] Mac, [00000242E0E08E00][00000242E1BA0540 49] MacClient, [00000242E0D24800][00000242E1BA4800 49] MacNoEditor, [00000242E0E09800][00000242E1BA8AC0 49] MacServer, [00000242E0D25E00][00000242E1BACD80 49] Linux, [00000242E0E09000][00000242E1BB1040 49] LinuxAArch64, [00000242E0D24300][00000242E1BB5300 49] LinuxNoEditor, [00000242E0E08600][00000242E1B91580 49] LinuxAArch64NoEditor, [00000242E0D27F00][00000242E1BB9800 49] LinuxClient, [00000242E0E08100][00000242E1BC1AC0 49] LinuxAArch64Client, [00000242E0D24600][00000242E1BC4200 49] LinuxServer, [00000242E0E09500][00000242E1BC84C0 49] LinuxAArch64Server, [00000242E0D26D00][00000242E1BCC780 49] Android, [00000242E0E08D00][00000242E1BD0A40 49] Android_Low, [00000242E0D25600][00000242E1BD4D00 49] Android_Mid, [00000242E0E0B400][00000242E1BD8FC0 49] Android_High, [00000242E0D24B00][00000242E1BDD280 49] Android_Default, [00000242E0E09F00][00000242E1BE1540 49] Android_Adreno4xx, [00000242E0D25500][00000242E1BBD7C0 49] Android_Adreno5xx_Low, [00000242E0E0B500][00000242E1BE5A40 49] Android_Adreno5xx, [00000242E0D24700][00000242E1BEC180 49] Android_Adreno6xx, [00000242E0E09C00][00000242E1BF0440 49] Android_Adreno6xx_Vulkan, [00000242E0D26800][00000242E1BF4700 49] Android_Mali_T6xx, [00000242E0E0A300][00000242E1BF89C0 49] Android_Mali_T7xx, [00000242E0D25700][00000242E1BFCC80 49] Android_Mali_T8xx, [00000242E0E0A800][00000242E1C00F40 49] Android_Mali_G71, [00000242E0D27400][00000242E1C05200 49] Android_Mali_G72, [00000242E0E08700][00000242E1C094C0 49] Android_Mali_G72_Vulkan, [00000242E0D26700][00000242E1C0D780 49] Android_Mali_G76, [00000242E0D6F900][00000242E1BE9A00 49] Android_Mali_G76_Vulkan, [00000242E0DB8900][00000242E1C10100 49] Android_Mali_G77, [00000242E0D6F200][00000242E19D03C0 49] Android_Mali_G77_Vulkan, [00000242E0DB8D00][00000242E19D4680 49] Android_Mali_G78, [00000242E0D6CC00][00000242E19D8940 49] Android_Mali_G78_Vulkan, [00000242E0DB8B00][00000242E19DCC00 49] Android_Mali_G710, [00000242E0D6C500][00000242E19E0EC0 49] Android_Mali_G710_Vulkan, [00000242E0DB9D00][00000242E19E5180 49] Android_Vulkan_SM5, [00000242E0D6C200][00000242E19E9440 49] Android_PowerVR_G6xxx, [00000242E0DBBB00][00000242E19ED700 49] Android_PowerVR_GT7xxx, [00000242E0D6F700][00000242E19F19C0 49] Android_PowerVR_GE8xxx, [00000242E0DB8200][00000242E1C140C0 49] Android_PowerVR_GM9xxx, [00000242E0D6E200][00000242E19F4340 49] Android_PowerVR_GM9xxx_Vulkan, [00000242E0DBA900][00000242E19FC600 49] Android_TegraK1, [00000242E0D6CE00][00000242E1A008C0 49] Android_Unknown_Vulkan, [00000242E0DB9600][00000242E1A04B80 49] Lumin, [00000242E0D6D100][00000242E1A08E40 49] Lumin_Desktop, [00000242E0DBAC00][00000242E1A0D100 49] HoloLens, 
[2022.03.19-04.19.19:892][  0]LogMeshReduction: Using QuadricMeshReduction for automatic static mesh reduction
[2022.03.19-04.19.19:892][  0]LogMeshReduction: Using SimplygonMeshReduction for automatic skeletal mesh reduction
[2022.03.19-04.19.19:892][  0]LogMeshReduction: Using ProxyLODMeshReduction for automatic mesh merging
[2022.03.19-04.19.19:892][  0]LogMeshReduction: No distributed automatic mesh merging module available
[2022.03.19-04.19.19:892][  0]LogMeshMerging: No distributed automatic mesh merging module available
[2022.03.19-04.19.19:933][  0]LogNetVersion: Aidan 1.0.0, NetCL: 17155196, EngineNetVer: 17, GameNetVer: 0 (Checksum: 273725539)
[2022.03.19-04.19.20:846][  0]LogTexture: Default maximum texture size for cubemaps generated from long-lat sources has been changed from 512 to unlimited. In order to preserve old behaiour for '/Engine/MapTemplates/Sky/DaylightAmbientCubemap.DaylightAmbientCubemap', its maximum texture size has been explicitly set to 512.
[2022.03.19-04.19.20:972][  0]LogHMD: PokeAHoleMaterial loaded successfully
[2022.03.19-04.19.20:989][  0]LogUObjectArray: 17178 objects as part of root set at end of initial load.
[2022.03.19-04.19.20:989][  0]LogUObjectAllocator: 4302048 out of 0 bytes used by permanent object pool.
[2022.03.19-04.19.20:989][  0]LogUObjectArray: CloseDisregardForGC: 0/0 objects in disregard for GC pool
[2022.03.19-04.19.21:745][  0]LogNiagaraDebuggerClient: Niagara Debugger Client Initialized | Session: F9A5772140C6ECC55B9F90A61CC8AC40 | Instance: 6CB5F43248EE09F4D99E83B4262D3BAC (LAPTOP-LV1RKO7P-23320).
[2022.03.19-04.19.22:050][  0]LogTcpMessaging: Initializing TcpMessaging bridge
[2022.03.19-04.19.22:061][  0]LogUdpMessaging: Initializing bridge on interface 0.0.0.0:0 to multicast group 230.0.0.1:6666.
[2022.03.19-04.19.22:102][  0]LogPython: Using Python 3.7.7
[2022.03.19-04.19.25:665][  0]LogWindows: Error: === Critical error: ===
[2022.03.19-04.19.25:665][  0]LogWindows: Error: 
[2022.03.19-04.19.25:665][  0]LogWindows: Error: Fatal error!
[2022.03.19-04.19.25:665][  0]LogWindows: Error: 
[2022.03.19-04.19.25:665][  0]LogWindows: Error: Unhandled Exception: EXCEPTION_ACCESS_VIOLATION reading address 0x0000000000000bb0
[2022.03.19-04.19.25:666][  0]LogWindows: Error: 
[2022.03.19-04.19.25:666][  0]LogWindows: Error: [Callstack] 0x00007fff763762ff UE4Editor-Engine.dll!UnknownFunction []
[2022.03.19-04.19.25:666][  0]LogWindows: Error: [Callstack] 0x00007fff54892628 UE4Editor-Aidan-8768.dll!AProcMesh::AProcMesh() [C:\Users\malik\OneDrive\Desktop\Software Engineering Capstone\Cstone\Aidan\Aidan\Source\Aidan\ProcMesh.cpp:10]
[2022.03.19-04.19.25:666][  0]LogWindows: Error: [Callstack] 0x00007fff7b8861d3 UE4Editor-CoreUObject.dll!UnknownFunction []
[2022.03.19-04.19.25:666][  0]LogWindows: Error: [Callstack] 0x00007fff7bba8faf UE4Editor-CoreUObject.dll!UnknownFunction []
[2022.03.19-04.19.25:666][  0]LogWindows: Error: [Callstack] 0x00007fff7bb85411 UE4Editor-CoreUObject.dll!UnknownFunction []
[2022.03.19-04.19.25:666][  0]LogWindows: Error: [Callstack] 0x00007fff7ba4ddc5 UE4Editor-CoreUObject.dll!UnknownFunction []
[2022.03.19-04.19.25:666][  0]LogWindows: Error: [Callstack] 0x00007fff7c261bea UE4Editor-Core.dll!UnknownFunction []
[2022.03.19-04.19.25:666][  0]LogWindows: Error: [Callstack] 0x00007fff7c2815a3 UE4Editor-Core.dll!UnknownFunction []
[2022.03.19-04.19.25:666][  0]LogWindows: Error: [Callstack] 0x00007fffd9d16433 UE4Editor-Projects.dll!UnknownFunction []
[2022.03.19-04.19.25:666][  0]LogWindows: Error: [Callstack] 0x00007fffd9d1674f UE4Editor-Projects.dll!UnknownFunction []
[2022.03.19-04.19.25:666][  0]LogWindows: Error: [Callstack] 0x00007ff731be5642 UE4Editor.exe!UnknownFunction []
[2022.03.19-04.19.25:666][  0]LogWindows: Error: [Callstack] 0x00007ff731be9000 UE4Editor.exe!UnknownFunction []
[2022.03.19-04.19.25:666][  0]LogWindows: Error: [Callstack] 0x00007ff731be0d2c UE4Editor.exe!UnknownFunction []
[2022.03.19-04.19.25:666][  0]LogWindows: Error: [Callstack] 0x00007ff731be10ba UE4Editor.exe!UnknownFunction []
[2022.03.19-04.19.25:666][  0]LogWindows: Error: [Callstack] 0x00007ff731be40dd UE4Editor.exe!UnknownFunction []
[2022.03.19-04.19.25:666][  0]LogWindows: Error: [Callstack] 0x00007ff731bf5984 UE4Editor.exe!UnknownFunction []
[2022.03.19-04.19.25:666][  0]LogWindows: Error: [Callstack] 0x00007ff731bf853a UE4Editor.exe!UnknownFunction []
[2022.03.19-04.19.25:666][  0]LogWindows: Error: [Callstack] 0x00007ff80bf47034 KERNEL32.DLL!UnknownFunction []
[2022.03.19-04.19.25:666][  0]LogWindows: Error: [Callstack] 0x00007ff80d382651 ntdll.dll!UnknownFunction []
[2022.03.19-04.19.25:666][  0]LogWindows: Error: 
[2022.03.19-04.19.25:676][  0]LogExit: Executing StaticShutdownAfterError
[2022.03.19-04.19.25:679][  0]LogWindows: FPlatformMisc::RequestExit(1)
[2022.03.19-04.19.25:679][  0]LogWindows: FPlatformMisc::RequestExitWithStatus(1, 3)
[2022.03.19-04.19.25:679][  0]LogCore: Engine exit requested (reason: Win RequestExit)
[2022.03.19-04.19.25:683][  0]Log file closed, 03/18/22 23:19:25
