Log file open, 03/25/22 12:27:36
LogWindows: Failed to load 'aqProf.dll' (GetLastError=126)
LogWindows: File 'aqProf.dll' does not exist
LogWindows: Failed to load 'VtuneApi.dll' (GetLastError=126)
LogWindows: File 'VtuneApi.dll' does not exist
LogWindows: Failed to load 'VtuneApi32e.dll' (GetLastError=126)
LogWindows: File 'VtuneApi32e.dll' does not exist
LogConsoleResponse: Display: Failed to find resolution value strings in scalability ini. Falling back to default.
LogConsoleResponse: Display: Failed to find resolution value strings in scalability ini. Falling back to default.
LogInit: Display: Running engine for game: Aidan
LogPlatformFile: Not using cached read wrapper
LogTaskGraph: Started task graph with 5 named threads and 23 total threads with 3 sets of task threads.
LogStats: Stats thread started at 0.553682
LogICUInternationalization: ICU TimeZone Detection - Raw Offset: -6:00, Platform Override: ''
LogInit: Display: Loading text-based GConfig....
LogPluginManager: Mounting plugin MeshPainting
LogPluginManager: Mounting plugin XGEController
LogPluginManager: Mounting plugin Paper2D
LogPluginManager: Mounting plugin LiveLink
LogPluginManager: Mounting plugin AISupport
LogPluginManager: Mounting plugin EnvironmentQueryEditor
LogPluginManager: Mounting plugin LightPropagationVolume
LogPluginManager: Mounting plugin CameraShakePreviewer
LogPluginManager: Mounting plugin GameplayCameras
LogPluginManager: Mounting plugin OodleData
LogPluginManager: Mounting plugin AssetManagerEditor
LogPluginManager: Mounting plugin OodleNetwork
LogPluginManager: Mounting plugin CryptoKeys
LogPluginManager: Mounting plugin DataValidation
LogPluginManager: Mounting plugin FacialAnimation
LogPluginManager: Mounting plugin GameplayTagsEditor
LogPluginManager: Mounting plugin GeometryMode
LogPluginManager: Mounting plugin MacGraphicsSwitching
LogPluginManager: Mounting plugin CurveEditorTools
LogPluginManager: Mounting plugin MaterialAnalyzer
LogPluginManager: Mounting plugin PluginBrowser
LogPluginManager: Mounting plugin MobileLauncherProfileWizard
LogPluginManager: Mounting plugin SpeedTreeImporter
LogPluginManager: Mounting plugin DatasmithContent
LogPluginManager: Mounting plugin VariantManagerContent
LogPluginManager: Mounting plugin AnimationSharing
LogPluginManager: Mounting plugin CLionSourceCodeAccess
LogPluginManager: Mounting plugin CodeLiteSourceCodeAccess
LogPluginManager: Mounting plugin GitSourceControl
LogPluginManager: Mounting plugin KDevelopSourceCodeAccess
LogPluginManager: Mounting plugin NullSourceCodeAccess
LogPluginManager: Mounting plugin PerforceSourceControl
LogPluginManager: Mounting plugin PlasticSourceControl
LogPluginManager: Mounting plugin PluginUtils
LogPluginManager: Mounting plugin PixWinPlugin
LogPluginManager: Mounting plugin PropertyAccessNode
LogPluginManager: Mounting plugin RiderSourceCodeAccess
LogPluginManager: Mounting plugin TextureFormatOodle
LogPluginManager: Mounting plugin SubversionSourceControl
LogPluginManager: Mounting plugin UObjectPlugin
LogPluginManager: Mounting plugin VisualStudioCodeSourceCodeAccess
LogPluginManager: Mounting plugin VisualStudioSourceCodeAccess
LogPluginManager: Mounting plugin XCodeSourceCodeAccess
LogPluginManager: Mounting plugin Niagara
LogPluginManager: Mounting plugin AutomationUtils
LogPluginManager: Mounting plugin BackChannel
LogPluginManager: Mounting plugin AlembicImporter
LogPluginManager: Mounting plugin ChaosCloth
LogPluginManager: Mounting plugin ChaosEditor
LogPluginManager: Mounting plugin ChaosClothEditor
LogPluginManager: Mounting plugin ChaosSolverPlugin
LogPluginManager: Mounting plugin ChaosNiagara
LogPluginManager: Mounting plugin CharacterAI
LogPluginManager: Mounting plugin GeometryCache
LogPluginManager: Mounting plugin GeometryCollectionPlugin
LogPluginManager: Mounting plugin MagicLeap
LogPluginManager: Mounting plugin LuminPlatformFeatures
LogPluginManager: Mounting plugin MagicLeapLightEstimation
LogPluginManager: Mounting plugin MagicLeapMedia
LogPluginManager: Mounting plugin MagicLeapPassableWorld
LogPluginManager: Mounting plugin GeometryProcessing
LogPluginManager: Mounting plugin MLSDK
LogPluginManager: Mounting plugin MotoSynth
LogPluginManager: Mounting plugin OpenImageDenoise
LogPluginManager: Mounting plugin PlanarCut
LogPluginManager: Mounting plugin ProxyLODPlugin
LogPluginManager: Mounting plugin PlatformCrypto
LogPluginManager: Mounting plugin PythonScriptPlugin
LogPluginManager: Mounting plugin SkeletalReduction
LogPluginManager: Mounting plugin AndroidMedia
LogPluginManager: Mounting plugin AvfMedia
LogPluginManager: Mounting plugin ImgMedia
LogPluginManager: Mounting plugin MediaPlayerEditor
LogPluginManager: Mounting plugin WebMMedia
LogPluginManager: Mounting plugin WmfMedia
LogPluginManager: Mounting plugin MediaCompositing
LogPluginManager: Mounting plugin TcpMessaging
LogPluginManager: Mounting plugin UdpMessaging
LogPluginManager: Mounting plugin OnlineSubsystem
LogPluginManager: Mounting plugin OnlineSubsystemNull
LogPluginManager: Mounting plugin OnlineSubsystemUtils
LogPluginManager: Mounting plugin ActorSequence
LogPluginManager: Mounting plugin LevelSequenceEditor
LogPluginManager: Mounting plugin MatineeToLevelSequence
LogPluginManager: Mounting plugin TemplateSequence
LogPluginManager: Mounting plugin LauncherChunkInstaller
LogPluginManager: Mounting plugin ActorLayerUtilities
LogPluginManager: Mounting plugin AndroidDeviceProfileSelector
LogPluginManager: Mounting plugin AndroidMoviePlayer
LogPluginManager: Mounting plugin AppleImageUtils
LogPluginManager: Mounting plugin AppleMoviePlayer
LogPluginManager: Mounting plugin AssetTags
LogPluginManager: Mounting plugin ArchVisCharacter
LogPluginManager: Mounting plugin AudioCapture
LogPluginManager: Mounting plugin AudioSynesthesia
LogPluginManager: Mounting plugin CableComponent
LogPluginManager: Mounting plugin CustomMeshComponent
LogPluginManager: Mounting plugin ChunkDownloader
LogPluginManager: Mounting plugin AndroidPermission
LogPluginManager: Mounting plugin EditableMesh
LogPluginManager: Mounting plugin ExampleDeviceProfileSelector
LogPluginManager: Mounting plugin GoogleCloudMessaging
LogPluginManager: Mounting plugin GooglePAD
LogPluginManager: Mounting plugin IOSDeviceProfileSelector
LogPluginManager: Mounting plugin LinuxDeviceProfileSelector
LogPluginManager: Mounting plugin LocationServicesBPLibrary
LogPluginManager: Mounting plugin MobilePatchingUtils
LogPluginManager: Mounting plugin OpenXR
LogPluginManager: Mounting plugin OpenXRHandTracking
LogPluginManager: Mounting plugin OpenXREyeTracker
LogPluginManager: Mounting plugin PhysXVehicles
LogPluginManager: Mounting plugin PostSplashScreen
LogPluginManager: Mounting plugin ProceduralMeshComponent
LogPluginManager: Mounting plugin PropertyAccessEditor
LogPluginManager: Mounting plugin RuntimePhysXCooking
LogPluginManager: Mounting plugin SignificanceManager
LogPluginManager: Mounting plugin Synthesis
LogPluginManager: Mounting plugin WebMMoviePlayer
LogPluginManager: Mounting plugin ScreenshotTools
LogPluginManager: Mounting plugin WindowsMoviePlayer
LogPluginManager: Mounting plugin Takes
LogPluginManager: Mounting plugin SoundFields
LogPluginManager: Mounting plugin ContentBrowserAssetDataSource
LogPluginManager: Mounting plugin ContentBrowserFileDataSource
LogPluginManager: Mounting plugin ContentBrowserClassDataSource
LogPluginManager: Mounting plugin OnlineSubsystemIOS
LogPluginManager: Mounting plugin OnlineSubsystemGooglePlay
LogPluginManager: Mounting plugin OculusVR
LogPluginManager: Mounting plugin SteamVR
PixWinPlugin: PIX capture plugin failed to initialize! Check that the process is launched from PIX.
LogInit: Using libcurl 7.55.1-DEV
LogInit:  - built for x86_64-pc-win32
LogInit:  - supports SSL with OpenSSL/1.1.1
LogInit:  - supports HTTP deflate (compression) using libz 1.2.8
LogInit:  - other features:
LogInit:      CURL_VERSION_SSL
LogInit:      CURL_VERSION_LIBZ
LogInit:      CURL_VERSION_IPV6
LogInit:      CURL_VERSION_ASYNCHDNS
LogInit:      CURL_VERSION_LARGEFILE
LogInit:      CURL_VERSION_IDN
LogInit:  CurlRequestOptions (configurable via config and command line):
LogInit:  - bVerifyPeer = true  - Libcurl will verify peer certificate
LogInit:  - bUseHttpProxy = false  - Libcurl will NOT use HTTP proxy
LogInit:  - bDontReuseConnections = false  - Libcurl will reuse connections
LogInit:  - MaxHostConnections = 16  - Libcurl will limit the number of connections to a host
LogInit:  - LocalHostAddr = Default
LogInit:  - BufferSize = 65536
LogOnline: OSS: Creating online subsystem instance for: NULL
LogInit: WinSock: version 1.1 (2.2), MaxSocks=32767, MaxUdp=65467
LogOnline: OSS: TryLoadSubsystemAndSetDefault: Loaded subsystem for module [NULL]
LogOculusPluginWrapper: OculusPlugin initialized successfully
LogHMD: Failed initializing OVRPlugin 1.59.0
LogInit: Build: ++UE4+Release-4.27-CL-18319896
LogInit: Engine Version: 4.27.2-18319896+++UE4+Release-4.27
LogInit: Compatible Engine Version: 4.27.0-17155196+++UE4+Release-4.27
LogInit: Net CL: 17155196
LogInit: OS: Windows 10 (Release 2009) (), CPU: AMD Ryzen 7 3700U with Radeon Vega Mobile Gfx  , GPU: AMD Radeon(TM) RX Vega 10 Graphics
LogInit: Compiled (64-bit): Nov 30 2021 07:12:08
LogInit: Compiled with Visual C++: 19.24.28315.00
LogInit: Build Configuration: Development
LogInit: Branch Name: ++UE4+Release-4.27
LogInit: Command Line: 
LogInit: Base Directory: C:/Program Files/Epic Games/UE_4.27/Engine/Binaries/Win64/
LogInit: Allocator: TBB
LogInit: Installed Engine Build: 1
LogDevObjectVersion: Number of dev versions registered: 29
LogDevObjectVersion:   Dev-Blueprints (B0D832E4-1F89-4F0D-ACCF-7EB736FD4AA2): 10
LogDevObjectVersion:   Dev-Build (E1C64328-A22C-4D53-A36C-8E866417BD8C): 0
LogDevObjectVersion:   Dev-Core (375EC13C-06E4-48FB-B500-84F0262A717E): 4
LogDevObjectVersion:   Dev-Editor (E4B068ED-F494-42E9-A231-DA0B2E46BB41): 40
LogDevObjectVersion:   Dev-Framework (CFFC743F-43B0-4480-9391-14DF171D2073): 37
LogDevObjectVersion:   Dev-Mobile (B02B49B5-BB20-44E9-A304-32B752E40360): 3
LogDevObjectVersion:   Dev-Networking (A4E4105C-59A1-49B5-A7C5-40C4547EDFEE): 0
LogDevObjectVersion:   Dev-Online (39C831C9-5AE6-47DC-9A44-9C173E1C8E7C): 0
LogDevObjectVersion:   Dev-Physics (78F01B33-EBEA-4F98-B9B4-84EACCB95AA2): 14
LogDevObjectVersion:   Dev-Platform (6631380F-2D4D-43E0-8009-CF276956A95A): 0
LogDevObjectVersion:   Dev-Rendering (12F88B9F-8875-4AFC-A67C-D90C383ABD29): 45
LogDevObjectVersion:   Dev-Sequencer (7B5AE74C-D270-4C10-A958-57980B212A5A): 13
LogDevObjectVersion:   Dev-VR (D7296918-1DD6-4BDD-9DE2-64A83CC13884): 3
LogDevObjectVersion:   Dev-LoadTimes (C2A15278-BFE7-4AFE-6C17-90FF531DF755): 1
LogDevObjectVersion:   Private-Geometry (6EACA3D4-40EC-4CC1-B786-8BED09428FC5): 3
LogDevObjectVersion:   Dev-AnimPhys (29E575DD-E0A3-4627-9D10-D276232CDCEA): 17
LogDevObjectVersion:   Dev-Anim (AF43A65D-7FD3-4947-9873-3E8ED9C1BB05): 15
LogDevObjectVersion:   Dev-ReflectionCapture (6B266CEC-1EC7-4B8F-A30B-E4D90942FC07): 1
LogDevObjectVersion:   Dev-Automation (0DF73D61-A23F-47EA-B727-89E90C41499A): 1
LogDevObjectVersion:   FortniteMain (601D1886-AC64-4F84-AA16-D3DE0DEAC7D6): 47
LogDevObjectVersion:   FortniteRelease (E7086368-6B23-4C58-8439-1B7016265E91): 1
LogDevObjectVersion:   Dev-Enterprise (9DFFBCD6-494F-0158-E221-12823C92A888): 10
LogDevObjectVersion:   Dev-Niagara (F2AED0AC-9AFE-416F-8664-AA7FFA26D6FC): 1
LogDevObjectVersion:   Dev-Destruction (174F1F0B-B4C6-45A5-B13F-2EE8D0FB917D): 10
LogDevObjectVersion:   Dev-Physics-Ext (35F94A83-E258-406C-A318-09F59610247C): 41
LogDevObjectVersion:   Dev-PhysicsMaterial-Chaos (B68FC16E-8B1B-42E2-B453-215C058844FE): 1
LogDevObjectVersion:   Dev-CineCamera (B2E18506-4273-CFC2-A54E-F4BB758BBA07): 1
LogDevObjectVersion:   Dev-VirtualProduction (64F58936-FD1B-42BA-BA96-7289D5D0FA4E): 1
LogDevObjectVersion:   Dev-MediaFramework (6F0ED827-A609-4895-9C91-998D90180EA4): 2
LogInit: Presizing for max 25165824 objects, including 0 objects not considered by GC, pre-allocating 0 bytes for permanent pool.
LogConfig: Applying CVar settings from Section [/Script/Engine.StreamingSettings] File [C:/Users/malik/OneDrive/Desktop/Software Engineering Capstone/Capstone/Aidan/Aidan/Saved/Config/Windows/Engine.ini]
LogConfig: Setting CVar [[s.MinBulkDataSizeForAsyncLoading:131072]]
LogConfig: Setting CVar [[s.AsyncLoadingThreadEnabled:0]]
LogConfig: Setting CVar [[s.EventDrivenLoaderEnabled:1]]
LogConfig: Setting CVar [[s.WarnIfTimeLimitExceeded:0]]
LogConfig: Setting CVar [[s.TimeLimitExceededMultiplier:1.5]]
LogConfig: Setting CVar [[s.TimeLimitExceededMinTime:0.005]]
LogConfig: Setting CVar [[s.UseBackgroundLevelStreaming:1]]
LogConfig: Setting CVar [[s.PriorityAsyncLoadingExtraTime:15.0]]
LogConfig: Setting CVar [[s.LevelStreamingActorsUpdateTimeLimit:5.0]]
LogConfig: Setting CVar [[s.PriorityLevelStreamingActorsUpdateExtraTime:5.0]]
LogConfig: Setting CVar [[s.LevelStreamingComponentsRegistrationGranularity:10]]
LogConfig: Setting CVar [[s.UnregisterComponentsTimeLimit:1.0]]
LogConfig: Setting CVar [[s.LevelStreamingComponentsUnregistrationGranularity:5]]
LogConfig: Setting CVar [[s.FlushStreamingOnExit:1]]
LogInit: Object subsystem initialized
LogConfig: Setting CVar [[con.DebugEarlyDefault:1]]
LogConfig: Setting CVar [[r.setres:1280x720]]
[2022.03.25-17.27.37:940][  0]LogConfig: Setting CVar [[r.VSync:0]]
[2022.03.25-17.27.37:941][  0]LogConfig: Setting CVar [[r.RHICmdBypass:0]]
[2022.03.25-17.27.37:941][  0]LogConfig: Applying CVar settings from Section [/Script/Engine.RendererSettings] File [C:/Users/malik/OneDrive/Desktop/Software Engineering Capstone/Capstone/Aidan/Aidan/Saved/Config/Windows/Engine.ini]
[2022.03.25-17.27.37:941][  0]LogConfig: Setting CVar [[r.GPUCrashDebugging:0]]
[2022.03.25-17.27.37:941][  0]LogConfig: Applying CVar settings from Section [/Script/Engine.RendererOverrideSettings] File [C:/Users/malik/OneDrive/Desktop/Software Engineering Capstone/Capstone/Aidan/Aidan/Saved/Config/Windows/Engine.ini]
[2022.03.25-17.27.37:941][  0]LogConfig: Applying CVar settings from Section [/Script/Engine.StreamingSettings] File [C:/Users/malik/OneDrive/Desktop/Software Engineering Capstone/Capstone/Aidan/Aidan/Saved/Config/Windows/Engine.ini]
[2022.03.25-17.27.37:941][  0]LogConfig: Setting CVar [[s.MinBulkDataSizeForAsyncLoading:131072]]
[2022.03.25-17.27.37:941][  0]LogConfig: Setting CVar [[s.AsyncLoadingThreadEnabled:0]]
[2022.03.25-17.27.37:941][  0]LogConfig: Setting CVar [[s.EventDrivenLoaderEnabled:1]]
[2022.03.25-17.27.37:941][  0]LogConfig: Setting CVar [[s.WarnIfTimeLimitExceeded:0]]
[2022.03.25-17.27.37:941][  0]LogConfig: Setting CVar [[s.TimeLimitExceededMultiplier:1.5]]
[2022.03.25-17.27.37:941][  0]LogConfig: Setting CVar [[s.TimeLimitExceededMinTime:0.005]]
[2022.03.25-17.27.37:941][  0]LogConfig: Setting CVar [[s.UseBackgroundLevelStreaming:1]]
[2022.03.25-17.27.37:941][  0]LogConfig: Setting CVar [[s.PriorityAsyncLoadingExtraTime:15.0]]
[2022.03.25-17.27.37:941][  0]LogConfig: Setting CVar [[s.LevelStreamingActorsUpdateTimeLimit:5.0]]
[2022.03.25-17.27.37:941][  0]LogConfig: Setting CVar [[s.PriorityLevelStreamingActorsUpdateExtraTime:5.0]]
[2022.03.25-17.27.37:941][  0]LogConfig: Setting CVar [[s.LevelStreamingComponentsRegistrationGranularity:10]]
[2022.03.25-17.27.37:941][  0]LogConfig: Setting CVar [[s.UnregisterComponentsTimeLimit:1.0]]
[2022.03.25-17.27.37:941][  0]LogConfig: Setting CVar [[s.LevelStreamingComponentsUnregistrationGranularity:5]]
[2022.03.25-17.27.37:941][  0]LogConfig: Setting CVar [[s.FlushStreamingOnExit:1]]
[2022.03.25-17.27.37:941][  0]LogConfig: Applying CVar settings from Section [/Script/Engine.GarbageCollectionSettings] File [C:/Users/malik/OneDrive/Desktop/Software Engineering Capstone/Capstone/Aidan/Aidan/Saved/Config/Windows/Engine.ini]
[2022.03.25-17.27.37:941][  0]LogConfig: Setting CVar [[gc.MaxObjectsNotConsideredByGC:1]]
[2022.03.25-17.27.37:942][  0]LogConfig: Setting CVar [[gc.SizeOfPermanentObjectPool:0]]
[2022.03.25-17.27.37:942][  0]LogConfig: Setting CVar [[gc.FlushStreamingOnGC:0]]
[2022.03.25-17.27.37:942][  0]LogConfig: Setting CVar [[gc.NumRetriesBeforeForcingGC:10]]
[2022.03.25-17.27.37:942][  0]LogConfig: Setting CVar [[gc.AllowParallelGC:1]]
[2022.03.25-17.27.37:942][  0]LogConfig: Setting CVar [[gc.TimeBetweenPurgingPendingKillObjects:61.1]]
[2022.03.25-17.27.37:942][  0]LogConfig: Setting CVar [[gc.MaxObjectsInEditor:25165824]]
[2022.03.25-17.27.37:942][  0]LogConfig: Setting CVar [[gc.IncrementalBeginDestroyEnabled:1]]
[2022.03.25-17.27.37:942][  0]LogConfig: Setting CVar [[gc.CreateGCClusters:1]]
[2022.03.25-17.27.37:942][  0]LogConfig: Setting CVar [[gc.MinGCClusterSize:5]]
[2022.03.25-17.27.37:942][  0]LogConfig: Setting CVar [[gc.ActorClusteringEnabled:0]]
[2022.03.25-17.27.37:942][  0]LogConfig: Setting CVar [[gc.BlueprintClusteringEnabled:0]]
[2022.03.25-17.27.37:942][  0]LogConfig: Setting CVar [[gc.UseDisregardForGCOnDedicatedServers:0]]
[2022.03.25-17.27.37:942][  0]LogConfig: Setting CVar [[gc.MultithreadedDestructionEnabled:1]]
[2022.03.25-17.27.37:942][  0]LogConfig: Applying CVar settings from Section [/Script/Engine.NetworkSettings] File [C:/Users/malik/OneDrive/Desktop/Software Engineering Capstone/Capstone/Aidan/Aidan/Saved/Config/Windows/Engine.ini]
[2022.03.25-17.27.37:942][  0]LogConfig: Applying CVar settings from Section [/Script/UnrealEd.CookerSettings] File [C:/Users/malik/OneDrive/Desktop/Software Engineering Capstone/Capstone/Aidan/Aidan/Saved/Config/Windows/Engine.ini]
[2022.03.25-17.27.37:956][  0]LogConfig: Applying CVar settings from Section [ViewDistanceQuality@3] File [C:/Users/malik/OneDrive/Desktop/Software Engineering Capstone/Capstone/Aidan/Aidan/Saved/Config/Windows/Scalability.ini]
[2022.03.25-17.27.37:956][  0]LogConfig: Setting CVar [[r.SkeletalMeshLODBias:0]]
[2022.03.25-17.27.37:956][  0]LogConfig: Setting CVar [[r.ViewDistanceScale:1.0]]
[2022.03.25-17.27.37:956][  0]LogConfig: Applying CVar settings from Section [AntiAliasingQuality@3] File [C:/Users/malik/OneDrive/Desktop/Software Engineering Capstone/Capstone/Aidan/Aidan/Saved/Config/Windows/Scalability.ini]
[2022.03.25-17.27.37:956][  0]LogConfig: Setting CVar [[r.PostProcessAAQuality:4]]
[2022.03.25-17.27.37:956][  0]LogConfig: Applying CVar settings from Section [ShadowQuality@3] File [C:/Users/malik/OneDrive/Desktop/Software Engineering Capstone/Capstone/Aidan/Aidan/Saved/Config/Windows/Scalability.ini]
[2022.03.25-17.27.37:956][  0]LogConfig: Setting CVar [[r.LightFunctionQuality:1]]
[2022.03.25-17.27.37:956][  0]LogConfig: Setting CVar [[r.ShadowQuality:5]]
[2022.03.25-17.27.37:956][  0]LogConfig: Setting CVar [[r.Shadow.CSM.MaxCascades:10]]
[2022.03.25-17.27.37:956][  0]LogConfig: Setting CVar [[r.Shadow.MaxResolution:2048]]
[2022.03.25-17.27.37:956][  0]LogConfig: Setting CVar [[r.Shadow.MaxCSMResolution:2048]]
[2022.03.25-17.27.37:956][  0]LogConfig: Setting CVar [[r.Shadow.RadiusThreshold:0.01]]
[2022.03.25-17.27.37:956][  0]LogConfig: Setting CVar [[r.Shadow.DistanceScale:1.0]]
[2022.03.25-17.27.37:956][  0]LogConfig: Setting CVar [[r.Shadow.CSM.TransitionScale:1.0]]
[2022.03.25-17.27.37:956][  0]LogConfig: Setting CVar [[r.Shadow.PreShadowResolutionFactor:1.0]]
[2022.03.25-17.27.37:956][  0]LogConfig: Setting CVar [[r.DistanceFieldShadowing:1]]
[2022.03.25-17.27.37:956][  0]LogConfig: Setting CVar [[r.DistanceFieldAO:1]]
[2022.03.25-17.27.37:956][  0]LogConfig: Setting CVar [[r.AOQuality:2]]
[2022.03.25-17.27.37:957][  0]LogConfig: Setting CVar [[r.VolumetricFog:1]]
[2022.03.25-17.27.37:957][  0]LogConfig: Setting CVar [[r.VolumetricFog.GridPixelSize:8]]
[2022.03.25-17.27.37:957][  0]LogConfig: Setting CVar [[r.VolumetricFog.GridSizeZ:128]]
[2022.03.25-17.27.37:957][  0]LogConfig: Setting CVar [[r.VolumetricFog.HistoryMissSupersampleCount:4]]
[2022.03.25-17.27.37:957][  0]LogConfig: Setting CVar [[r.LightMaxDrawDistanceScale:1]]
[2022.03.25-17.27.37:957][  0]LogConfig: Setting CVar [[r.CapsuleShadows:1]]
[2022.03.25-17.27.37:957][  0]LogConfig: Applying CVar settings from Section [PostProcessQuality@3] File [C:/Users/malik/OneDrive/Desktop/Software Engineering Capstone/Capstone/Aidan/Aidan/Saved/Config/Windows/Scalability.ini]
[2022.03.25-17.27.37:957][  0]LogConfig: Setting CVar [[r.MotionBlurQuality:4]]
[2022.03.25-17.27.37:957][  0]LogConfig: Setting CVar [[r.AmbientOcclusionMipLevelFactor:0.4]]
[2022.03.25-17.27.37:957][  0]LogConfig: Setting CVar [[r.AmbientOcclusionMaxQuality:100]]
[2022.03.25-17.27.37:957][  0]LogConfig: Setting CVar [[r.AmbientOcclusionLevels:-1]]
[2022.03.25-17.27.37:957][  0]LogConfig: Setting CVar [[r.AmbientOcclusionRadiusScale:1.0]]
[2022.03.25-17.27.37:957][  0]LogConfig: Setting CVar [[r.DepthOfFieldQuality:2]]
[2022.03.25-17.27.37:957][  0]LogConfig: Setting CVar [[r.RenderTargetPoolMin:400]]
[2022.03.25-17.27.37:957][  0]LogConfig: Setting CVar [[r.LensFlareQuality:2]]
[2022.03.25-17.27.37:957][  0]LogConfig: Setting CVar [[r.SceneColorFringeQuality:1]]
[2022.03.25-17.27.37:957][  0]LogConfig: Setting CVar [[r.EyeAdaptationQuality:2]]
[2022.03.25-17.27.37:957][  0]LogConfig: Setting CVar [[r.BloomQuality:5]]
[2022.03.25-17.27.37:957][  0]LogConfig: Setting CVar [[r.FastBlurThreshold:100]]
[2022.03.25-17.27.37:957][  0]LogConfig: Setting CVar [[r.Upscale.Quality:3]]
[2022.03.25-17.27.37:957][  0]LogConfig: Setting CVar [[r.Tonemapper.GrainQuantization:1]]
[2022.03.25-17.27.37:957][  0]LogConfig: Setting CVar [[r.LightShaftQuality:1]]
[2022.03.25-17.27.37:957][  0]LogConfig: Setting CVar [[r.Filter.SizeScale:1]]
[2022.03.25-17.27.37:957][  0]LogConfig: Setting CVar [[r.Tonemapper.Quality:5]]
[2022.03.25-17.27.37:957][  0]LogConfig: Setting CVar [[r.DOF.Gather.AccumulatorQuality:1        ; higher gathering accumulator quality]]
[2022.03.25-17.27.37:957][  0]LogConfig: Setting CVar [[r.DOF.Gather.PostfilterMethod:1          ; Median3x3 postfilering method]]
[2022.03.25-17.27.37:957][  0]LogConfig: Setting CVar [[r.DOF.Gather.EnableBokehSettings:0       ; no bokeh simulation when gathering]]
[2022.03.25-17.27.37:957][  0]LogConfig: Setting CVar [[r.DOF.Gather.RingCount:4                 ; medium number of samples when gathering]]
[2022.03.25-17.27.37:957][  0]LogConfig: Setting CVar [[r.DOF.Scatter.ForegroundCompositing:1    ; additive foreground scattering]]
[2022.03.25-17.27.37:957][  0]LogConfig: Setting CVar [[r.DOF.Scatter.BackgroundCompositing:2    ; additive background scattering]]
[2022.03.25-17.27.37:957][  0]LogConfig: Setting CVar [[r.DOF.Scatter.EnableBokehSettings:1      ; bokeh simulation when scattering]]
[2022.03.25-17.27.37:958][  0]LogConfig: Setting CVar [[r.DOF.Scatter.MaxSpriteRatio:0.1         ; only a maximum of 10% of scattered bokeh]]
[2022.03.25-17.27.37:958][  0]LogConfig: Setting CVar [[r.DOF.Recombine.Quality:1                ; cheap slight out of focus]]
[2022.03.25-17.27.37:958][  0]LogConfig: Setting CVar [[r.DOF.Recombine.EnableBokehSettings:0    ; no bokeh simulation on slight out of focus]]
[2022.03.25-17.27.37:958][  0]LogConfig: Setting CVar [[r.DOF.TemporalAAQuality:1                ; more stable temporal accumulation]]
[2022.03.25-17.27.37:958][  0]LogConfig: Setting CVar [[r.DOF.Kernel.MaxForegroundRadius:0.025]]
[2022.03.25-17.27.37:958][  0]LogConfig: Setting CVar [[r.DOF.Kernel.MaxBackgroundRadius:0.025]]
[2022.03.25-17.27.37:958][  0]LogConfig: Applying CVar settings from Section [TextureQuality@3] File [C:/Users/malik/OneDrive/Desktop/Software Engineering Capstone/Capstone/Aidan/Aidan/Saved/Config/Windows/Scalability.ini]
[2022.03.25-17.27.37:958][  0]LogConfig: Setting CVar [[r.Streaming.MipBias:0]]
[2022.03.25-17.27.37:958][  0]LogConfig: Setting CVar [[r.Streaming.AmortizeCPUToGPUCopy:0]]
[2022.03.25-17.27.37:958][  0]LogConfig: Setting CVar [[r.Streaming.MaxNumTexturesToStreamPerFrame:0]]
[2022.03.25-17.27.37:958][  0]LogConfig: Setting CVar [[r.Streaming.Boost:1]]
[2022.03.25-17.27.37:958][  0]LogConfig: Setting CVar [[r.MaxAnisotropy:8]]
[2022.03.25-17.27.37:958][  0]LogConfig: Setting CVar [[r.VT.MaxAnisotropy:8]]
[2022.03.25-17.27.37:958][  0]LogConfig: Setting CVar [[r.Streaming.LimitPoolSizeToVRAM:0]]
[2022.03.25-17.27.37:958][  0]LogConfig: Setting CVar [[r.Streaming.PoolSize:1000]]
[2022.03.25-17.27.37:958][  0]LogConfig: Setting CVar [[r.Streaming.MaxEffectiveScreenSize:0]]
[2022.03.25-17.27.37:958][  0]LogConfig: Applying CVar settings from Section [EffectsQuality@3] File [C:/Users/malik/OneDrive/Desktop/Software Engineering Capstone/Capstone/Aidan/Aidan/Saved/Config/Windows/Scalability.ini]
[2022.03.25-17.27.37:958][  0]LogConfig: Setting CVar [[r.TranslucencyLightingVolumeDim:64]]
[2022.03.25-17.27.37:958][  0]LogConfig: Setting CVar [[r.RefractionQuality:2]]
[2022.03.25-17.27.37:958][  0]LogConfig: Setting CVar [[r.SSR.Quality:3]]
[2022.03.25-17.27.37:958][  0]LogConfig: Setting CVar [[r.SSR.HalfResSceneColor:0]]
[2022.03.25-17.27.37:958][  0]LogConfig: Setting CVar [[r.SceneColorFormat:4]]
[2022.03.25-17.27.37:958][  0]LogConfig: Setting CVar [[r.DetailMode:2]]
[2022.03.25-17.27.37:958][  0]LogConfig: Setting CVar [[r.TranslucencyVolumeBlur:1]]
[2022.03.25-17.27.37:958][  0]LogConfig: Setting CVar [[r.MaterialQualityLevel:1 ; High quality]]
[2022.03.25-17.27.37:958][  0]LogConfig: Setting CVar [[r.AnisotropicMaterials:1]]
[2022.03.25-17.27.37:958][  0]LogConfig: Setting CVar [[r.SSS.Scale:1]]
[2022.03.25-17.27.37:958][  0]LogConfig: Setting CVar [[r.SSS.SampleSet:2]]
[2022.03.25-17.27.37:958][  0]LogConfig: Setting CVar [[r.SSS.Quality:1]]
[2022.03.25-17.27.37:958][  0]LogConfig: Setting CVar [[r.SSS.HalfRes:0]]
[2022.03.25-17.27.37:958][  0]LogConfig: Setting CVar [[r.SSGI.Quality:3]]
[2022.03.25-17.27.37:958][  0]LogConfig: Setting CVar [[r.EmitterSpawnRateScale:1.0]]
[2022.03.25-17.27.37:958][  0]LogConfig: Setting CVar [[r.ParticleLightQuality:2]]
[2022.03.25-17.27.37:958][  0]LogConfig: Setting CVar [[r.SkyAtmosphere.AerialPerspectiveLUT.FastApplyOnOpaque:1 ; Always have FastSkyLUT 1 in this case to avoid wrong sky]]
[2022.03.25-17.27.37:958][  0]LogConfig: Setting CVar [[r.SkyAtmosphere.AerialPerspectiveLUT.SampleCountMaxPerSlice:4]]
[2022.03.25-17.27.37:958][  0]LogConfig: Setting CVar [[r.SkyAtmosphere.AerialPerspectiveLUT.DepthResolution:16.0]]
[2022.03.25-17.27.37:959][  0]LogConfig: Setting CVar [[r.SkyAtmosphere.FastSkyLUT:1]]
[2022.03.25-17.27.37:959][  0]LogConfig: Setting CVar [[r.SkyAtmosphere.FastSkyLUT.SampleCountMin:4.0]]
[2022.03.25-17.27.37:959][  0]LogConfig: Setting CVar [[r.SkyAtmosphere.FastSkyLUT.SampleCountMax:128.0]]
[2022.03.25-17.27.37:959][  0]LogConfig: Setting CVar [[r.SkyAtmosphere.SampleCountMin:4.0]]
[2022.03.25-17.27.37:959][  0]LogConfig: Setting CVar [[r.SkyAtmosphere.SampleCountMax:128.0]]
[2022.03.25-17.27.37:959][  0]LogConfig: Setting CVar [[r.SkyAtmosphere.TransmittanceLUT.UseSmallFormat:0]]
[2022.03.25-17.27.37:959][  0]LogConfig: Setting CVar [[r.SkyAtmosphere.TransmittanceLUT.SampleCount:10.0]]
[2022.03.25-17.27.37:959][  0]LogConfig: Setting CVar [[r.SkyAtmosphere.MultiScatteringLUT.SampleCount:15.0]]
[2022.03.25-17.27.37:959][  0]LogConfig: Setting CVar [[r.SkyLight.RealTimeReflectionCapture:1]]
[2022.03.25-17.27.37:959][  0]LogConfig: Applying CVar settings from Section [FoliageQuality@3] File [C:/Users/malik/OneDrive/Desktop/Software Engineering Capstone/Capstone/Aidan/Aidan/Saved/Config/Windows/Scalability.ini]
[2022.03.25-17.27.37:959][  0]LogConfig: Setting CVar [[foliage.DensityScale:1.0]]
[2022.03.25-17.27.37:959][  0]LogConfig: Setting CVar [[grass.DensityScale:1.0]]
[2022.03.25-17.27.37:959][  0]LogConfig: Applying CVar settings from Section [ShadingQuality@3] File [C:/Users/malik/OneDrive/Desktop/Software Engineering Capstone/Capstone/Aidan/Aidan/Saved/Config/Windows/Scalability.ini]
[2022.03.25-17.27.37:959][  0]LogConfig: Setting CVar [[r.HairStrands.SkyLighting.IntegrationType:2]]
[2022.03.25-17.27.37:959][  0]LogConfig: Setting CVar [[r.HairStrands.SkyAO.SampleCount:4]]
[2022.03.25-17.27.37:959][  0]LogConfig: Setting CVar [[r.HairStrands.Visibility.MSAA.SamplePerPixel:4]]
[2022.03.25-17.27.37:960][  0]LogInit: Selected Device Profile: [Windows]
[2022.03.25-17.27.37:961][  0]LogInit: Applying CVar settings loaded from the selected device profile: [Windows]
[2022.03.25-17.27.37:962][  0]LogHAL: Display: Platform has ~ 10 GB [10672975872 / 17179869184 / 10], which maps to Default [LargestMinGB=32, LargerMinGB=12, DefaultMinGB=8, SmallerMinGB=6, SmallestMinGB=0)
[2022.03.25-17.27.37:962][  0]LogInit: Going up to parent DeviceProfile []
[2022.03.25-17.27.37:963][  0]LogConfig: Applying CVar settings from Section [ViewDistanceQuality@3] File [C:/Users/malik/OneDrive/Desktop/Software Engineering Capstone/Capstone/Aidan/Aidan/Saved/Config/Windows/Scalability.ini]
[2022.03.25-17.27.37:963][  0]LogConfig: Setting CVar [[r.SkeletalMeshLODBias:0]]
[2022.03.25-17.27.37:963][  0]LogConfig: Setting CVar [[r.ViewDistanceScale:1.0]]
[2022.03.25-17.27.37:963][  0]LogConfig: Applying CVar settings from Section [AntiAliasingQuality@3] File [C:/Users/malik/OneDrive/Desktop/Software Engineering Capstone/Capstone/Aidan/Aidan/Saved/Config/Windows/Scalability.ini]
[2022.03.25-17.27.37:963][  0]LogConfig: Setting CVar [[r.PostProcessAAQuality:4]]
[2022.03.25-17.27.37:963][  0]LogConfig: Applying CVar settings from Section [ShadowQuality@3] File [C:/Users/malik/OneDrive/Desktop/Software Engineering Capstone/Capstone/Aidan/Aidan/Saved/Config/Windows/Scalability.ini]
[2022.03.25-17.27.37:963][  0]LogConfig: Setting CVar [[r.LightFunctionQuality:1]]
[2022.03.25-17.27.37:963][  0]LogConfig: Setting CVar [[r.ShadowQuality:5]]
[2022.03.25-17.27.37:963][  0]LogConfig: Setting CVar [[r.Shadow.CSM.MaxCascades:10]]
[2022.03.25-17.27.37:963][  0]LogConfig: Setting CVar [[r.Shadow.MaxResolution:2048]]
[2022.03.25-17.27.37:963][  0]LogConfig: Setting CVar [[r.Shadow.MaxCSMResolution:2048]]
[2022.03.25-17.27.37:963][  0]LogConfig: Setting CVar [[r.Shadow.RadiusThreshold:0.01]]
[2022.03.25-17.27.37:963][  0]LogConfig: Setting CVar [[r.Shadow.DistanceScale:1.0]]
[2022.03.25-17.27.37:963][  0]LogConfig: Setting CVar [[r.Shadow.CSM.TransitionScale:1.0]]
[2022.03.25-17.27.37:963][  0]LogConfig: Setting CVar [[r.Shadow.PreShadowResolutionFactor:1.0]]
[2022.03.25-17.27.37:963][  0]LogConfig: Setting CVar [[r.DistanceFieldShadowing:1]]
[2022.03.25-17.27.37:963][  0]LogConfig: Setting CVar [[r.DistanceFieldAO:1]]
[2022.03.25-17.27.37:963][  0]LogConfig: Setting CVar [[r.AOQuality:2]]
[2022.03.25-17.27.37:963][  0]LogConfig: Setting CVar [[r.VolumetricFog:1]]
[2022.03.25-17.27.37:963][  0]LogConfig: Setting CVar [[r.VolumetricFog.GridPixelSize:8]]
[2022.03.25-17.27.37:963][  0]LogConfig: Setting CVar [[r.VolumetricFog.GridSizeZ:128]]
[2022.03.25-17.27.37:963][  0]LogConfig: Setting CVar [[r.VolumetricFog.HistoryMissSupersampleCount:4]]
[2022.03.25-17.27.37:963][  0]LogConfig: Setting CVar [[r.LightMaxDrawDistanceScale:1]]
[2022.03.25-17.27.37:963][  0]LogConfig: Setting CVar [[r.CapsuleShadows:1]]
[2022.03.25-17.27.37:963][  0]LogConfig: Applying CVar settings from Section [PostProcessQuality@3] File [C:/Users/malik/OneDrive/Desktop/Software Engineering Capstone/Capstone/Aidan/Aidan/Saved/Config/Windows/Scalability.ini]
[2022.03.25-17.27.37:963][  0]LogConfig: Setting CVar [[r.MotionBlurQuality:4]]
[2022.03.25-17.27.37:963][  0]LogConfig: Setting CVar [[r.AmbientOcclusionMipLevelFactor:0.4]]
[2022.03.25-17.27.37:963][  0]LogConfig: Setting CVar [[r.AmbientOcclusionMaxQuality:100]]
[2022.03.25-17.27.37:963][  0]LogConfig: Setting CVar [[r.AmbientOcclusionLevels:-1]]
[2022.03.25-17.27.37:964][  0]LogConfig: Setting CVar [[r.AmbientOcclusionRadiusScale:1.0]]
[2022.03.25-17.27.37:964][  0]LogConfig: Setting CVar [[r.DepthOfFieldQuality:2]]
[2022.03.25-17.27.37:964][  0]LogConfig: Setting CVar [[r.RenderTargetPoolMin:400]]
[2022.03.25-17.27.37:964][  0]LogConfig: Setting CVar [[r.LensFlareQuality:2]]
[2022.03.25-17.27.37:964][  0]LogConfig: Setting CVar [[r.SceneColorFringeQuality:1]]
[2022.03.25-17.27.37:964][  0]LogConfig: Setting CVar [[r.EyeAdaptationQuality:2]]
[2022.03.25-17.27.37:964][  0]LogConfig: Setting CVar [[r.BloomQuality:5]]
[2022.03.25-17.27.37:964][  0]LogConfig: Setting CVar [[r.FastBlurThreshold:100]]
[2022.03.25-17.27.37:964][  0]LogConfig: Setting CVar [[r.Upscale.Quality:3]]
[2022.03.25-17.27.37:964][  0]LogConfig: Setting CVar [[r.Tonemapper.GrainQuantization:1]]
[2022.03.25-17.27.37:964][  0]LogConfig: Setting CVar [[r.LightShaftQuality:1]]
[2022.03.25-17.27.37:964][  0]LogConfig: Setting CVar [[r.Filter.SizeScale:1]]
[2022.03.25-17.27.37:964][  0]LogConfig: Setting CVar [[r.Tonemapper.Quality:5]]
[2022.03.25-17.27.37:964][  0]LogConfig: Setting CVar [[r.DOF.Gather.AccumulatorQuality:1        ; higher gathering accumulator quality]]
[2022.03.25-17.27.37:964][  0]LogConfig: Setting CVar [[r.DOF.Gather.PostfilterMethod:1          ; Median3x3 postfilering method]]
[2022.03.25-17.27.37:964][  0]LogConfig: Setting CVar [[r.DOF.Gather.EnableBokehSettings:0       ; no bokeh simulation when gathering]]
[2022.03.25-17.27.37:964][  0]LogConfig: Setting CVar [[r.DOF.Gather.RingCount:4                 ; medium number of samples when gathering]]
[2022.03.25-17.27.37:964][  0]LogConfig: Setting CVar [[r.DOF.Scatter.ForegroundCompositing:1    ; additive foreground scattering]]
[2022.03.25-17.27.37:964][  0]LogConfig: Setting CVar [[r.DOF.Scatter.BackgroundCompositing:2    ; additive background scattering]]
[2022.03.25-17.27.37:964][  0]LogConfig: Setting CVar [[r.DOF.Scatter.EnableBokehSettings:1      ; bokeh simulation when scattering]]
[2022.03.25-17.27.37:964][  0]LogConfig: Setting CVar [[r.DOF.Scatter.MaxSpriteRatio:0.1         ; only a maximum of 10% of scattered bokeh]]
[2022.03.25-17.27.37:964][  0]LogConfig: Setting CVar [[r.DOF.Recombine.Quality:1                ; cheap slight out of focus]]
[2022.03.25-17.27.37:964][  0]LogConfig: Setting CVar [[r.DOF.Recombine.EnableBokehSettings:0    ; no bokeh simulation on slight out of focus]]
[2022.03.25-17.27.37:964][  0]LogConfig: Setting CVar [[r.DOF.TemporalAAQuality:1                ; more stable temporal accumulation]]
[2022.03.25-17.27.37:964][  0]LogConfig: Setting CVar [[r.DOF.Kernel.MaxForegroundRadius:0.025]]
[2022.03.25-17.27.37:964][  0]LogConfig: Setting CVar [[r.DOF.Kernel.MaxBackgroundRadius:0.025]]
[2022.03.25-17.27.37:964][  0]LogConfig: Applying CVar settings from Section [TextureQuality@3] File [C:/Users/malik/OneDrive/Desktop/Software Engineering Capstone/Capstone/Aidan/Aidan/Saved/Config/Windows/Scalability.ini]
[2022.03.25-17.27.37:964][  0]LogConfig: Setting CVar [[r.Streaming.MipBias:0]]
[2022.03.25-17.27.37:964][  0]LogConfig: Setting CVar [[r.Streaming.AmortizeCPUToGPUCopy:0]]
[2022.03.25-17.27.37:964][  0]LogConfig: Setting CVar [[r.Streaming.MaxNumTexturesToStreamPerFrame:0]]
[2022.03.25-17.27.37:964][  0]LogConfig: Setting CVar [[r.Streaming.Boost:1]]
[2022.03.25-17.27.37:964][  0]LogConfig: Setting CVar [[r.MaxAnisotropy:8]]
[2022.03.25-17.27.37:964][  0]LogConfig: Setting CVar [[r.VT.MaxAnisotropy:8]]
[2022.03.25-17.27.37:965][  0]LogConfig: Setting CVar [[r.Streaming.LimitPoolSizeToVRAM:0]]
[2022.03.25-17.27.37:965][  0]LogConfig: Setting CVar [[r.Streaming.PoolSize:1000]]
[2022.03.25-17.27.37:965][  0]LogConfig: Setting CVar [[r.Streaming.MaxEffectiveScreenSize:0]]
[2022.03.25-17.27.37:965][  0]LogConfig: Applying CVar settings from Section [EffectsQuality@3] File [C:/Users/malik/OneDrive/Desktop/Software Engineering Capstone/Capstone/Aidan/Aidan/Saved/Config/Windows/Scalability.ini]
[2022.03.25-17.27.37:965][  0]LogConfig: Setting CVar [[r.TranslucencyLightingVolumeDim:64]]
[2022.03.25-17.27.37:965][  0]LogConfig: Setting CVar [[r.RefractionQuality:2]]
[2022.03.25-17.27.37:965][  0]LogConfig: Setting CVar [[r.SSR.Quality:3]]
[2022.03.25-17.27.37:965][  0]LogConfig: Setting CVar [[r.SSR.HalfResSceneColor:0]]
[2022.03.25-17.27.37:965][  0]LogConfig: Setting CVar [[r.SceneColorFormat:4]]
[2022.03.25-17.27.37:965][  0]LogConfig: Setting CVar [[r.DetailMode:2]]
[2022.03.25-17.27.37:965][  0]LogConfig: Setting CVar [[r.TranslucencyVolumeBlur:1]]
[2022.03.25-17.27.37:965][  0]LogConfig: Setting CVar [[r.MaterialQualityLevel:1 ; High quality]]
[2022.03.25-17.27.37:965][  0]LogConfig: Setting CVar [[r.AnisotropicMaterials:1]]
[2022.03.25-17.27.37:965][  0]LogConfig: Setting CVar [[r.SSS.Scale:1]]
[2022.03.25-17.27.37:965][  0]LogConfig: Setting CVar [[r.SSS.SampleSet:2]]
[2022.03.25-17.27.37:965][  0]LogConfig: Setting CVar [[r.SSS.Quality:1]]
[2022.03.25-17.27.37:965][  0]LogConfig: Setting CVar [[r.SSS.HalfRes:0]]
[2022.03.25-17.27.37:965][  0]LogConfig: Setting CVar [[r.SSGI.Quality:3]]
[2022.03.25-17.27.37:965][  0]LogConfig: Setting CVar [[r.EmitterSpawnRateScale:1.0]]
[2022.03.25-17.27.37:965][  0]LogConfig: Setting CVar [[r.ParticleLightQuality:2]]
[2022.03.25-17.27.37:965][  0]LogConfig: Setting CVar [[r.SkyAtmosphere.AerialPerspectiveLUT.FastApplyOnOpaque:1 ; Always have FastSkyLUT 1 in this case to avoid wrong sky]]
[2022.03.25-17.27.37:965][  0]LogConfig: Setting CVar [[r.SkyAtmosphere.AerialPerspectiveLUT.SampleCountMaxPerSlice:4]]
[2022.03.25-17.27.37:965][  0]LogConfig: Setting CVar [[r.SkyAtmosphere.AerialPerspectiveLUT.DepthResolution:16.0]]
[2022.03.25-17.27.37:965][  0]LogConfig: Setting CVar [[r.SkyAtmosphere.FastSkyLUT:1]]
[2022.03.25-17.27.37:965][  0]LogConfig: Setting CVar [[r.SkyAtmosphere.FastSkyLUT.SampleCountMin:4.0]]
[2022.03.25-17.27.37:965][  0]LogConfig: Setting CVar [[r.SkyAtmosphere.FastSkyLUT.SampleCountMax:128.0]]
[2022.03.25-17.27.37:965][  0]LogConfig: Setting CVar [[r.SkyAtmosphere.SampleCountMin:4.0]]
[2022.03.25-17.27.37:965][  0]LogConfig: Setting CVar [[r.SkyAtmosphere.SampleCountMax:128.0]]
[2022.03.25-17.27.37:965][  0]LogConfig: Setting CVar [[r.SkyAtmosphere.TransmittanceLUT.UseSmallFormat:0]]
[2022.03.25-17.27.37:965][  0]LogConfig: Setting CVar [[r.SkyAtmosphere.TransmittanceLUT.SampleCount:10.0]]
[2022.03.25-17.27.37:965][  0]LogConfig: Setting CVar [[r.SkyAtmosphere.MultiScatteringLUT.SampleCount:15.0]]
[2022.03.25-17.27.37:965][  0]LogConfig: Setting CVar [[r.SkyLight.RealTimeReflectionCapture:1]]
[2022.03.25-17.27.37:965][  0]LogConfig: Applying CVar settings from Section [FoliageQuality@3] File [C:/Users/malik/OneDrive/Desktop/Software Engineering Capstone/Capstone/Aidan/Aidan/Saved/Config/Windows/Scalability.ini]
[2022.03.25-17.27.37:965][  0]LogConfig: Setting CVar [[foliage.DensityScale:1.0]]
[2022.03.25-17.27.37:965][  0]LogConfig: Setting CVar [[grass.DensityScale:1.0]]
[2022.03.25-17.27.37:966][  0]LogConfig: Applying CVar settings from Section [ShadingQuality@3] File [C:/Users/malik/OneDrive/Desktop/Software Engineering Capstone/Capstone/Aidan/Aidan/Saved/Config/Windows/Scalability.ini]
[2022.03.25-17.27.37:966][  0]LogConfig: Setting CVar [[r.HairStrands.SkyLighting.IntegrationType:2]]
[2022.03.25-17.27.37:966][  0]LogConfig: Setting CVar [[r.HairStrands.SkyAO.SampleCount:4]]
[2022.03.25-17.27.37:966][  0]LogConfig: Setting CVar [[r.HairStrands.Visibility.MSAA.SamplePerPixel:4]]
[2022.03.25-17.27.37:966][  0]LogConfig: Applying CVar settings from Section [Startup] File [../../../Engine/Config/ConsoleVariables.ini]
[2022.03.25-17.27.37:967][  0]LogConfig: Setting CVar [[net.UseAdaptiveNetUpdateFrequency:0]]
[2022.03.25-17.27.37:968][  0]LogConfig: Setting CVar [[p.chaos.AllowCreatePhysxBodies:1]]
[2022.03.25-17.27.37:968][  0]LogConfig: Setting CVar [[fx.SkipVectorVMBackendOptimizations:1]]
[2022.03.25-17.27.37:968][  0]LogConfig: Applying CVar settings from Section [ConsoleVariables] File [C:/Users/malik/OneDrive/Desktop/Software Engineering Capstone/Capstone/Aidan/Aidan/Saved/Config/Windows/Engine.ini]
[2022.03.25-17.27.37:968][  0]LogConfig: Applying CVar settings from Section [ConsoleVariables] File [C:/Users/malik/OneDrive/Desktop/Software Engineering Capstone/Capstone/Aidan/Aidan/Saved/Config/Windows/Editor.ini]
[2022.03.25-17.27.37:969][  0]LogInit: Computer: LAPTOP-LV1RKO7P
[2022.03.25-17.27.37:969][  0]LogInit: User: malik
[2022.03.25-17.27.37:969][  0]LogInit: CPU Page size=4096, Cores=4
[2022.03.25-17.27.37:969][  0]LogInit: High frequency timer resolution =10.000000 MHz
[2022.03.25-17.27.37:969][  0]LogMemory: Memory total: Physical=9.9GB (10GB approx)
[2022.03.25-17.27.37:970][  0]LogMemory: Platform Memory Stats for Windows
[2022.03.25-17.27.37:970][  0]LogMemory: Process Physical Memory: 141.79 MB used, 141.79 MB peak
[2022.03.25-17.27.37:970][  0]LogMemory: Process Virtual Memory: 114.43 MB used, 114.43 MB peak
[2022.03.25-17.27.37:970][  0]LogMemory: Physical Memory: 9021.33 MB used,  1157.21 MB free, 10178.54 MB total
[2022.03.25-17.27.37:970][  0]LogMemory: Virtual Memory: 134214880.00 MB used,  2846.27 MB free, 134217728.00 MB total
[2022.03.25-17.27.37:980][  0]LogWindows: WindowsPlatformFeatures enabled
[2022.03.25-17.27.38:101][  0]LogInit: Physics initialised using underlying interface: PhysX
[2022.03.25-17.27.38:105][  0]LogInit: Using OS detected language (en-US).
[2022.03.25-17.27.38:105][  0]LogInit: Using OS detected locale (en-US).
[2022.03.25-17.27.38:119][  0]LogTextLocalizationManager: No specific localization for 'en-US' exists, so the 'en' localization will be used.
[2022.03.25-17.27.38:621][  0]LogInit: Setting process to per monitor DPI aware
[2022.03.25-17.27.38:647][  0]LogWindowsTextInputMethodSystem: Display: IME system deactivated.
[2022.03.25-17.27.38:690][  0]LogSlate: New Slate User Created.  User Index 0, Is Virtual User: 0
[2022.03.25-17.27.38:690][  0]LogSlate: Slate User Registered.  User Index 0, Is Virtual User: 0
[2022.03.25-17.27.39:253][  0]LogD3D11RHI: Loaded GFSDK_Aftermath_Lib.x64.dll
[2022.03.25-17.27.39:260][  0]LogHMD: Failed to initialize OpenVR with code 110
[2022.03.25-17.27.39:260][  0]LogD3D11RHI: D3D11 min allowed feature level: 11_0
[2022.03.25-17.27.39:260][  0]LogD3D11RHI: D3D11 max allowed feature level: 11_0
[2022.03.25-17.27.39:260][  0]LogD3D11RHI: D3D11 adapters:
[2022.03.25-17.27.39:314][  0]LogD3D11RHI:    0. 'AMD Radeon(TM) RX Vega 10 Graphics' (Feature Level 11_0)
[2022.03.25-17.27.39:314][  0]LogD3D11RHI:       2034/0/5089 MB DedicatedVideo/DedicatedSystem/SharedSystem, Outputs:2, VendorId:0x1002
[2022.03.25-17.27.39:319][  0]LogD3D11RHI:    1. 'Microsoft Basic Render Driver' (Feature Level 11_0)
[2022.03.25-17.27.39:319][  0]LogD3D11RHI:       0/0/5089 MB DedicatedVideo/DedicatedSystem/SharedSystem, Outputs:0, VendorId:0x1414
[2022.03.25-17.27.39:319][  0]LogD3D11RHI: Chosen D3D11 Adapter:
[2022.03.25-17.27.39:319][  0]LogD3D11RHI:     Description : AMD Radeon(TM) RX Vega 10 Graphics
[2022.03.25-17.27.39:319][  0]LogD3D11RHI:     VendorId    : 1002
[2022.03.25-17.27.39:319][  0]LogD3D11RHI:     DeviceId    : 15d8
[2022.03.25-17.27.39:319][  0]LogD3D11RHI:     SubSysId    : 380217aa
[2022.03.25-17.27.39:319][  0]LogD3D11RHI:     Revision    : 00c1
[2022.03.25-17.27.39:319][  0]LogD3D11RHI:     DedicatedVideoMemory : 2133184512 bytes
[2022.03.25-17.27.39:319][  0]LogD3D11RHI:     DedicatedSystemMemory : 0 bytes
[2022.03.25-17.27.39:319][  0]LogD3D11RHI:     SharedSystemMemory : 5336487936 bytes
[2022.03.25-17.27.39:319][  0]LogD3D11RHI:     AdapterLuid : 0 47849
[2022.03.25-17.27.39:332][  0]LogD3D11RHI: Creating new Direct3DDevice
[2022.03.25-17.27.39:332][  0]LogD3D11RHI:     GPU DeviceId: 0x15d8 (for the marketing name, search the web for "GPU Device Id")
[2022.03.25-17.27.39:332][  0]LogWindows: EnumDisplayDevices:
[2022.03.25-17.27.39:333][  0]LogWindows:    0. 'AMD Radeon(TM) RX Vega 10 Graphics' (P:1 D:1)
[2022.03.25-17.27.39:334][  0]LogWindows:    1. 'AMD Radeon(TM) RX Vega 10 Graphics' (P:0 D:1)
[2022.03.25-17.27.39:334][  0]LogWindows:    2. 'AMD Radeon(TM) RX Vega 10 Graphics' (P:0 D:0)
[2022.03.25-17.27.39:335][  0]LogWindows:    3. 'AMD Radeon(TM) RX Vega 10 Graphics' (P:0 D:0)
[2022.03.25-17.27.39:335][  0]LogWindows: DebugString: FoundDriverCount:4 
[2022.03.25-17.27.39:335][  0]LogD3D11RHI:     Adapter Name: AMD Radeon(TM) RX Vega 10 Graphics
[2022.03.25-17.27.39:335][  0]LogD3D11RHI:   Driver Version: Adrenalin 20.10.36 (internal:27.20.11036.3, unified:27.20.11036.3)
[2022.03.25-17.27.39:335][  0]LogD3D11RHI:      Driver Date: 8-25-2020
[2022.03.25-17.27.39:336][  0]LogRHI: Texture pool is 4558 MB (70% of 6511 MB)
[2022.03.25-17.27.39:364][  0]LogD3D11RHI: Creating D3DDevice with AMD AGS, using adapter:
[2022.03.25-17.27.39:364][  0]LogD3D11RHI:     Description : AMD Radeon(TM) RX Vega 10 Graphics
[2022.03.25-17.27.39:364][  0]LogD3D11RHI:     VendorId    : 1002
[2022.03.25-17.27.39:364][  0]LogD3D11RHI:     DeviceId    : 15d8
[2022.03.25-17.27.39:364][  0]LogD3D11RHI:     SubSysId    : 380217aa
[2022.03.25-17.27.39:364][  0]LogD3D11RHI:     Revision    : 00c1
[2022.03.25-17.27.39:364][  0]LogD3D11RHI:     DedicatedVideoMemory : 2133184512 bytes
[2022.03.25-17.27.39:364][  0]LogD3D11RHI:     DedicatedSystemMemory : 0 bytes
[2022.03.25-17.27.39:364][  0]LogD3D11RHI:     SharedSystemMemory : 5336487936 bytes
[2022.03.25-17.27.39:364][  0]LogD3D11RHI:     AdapterLuid : 0 47849
[2022.03.25-17.27.39:401][  0]LogD3D11RHI: Created device via AGS, feature level 11_0, supported extensions 1fffffbf.
[2022.03.25-17.27.39:401][  0]LogD3D11RHI: RHI has support for 64 bit atomics
[2022.03.25-17.27.39:402][  0]LogD3D11RHI: Async texture creation enabled
[2022.03.25-17.27.39:402][  0]LogD3D11RHI: Array index from any shader is supported
[2022.03.25-17.27.39:432][  0]LogD3D11RHI: GPU Timing Frequency: 25.000000 (Debug: 2 1)
[2022.03.25-17.27.39:891][  0]LogTargetPlatformManager: Display: Loaded TargetPlatform 'AllDesktop'
[2022.03.25-17.27.39:933][  0]LogTargetPlatformManager: Display: Loaded TargetPlatform 'Android'
[2022.03.25-17.27.39:933][  0]LogTargetPlatformManager: Display: Loaded TargetPlatform 'Android_ASTC'
[2022.03.25-17.27.39:933][  0]LogTargetPlatformManager: Display: Loaded TargetPlatform 'Android_DXT'
[2022.03.25-17.27.39:933][  0]LogTargetPlatformManager: Display: Loaded TargetPlatform 'Android_ETC2'
[2022.03.25-17.27.39:933][  0]LogTargetPlatformManager: Display: Loaded TargetPlatform 'AndroidClient'
[2022.03.25-17.27.39:933][  0]LogTargetPlatformManager: Display: Loaded TargetPlatform 'Android_ASTCClient'
[2022.03.25-17.27.39:933][  0]LogTargetPlatformManager: Display: Loaded TargetPlatform 'Android_DXTClient'
[2022.03.25-17.27.39:933][  0]LogTargetPlatformManager: Display: Loaded TargetPlatform 'Android_ETC2Client'
[2022.03.25-17.27.39:933][  0]LogTargetPlatformManager: Display: Loaded TargetPlatform 'Android_Multi'
[2022.03.25-17.27.39:933][  0]LogTargetPlatformManager: Display: Loaded TargetPlatform 'Android_MultiClient'
[2022.03.25-17.27.39:970][  0]LogTargetPlatformManager: Display: Loaded TargetPlatform 'IOSClient'
[2022.03.25-17.27.39:970][  0]LogTargetPlatformManager: Display: Loaded TargetPlatform 'IOS'
[2022.03.25-17.27.39:990][  0]LogTargetPlatformManager: Display: Loaded TargetPlatform 'Linux'
[2022.03.25-17.27.39:998][  0]LogTargetPlatformManager: Display: Loaded TargetPlatform 'LinuxNoEditor'
[2022.03.25-17.27.40:006][  0]LogTargetPlatformManager: Display: Loaded TargetPlatform 'LinuxClient'
[2022.03.25-17.27.40:015][  0]LogTargetPlatformManager: Display: Loaded TargetPlatform 'LinuxServer'
[2022.03.25-17.27.40:033][  0]LogTargetPlatformManager: Display: Loaded TargetPlatform 'LinuxAArch64NoEditor'
[2022.03.25-17.27.40:040][  0]LogTargetPlatformManager: Display: Loaded TargetPlatform 'LinuxAArch64Client'
[2022.03.25-17.27.40:050][  0]LogTargetPlatformManager: Display: Loaded TargetPlatform 'LinuxAArch64Server'
[2022.03.25-17.27.40:112][  0]LogTargetPlatformManager: Display: Loaded TargetPlatform 'Lumin'
[2022.03.25-17.27.40:112][  0]LogTargetPlatformManager: Display: Loaded TargetPlatform 'LuminClient'
[2022.03.25-17.27.40:133][  0]LogTargetPlatformManager: Display: Loaded TargetPlatform 'MacNoEditor'
[2022.03.25-17.27.40:144][  0]LogTargetPlatformManager: Display: Loaded TargetPlatform 'Mac'
[2022.03.25-17.27.40:154][  0]LogTargetPlatformManager: Display: Loaded TargetPlatform 'MacClient'
[2022.03.25-17.27.40:162][  0]LogTargetPlatformManager: Display: Loaded TargetPlatform 'MacServer'
[2022.03.25-17.27.40:184][  0]LogTargetPlatformManager: Display: Loaded TargetPlatform 'TVOSClient'
[2022.03.25-17.27.40:184][  0]LogTargetPlatformManager: Display: Loaded TargetPlatform 'TVOS'
[2022.03.25-17.27.40:205][  0]LogTargetPlatformManager: Display: Loaded TargetPlatform 'WindowsNoEditor'
[2022.03.25-17.27.40:215][  0]LogTargetPlatformManager: Display: Loaded TargetPlatform 'Windows'
[2022.03.25-17.27.40:233][  0]LogTargetPlatformManager: Display: Loaded TargetPlatform 'WindowsClient'
[2022.03.25-17.27.40:248][  0]LogTargetPlatformManager: Display: Loaded TargetPlatform 'WindowsServer'
[2022.03.25-17.27.40:248][  0]LogTargetPlatformManager: Display: Building Assets For Windows
[2022.03.25-17.27.40:275][  0]LogAudioDebug: Display: Lib vorbis DLL was dynamically loaded.
[2022.03.25-17.27.40:354][  0]LogTextureFormatOodle: Display: Oodle Texture 2.9.0 init RDO Off
[2022.03.25-17.27.40:458][  0]LogRendererCore: Ray tracing is disabled. Reason: r.RayTracing=0.
[2022.03.25-17.27.40:460][  0]LogShaderCompilers: Guid format shader working directory is -52 characters bigger than the processId version (../../../../../../Users/malik/OneDrive/Desktop/Software Engineering Capstone/Capstone/Aidan/Aidan/Intermediate/Shaders/WorkingDirectory/11196/).
[2022.03.25-17.27.40:460][  0]LogShaderCompilers: Cleaned the shader compiler working directory 'C:/Users/malik/AppData/Local/Temp/UnrealShaderWorkingDir/FB8F3EFB4C72E7F626298DA067377726/'.
[2022.03.25-17.27.40:462][  0]LogXGEController: Cannot use XGE Controller as Incredibuild is not installed on this machine.
[2022.03.25-17.27.40:462][  0]LogShaderCompilers: Cannot use XGE Shader Compiler as Incredibuild is not installed on this machine.
[2022.03.25-17.27.40:462][  0]LogShaderCompilers: Display: Using Local Shader Compiler.
[2022.03.25-17.27.42:059][  0]LogDerivedDataCache: Display: Max Cache Size: 512 MB
[2022.03.25-17.27.42:210][  0]LogDerivedDataCache: Loaded boot cache 0.15s 94MB C:/Users/malik/AppData/Local/UnrealEngine/4.27/DerivedDataCache/Boot.ddc.
[2022.03.25-17.27.42:210][  0]LogDerivedDataCache: Display: Loaded Boot cache: C:/Users/malik/AppData/Local/UnrealEngine/4.27/DerivedDataCache/Boot.ddc
[2022.03.25-17.27.42:210][  0]LogDerivedDataCache: FDerivedDataBackendGraph:  Pak pak cache file ../../../../../../Users/malik/OneDrive/Desktop/Software Engineering Capstone/Capstone/Aidan/Aidan/DerivedDataCache/DDC.ddp not found, will not use a pak cache.
[2022.03.25-17.27.42:210][  0]LogDerivedDataCache: Unable to find inner node Pak for hierarchical cache Hierarchy.
[2022.03.25-17.27.42:210][  0]LogDerivedDataCache: FDerivedDataBackendGraph:  CompressedPak pak cache file ../../../../../../Users/malik/OneDrive/Desktop/Software Engineering Capstone/Capstone/Aidan/Aidan/DerivedDataCache/Compressed.ddp not found, will not use a pak cache.
[2022.03.25-17.27.42:210][  0]LogDerivedDataCache: Unable to find inner node CompressedPak for hierarchical cache Hierarchy.
[2022.03.25-17.27.42:268][  0]LogDerivedDataCache: Display: Pak cache opened for reading ../../../Engine/DerivedDataCache/Compressed.ddp.
[2022.03.25-17.27.42:268][  0]LogDerivedDataCache: FDerivedDataBackendGraph:  EnterprisePak pak cache file ../../../Enterprise/DerivedDataCache/Compressed.ddp not found, will not use a pak cache.
[2022.03.25-17.27.42:268][  0]LogDerivedDataCache: Unable to find inner node EnterprisePak for hierarchical cache Hierarchy.
[2022.03.25-17.27.42:293][  0]LogDerivedDataCache: Speed tests for C:/Users/malik/AppData/Local/UnrealEngine/Common/DerivedDataCache took 0.03 seconds
[2022.03.25-17.27.42:293][  0]LogDerivedDataCache: Display: Performance to C:/Users/malik/AppData/Local/UnrealEngine/Common/DerivedDataCache: Latency=0.11ms. RandomReadSpeed=96.69MBs, RandomWriteSpeed=65.14MBs. Assigned SpeedClass 'Local'
[2022.03.25-17.27.42:294][  0]LogDerivedDataCache: Using Local data cache path C:/Users/malik/AppData/Local/UnrealEngine/Common/DerivedDataCache: Writable
[2022.03.25-17.27.42:294][  0]LogDerivedDataCache: Shared data cache path not found in *engine.ini, will not use an Shared cache.
[2022.03.25-17.27.42:294][  0]LogDerivedDataCache: Unable to find inner node Shared for hierarchical cache Hierarchy.
[2022.03.25-17.27.42:395][  0]LogSlate: Using FreeType 2.10.0
[2022.03.25-17.27.42:528][  0]LogSlate: SlateFontServices - WITH_FREETYPE: 1, WITH_HARFBUZZ: 1
[2022.03.25-17.27.42:701][  0]LogAssetRegistry: FAssetRegistry took 0.0056 seconds to start up
[2022.03.25-17.27.43:426][  0]LogInit: Selected Device Profile: [Windows]
[2022.03.25-17.27.43:426][  0]LogInit: Active device profile: [0000021ADADD3E00][0000021ADA57F7C0 49] Windows
[2022.03.25-17.27.43:426][  0]LogInit: Profiles: [0000021ADADD3E00][0000021ADA57F7C0 49] Windows, [0000021ADADE3E00][0000021ADA587A80 49] WindowsNoEditor, [0000021ADADD0300][0000021AD9EBC1C0 49] WindowsServer, [0000021ADADE1A00][0000021AD9EC0480 49] WindowsClient, [0000021ADADD2600][0000021AD9EC4740 49] IOS, [0000021ADADE3B00][0000021ADA1F4A00 49] iPadAir, [0000021ADADD0600][0000021ADA582C80 49] iPadAir2, [0000021ADAD7CE00][0000021ADA20D180 49] IPadPro, [0000021ADAD7CF00][0000021ADA1F91C0 49] iPadAir3, [0000021ADADD3A00][0000021ADA205480 49] iPadAir4, [0000021ADAD7C700][0000021ADA201740 49] iPadMini2, [0000021ADADD0700][0000021ADA209A00 49] iPadMini3, [0000021ADAD7D600][0000021ADA210140 49] iPadMini4, [0000021ADADD3600][0000021ADA214400 49] iPadMini5, [0000021ADADE1200][0000021ACFEA0940 49] iPhone6, [0000021ADADE1300][0000021ADA218980 49] iPodTouch6, [0000021ADAD7FB00][0000021ACFEA4E80 49] iPhone7, [0000021ADAD7F700][0000021ACFE98EC0 49] iPodTouch7, [0000021ADADE0F00][0000021ADA1FD140 49] iPhone5S, [0000021ADAD7C900][0000021ADA21D400 49] iPhone6Plus, [0000021ADADE0300][0000021ACFEA96C0 49] iPhone6S, [0000021ADAD7C600][0000021ACFEAD980 49] iPhone6SPlus, [0000021ADADE3D00][0000021ACFEB00C0 49] iPhone7Plus, [0000021ADAD7D100][0000021ACFEB4380 49] iPhoneSE, [0000021ADADE1C00][0000021ACFEB8640 49] iPhone8, [0000021ADAD7EF00][0000021ACFEBC900 49] iPhone8Plus, [0000021ADADE3000][0000021ACFEC0BC0 49] iPhoneX, [0000021ADAD7DC00][0000021ACFEC4E80 49] iPhoneXS, [0000021ADADE1F00][0000021ACFE9D100 49] iPhoneXSMax, [0000021ADAD7CC00][0000021ACFEC9380 49] iPhoneXR, [0000021ADADE2B00][0000021ADA283640 49] iPhone11, [0000021ADAD7DE00][0000021ADA287900 49] iPhone11Pro, [0000021ADADE2400][0000021ADA28BBC0 49] iPhone11ProMax, [0000021ADAD7F600][0000021ADA28E300 49] iPhoneSE2, [0000021ADADE0D00][0000021ADA2925C0 49] iPhone12Mini, [0000021ADAD7DB00][0000021ADA296880 49] iPhone12, [0000021ADADE1900][0000021ADA29AB40 49] iPhone12Pro, [0000021ADAD7C400][0000021ADA29EE00 49] iPhone12ProMax, [0000021ADADE3100][0000021ADA2A30C0 49] iPadPro105, [0000021ADAD7C200][0000021ADA27F340 49] iPadPro129, [0000021ADADE2C00][0000021ADA2A75C0 49] iPadPro97, [0000021ADAD7D000][0000021ADA2AF880 49] iPadPro2_129, [0000021ADADE3400][0000021ADA2B3B40 49] iPad5, [0000021ADAD7FA00][0000021ADA2B6280 49] iPad6, [0000021ADADE0A00][0000021AD03F2540 49] iPad7, [0000021ADAD7E800][0000021AD03F6800 49] iPad8, [0000021ADADE0100][0000021AD03FAAC0 49] iPadPro11, [0000021ADAD7E700][0000021AD03FED80 49] iPadPro2_11, [0000021ADADE3800][0000021AD0403040 49] iPadPro3_129, [0000021ADAD7FD00][0000021AD0407300 49] iPadPro4_129, [0000021ADADE1800][0000021ADA2AB580 49] AppleTV, [0000021ADAD7E100][0000021AD040F840 49] AppleTV4K, [0000021ADADE1500][0000021AD0413B00 49] TVOS, [0000021ADAD7C100][0000021AD0416240 49] Mac, [0000021ADADE2200][0000021AD041A500 49] MacClient, [0000021ADAD7CD00][0000021AD041E7C0 49] MacNoEditor, [0000021ADADE0B00][0000021AD0422A80 49] MacServer, [0000021ADAD7E200][0000021AD0426D40 49] Linux, [0000021ADADE3C00][0000021AD042B000 49] LinuxAArch64, [0000021ADAD7EA00][0000021AD042F2C0 49] LinuxNoEditor, [0000021ADADE0E00][0000021AD040B540 49] LinuxAArch64NoEditor, [0000021ADAD7D300][0000021AD04337C0 49] LinuxClient, [0000021ADADE1600][0000021AD043BA80 49] LinuxAArch64Client, [0000021ADAD7EB00][0000021AD043E1C0 49] LinuxServer, [0000021ADADE3300][0000021ADA02A480 49] LinuxAArch64Server, [0000021ADAD7CB00][0000021ADA02E740 49] Android, [0000021ADADE1400][0000021ADA032A00 49] Android_Low, [0000021ADAE7A800][0000021ADA036CC0 49] Android_Mid, [0000021ADADD0A00][0000021ADA03AF80 49] Android_High, [0000021ADAE79700][0000021ADA03F240 49] Android_Default, [0000021ADADD0200][0000021ADA043500 49] Android_Adreno4xx, [0000021ADAE78800][0000021AD0437780 49] Android_Adreno5xx_Low, [0000021ADADD2800][0000021ADA047A00 49] Android_Adreno5xx, [0000021ADAE78500][0000021ADA04E140 49] Android_Adreno6xx, [0000021ADADD3100][0000021ADA052400 49] Android_Adreno6xx_Vulkan, [0000021ADAE7A400][0000021ADA0566C0 49] Android_Mali_T6xx, [0000021ADADD3800][0000021ADA05A980 49] Android_Mali_T7xx, [0000021ADAE78E00][0000021ADA05EC40 49] Android_Mali_T8xx, [0000021ADADD1200][0000021ADA062F00 49] Android_Mali_G71, [0000021ADAE7A500][0000021ADA0671C0 49] Android_Mali_G72, [0000021ADADD2700][0000021ADA06B480 49] Android_Mali_G72_Vulkan, [0000021ADAE78F00][0000021ADA06F740 49] Android_Mali_G76, [0000021ADADD1A00][0000021ADA04B9C0 49] Android_Mali_G76_Vulkan, [0000021ADAE79000][0000021ADA0720C0 49] Android_Mali_G77, [0000021ADADD2100][0000021ADA07A380 49] Android_Mali_G77_Vulkan, [0000021ADAE7A700][0000021ADA07E640 49] Android_Mali_G78, [0000021ADADD0C00][0000021ADA082900 49] Android_Mali_G78_Vulkan, [0000021ADADE2D00][0000021ADA086BC0 49] Android_Mali_G710, [0000021ADAD7FE00][0000021ADA08AE80 49] Android_Mali_G710_Vulkan, [0000021ADADE1B00][0000021ADA08F140 49] Android_Vulkan_SM5, [0000021ADAD7DD00][0000021ADA093400 49] Android_PowerVR_G6xxx, [0000021ADAE7A000][0000021ADA0976C0 49] Android_PowerVR_GT7xxx, [0000021ADAD7F500][0000021ADA09B980 49] Android_PowerVR_GE8xxx, [0000021ADAE79300][0000021ADA077C00 49] Android_PowerVR_GM9xxx, [0000021ADAD7D500][0000021ADA09E300 49] Android_PowerVR_GM9xxx_Vulkan, [0000021ADAE78600][0000021ADA0A65C0 49] Android_TegraK1, [0000021ADAD7F100][0000021ADA0AA880 49] Android_Unknown_Vulkan, [0000021ADAE78900][0000021ADA0AEB40 49] Lumin, [0000021ADAD7D800][0000021ADA0B2E00 49] Lumin_Desktop, [0000021ADAE78100][0000021ADA0B70C0 49] HoloLens, 
[2022.03.25-17.27.44:271][  0]LogMeshReduction: Using QuadricMeshReduction for automatic static mesh reduction
[2022.03.25-17.27.44:271][  0]LogMeshReduction: Using SimplygonMeshReduction for automatic skeletal mesh reduction
[2022.03.25-17.27.44:271][  0]LogMeshReduction: Using ProxyLODMeshReduction for automatic mesh merging
[2022.03.25-17.27.44:271][  0]LogMeshReduction: No distributed automatic mesh merging module available
[2022.03.25-17.27.44:271][  0]LogMeshMerging: No distributed automatic mesh merging module available
[2022.03.25-17.27.44:401][  0]LogNetVersion: Aidan 1.0.0, NetCL: 17155196, EngineNetVer: 17, GameNetVer: 0 (Checksum: 273725539)
[2022.03.25-17.27.46:750][  0]LogTexture: Default maximum texture size for cubemaps generated from long-lat sources has been changed from 512 to unlimited. In order to preserve old behaiour for '/Engine/MapTemplates/Sky/DaylightAmbientCubemap.DaylightAmbientCubemap', its maximum texture size has been explicitly set to 512.
[2022.03.25-17.27.47:031][  0]LogHMD: PokeAHoleMaterial loaded successfully
[2022.03.25-17.27.47:046][  0]LogUObjectArray: 17178 objects as part of root set at end of initial load.
[2022.03.25-17.27.47:046][  0]LogUObjectAllocator: 4302048 out of 0 bytes used by permanent object pool.
[2022.03.25-17.27.47:047][  0]LogUObjectArray: CloseDisregardForGC: 0/0 objects in disregard for GC pool
[2022.03.25-17.27.50:774][  0]LogNiagaraDebuggerClient: Niagara Debugger Client Initialized | Session: 82DAF03D4D25D56CBCA882B9FB3CE695 | Instance: A8F611454AF38993D707758FBE29FE05 (LAPTOP-LV1RKO7P-11196).
[2022.03.25-17.27.51:916][  0]LogPython: Using Python 3.7.7
[2022.03.25-17.27.53:173][  0]LogTcpMessaging: Initializing TcpMessaging bridge
[2022.03.25-17.27.53:217][  0]LogUdpMessaging: Initializing bridge on interface 0.0.0.0:0 to multicast group 230.0.0.1:6666.
[2022.03.25-17.28.04:642][  0]LogOutputDevice: Warning: 

Script Stack (0 frames):

[2022.03.25-17.28.04:643][  0]LogWindows: Windows GetLastError: The operation completed successfully. (0)
[2022.03.25-17.28.04:648][  0]LogWindows: Error: === Critical error: ===
[2022.03.25-17.28.04:648][  0]LogWindows: Error: 
[2022.03.25-17.28.04:648][  0]LogWindows: Error: Assertion failed: GetFName() == NAME_None [File:D:/Build/++UE4/Sync/Engine/Source/Runtime/CoreUObject/Private/UObject/UObjectBase.cpp] [Line: 130] 
[2022.03.25-17.28.04:648][  0]LogWindows: Error: 
[2022.03.25-17.28.04:648][  0]LogWindows: Error: 
[2022.03.25-17.28.04:648][  0]LogWindows: Error: 
[2022.03.25-17.28.04:648][  0]LogWindows: Error: 
[2022.03.25-17.28.04:690][  0]LogExit: Executing StaticShutdownAfterError
[2022.03.25-17.28.04:739][  0]LogWindows: FPlatformMisc::RequestExit(1)
[2022.03.25-17.28.04:739][  0]LogWindows: FPlatformMisc::RequestExitWithStatus(1, 3)
[2022.03.25-17.28.04:739][  0]LogCore: Engine exit requested (reason: Win RequestExit)
[2022.03.25-17.28.04:744][  0]Log file closed, 03/25/22 12:28:04
